<html>
<head>
<title>TestNG:  Default test</title>
<link href="../testng.css" rel="stylesheet" type="text/css" />
<link href="../my-testng.css" rel="stylesheet" type="text/css" />

<style type="text/css">
.log { display: none;} 
.stack-trace { display: none;} 
</style>
<script type="text/javascript">
<!--
function flip(e) {
  current = e.style.display;
  if (current == 'block') {
    e.style.display = 'none';
    return 0;
  }
  else {
    e.style.display = 'block';
    return 1;
  }
}

function toggleBox(szDivId, elem, msg1, msg2)
{
  var res = -1;  if (document.getElementById) {
    res = flip(document.getElementById(szDivId));
  }
  else if (document.all) {
    // this is the way old msie versions work
    res = flip(document.all[szDivId]);
  }
  if(elem) {
    if(res == 0) elem.innerHTML = msg1; else elem.innerHTML = msg2;
  }

}

function toggleAllBoxes() {
  if (document.getElementsByTagName) {
    d = document.getElementsByTagName('div');
    for (i = 0; i < d.length; i++) {
      if (d[i].className == 'log') {
        flip(d[i]);
      }
    }
  }
}

// -->
</script>

</head>
<body>
<h2 align='center'>Default test</h2><table border='1' align="center">
<tr>
<td>Tests passed/Failed/Skipped:</td><td>0/0/8</td>
</tr><tr>
<td>Started on:</td><td>Wed Sep 07 10:45:15 IST 2016</td>
</tr>
<tr><td>Total time:</td><td>47 seconds (47501 ms)</td>
</tr><tr>
<td>Included groups:</td><td></td>
</tr><tr>
<td>Excluded groups:</td><td></td>
</tr>
</table><p/>
<small><i>(Hover the method name to see the test class name)</i></small><p/>
<table width='100%' border='1' class='invocation-failed'>
<tr><td colspan='4' align='center'><b>FAILED CONFIGURATIONS</b></td></tr>
<tr><td><b>Test method</b></td>
<td width="30%"><b>Exception</b></td>
<td width="10%"><b>Time (seconds)</b></td>
<td><b>Instance</b></td>
</tr>
<tr>
<td title='com.qait.hbp.testBuilder.tests.Export_Copy_Delete_Test_Bank_Test.start_test_session()'><b>start_test_session</b><br>Test class: com.qait.hbp.testBuilder.tests.Export_Copy_Delete_Test_Bank_Test<br>Parameters: null<br/>
<a href="#Output-194494468" onClick='toggleBox("Output-194494468", this, "Show output", "Hide output");'>Show output</a>

<a href="#Output-194494468" onClick="toggleAllBoxes();">Show all outputs</a>
<div class='log' id="Output-194494468">
[INFO]: Yaml file path is :src/test/resources/testdata/desktop/QA_TestData_TB.yml<br/>
[INFO]: The test Browser is FIREFOX !!!<br/>
</div>
</td>
<td><div><pre>org.openqa.selenium.WebDriverException: Failed to connect to binary FirefoxBinary(C:\Program Files (x86)\Mozilla Firefox\firefox.exe) on port 7055; process output follows: 
&quot;updateKey&quot;:null,&quot;optionsURL&quot;:null,&quot;optionsType&quot;:null,&quot;aboutURL&quot;:null,&quot;icons&quot;:{&quot;32&quot;:&quot;icon.png&quot;,&quot;48&quot;:&quot;icon.png&quot;},&quot;iconURL&quot;:null,&quot;icon64URL&quot;:null,&quot;defaultLocale&quot;:{&quot;name&quot;:&quot;Default&quot;,&quot;description&quot;:&quot;The default theme.&quot;,&quot;creator&quot;:&quot;Mozilla&quot;,&quot;homepageURL&quot;:null,&quot;contributors&quot;:[&quot;Mozilla Contributors&quot;]},&quot;visible&quot;:true,&quot;active&quot;:true,&quot;userDisabled&quot;:false,&quot;appDisabled&quot;:false,&quot;descriptor&quot;:&quot;C:\\Program Files (x86)\\Mozilla Firefox\\browser\\extensions\\{972ce4c6-7e08-4474-a285-3208198ce6fd}.xpi&quot;,&quot;installDate&quot;:1472481422594,&quot;updateDate&quot;:1472481422594,&quot;applyBackgroundUpdates&quot;:1,&quot;skinnable&quot;:true,&quot;size&quot;:22012,&quot;sourceURI&quot;:null,&quot;releaseNotesURI&quot;:null,&quot;softDisabled&quot;:false,&quot;foreignInstall&quot;:false,&quot;hasBinaryComponents&quot;:false,&quot;strictCompatibility&quot;:true,&quot;locales&quot;:[],&quot;targetApplications&quot;:[{&quot;id&quot;:&quot;{ec8030f7-c20a-464f-9b0e-13a3a9e97384}&quot;,&quot;minVersion&quot;:&quot;47.0.1&quot;,&quot;maxVersion&quot;:&quot;47.0.1&quot;}],&quot;targetPlatforms&quot;:[],&quot;seen&quot;:true}
1473225318911	addons.xpi	DEBUG	getModTime: Recursive scan of {972ce4c6-7e08-4474-a285-3208198ce6fd}
1473225318912	DeferredSave.extensions.json	DEBUG	Save changes
1473225318912	addons.xpi	DEBUG	Updating database with changes to installed add-ons
1473225318912	addons.xpi-utils	DEBUG	Updating add-on states
1473225318914	addons.xpi-utils	DEBUG	Writing add-ons list
1473225318920	addons.xpi	DEBUG	Registering manifest for C:\Program Files (x86)\Mozilla Firefox\browser\features\e10srollout@mozilla.org.xpi
1473225318921	addons.xpi	DEBUG	Calling bootstrap method startup on e10srollout@mozilla.org version 1.0
1473225318922	addons.xpi	DEBUG	Registering manifest for C:\Program Files (x86)\Mozilla Firefox\browser\features\firefox@getpocket.com.xpi
1473225318923	addons.xpi	DEBUG	Calling bootstrap method startup on firefox@getpocket.com version 1.0.2
1473225318923	addons.xpi	DEBUG	Registering manifest for C:\Program Files (x86)\Mozilla Firefox\browser\features\loop@mozilla.org.xpi
1473225318924	addons.xpi	DEBUG	Calling bootstrap method startup on loop@mozilla.org version 1.3.2
1473225318944	addons.manager	DEBUG	Registering shutdown blocker for XPIProvider
1473225318944	addons.manager	DEBUG	Provider finished startup: XPIProvider
1473225318945	addons.manager	DEBUG	Starting provider: LightweightThemeManager
1473225318945	addons.manager	DEBUG	Registering shutdown blocker for LightweightThemeManager
1473225318945	addons.manager	DEBUG	Provider finished startup: LightweightThemeManager
1473225318946	addons.manager	DEBUG	Starting provider: GMPProvider
1473225318957	addons.manager	DEBUG	Registering shutdown blocker for GMPProvider
1473225318958	addons.manager	DEBUG	Provider finished startup: GMPProvider
1473225318958	addons.manager	DEBUG	Starting provider: PluginProvider
1473225318958	addons.manager	DEBUG	Registering shutdown blocker for PluginProvider
1473225318958	addons.manager	DEBUG	Provider finished startup: PluginProvider
1473225318958	addons.manager	DEBUG	Completed startup sequence
1473225320666	addons.manager	DEBUG	Starting provider: &lt;unnamed-provider&gt;
1473225320666	addons.manager	DEBUG	Registering shutdown blocker for &lt;unnamed-provider&gt;
1473225320667	addons.manager	DEBUG	Provider finished startup: &lt;unnamed-provider&gt;
1473225321386	DeferredSave.extensions.json	DEBUG	Write succeeded
1473225321386	addons.xpi-utils	DEBUG	XPI Database saved, setting schema version preference to 17
1473225321387	DeferredSave.extensions.json	DEBUG	Starting timer
1473225321399	addons.repository	DEBUG	No addons.json found.
1473225321399	DeferredSave.addons.json	DEBUG	Save changes
1473225321403	DeferredSave.addons.json	DEBUG	Starting timer
1473225321566	addons.manager	DEBUG	Starting provider: PreviousExperimentProvider
1473225321567	addons.manager	DEBUG	Registering shutdown blocker for PreviousExperimentProvider
1473225321567	addons.manager	DEBUG	Provider finished startup: PreviousExperimentProvider
1473225321572	DeferredSave.extensions.json	DEBUG	Starting write
1473225321573	DeferredSave.addons.json	DEBUG	Starting write
1473225321613	DeferredSave.extensions.json	DEBUG	Write succeeded
1473225321661	DeferredSave.addons.json	DEBUG	Write succeeded

Build info: version: &apos;2.52.0&apos;, revision: &apos;4c2593cfc3689a7fcd7be52549167e5ccc93ad28&apos;, time: &apos;2016-02-11 11:22:43&apos;
System info: host: &apos;DLLA1414&apos;, ip: &apos;10.107.7.46&apos;, os.name: &apos;Windows 8.1&apos;, os.arch: &apos;amd64&apos;, os.version: &apos;6.3&apos;, java.version: &apos;1.8.0_91&apos;
Driver info: driver.version: FirefoxDriver
	at org.openqa.selenium.firefox.internal.NewProfileExtensionConnection.start(NewProfileExtensionConnection.java:125)
	at org.openqa.selenium.firefox.FirefoxDriver.startClient(FirefoxDriver.java:271)
	at org.openqa.selenium.remote.RemoteWebDriver.&lt;init&gt;(RemoteWebDriver.java:119)
	at org.openqa.selenium.firefox.FirefoxDriver.&lt;init&gt;(FirefoxDriver.java:216)
	at org.openqa.selenium.firefox.FirefoxDriver.&lt;init&gt;(FirefoxDriver.java:211)
	at org.openqa.selenium.firefox.FirefoxDriver.&lt;init&gt;(FirefoxDriver.java:207)
	at org.openqa.selenium.firefox.FirefoxDriver.&lt;init&gt;(FirefoxDriver.java:124)
	at com.qait.hbp.automation.WebDriverFactory.getFirefoxDriver(WebDriverFactory.java:156)
	at com.qait.hbp.automation.WebDriverFactory.getDriver(WebDriverFactory.java:57)
	at com.qait.hbp.automation.TestSessionInitiator._configureBrowser(TestSessionInitiator.java:107)
	at com.qait.hbp.automation.TestSessionInitiator.testInitiator(TestSessionInitiator.java:101)
	at com.qait.hbp.automation.TestSessionInitiator.&lt;init&gt;(TestSessionInitiator.java:94)
	at com.qait.hbp.testBuilder.tests.Export_Copy_Delete_Test_Bank_Test.start_test_session(Export_Copy_Delete_Test_Bank_Test.java:24)
	at sun.reflect.NativeMethodAccessorImpl.invoke0(Native Method)
	at sun.reflect.NativeMethodAccessorImpl.invoke(Unknown Source)
	at sun.reflect.DelegatingMethodAccessorImpl.invoke(Unknown Source)
	at java.lang.reflect.Method.invoke(Unknown Source)
	at org.testng.internal.MethodInvocationHelper.invokeMethod(MethodInvocationHelper.java:84)
	at org.testng.internal.Invoker.invokeConfigurationMethod(Invoker.java:564)
	at org.testng.internal.Invoker.invokeConfigurations(Invoker.java:213)
	at org.testng.internal.Invoker.invokeConfigurations(Invoker.java:138)
	at org.testng.internal.TestMethodWorker.invokeBeforeClassMethods(TestMethodWorker.java:175)
	at org.testng.internal.TestMethodWorker.run(TestMethodWorker.java:107)
	at org.testng.TestRunner.privateRun(TestRunner.java:767)
	at org.testng.TestRunner.run(TestRunner.java:617)
	at org.testng.SuiteRunner.runTest(SuiteRunner.java:334)
	at org.testng.SuiteRunner.runSequentially(SuiteRunner.java:329)
	at org.testng.SuiteRunner.privateRun(SuiteRunner.java:291)
	at org.testng.SuiteRunner.run(SuiteRunner.java:240)
	at org.testng.SuiteRunnerWorker.runSuite(SuiteRunnerWorker.java:52)
	at org.testng.SuiteRunnerWorker.run(SuiteRunnerWorker.java:86)
	at org.testng.TestNG.runSuitesSequentially(TestNG.java:1224)
	at org.testng.TestNG.runSuitesLocally(TestNG.java:1149)
	at org.testng.TestNG.run(TestNG.java:1057)
	at org.testng.remote.RemoteTestNG.run(RemoteTestNG.java:111)
	at org.testng.remote.RemoteTestNG.initAndRun(RemoteTestNG.java:204)
	at org.testng.remote.RemoteTestNG.main(RemoteTestNG.java:175)
Caused by: org.openqa.selenium.firefox.NotConnectedException: Unable to connect to host 127.0.0.1 on port 7055 after 45000 ms. Firefox console output:
&quot;updateKey&quot;:null,&quot;optionsURL&quot;:null,&quot;optionsType&quot;:null,&quot;aboutURL&quot;:null,&quot;icons&quot;:{&quot;32&quot;:&quot;icon.png&quot;,&quot;48&quot;:&quot;icon.png&quot;},&quot;iconURL&quot;:null,&quot;icon64URL&quot;:null,&quot;defaultLocale&quot;:{&quot;name&quot;:&quot;Default&quot;,&quot;description&quot;:&quot;The default theme.&quot;,&quot;creator&quot;:&quot;Mozilla&quot;,&quot;homepageURL&quot;:null,&quot;contributors&quot;:[&quot;Mozilla Contributors&quot;]},&quot;visible&quot;:true,&quot;active&quot;:true,&quot;userDisabled&quot;:false,&quot;appDisabled&quot;:false,&quot;descriptor&quot;:&quot;C:\\Program Files (x86)\\Mozilla Firefox\\browser\\extensions\\{972ce4c6-7e08-4474-a285-3208198ce6fd}.xpi&quot;,&quot;installDate&quot;:1472481422594,&quot;updateDate&quot;:1472481422594,&quot;applyBackgroundUpdates&quot;:1,&quot;skinnable&quot;:true,&quot;size&quot;:22012,&quot;sourceURI&quot;:null,&quot;releaseNotesURI&quot;:null,&quot;softDisabled&quot;:false,&quot;foreignInstall&quot;:false,&quot;hasBinaryComponents&quot;:false,&quot;strictCompatibility&quot;:true,&quot;locales&quot;:[],&quot;targetApplications&quot;:[{&quot;id&quot;:&quot;{ec8030f7-c20a-464f-9b0e-13a3a9e97384}&quot;,&quot;minVersion&quot;:&quot;47.0.1&quot;,&quot;maxVersion&quot;:&quot;47.0.1&quot;}],&quot;targetPlatforms&quot;:[],&quot;seen&quot;:true}
1473225318911	addons.xpi	DEBUG	getModTime: Recursive scan of {972ce4c6-7e08-4474-a285-3208198ce6fd}
1473225318912	DeferredSave.extensions.json	DEBUG	Save changes
1473225318912	addons.xpi	DEBUG	Updating database with changes to installed add-ons
1473225318912	addons.xpi-utils	DEBUG	Updating add-on states
1473225318914	addons.xpi-utils	DEBUG	Writing add-ons list
1473225318920	addons.xpi	DEBUG	Registering manifest for C:\Program Files (x86)\Mozilla Firefox\browser\features\e10srollout@mozilla.org.xpi
1473225318921	addons.xpi	DEBUG	Calling bootstrap method startup on e10srollout@mozilla.org version 1.0
1473225318922	addons.xpi	DEBUG	Registering manifest for C:\Program Files (x86)\Mozilla Firefox\browser\features\firefox@getpocket.com.xpi
1473225318923	addons.xpi	DEBUG	Calling bootstrap method startup on firefox@getpocket.com version 1.0.2
1473225318923	addons.xpi	DEBUG	Registering manifest for C:\Program Files (x86)\Mozilla Firefox\browser\features\loop@mozilla.org.xpi
1473225318924	addons.xpi	DEBUG	Calling bootstrap method startup on loop@mozilla.org version 1.3.2
1473225318944	addons.manager	DEBUG	Registering shutdown blocker for XPIProvider
1473225318944	addons.manager	DEBUG	Provider finished startup: XPIProvider
1473225318945	addons.manager	DEBUG	Starting provider: LightweightThemeManager
1473225318945	addons.manager	DEBUG	Registering shutdown blocker for LightweightThemeManager
1473225318945	addons.manager	DEBUG	Provider finished startup: LightweightThemeManager
1473225318946	addons.manager	DEBUG	Starting provider: GMPProvider
1473225318957	addons.manager	DEBUG	Registering shutdown blocker for GMPProvider
1473225318958	addons.manager	DEBUG	Provider finished startup: GMPProvider
1473225318958	addons.manager	DEBUG	Starting provider: PluginProvider
1473225318958	addons.manager	DEBUG	Registering shutdown blocker for PluginProvider
1473225318958	addons.manager	DEBUG	Provider finished startup: PluginProvider
1473225318958	addons.manager	DEBUG	Completed startup sequence
1473225320666	addons.manager	DEBUG	Starting provider: &lt;unnamed-provider&gt;
1473225320666	addons.manager	DEBUG	Registering shutdown blocker for &lt;unnamed-provider&gt;
1473225320667	addons.manager	DEBUG	Provider finished startup: &lt;unnamed-provider&gt;
1473225321386	DeferredSave.extensions.json	DEBUG	Write succeeded
1473225321386	addons.xpi-utils	DEBUG	XPI Database saved, setting schema version preference to 17
1473225321387	DeferredSave.extensions.json	DEBUG	Starting timer
1473225321399	addons.repository	DEBUG	No addons.json found.
1473225321399	DeferredSave.addons.json	DEBUG	Save changes
1473225321403	DeferredSave.addons.json	DEBUG	Starting timer
1473225321566	addons.manager	DEBUG	Starting provider: PreviousExperimentProvider
1473225321567	addons.manager	DEBUG	Registering shutdown blocker for PreviousExperimentProvider
1473225321567	addons.manager	DEBUG	Provider finished startup: PreviousExperimentProvider
1473225321572	DeferredSave.extensions.json	DEBUG	Starting write
1473225321573	DeferredSave.addons.json	DEBUG	Starting write
1473225321613	DeferredSave.extensions.json	DEBUG	Write succeeded
1473225321661	DeferredSave.addons.json	DEBUG	Write succeeded

	at org.openqa.selenium.firefox.internal.NewProfileExtensionConnection.start(NewProfileExtensionConnection.java:113)
	... 36 more
</pre></div><a href='#' onClick='toggleBox("stack-trace194494468", this, "Click to show all stack frames", "Click to hide stack frames")'>Click to show all stack frames</a>
<div class='stack-trace' id='stack-trace194494468'><pre>org.openqa.selenium.WebDriverException: Failed to connect to binary FirefoxBinary(C:\Program Files (x86)\Mozilla Firefox\firefox.exe) on port 7055; process output follows: 
&quot;updateKey&quot;:null,&quot;optionsURL&quot;:null,&quot;optionsType&quot;:null,&quot;aboutURL&quot;:null,&quot;icons&quot;:{&quot;32&quot;:&quot;icon.png&quot;,&quot;48&quot;:&quot;icon.png&quot;},&quot;iconURL&quot;:null,&quot;icon64URL&quot;:null,&quot;defaultLocale&quot;:{&quot;name&quot;:&quot;Default&quot;,&quot;description&quot;:&quot;The default theme.&quot;,&quot;creator&quot;:&quot;Mozilla&quot;,&quot;homepageURL&quot;:null,&quot;contributors&quot;:[&quot;Mozilla Contributors&quot;]},&quot;visible&quot;:true,&quot;active&quot;:true,&quot;userDisabled&quot;:false,&quot;appDisabled&quot;:false,&quot;descriptor&quot;:&quot;C:\\Program Files (x86)\\Mozilla Firefox\\browser\\extensions\\{972ce4c6-7e08-4474-a285-3208198ce6fd}.xpi&quot;,&quot;installDate&quot;:1472481422594,&quot;updateDate&quot;:1472481422594,&quot;applyBackgroundUpdates&quot;:1,&quot;skinnable&quot;:true,&quot;size&quot;:22012,&quot;sourceURI&quot;:null,&quot;releaseNotesURI&quot;:null,&quot;softDisabled&quot;:false,&quot;foreignInstall&quot;:false,&quot;hasBinaryComponents&quot;:false,&quot;strictCompatibility&quot;:true,&quot;locales&quot;:[],&quot;targetApplications&quot;:[{&quot;id&quot;:&quot;{ec8030f7-c20a-464f-9b0e-13a3a9e97384}&quot;,&quot;minVersion&quot;:&quot;47.0.1&quot;,&quot;maxVersion&quot;:&quot;47.0.1&quot;}],&quot;targetPlatforms&quot;:[],&quot;seen&quot;:true}
1473225318911	addons.xpi	DEBUG	getModTime: Recursive scan of {972ce4c6-7e08-4474-a285-3208198ce6fd}
1473225318912	DeferredSave.extensions.json	DEBUG	Save changes
1473225318912	addons.xpi	DEBUG	Updating database with changes to installed add-ons
1473225318912	addons.xpi-utils	DEBUG	Updating add-on states
1473225318914	addons.xpi-utils	DEBUG	Writing add-ons list
1473225318920	addons.xpi	DEBUG	Registering manifest for C:\Program Files (x86)\Mozilla Firefox\browser\features\e10srollout@mozilla.org.xpi
1473225318921	addons.xpi	DEBUG	Calling bootstrap method startup on e10srollout@mozilla.org version 1.0
1473225318922	addons.xpi	DEBUG	Registering manifest for C:\Program Files (x86)\Mozilla Firefox\browser\features\firefox@getpocket.com.xpi
1473225318923	addons.xpi	DEBUG	Calling bootstrap method startup on firefox@getpocket.com version 1.0.2
1473225318923	addons.xpi	DEBUG	Registering manifest for C:\Program Files (x86)\Mozilla Firefox\browser\features\loop@mozilla.org.xpi
1473225318924	addons.xpi	DEBUG	Calling bootstrap method startup on loop@mozilla.org version 1.3.2
1473225318944	addons.manager	DEBUG	Registering shutdown blocker for XPIProvider
1473225318944	addons.manager	DEBUG	Provider finished startup: XPIProvider
1473225318945	addons.manager	DEBUG	Starting provider: LightweightThemeManager
1473225318945	addons.manager	DEBUG	Registering shutdown blocker for LightweightThemeManager
1473225318945	addons.manager	DEBUG	Provider finished startup: LightweightThemeManager
1473225318946	addons.manager	DEBUG	Starting provider: GMPProvider
1473225318957	addons.manager	DEBUG	Registering shutdown blocker for GMPProvider
1473225318958	addons.manager	DEBUG	Provider finished startup: GMPProvider
1473225318958	addons.manager	DEBUG	Starting provider: PluginProvider
1473225318958	addons.manager	DEBUG	Registering shutdown blocker for PluginProvider
1473225318958	addons.manager	DEBUG	Provider finished startup: PluginProvider
1473225318958	addons.manager	DEBUG	Completed startup sequence
1473225320666	addons.manager	DEBUG	Starting provider: &lt;unnamed-provider&gt;
1473225320666	addons.manager	DEBUG	Registering shutdown blocker for &lt;unnamed-provider&gt;
1473225320667	addons.manager	DEBUG	Provider finished startup: &lt;unnamed-provider&gt;
1473225321386	DeferredSave.extensions.json	DEBUG	Write succeeded
1473225321386	addons.xpi-utils	DEBUG	XPI Database saved, setting schema version preference to 17
1473225321387	DeferredSave.extensions.json	DEBUG	Starting timer
1473225321399	addons.repository	DEBUG	No addons.json found.
1473225321399	DeferredSave.addons.json	DEBUG	Save changes
1473225321403	DeferredSave.addons.json	DEBUG	Starting timer
1473225321566	addons.manager	DEBUG	Starting provider: PreviousExperimentProvider
1473225321567	addons.manager	DEBUG	Registering shutdown blocker for PreviousExperimentProvider
1473225321567	addons.manager	DEBUG	Provider finished startup: PreviousExperimentProvider
1473225321572	DeferredSave.extensions.json	DEBUG	Starting write
1473225321573	DeferredSave.addons.json	DEBUG	Starting write
1473225321613	DeferredSave.extensions.json	DEBUG	Write succeeded
1473225321661	DeferredSave.addons.json	DEBUG	Write succeeded

Build info: version: &apos;2.52.0&apos;, revision: &apos;4c2593cfc3689a7fcd7be52549167e5ccc93ad28&apos;, time: &apos;2016-02-11 11:22:43&apos;
System info: host: &apos;DLLA1414&apos;, ip: &apos;10.107.7.46&apos;, os.name: &apos;Windows 8.1&apos;, os.arch: &apos;amd64&apos;, os.version: &apos;6.3&apos;, java.version: &apos;1.8.0_91&apos;
Driver info: driver.version: FirefoxDriver
	at org.openqa.selenium.firefox.internal.NewProfileExtensionConnection.start(NewProfileExtensionConnection.java:125)
	at org.openqa.selenium.firefox.FirefoxDriver.startClient(FirefoxDriver.java:271)
	at org.openqa.selenium.remote.RemoteWebDriver.&lt;init&gt;(RemoteWebDriver.java:119)
	at org.openqa.selenium.firefox.FirefoxDriver.&lt;init&gt;(FirefoxDriver.java:216)
	at org.openqa.selenium.firefox.FirefoxDriver.&lt;init&gt;(FirefoxDriver.java:211)
	at org.openqa.selenium.firefox.FirefoxDriver.&lt;init&gt;(FirefoxDriver.java:207)
	at org.openqa.selenium.firefox.FirefoxDriver.&lt;init&gt;(FirefoxDriver.java:124)
	at com.qait.hbp.automation.WebDriverFactory.getFirefoxDriver(WebDriverFactory.java:156)
	at com.qait.hbp.automation.WebDriverFactory.getDriver(WebDriverFactory.java:57)
	at com.qait.hbp.automation.TestSessionInitiator._configureBrowser(TestSessionInitiator.java:107)
	at com.qait.hbp.automation.TestSessionInitiator.testInitiator(TestSessionInitiator.java:101)
	at com.qait.hbp.automation.TestSessionInitiator.&lt;init&gt;(TestSessionInitiator.java:94)
	at com.qait.hbp.testBuilder.tests.Export_Copy_Delete_Test_Bank_Test.start_test_session(Export_Copy_Delete_Test_Bank_Test.java:24)
	at sun.reflect.NativeMethodAccessorImpl.invoke0(Native Method)
	at sun.reflect.NativeMethodAccessorImpl.invoke(Unknown Source)
	at sun.reflect.DelegatingMethodAccessorImpl.invoke(Unknown Source)
	at java.lang.reflect.Method.invoke(Unknown Source)
	at org.testng.internal.MethodInvocationHelper.invokeMethod(MethodInvocationHelper.java:84)
	at org.testng.internal.Invoker.invokeConfigurationMethod(Invoker.java:564)
	at org.testng.internal.Invoker.invokeConfigurations(Invoker.java:213)
	at org.testng.internal.Invoker.invokeConfigurations(Invoker.java:138)
	at org.testng.internal.TestMethodWorker.invokeBeforeClassMethods(TestMethodWorker.java:175)
	at org.testng.internal.TestMethodWorker.run(TestMethodWorker.java:107)
	at org.testng.TestRunner.privateRun(TestRunner.java:767)
	at org.testng.TestRunner.run(TestRunner.java:617)
	at org.testng.SuiteRunner.runTest(SuiteRunner.java:334)
	at org.testng.SuiteRunner.runSequentially(SuiteRunner.java:329)
	at org.testng.SuiteRunner.privateRun(SuiteRunner.java:291)
	at org.testng.SuiteRunner.run(SuiteRunner.java:240)
	at org.testng.SuiteRunnerWorker.runSuite(SuiteRunnerWorker.java:52)
	at org.testng.SuiteRunnerWorker.run(SuiteRunnerWorker.java:86)
	at org.testng.TestNG.runSuitesSequentially(TestNG.java:1224)
	at org.testng.TestNG.runSuitesLocally(TestNG.java:1149)
	at org.testng.TestNG.run(TestNG.java:1057)
	at org.testng.remote.RemoteTestNG.run(RemoteTestNG.java:111)
	at org.testng.remote.RemoteTestNG.initAndRun(RemoteTestNG.java:204)
	at org.testng.remote.RemoteTestNG.main(RemoteTestNG.java:175)
Caused by: org.openqa.selenium.firefox.NotConnectedException: Unable to connect to host 127.0.0.1 on port 7055 after 45000 ms. Firefox console output:
&quot;updateKey&quot;:null,&quot;optionsURL&quot;:null,&quot;optionsType&quot;:null,&quot;aboutURL&quot;:null,&quot;icons&quot;:{&quot;32&quot;:&quot;icon.png&quot;,&quot;48&quot;:&quot;icon.png&quot;},&quot;iconURL&quot;:null,&quot;icon64URL&quot;:null,&quot;defaultLocale&quot;:{&quot;name&quot;:&quot;Default&quot;,&quot;description&quot;:&quot;The default theme.&quot;,&quot;creator&quot;:&quot;Mozilla&quot;,&quot;homepageURL&quot;:null,&quot;contributors&quot;:[&quot;Mozilla Contributors&quot;]},&quot;visible&quot;:true,&quot;active&quot;:true,&quot;userDisabled&quot;:false,&quot;appDisabled&quot;:false,&quot;descriptor&quot;:&quot;C:\\Program Files (x86)\\Mozilla Firefox\\browser\\extensions\\{972ce4c6-7e08-4474-a285-3208198ce6fd}.xpi&quot;,&quot;installDate&quot;:1472481422594,&quot;updateDate&quot;:1472481422594,&quot;applyBackgroundUpdates&quot;:1,&quot;skinnable&quot;:true,&quot;size&quot;:22012,&quot;sourceURI&quot;:null,&quot;releaseNotesURI&quot;:null,&quot;softDisabled&quot;:false,&quot;foreignInstall&quot;:false,&quot;hasBinaryComponents&quot;:false,&quot;strictCompatibility&quot;:true,&quot;locales&quot;:[],&quot;targetApplications&quot;:[{&quot;id&quot;:&quot;{ec8030f7-c20a-464f-9b0e-13a3a9e97384}&quot;,&quot;minVersion&quot;:&quot;47.0.1&quot;,&quot;maxVersion&quot;:&quot;47.0.1&quot;}],&quot;targetPlatforms&quot;:[],&quot;seen&quot;:true}
1473225318911	addons.xpi	DEBUG	getModTime: Recursive scan of {972ce4c6-7e08-4474-a285-3208198ce6fd}
1473225318912	DeferredSave.extensions.json	DEBUG	Save changes
1473225318912	addons.xpi	DEBUG	Updating database with changes to installed add-ons
1473225318912	addons.xpi-utils	DEBUG	Updating add-on states
1473225318914	addons.xpi-utils	DEBUG	Writing add-ons list
1473225318920	addons.xpi	DEBUG	Registering manifest for C:\Program Files (x86)\Mozilla Firefox\browser\features\e10srollout@mozilla.org.xpi
1473225318921	addons.xpi	DEBUG	Calling bootstrap method startup on e10srollout@mozilla.org version 1.0
1473225318922	addons.xpi	DEBUG	Registering manifest for C:\Program Files (x86)\Mozilla Firefox\browser\features\firefox@getpocket.com.xpi
1473225318923	addons.xpi	DEBUG	Calling bootstrap method startup on firefox@getpocket.com version 1.0.2
1473225318923	addons.xpi	DEBUG	Registering manifest for C:\Program Files (x86)\Mozilla Firefox\browser\features\loop@mozilla.org.xpi
1473225318924	addons.xpi	DEBUG	Calling bootstrap method startup on loop@mozilla.org version 1.3.2
1473225318944	addons.manager	DEBUG	Registering shutdown blocker for XPIProvider
1473225318944	addons.manager	DEBUG	Provider finished startup: XPIProvider
1473225318945	addons.manager	DEBUG	Starting provider: LightweightThemeManager
1473225318945	addons.manager	DEBUG	Registering shutdown blocker for LightweightThemeManager
1473225318945	addons.manager	DEBUG	Provider finished startup: LightweightThemeManager
1473225318946	addons.manager	DEBUG	Starting provider: GMPProvider
1473225318957	addons.manager	DEBUG	Registering shutdown blocker for GMPProvider
1473225318958	addons.manager	DEBUG	Provider finished startup: GMPProvider
1473225318958	addons.manager	DEBUG	Starting provider: PluginProvider
1473225318958	addons.manager	DEBUG	Registering shutdown blocker for PluginProvider
1473225318958	addons.manager	DEBUG	Provider finished startup: PluginProvider
1473225318958	addons.manager	DEBUG	Completed startup sequence
1473225320666	addons.manager	DEBUG	Starting provider: &lt;unnamed-provider&gt;
1473225320666	addons.manager	DEBUG	Registering shutdown blocker for &lt;unnamed-provider&gt;
1473225320667	addons.manager	DEBUG	Provider finished startup: &lt;unnamed-provider&gt;
1473225321386	DeferredSave.extensions.json	DEBUG	Write succeeded
1473225321386	addons.xpi-utils	DEBUG	XPI Database saved, setting schema version preference to 17
1473225321387	DeferredSave.extensions.json	DEBUG	Starting timer
1473225321399	addons.repository	DEBUG	No addons.json found.
1473225321399	DeferredSave.addons.json	DEBUG	Save changes
1473225321403	DeferredSave.addons.json	DEBUG	Starting timer
1473225321566	addons.manager	DEBUG	Starting provider: PreviousExperimentProvider
1473225321567	addons.manager	DEBUG	Registering shutdown blocker for PreviousExperimentProvider
1473225321567	addons.manager	DEBUG	Provider finished startup: PreviousExperimentProvider
1473225321572	DeferredSave.extensions.json	DEBUG	Starting write
1473225321573	DeferredSave.addons.json	DEBUG	Starting write
1473225321613	DeferredSave.extensions.json	DEBUG	Write succeeded
1473225321661	DeferredSave.addons.json	DEBUG	Write succeeded

	at org.openqa.selenium.firefox.internal.NewProfileExtensionConnection.start(NewProfileExtensionConnection.java:113)
	... 36 more
</pre></div></td>
<td>0</td>
<td>com.qait.hbp.testBuilder.tests.Export_Copy_Delete_Test_Bank_Test@1d251891</td></tr>
</table><p>
<table width='100%' border='1' class='invocation-skipped'>
<tr><td colspan='4' align='center'><b>SKIPPED TESTS</b></td></tr>
<tr><td><b>Test method</b></td>
<td width="30%"><b>Exception</b></td>
<td width="10%"><b>Time (seconds)</b></td>
<td><b>Instance</b></td>
</tr>
<tr>
<td title='com.qait.hbp.testBuilder.tests.Export_Copy_Delete_Test_Bank_Test.Test0001_Launch_Login_URL()'><b>Test0001_Launch_Login_URL</b><br>Test class: com.qait.hbp.testBuilder.tests.Export_Copy_Delete_Test_Bank_Test</td>
<td></td>
<td>0</td>
<td>com.qait.hbp.testBuilder.tests.Export_Copy_Delete_Test_Bank_Test@1d251891</td></tr>
<tr>
<td title='com.qait.hbp.testBuilder.tests.Export_Copy_Delete_Test_Bank_Test.Test002_Verify_User_Is_Able_To_Login_Into_Application()'><b>Test002_Verify_User_Is_Able_To_Login_Into_Application</b><br>Test class: com.qait.hbp.testBuilder.tests.Export_Copy_Delete_Test_Bank_Test</td>
<td></td>
<td>0</td>
<td>com.qait.hbp.testBuilder.tests.Export_Copy_Delete_Test_Bank_Test@1d251891</td></tr>
<tr>
<td title='com.qait.hbp.testBuilder.tests.Export_Copy_Delete_Test_Bank_Test.Test003_Verify_User_Is_Able_To_Search_The_Product()'><b>Test003_Verify_User_Is_Able_To_Search_The_Product</b><br>Test class: com.qait.hbp.testBuilder.tests.Export_Copy_Delete_Test_Bank_Test</td>
<td></td>
<td>0</td>
<td>com.qait.hbp.testBuilder.tests.Export_Copy_Delete_Test_Bank_Test@1d251891</td></tr>
<tr>
<td title='com.qait.hbp.testBuilder.tests.Export_Copy_Delete_Test_Bank_Test.Test004_Verify_User_Is_Able_To_Navigate_To_Test_Builder_Page()'><b>Test004_Verify_User_Is_Able_To_Navigate_To_Test_Builder_Page</b><br>Test class: com.qait.hbp.testBuilder.tests.Export_Copy_Delete_Test_Bank_Test</td>
<td></td>
<td>0</td>
<td>com.qait.hbp.testBuilder.tests.Export_Copy_Delete_Test_Bank_Test@1d251891</td></tr>
<tr>
<td title='com.qait.hbp.testBuilder.tests.Export_Copy_Delete_Test_Bank_Test.Test005_Navigate_To_My_Test_Tab_And_Verify_Created_Test_Appears()'><b>Test005_Navigate_To_My_Test_Tab_And_Verify_Created_Test_Appears</b><br>Test class: com.qait.hbp.testBuilder.tests.Export_Copy_Delete_Test_Bank_Test</td>
<td></td>
<td>0</td>
<td>com.qait.hbp.testBuilder.tests.Export_Copy_Delete_Test_Bank_Test@1d251891</td></tr>
<tr>
<td title='com.qait.hbp.testBuilder.tests.Export_Copy_Delete_Test_Bank_Test.Test007_Verify_Export_Button_Is_Present_With_Test_Bank()'><b>Test007_Verify_Export_Button_Is_Present_With_Test_Bank</b><br>Test class: com.qait.hbp.testBuilder.tests.Export_Copy_Delete_Test_Bank_Test</td>
<td></td>
<td>0</td>
<td>com.qait.hbp.testBuilder.tests.Export_Copy_Delete_Test_Bank_Test@1d251891</td></tr>
<tr>
<td title='com.qait.hbp.testBuilder.tests.Export_Copy_Delete_Test_Bank_Test.Test008_Copy_A_Test_Bank_And_Verify_If_Copy_Was_Created_Successfully()'><b>Test008_Copy_A_Test_Bank_And_Verify_If_Copy_Was_Created_Successfully</b><br>Test class: com.qait.hbp.testBuilder.tests.Export_Copy_Delete_Test_Bank_Test</td>
<td></td>
<td>0</td>
<td>com.qait.hbp.testBuilder.tests.Export_Copy_Delete_Test_Bank_Test@1d251891</td></tr>
<tr>
<td title='com.qait.hbp.testBuilder.tests.Export_Copy_Delete_Test_Bank_Test.Test009_Delete_The_Copied_TestBank()'><b>Test009_Delete_The_Copied_TestBank</b><br>Test class: com.qait.hbp.testBuilder.tests.Export_Copy_Delete_Test_Bank_Test</td>
<td></td>
<td>0</td>
<td>com.qait.hbp.testBuilder.tests.Export_Copy_Delete_Test_Bank_Test@1d251891</td></tr>
</table><p>
</body>
</html>