<?xml version="1.0" encoding="UTF-8"?>
<!-- Generated by org.testng.reporters.JUnitXMLReporter -->
<<<<<<< HEAD
<testsuite hostname="DLLA1462" name="eReader" tests="50" failures="5" timestamp="29 Jul 2016 10:16:47 GMT" time="1419.333" errors="0">
  <testcase name="Test0010_Launch_Login_URL" time="8.489" classname="com.qait.hbp.ereader.tests.Settings_Test"/>
  <testcase name="Test0011_Verify_User_Is_Able_To_Login_Into_Application" time="15.393" classname="com.qait.hbp.ereader.tests.Settings_Test"/>
  <testcase name="Test0012_Verify_User_Is_Able_To_Navigate_to_CoursePacks_Page" time="6.906" classname="com.qait.hbp.ereader.tests.Settings_Test"/>
  <testcase name="Test0013_Verify_User_Is_Able_To_Navigate_to_eReader_Course" time="7.839" classname="com.qait.hbp.ereader.tests.Settings_Test"/>
  <testcase name="Test0014_Verify_User_Is_Able_To_Navigate_to_Launch_eReader" time="1.641" classname="com.qait.hbp.ereader.tests.Settings_Test"/>
  <testcase name="Test0020_Switch_To_the_eReader_Window" time="94.245" classname="com.qait.hbp.ereader.tests.Settings_Test"/>
  <testcase name="Test00211_Click_Not_Now" time="0.844" classname="com.qait.hbp.ereader.tests.Settings_Test"/>
  <testcase name="Test0022_Verify_Refresh_Sync_Icon_Spins_On_Clicking_It" time="242.031" classname="com.qait.hbp.ereader.tests.Settings_Test"/>
  <testcase name="Test00301_Verify_On_Clicking_Annotate_Mode_Icon_Annotate_Mode_Is_Active" time="2.75" classname="com.qait.hbp.ereader.tests.Settings_Test"/>
  <testcase name="Test00310_Delete_all_Notes_From_eReader" time="6.08" classname="com.qait.hbp.ereader.tests.Settings_Test"/>
  <testcase name="Test00312_Click_Back_Button_For_Handheld" time="4.011" classname="com.qait.hbp.ereader.tests.Settings_Test"/>
  <testcase name="Test004_Verify_User_Is_Able_To_Select_Paragraph" time="27.112" classname="com.qait.hbp.ereader.tests.Settings_Test"/>
  <testcase name="Test005_Verify_User_Is_Able_To_Highlight_Paragraph" time="2.776" classname="com.qait.hbp.ereader.tests.Settings_Test"/>
  <testcase name="Test0060_Verify_User_Is_Able_To_Switch_Off_Annotate_Mode" time="3.063" classname="com.qait.hbp.ereader.tests.Settings_Test"/>
  <testcase name="Test0061_Verify_On_Clicking_Annotation_Notes_Pane_Is_Displayed" time="2.745" classname="com.qait.hbp.ereader.tests.Settings_Test"/>
  <testcase name="Test007_Verify_User_Is_Able_To_Enter_Text_In_Search_Notes_Field" time="3.111" classname="com.qait.hbp.ereader.tests.Settings_Test"/>
  <testcase name="Test008_Verify_User_Is_Able_To_Add_Notes_To_Notes_Card_Using_Notepad_Icon" time="1.821" classname="com.qait.hbp.ereader.tests.Settings_Test"/>
  <testcase name="Test009_Verify_User_Is_Able_To_Add_Note_By_Clicking_On_NotePad_Icon" time="38.884" classname="com.qait.hbp.ereader.tests.Settings_Test"/>
  <testcase name="Test010_Click_Back_Button_For_Handheld" time="3.798" classname="com.qait.hbp.ereader.tests.Settings_Test"/>
  <testcase name="Test011_Get_Last_Word_Of_The_Document" time="1.757" classname="com.qait.hbp.ereader.tests.Settings_Test"/>
  <testcase name="Test013_Navigate_Back_To_First_Page" time="6.627" classname="com.qait.hbp.ereader.tests.Settings_Test"/>
  <testcase name="Test014_Verify_Settings_Menu_Opens_On_Clicking_Settings_Icon" time="1.537" classname="com.qait.hbp.ereader.tests.Settings_Test"/>
  <testcase name="Test015_Verify_Color_Blindness_Assistance_Option_Is_Displayed" time="0.648" classname="com.qait.hbp.ereader.tests.Settings_Test"/>
  <testcase name="Test016_Verify_Feedback_Option_Is_Expandable" time="1.84" classname="com.qait.hbp.ereader.tests.Settings_Test"/>
  <testcase name="Test017_Verify_Modal_Window_Appears_On_Clicking_Hbp_Reader" time="1.002" classname="com.qait.hbp.ereader.tests.Settings_Test"/>
  <testcase name="Test018_Verify_Correct_Text_On_Hbp_Reader_Modal_window" time="1.05" classname="com.qait.hbp.ereader.tests.Settings_Test"/>
  <testcase name="Test019_Click_Back_Button_For_Handheld" time="3.574" classname="com.qait.hbp.ereader.tests.Settings_Test"/>
  <testcase name="Test020_Verify_Text_Font" time="7.037" classname="com.qait.hbp.ereader.tests.Settings_Test"/>
  <testcase name="Test0211_Verify_That_On_Increasing_Font_Content_Is_Intact" time="25.178" classname="com.qait.hbp.ereader.tests.Settings_Test"/>
  <testcase name="Test023_Verify_User_Is_Able_To_Select_Paragraph" time="365.056" classname="com.qait.hbp.ereader.tests.Settings_Test">
    <failure type="java.lang.AssertionError" message="[ASSERT FAILED]: Header footer did not disappear on performing navigation icons expected [true] but found [false]">
      <![CDATA[java.lang.AssertionError: [ASSERT FAILED]: Header footer did not disappear on performing navigation icons expected [true] but found [false]
	at com.qait.hbp.ereader.keywords.AnnotationHighlightActions.click_On_Right_chevron_Icon_For_Header_Footer_To_Disappear(AnnotationHighlightActions.java:624)
	at com.qait.hbp.ereader.keywords.AnnotationHighlightActions.is_User_Able_To_Select_First_word(AnnotationHighlightActions.java:326)
	at com.qait.hbp.ereader.tests.Settings_Test.Test023_Verify_User_Is_Able_To_Select_Paragraph(Settings_Test.java:264)
... Removed 27 stack frames]]>
    </failure>
  </testcase> <!-- Test023_Verify_User_Is_Able_To_Select_Paragraph -->
  <testcase name="Test0240_Verify_User_Is_Able_To_Highlight_Paragraph" time="5.524" classname="com.qait.hbp.ereader.tests.Settings_Test">
    <failure type="java.lang.AssertionError" message="[ASSERT FAILED]: Element yellow_highlight not found on the eReader/AnnotationHighlights !!! due to Timeout Exception">
      <![CDATA[java.lang.AssertionError: [ASSERT FAILED]: Element yellow_highlight not found on the eReader/AnnotationHighlights !!! due to Timeout Exception
	at com.qait.hbp.automation.getpageobjects.GetPage.element(GetPage.java:392)
	at com.qait.hbp.automation.getpageobjects.GetPage.element(GetPage.java:331)
	at com.qait.hbp.ereader.keywords.AnnotationHighlightActions.getColor_And_Click_Specific_Highlight(AnnotationHighlightActions.java:706)
	at com.qait.hbp.ereader.tests.Settings_Test.Test0240_Verify_User_Is_Able_To_Highlight_Paragraph(Settings_Test.java:269)
... Removed 25 stack frames]]>
    </failure>
  </testcase> <!-- Test0240_Verify_User_Is_Able_To_Highlight_Paragraph -->
  <testcase name="Test0241_Verify_User_Is_Able_To_Switch_Off_Annotate_Mode" time="3.015" classname="com.qait.hbp.ereader.tests.Settings_Test"/>
  <testcase name="Test0242_Navigate_Back_To_First_Page" time="225.527" classname="com.qait.hbp.ereader.tests.Settings_Test"/>
  <testcase name="Test0251_Verify_User_Can_Turn_On_Color_Blindness_Assistance_Option" time="25.595" classname="com.qait.hbp.ereader.tests.Settings_Test"/>
  <testcase name="Test026_Click_Back_Button_For_Handheld" time="4.013" classname="com.qait.hbp.ereader.tests.Settings_Test"/>
  <testcase name="Test0271_Navigate_Back_To_First_Page" time="17.326" classname="com.qait.hbp.ereader.tests.Settings_Test"/>
  <testcase name="Test0272_Verify_Existing_Highlights_Shape_Changes" time="1.241" classname="com.qait.hbp.ereader.tests.Settings_Test"/>
  <testcase name="Test0274_Verify_Filter_Icon_Shape_Changes" time="2.828" classname="com.qait.hbp.ereader.tests.Settings_Test"/>
  <testcase name="Test028_Click_Back_Button_For_Handheld" time="3.864" classname="com.qait.hbp.ereader.tests.Settings_Test"/>
  <testcase name="Test029_Verify_On_Clicking_Annotate_Mode_Icon_Annotate_Mode_Is_Active" time="2.395" classname="com.qait.hbp.ereader.tests.Settings_Test"/>
  <testcase name="Test030_Verify_Filter_Icons_Shape_Change" time="27.602" classname="com.qait.hbp.ereader.tests.Settings_Test"/>
  <testcase name="Test031_Verify_Print_Buttons_Are_Displayed" time="4.425" classname="com.qait.hbp.ereader.tests.Settings_Test"/>
  <testcase name="Test0320_Verify_Legal_Link_Is_Functional" time="8.012" classname="com.qait.hbp.ereader.tests.Settings_Test">
    <failure type="java.lang.AssertionError" message="[ASSERT FAILED]: Privacy policy page didn&amp;apos;t load expected [true] but found [false]">
      <![CDATA[java.lang.AssertionError: [ASSERT FAILED]: Privacy policy page didn't load expected [true] but found [false]
	at com.qait.hbp.ereader.keywords.SettingsActions.is_Legal_Link_Functional(SettingsActions.java:128)
	at com.qait.hbp.ereader.tests.Settings_Test.Test0320_Verify_Legal_Link_Is_Functional(Settings_Test.java:372)
... Removed 27 stack frames]]>
    </failure>
  </testcase> <!-- Test0320_Verify_Legal_Link_Is_Functional -->
  <testcase name="Test0321_Click_Back_Button_For_Handheld" time="3.242" classname="com.qait.hbp.ereader.tests.Settings_Test"/>
  <testcase name="Test033_Verify_Make_Available_Offline_Option_Is_Displayed" time="2.006" classname="com.qait.hbp.ereader.tests.Settings_Test"/>
  <testcase name="Test0340_Verify_Correct_Alert_Messaging_Is_Displayed_On_Turning_On_Offline_Mode" time="2.222" classname="com.qait.hbp.ereader.tests.Settings_Test"/>
  <testcase name="Test0341_Verify_Alert_Messaging_Label_Turns_Red_On_Clicking_Done_Button_Without_Selecting_Checkbox" time="1.898" classname="com.qait.hbp.ereader.tests.Settings_Test"/>
  <testcase name="Test0342_Verify_Offline_Setup_Complete_Messaging" time="29.422" classname="com.qait.hbp.ereader.tests.Settings_Test"/>
  <testcase name="Test0351_Verify_Changes_Are_Retained_Before_Turning_off_Network_Connection" time="25.43" classname="com.qait.hbp.ereader.tests.Settings_Test">
    <failure type="org.openqa.selenium.WebDriverException" message="unknown error: Element is not clickable at point (-86, 475)
  (Session info: chrome=51.0.2704.81)
  (Driver info: chromedriver=2.18.343845 (73dd713ba7fbfb73cbb514e62641d8c96a94682a),platform=Windows NT 6.3 x86_64) (WARNING: The server did not provide any stacktrace information)
Command duration or timeout: 218 milliseconds
Build info: version: &amp;apos;2.52.0&amp;apos;, revision: &amp;apos;4c2593cfc3689a7fcd7be52549167e5ccc93ad28&amp;apos;, time: &amp;apos;2016-02-11 11:22:43&amp;apos;
System info: host: &amp;apos;DLLA1462&amp;apos;, ip: &amp;apos;10.0.13.14&amp;apos;, os.name: &amp;apos;Windows 8.1&amp;apos;, os.arch: &amp;apos;amd64&amp;apos;, os.version: &amp;apos;6.3&amp;apos;, java.version: &amp;apos;1.8.0_73&amp;apos;
Driver info: io.appium.java_client.android.AndroidDriver
Capabilities [{applicationCacheEnabled=false, rotatable=false, mobileEmulationEnabled=false, chrome={}, takesHeapSnapshot=true, databaseEnabled=false, handlesAlerts=true, hasTouchScreen=true, version=51.0.2704.81, platform=ANDROID, browserConnectionEnabled=false, nativeEvents=true, acceptSslCerts=true, locationContextEnabled=true, webStorageEnabled=true, browserName=chrome, takesScreenshot=true, javascriptEnabled=true, cssSelectorsEnabled=true}]
Session ID: bb66f32e02a0a471e429ce73c817891a">
      <![CDATA[org.openqa.selenium.WebDriverException: unknown error: Element is not clickable at point (-86, 475)
  (Session info: chrome=51.0.2704.81)
  (Driver info: chromedriver=2.18.343845 (73dd713ba7fbfb73cbb514e62641d8c96a94682a),platform=Windows NT 6.3 x86_64) (WARNING: The server did not provide any stacktrace information)
Command duration or timeout: 218 milliseconds
Build info: version: '2.52.0', revision: '4c2593cfc3689a7fcd7be52549167e5ccc93ad28', time: '2016-02-11 11:22:43'
System info: host: 'DLLA1462', ip: '10.0.13.14', os.name: 'Windows 8.1', os.arch: 'amd64', os.version: '6.3', java.version: '1.8.0_73'
Driver info: io.appium.java_client.android.AndroidDriver
Capabilities [{applicationCacheEnabled=false, rotatable=false, mobileEmulationEnabled=false, chrome={}, takesHeapSnapshot=true, databaseEnabled=false, handlesAlerts=true, hasTouchScreen=true, version=51.0.2704.81, platform=ANDROID, browserConnectionEnabled=false, nativeEvents=true, acceptSslCerts=true, locationContextEnabled=true, webStorageEnabled=true, browserName=chrome, takesScreenshot=true, javascriptEnabled=true, cssSelectorsEnabled=true}]
Session ID: bb66f32e02a0a471e429ce73c817891a
	at org.openqa.selenium.remote.ErrorHandler.createThrowable(ErrorHandler.java:206)
	at org.openqa.selenium.remote.ErrorHandler.throwIfResponseFailed(ErrorHandler.java:158)
	at org.openqa.selenium.remote.RemoteWebDriver.execute(RemoteWebDriver.java:678)
	at io.appium.java_client.AppiumDriver.execute(AppiumDriver.java:180)
	at org.openqa.selenium.remote.RemoteExecuteMethod.execute(RemoteExecuteMethod.java:35)
	at org.openqa.selenium.remote.RemoteMouse.mouseMove(RemoteMouse.java:89)
	at org.openqa.selenium.interactions.MoveMouseAction.perform(MoveMouseAction.java:39)
	at org.openqa.selenium.interactions.CompositeAction.perform(CompositeAction.java:50)
	at com.qait.hbp.ereader.keywords.AnnotationHighlightActions.is_User_Able_To_Select_Paragraph_In_Color_Blindness_Mode(AnnotationHighlightActions.java:530)
	at com.qait.hbp.ereader.tests.Settings_Test.Test0351_Verify_Changes_Are_Retained_Before_Turning_off_Network_Connection(Settings_Test.java:419)
... Removed 28 stack frames]]>
    </failure>
  </testcase> <!-- Test0351_Verify_Changes_Are_Retained_Before_Turning_off_Network_Connection -->
  <testcase name="Test0361_Verify_That_In_Offline_Mode_All_Core_Functionality_Is_Working" time="107.471" classname="com.qait.hbp.ereader.tests.Settings_Test">
    <failure type="java.lang.AssertionError" message="expected [true] but found [false]">
      <![CDATA[java.lang.AssertionError: expected [true] but found [false]
	at com.qait.hbp.ereader.tests.Settings_Test.Test0361_Verify_That_In_Offline_Mode_All_Core_Functionality_Is_Working(Settings_Test.java:490)
... Removed 28 stack frames]]>
    </failure>
  </testcase> <!-- Test0361_Verify_That_In_Offline_Mode_All_Core_Functionality_Is_Working -->
=======
<testsuite hostname="DLLA1458" name="eReader" tests="31" failures="0" timestamp="29 Jul 2016 12:11:17 GMT" time="810.821" errors="0">
  <testcase name="Test0010_Launch_Login_URL" time="8.998" classname="com.qait.hbp.ereader.tests.General_Checkpoints_Test"/>
  <testcase name="Test0011_Verify_User_Is_Able_To_Login_Into_Application" time="15.723" classname="com.qait.hbp.ereader.tests.General_Checkpoints_Test"/>
  <testcase name="Test0012_Verify_User_Is_Able_To_Navigate_to_CoursePacks_Page" time="8.43" classname="com.qait.hbp.ereader.tests.General_Checkpoints_Test"/>
  <testcase name="Test0013_Verify_User_Is_Able_To_Navigate_to_eReader_Course" time="21.765" classname="com.qait.hbp.ereader.tests.General_Checkpoints_Test"/>
  <testcase name="Test0014_Verify_User_Is_Able_To_Navigate_to_Launch_eReader" time="1.432" classname="com.qait.hbp.ereader.tests.General_Checkpoints_Test"/>
  <testcase name="Test00200_Switch_To_the_eReader_Window" time="368.949" classname="com.qait.hbp.ereader.tests.General_Checkpoints_Test"/>
  <testcase name="Test0021_Verify_Correct_Messaging_Is_Displayed_On_Read_Offline_PopUp" time="0.725" classname="com.qait.hbp.ereader.tests.General_Checkpoints_Test"/>
  <testcase name="Test0022_Click_Not_Now" time="1.545" classname="com.qait.hbp.ereader.tests.General_Checkpoints_Test"/>
  <testcase name="Test003_Verify_User_Lands_On_Page_1_By_Default_Upon_Launching_EPUb" time="1.025" classname="com.qait.hbp.ereader.tests.General_Checkpoints_Test"/>
  <testcase name="Test00410_Verify_User_Is_Able_To_Launch_notes_Pane" time="1.964" classname="com.qait.hbp.ereader.tests.General_Checkpoints_Test"/>
  <testcase name="Test00411_Delete_All_Notes_And_Close_Notes_Pane" time="30.128" classname="com.qait.hbp.ereader.tests.General_Checkpoints_Test"/>
  <testcase name="Test00412_Click_Back_Button_For_Handheld" time="0.42" classname="com.qait.hbp.ereader.tests.General_Checkpoints_Test"/>
  <testcase name="Test0042_Verify_Pop_Up_Appears_When_User_Clicks_On_HarvardBusinessSchool_Logo" time="5.461" classname="com.qait.hbp.ereader.tests.General_Checkpoints_Test"/>
  <testcase name="Test0051_Verify_WebApp_Title_Is_Publication_Title" time="0.056" classname="com.qait.hbp.ereader.tests.General_Checkpoints_Test"/>
  <testcase name="Test0141_Refresh_the_Page" time="29.081" classname="com.qait.hbp.ereader.tests.General_Checkpoints_Test"/>
  <testcase name="Test015_Verify_Settings_Menu_Opens_On_Clicking_Save_Offline_Now_Button" time="80.583" classname="com.qait.hbp.ereader.tests.General_Checkpoints_Test"/>
  <testcase name="Test016_Verify_Second_Read_Offline_Pop_Up_Messaging_Is_Displayed_On_Clicking_Save_Offline_Now_Button" time="0.383" classname="com.qait.hbp.ereader.tests.General_Checkpoints_Test"/>
  <testcase name="Test017_Verify_Correct_Messaging_Is_Displayed_On_Second_Read_Offline_PopUp" time="0.732" classname="com.qait.hbp.ereader.tests.General_Checkpoints_Test"/>
  <testcase name="Test018_Verify_Done_And_Dont_Show_Again_Checkbox_Is_Displayed_On_Second_Read_Offline_PopUp" time="0.891" classname="com.qait.hbp.ereader.tests.General_Checkpoints_Test"/>
  <testcase name="Test019_Verify_Read_Offline_Messaging_Goes_Away_On_Clicking_Done_With_Do_Not_Show_Again_Button" time="3.27" classname="com.qait.hbp.ereader.tests.General_Checkpoints_Test"/>
  <testcase name="Test020_Verify_Make_Available_Offline_Switch_Turns_Green_after_clicking" time="5.448" classname="com.qait.hbp.ereader.tests.General_Checkpoints_Test"/>
  <testcase name="Test0210_Turn_Off_Offline_Mode" time="21.452" classname="com.qait.hbp.ereader.tests.General_Checkpoints_Test"/>
  <testcase name="Test0212_Verify_Read_Offline_PopUP_Does_Not_Appear_After_Refreshing_The_PAge" time="22.9" classname="com.qait.hbp.ereader.tests.General_Checkpoints_Test"/>
  <testcase name="Test022_Verify_Read_Offline_PopUP_Does_Not_Appear_After_Refreshing_The_PAge" time="29.447" classname="com.qait.hbp.ereader.tests.General_Checkpoints_Test"/>
  <testcase name="Test0230_Verify_User_Is_Able_To_Navigate_In_Application" time="12.91" classname="com.qait.hbp.ereader.tests.General_Checkpoints_Test"/>
  <testcase name="Test0231_Click_Back_Button_For_Handheld" time="0.301" classname="com.qait.hbp.ereader.tests.General_Checkpoints_Test"/>
  <testcase name="Test024_Verify_Read_Offline_PopUP_Does_Not_Appear_After_Refreshing_The_PAge" time="30.738" classname="com.qait.hbp.ereader.tests.General_Checkpoints_Test"/>
  <testcase name="Test0250_Verify_User_Is_Able_To_Arrive_At_Home_Page" time="6.262" classname="com.qait.hbp.ereader.tests.General_Checkpoints_Test"/>
  <testcase name="Test0251_Verify_On_Clicking_Annotate_Mode_Icon_Annotate_Mode_Is_Active" time="2.858" classname="com.qait.hbp.ereader.tests.General_Checkpoints_Test"/>
  <testcase name="Test0252_Verify_User_Is_Able_To_Create_Annotation" time="44.145" classname="com.qait.hbp.ereader.tests.General_Checkpoints_Test"/>
  <testcase name="Test026_Verify_Read_Offline_PopUP_Does_Not_Appear_After_Refreshing_The_PAge" time="29.75" classname="com.qait.hbp.ereader.tests.General_Checkpoints_Test"/>
>>>>>>> 745e4fc0f1529382b857c58bba83ed3ab4386143
</testsuite> <!-- eReader -->
