<?xml version="1.0" encoding="UTF-8"?>
<testng-results skipped="8" failed="0" total="8" passed="0">
  <reporter-output>
    <line>
      <![CDATA[[INFO]: Yaml file path is :src/test/resources/testdata/desktop/QA_TestData_TB.yml]]>
    </line>
    <line>
      <![CDATA[[INFO]: The test Browser is FIREFOX !!!]]>
    </line>
  </reporter-output>
  <suite name="Default suite" duration-ms="47501" started-at="2016-09-07T05:15:15Z" finished-at="2016-09-07T05:16:02Z">
    <groups>
      <group name="desktop">
        <method signature="Export_Copy_Delete_Test_Bank_Test.Test0001_Launch_Login_URL()[pri:0, instance:com.qait.hbp.testBuilder.tests.Export_Copy_Delete_Test_Bank_Test@1d251891]" name="Test0001_Launch_Login_URL" class="com.qait.hbp.testBuilder.tests.Export_Copy_Delete_Test_Bank_Test"/>
        <method signature="Export_Copy_Delete_Test_Bank_Test.Test002_Verify_User_Is_Able_To_Login_Into_Application()[pri:0, instance:com.qait.hbp.testBuilder.tests.Export_Copy_Delete_Test_Bank_Test@1d251891]" name="Test002_Verify_User_Is_Able_To_Login_Into_Application" class="com.qait.hbp.testBuilder.tests.Export_Copy_Delete_Test_Bank_Test"/>
        <method signature="Export_Copy_Delete_Test_Bank_Test.Test003_Verify_User_Is_Able_To_Search_The_Product()[pri:0, instance:com.qait.hbp.testBuilder.tests.Export_Copy_Delete_Test_Bank_Test@1d251891]" name="Test003_Verify_User_Is_Able_To_Search_The_Product" class="com.qait.hbp.testBuilder.tests.Export_Copy_Delete_Test_Bank_Test"/>
        <method signature="Export_Copy_Delete_Test_Bank_Test.Test004_Verify_User_Is_Able_To_Navigate_To_Test_Builder_Page()[pri:0, instance:com.qait.hbp.testBuilder.tests.Export_Copy_Delete_Test_Bank_Test@1d251891]" name="Test004_Verify_User_Is_Able_To_Navigate_To_Test_Builder_Page" class="com.qait.hbp.testBuilder.tests.Export_Copy_Delete_Test_Bank_Test"/>
        <method signature="Export_Copy_Delete_Test_Bank_Test.Test005_Navigate_To_My_Test_Tab_And_Verify_Created_Test_Appears()[pri:0, instance:com.qait.hbp.testBuilder.tests.Export_Copy_Delete_Test_Bank_Test@1d251891]" name="Test005_Navigate_To_My_Test_Tab_And_Verify_Created_Test_Appears" class="com.qait.hbp.testBuilder.tests.Export_Copy_Delete_Test_Bank_Test"/>
        <method signature="Export_Copy_Delete_Test_Bank_Test.Test007_Verify_Export_Button_Is_Present_With_Test_Bank()[pri:0, instance:com.qait.hbp.testBuilder.tests.Export_Copy_Delete_Test_Bank_Test@1d251891]" name="Test007_Verify_Export_Button_Is_Present_With_Test_Bank" class="com.qait.hbp.testBuilder.tests.Export_Copy_Delete_Test_Bank_Test"/>
        <method signature="Export_Copy_Delete_Test_Bank_Test.Test008_Copy_A_Test_Bank_And_Verify_If_Copy_Was_Created_Successfully()[pri:0, instance:com.qait.hbp.testBuilder.tests.Export_Copy_Delete_Test_Bank_Test@1d251891]" name="Test008_Copy_A_Test_Bank_And_Verify_If_Copy_Was_Created_Successfully" class="com.qait.hbp.testBuilder.tests.Export_Copy_Delete_Test_Bank_Test"/>
        <method signature="Export_Copy_Delete_Test_Bank_Test.Test009_Delete_The_Copied_TestBank()[pri:0, instance:com.qait.hbp.testBuilder.tests.Export_Copy_Delete_Test_Bank_Test@1d251891]" name="Test009_Delete_The_Copied_TestBank" class="com.qait.hbp.testBuilder.tests.Export_Copy_Delete_Test_Bank_Test"/>
      </group> <!-- desktop -->
      <group name="mobile">
        <method signature="Export_Copy_Delete_Test_Bank_Test.Test0001_Launch_Login_URL()[pri:0, instance:com.qait.hbp.testBuilder.tests.Export_Copy_Delete_Test_Bank_Test@1d251891]" name="Test0001_Launch_Login_URL" class="com.qait.hbp.testBuilder.tests.Export_Copy_Delete_Test_Bank_Test"/>
        <method signature="Export_Copy_Delete_Test_Bank_Test.Test002_Verify_User_Is_Able_To_Login_Into_Application()[pri:0, instance:com.qait.hbp.testBuilder.tests.Export_Copy_Delete_Test_Bank_Test@1d251891]" name="Test002_Verify_User_Is_Able_To_Login_Into_Application" class="com.qait.hbp.testBuilder.tests.Export_Copy_Delete_Test_Bank_Test"/>
        <method signature="Export_Copy_Delete_Test_Bank_Test.Test003_Verify_User_Is_Able_To_Search_The_Product()[pri:0, instance:com.qait.hbp.testBuilder.tests.Export_Copy_Delete_Test_Bank_Test@1d251891]" name="Test003_Verify_User_Is_Able_To_Search_The_Product" class="com.qait.hbp.testBuilder.tests.Export_Copy_Delete_Test_Bank_Test"/>
        <method signature="Export_Copy_Delete_Test_Bank_Test.Test004_Verify_User_Is_Able_To_Navigate_To_Test_Builder_Page()[pri:0, instance:com.qait.hbp.testBuilder.tests.Export_Copy_Delete_Test_Bank_Test@1d251891]" name="Test004_Verify_User_Is_Able_To_Navigate_To_Test_Builder_Page" class="com.qait.hbp.testBuilder.tests.Export_Copy_Delete_Test_Bank_Test"/>
        <method signature="Export_Copy_Delete_Test_Bank_Test.Test005_Navigate_To_My_Test_Tab_And_Verify_Created_Test_Appears()[pri:0, instance:com.qait.hbp.testBuilder.tests.Export_Copy_Delete_Test_Bank_Test@1d251891]" name="Test005_Navigate_To_My_Test_Tab_And_Verify_Created_Test_Appears" class="com.qait.hbp.testBuilder.tests.Export_Copy_Delete_Test_Bank_Test"/>
        <method signature="Export_Copy_Delete_Test_Bank_Test.Test007_Verify_Export_Button_Is_Present_With_Test_Bank()[pri:0, instance:com.qait.hbp.testBuilder.tests.Export_Copy_Delete_Test_Bank_Test@1d251891]" name="Test007_Verify_Export_Button_Is_Present_With_Test_Bank" class="com.qait.hbp.testBuilder.tests.Export_Copy_Delete_Test_Bank_Test"/>
        <method signature="Export_Copy_Delete_Test_Bank_Test.Test008_Copy_A_Test_Bank_And_Verify_If_Copy_Was_Created_Successfully()[pri:0, instance:com.qait.hbp.testBuilder.tests.Export_Copy_Delete_Test_Bank_Test@1d251891]" name="Test008_Copy_A_Test_Bank_And_Verify_If_Copy_Was_Created_Successfully" class="com.qait.hbp.testBuilder.tests.Export_Copy_Delete_Test_Bank_Test"/>
        <method signature="Export_Copy_Delete_Test_Bank_Test.Test009_Delete_The_Copied_TestBank()[pri:0, instance:com.qait.hbp.testBuilder.tests.Export_Copy_Delete_Test_Bank_Test@1d251891]" name="Test009_Delete_The_Copied_TestBank" class="com.qait.hbp.testBuilder.tests.Export_Copy_Delete_Test_Bank_Test"/>
      </group> <!-- mobile -->
    </groups>
    <test name="Default test" duration-ms="47501" started-at="2016-09-07T05:15:15Z" finished-at="2016-09-07T05:16:02Z">
      <class name="com.qait.hbp.testBuilder.tests.Export_Copy_Delete_Test_Bank_Test">
        <test-method status="FAIL" signature="start_test_session(java.lang.String)[pri:0, instance:com.qait.hbp.testBuilder.tests.Export_Copy_Delete_Test_Bank_Test@1d251891]" name="start_test_session" is-config="true" duration-ms="0" started-at="2016-09-07T10:45:15Z" finished-at="2016-09-07T10:45:15Z">
          <params>
            <param index="0">
              <value is-null="true"/>
            </param>
          </params>
          <exception class="org.openqa.selenium.WebDriverException">
            <message>
              <![CDATA[Failed to connect to binary FirefoxBinary(C:\Program Files (x86)\Mozilla Firefox\firefox.exe) on port 7055; process output follows: 
"updateKey":null,"optionsURL":null,"optionsType":null,"aboutURL":null,"icons":{"32":"icon.png","48":"icon.png"},"iconURL":null,"icon64URL":null,"defaultLocale":{"name":"Default","description":"The default theme.","creator":"Mozilla","homepageURL":null,"contributors":["Mozilla Contributors"]},"visible":true,"active":true,"userDisabled":false,"appDisabled":false,"descriptor":"C:\\Program Files (x86)\\Mozilla Firefox\\browser\\extensions\\{972ce4c6-7e08-4474-a285-3208198ce6fd}.xpi","installDate":1472481422594,"updateDate":1472481422594,"applyBackgroundUpdates":1,"skinnable":true,"size":22012,"sourceURI":null,"releaseNotesURI":null,"softDisabled":false,"foreignInstall":false,"hasBinaryComponents":false,"strictCompatibility":true,"locales":[],"targetApplications":[{"id":"{ec8030f7-c20a-464f-9b0e-13a3a9e97384}","minVersion":"47.0.1","maxVersion":"47.0.1"}],"targetPlatforms":[],"seen":true}
1473225318911	addons.xpi	DEBUG	getModTime: Recursive scan of {972ce4c6-7e08-4474-a285-3208198ce6fd}
1473225318912	DeferredSave.extensions.json	DEBUG	Save changes
1473225318912	addons.xpi	DEBUG	Updating database with changes to installed add-ons
1473225318912	addons.xpi-utils	DEBUG	Updating add-on states
1473225318914	addons.xpi-utils	DEBUG	Writing add-ons list
1473225318920	addons.xpi	DEBUG	Registering manifest for C:\Program Files (x86)\Mozilla Firefox\browser\features\e10srollout@mozilla.org.xpi
1473225318921	addons.xpi	DEBUG	Calling bootstrap method startup on e10srollout@mozilla.org version 1.0
1473225318922	addons.xpi	DEBUG	Registering manifest for C:\Program Files (x86)\Mozilla Firefox\browser\features\firefox@getpocket.com.xpi
1473225318923	addons.xpi	DEBUG	Calling bootstrap method startup on firefox@getpocket.com version 1.0.2
1473225318923	addons.xpi	DEBUG	Registering manifest for C:\Program Files (x86)\Mozilla Firefox\browser\features\loop@mozilla.org.xpi
1473225318924	addons.xpi	DEBUG	Calling bootstrap method startup on loop@mozilla.org version 1.3.2
1473225318944	addons.manager	DEBUG	Registering shutdown blocker for XPIProvider
1473225318944	addons.manager	DEBUG	Provider finished startup: XPIProvider
1473225318945	addons.manager	DEBUG	Starting provider: LightweightThemeManager
1473225318945	addons.manager	DEBUG	Registering shutdown blocker for LightweightThemeManager
1473225318945	addons.manager	DEBUG	Provider finished startup: LightweightThemeManager
1473225318946	addons.manager	DEBUG	Starting provider: GMPProvider
1473225318957	addons.manager	DEBUG	Registering shutdown blocker for GMPProvider
1473225318958	addons.manager	DEBUG	Provider finished startup: GMPProvider
1473225318958	addons.manager	DEBUG	Starting provider: PluginProvider
1473225318958	addons.manager	DEBUG	Registering shutdown blocker for PluginProvider
1473225318958	addons.manager	DEBUG	Provider finished startup: PluginProvider
1473225318958	addons.manager	DEBUG	Completed startup sequence
1473225320666	addons.manager	DEBUG	Starting provider: <unnamed-provider>
1473225320666	addons.manager	DEBUG	Registering shutdown blocker for <unnamed-provider>
1473225320667	addons.manager	DEBUG	Provider finished startup: <unnamed-provider>
1473225321386	DeferredSave.extensions.json	DEBUG	Write succeeded
1473225321386	addons.xpi-utils	DEBUG	XPI Database saved, setting schema version preference to 17
1473225321387	DeferredSave.extensions.json	DEBUG	Starting timer
1473225321399	addons.repository	DEBUG	No addons.json found.
1473225321399	DeferredSave.addons.json	DEBUG	Save changes
1473225321403	DeferredSave.addons.json	DEBUG	Starting timer
1473225321566	addons.manager	DEBUG	Starting provider: PreviousExperimentProvider
1473225321567	addons.manager	DEBUG	Registering shutdown blocker for PreviousExperimentProvider
1473225321567	addons.manager	DEBUG	Provider finished startup: PreviousExperimentProvider
1473225321572	DeferredSave.extensions.json	DEBUG	Starting write
1473225321573	DeferredSave.addons.json	DEBUG	Starting write
1473225321613	DeferredSave.extensions.json	DEBUG	Write succeeded
1473225321661	DeferredSave.addons.json	DEBUG	Write succeeded

Build info: version: '2.52.0', revision: '4c2593cfc3689a7fcd7be52549167e5ccc93ad28', time: '2016-02-11 11:22:43'
System info: host: 'DLLA1414', ip: '10.107.7.46', os.name: 'Windows 8.1', os.arch: 'amd64', os.version: '6.3', java.version: '1.8.0_91'
Driver info: driver.version: FirefoxDriver]]>
            </message>
            <full-stacktrace>
              <![CDATA[org.openqa.selenium.WebDriverException: Failed to connect to binary FirefoxBinary(C:\Program Files (x86)\Mozilla Firefox\firefox.exe) on port 7055; process output follows: 
"updateKey":null,"optionsURL":null,"optionsType":null,"aboutURL":null,"icons":{"32":"icon.png","48":"icon.png"},"iconURL":null,"icon64URL":null,"defaultLocale":{"name":"Default","description":"The default theme.","creator":"Mozilla","homepageURL":null,"contributors":["Mozilla Contributors"]},"visible":true,"active":true,"userDisabled":false,"appDisabled":false,"descriptor":"C:\\Program Files (x86)\\Mozilla Firefox\\browser\\extensions\\{972ce4c6-7e08-4474-a285-3208198ce6fd}.xpi","installDate":1472481422594,"updateDate":1472481422594,"applyBackgroundUpdates":1,"skinnable":true,"size":22012,"sourceURI":null,"releaseNotesURI":null,"softDisabled":false,"foreignInstall":false,"hasBinaryComponents":false,"strictCompatibility":true,"locales":[],"targetApplications":[{"id":"{ec8030f7-c20a-464f-9b0e-13a3a9e97384}","minVersion":"47.0.1","maxVersion":"47.0.1"}],"targetPlatforms":[],"seen":true}
1473225318911	addons.xpi	DEBUG	getModTime: Recursive scan of {972ce4c6-7e08-4474-a285-3208198ce6fd}
1473225318912	DeferredSave.extensions.json	DEBUG	Save changes
1473225318912	addons.xpi	DEBUG	Updating database with changes to installed add-ons
1473225318912	addons.xpi-utils	DEBUG	Updating add-on states
1473225318914	addons.xpi-utils	DEBUG	Writing add-ons list
1473225318920	addons.xpi	DEBUG	Registering manifest for C:\Program Files (x86)\Mozilla Firefox\browser\features\e10srollout@mozilla.org.xpi
1473225318921	addons.xpi	DEBUG	Calling bootstrap method startup on e10srollout@mozilla.org version 1.0
1473225318922	addons.xpi	DEBUG	Registering manifest for C:\Program Files (x86)\Mozilla Firefox\browser\features\firefox@getpocket.com.xpi
1473225318923	addons.xpi	DEBUG	Calling bootstrap method startup on firefox@getpocket.com version 1.0.2
1473225318923	addons.xpi	DEBUG	Registering manifest for C:\Program Files (x86)\Mozilla Firefox\browser\features\loop@mozilla.org.xpi
1473225318924	addons.xpi	DEBUG	Calling bootstrap method startup on loop@mozilla.org version 1.3.2
1473225318944	addons.manager	DEBUG	Registering shutdown blocker for XPIProvider
1473225318944	addons.manager	DEBUG	Provider finished startup: XPIProvider
1473225318945	addons.manager	DEBUG	Starting provider: LightweightThemeManager
1473225318945	addons.manager	DEBUG	Registering shutdown blocker for LightweightThemeManager
1473225318945	addons.manager	DEBUG	Provider finished startup: LightweightThemeManager
1473225318946	addons.manager	DEBUG	Starting provider: GMPProvider
1473225318957	addons.manager	DEBUG	Registering shutdown blocker for GMPProvider
1473225318958	addons.manager	DEBUG	Provider finished startup: GMPProvider
1473225318958	addons.manager	DEBUG	Starting provider: PluginProvider
1473225318958	addons.manager	DEBUG	Registering shutdown blocker for PluginProvider
1473225318958	addons.manager	DEBUG	Provider finished startup: PluginProvider
1473225318958	addons.manager	DEBUG	Completed startup sequence
1473225320666	addons.manager	DEBUG	Starting provider: <unnamed-provider>
1473225320666	addons.manager	DEBUG	Registering shutdown blocker for <unnamed-provider>
1473225320667	addons.manager	DEBUG	Provider finished startup: <unnamed-provider>
1473225321386	DeferredSave.extensions.json	DEBUG	Write succeeded
1473225321386	addons.xpi-utils	DEBUG	XPI Database saved, setting schema version preference to 17
1473225321387	DeferredSave.extensions.json	DEBUG	Starting timer
1473225321399	addons.repository	DEBUG	No addons.json found.
1473225321399	DeferredSave.addons.json	DEBUG	Save changes
1473225321403	DeferredSave.addons.json	DEBUG	Starting timer
1473225321566	addons.manager	DEBUG	Starting provider: PreviousExperimentProvider
1473225321567	addons.manager	DEBUG	Registering shutdown blocker for PreviousExperimentProvider
1473225321567	addons.manager	DEBUG	Provider finished startup: PreviousExperimentProvider
1473225321572	DeferredSave.extensions.json	DEBUG	Starting write
1473225321573	DeferredSave.addons.json	DEBUG	Starting write
1473225321613	DeferredSave.extensions.json	DEBUG	Write succeeded
1473225321661	DeferredSave.addons.json	DEBUG	Write succeeded

Build info: version: '2.52.0', revision: '4c2593cfc3689a7fcd7be52549167e5ccc93ad28', time: '2016-02-11 11:22:43'
System info: host: 'DLLA1414', ip: '10.107.7.46', os.name: 'Windows 8.1', os.arch: 'amd64', os.version: '6.3', java.version: '1.8.0_91'
Driver info: driver.version: FirefoxDriver
	at org.openqa.selenium.firefox.internal.NewProfileExtensionConnection.start(NewProfileExtensionConnection.java:125)
	at org.openqa.selenium.firefox.FirefoxDriver.startClient(FirefoxDriver.java:271)
	at org.openqa.selenium.remote.RemoteWebDriver.<init>(RemoteWebDriver.java:119)
	at org.openqa.selenium.firefox.FirefoxDriver.<init>(FirefoxDriver.java:216)
	at org.openqa.selenium.firefox.FirefoxDriver.<init>(FirefoxDriver.java:211)
	at org.openqa.selenium.firefox.FirefoxDriver.<init>(FirefoxDriver.java:207)
	at org.openqa.selenium.firefox.FirefoxDriver.<init>(FirefoxDriver.java:124)
	at com.qait.hbp.automation.WebDriverFactory.getFirefoxDriver(WebDriverFactory.java:156)
	at com.qait.hbp.automation.WebDriverFactory.getDriver(WebDriverFactory.java:57)
	at com.qait.hbp.automation.TestSessionInitiator._configureBrowser(TestSessionInitiator.java:107)
	at com.qait.hbp.automation.TestSessionInitiator.testInitiator(TestSessionInitiator.java:101)
	at com.qait.hbp.automation.TestSessionInitiator.<init>(TestSessionInitiator.java:94)
	at com.qait.hbp.testBuilder.tests.Export_Copy_Delete_Test_Bank_Test.start_test_session(Export_Copy_Delete_Test_Bank_Test.java:24)
	at sun.reflect.NativeMethodAccessorImpl.invoke0(Native Method)
	at sun.reflect.NativeMethodAccessorImpl.invoke(Unknown Source)
	at sun.reflect.DelegatingMethodAccessorImpl.invoke(Unknown Source)
	at java.lang.reflect.Method.invoke(Unknown Source)
	at org.testng.internal.MethodInvocationHelper.invokeMethod(MethodInvocationHelper.java:84)
	at org.testng.internal.Invoker.invokeConfigurationMethod(Invoker.java:564)
	at org.testng.internal.Invoker.invokeConfigurations(Invoker.java:213)
	at org.testng.internal.Invoker.invokeConfigurations(Invoker.java:138)
	at org.testng.internal.TestMethodWorker.invokeBeforeClassMethods(TestMethodWorker.java:175)
	at org.testng.internal.TestMethodWorker.run(TestMethodWorker.java:107)
	at org.testng.TestRunner.privateRun(TestRunner.java:767)
	at org.testng.TestRunner.run(TestRunner.java:617)
	at org.testng.SuiteRunner.runTest(SuiteRunner.java:334)
	at org.testng.SuiteRunner.runSequentially(SuiteRunner.java:329)
	at org.testng.SuiteRunner.privateRun(SuiteRunner.java:291)
	at org.testng.SuiteRunner.run(SuiteRunner.java:240)
	at org.testng.SuiteRunnerWorker.runSuite(SuiteRunnerWorker.java:52)
	at org.testng.SuiteRunnerWorker.run(SuiteRunnerWorker.java:86)
	at org.testng.TestNG.runSuitesSequentially(TestNG.java:1224)
	at org.testng.TestNG.runSuitesLocally(TestNG.java:1149)
	at org.testng.TestNG.run(TestNG.java:1057)
	at org.testng.remote.RemoteTestNG.run(RemoteTestNG.java:111)
	at org.testng.remote.RemoteTestNG.initAndRun(RemoteTestNG.java:204)
	at org.testng.remote.RemoteTestNG.main(RemoteTestNG.java:175)
Caused by: org.openqa.selenium.firefox.NotConnectedException: Unable to connect to host 127.0.0.1 on port 7055 after 45000 ms. Firefox console output:
"updateKey":null,"optionsURL":null,"optionsType":null,"aboutURL":null,"icons":{"32":"icon.png","48":"icon.png"},"iconURL":null,"icon64URL":null,"defaultLocale":{"name":"Default","description":"The default theme.","creator":"Mozilla","homepageURL":null,"contributors":["Mozilla Contributors"]},"visible":true,"active":true,"userDisabled":false,"appDisabled":false,"descriptor":"C:\\Program Files (x86)\\Mozilla Firefox\\browser\\extensions\\{972ce4c6-7e08-4474-a285-3208198ce6fd}.xpi","installDate":1472481422594,"updateDate":1472481422594,"applyBackgroundUpdates":1,"skinnable":true,"size":22012,"sourceURI":null,"releaseNotesURI":null,"softDisabled":false,"foreignInstall":false,"hasBinaryComponents":false,"strictCompatibility":true,"locales":[],"targetApplications":[{"id":"{ec8030f7-c20a-464f-9b0e-13a3a9e97384}","minVersion":"47.0.1","maxVersion":"47.0.1"}],"targetPlatforms":[],"seen":true}
1473225318911	addons.xpi	DEBUG	getModTime: Recursive scan of {972ce4c6-7e08-4474-a285-3208198ce6fd}
1473225318912	DeferredSave.extensions.json	DEBUG	Save changes
1473225318912	addons.xpi	DEBUG	Updating database with changes to installed add-ons
1473225318912	addons.xpi-utils	DEBUG	Updating add-on states
1473225318914	addons.xpi-utils	DEBUG	Writing add-ons list
1473225318920	addons.xpi	DEBUG	Registering manifest for C:\Program Files (x86)\Mozilla Firefox\browser\features\e10srollout@mozilla.org.xpi
1473225318921	addons.xpi	DEBUG	Calling bootstrap method startup on e10srollout@mozilla.org version 1.0
1473225318922	addons.xpi	DEBUG	Registering manifest for C:\Program Files (x86)\Mozilla Firefox\browser\features\firefox@getpocket.com.xpi
1473225318923	addons.xpi	DEBUG	Calling bootstrap method startup on firefox@getpocket.com version 1.0.2
1473225318923	addons.xpi	DEBUG	Registering manifest for C:\Program Files (x86)\Mozilla Firefox\browser\features\loop@mozilla.org.xpi
1473225318924	addons.xpi	DEBUG	Calling bootstrap method startup on loop@mozilla.org version 1.3.2
1473225318944	addons.manager	DEBUG	Registering shutdown blocker for XPIProvider
1473225318944	addons.manager	DEBUG	Provider finished startup: XPIProvider
1473225318945	addons.manager	DEBUG	Starting provider: LightweightThemeManager
1473225318945	addons.manager	DEBUG	Registering shutdown blocker for LightweightThemeManager
1473225318945	addons.manager	DEBUG	Provider finished startup: LightweightThemeManager
1473225318946	addons.manager	DEBUG	Starting provider: GMPProvider
1473225318957	addons.manager	DEBUG	Registering shutdown blocker for GMPProvider
1473225318958	addons.manager	DEBUG	Provider finished startup: GMPProvider
1473225318958	addons.manager	DEBUG	Starting provider: PluginProvider
1473225318958	addons.manager	DEBUG	Registering shutdown blocker for PluginProvider
1473225318958	addons.manager	DEBUG	Provider finished startup: PluginProvider
1473225318958	addons.manager	DEBUG	Completed startup sequence
1473225320666	addons.manager	DEBUG	Starting provider: <unnamed-provider>
1473225320666	addons.manager	DEBUG	Registering shutdown blocker for <unnamed-provider>
1473225320667	addons.manager	DEBUG	Provider finished startup: <unnamed-provider>
1473225321386	DeferredSave.extensions.json	DEBUG	Write succeeded
1473225321386	addons.xpi-utils	DEBUG	XPI Database saved, setting schema version preference to 17
1473225321387	DeferredSave.extensions.json	DEBUG	Starting timer
1473225321399	addons.repository	DEBUG	No addons.json found.
1473225321399	DeferredSave.addons.json	DEBUG	Save changes
1473225321403	DeferredSave.addons.json	DEBUG	Starting timer
1473225321566	addons.manager	DEBUG	Starting provider: PreviousExperimentProvider
1473225321567	addons.manager	DEBUG	Registering shutdown blocker for PreviousExperimentProvider
1473225321567	addons.manager	DEBUG	Provider finished startup: PreviousExperimentProvider
1473225321572	DeferredSave.extensions.json	DEBUG	Starting write
1473225321573	DeferredSave.addons.json	DEBUG	Starting write
1473225321613	DeferredSave.extensions.json	DEBUG	Write succeeded
1473225321661	DeferredSave.addons.json	DEBUG	Write succeeded

	at org.openqa.selenium.firefox.internal.NewProfileExtensionConnection.start(NewProfileExtensionConnection.java:113)
	... 36 more
]]>
            </full-stacktrace>
          </exception> <!-- org.openqa.selenium.WebDriverException -->
          <reporter-output>
            <line>
              <![CDATA[[INFO]: Yaml file path is :src/test/resources/testdata/desktop/QA_TestData_TB.yml]]>
            </line>
            <line>
              <![CDATA[[INFO]: The test Browser is FIREFOX !!!]]>
            </line>
          </reporter-output>
        </test-method> <!-- start_test_session -->
        <test-method status="SKIP" signature="Test0001_Launch_Login_URL()[pri:0, instance:com.qait.hbp.testBuilder.tests.Export_Copy_Delete_Test_Bank_Test@1d251891]" name="Test0001_Launch_Login_URL" duration-ms="1" started-at="2016-09-07T10:46:02Z" finished-at="2016-09-07T10:46:02Z">
          <reporter-output>
          </reporter-output>
        </test-method> <!-- Test0001_Launch_Login_URL -->
        <test-method status="SKIP" signature="Test002_Verify_User_Is_Able_To_Login_Into_Application()[pri:0, instance:com.qait.hbp.testBuilder.tests.Export_Copy_Delete_Test_Bank_Test@1d251891]" name="Test002_Verify_User_Is_Able_To_Login_Into_Application" duration-ms="1" started-at="2016-09-07T10:46:02Z" finished-at="2016-09-07T10:46:02Z">
          <reporter-output>
          </reporter-output>
        </test-method> <!-- Test002_Verify_User_Is_Able_To_Login_Into_Application -->
        <test-method status="SKIP" signature="Test003_Verify_User_Is_Able_To_Search_The_Product()[pri:0, instance:com.qait.hbp.testBuilder.tests.Export_Copy_Delete_Test_Bank_Test@1d251891]" name="Test003_Verify_User_Is_Able_To_Search_The_Product" duration-ms="1" started-at="2016-09-07T10:46:02Z" finished-at="2016-09-07T10:46:02Z">
          <reporter-output>
          </reporter-output>
        </test-method> <!-- Test003_Verify_User_Is_Able_To_Search_The_Product -->
        <test-method status="SKIP" signature="Test004_Verify_User_Is_Able_To_Navigate_To_Test_Builder_Page()[pri:0, instance:com.qait.hbp.testBuilder.tests.Export_Copy_Delete_Test_Bank_Test@1d251891]" name="Test004_Verify_User_Is_Able_To_Navigate_To_Test_Builder_Page" duration-ms="0" started-at="2016-09-07T10:46:02Z" finished-at="2016-09-07T10:46:02Z">
          <reporter-output>
          </reporter-output>
        </test-method> <!-- Test004_Verify_User_Is_Able_To_Navigate_To_Test_Builder_Page -->
        <test-method status="SKIP" signature="Test005_Navigate_To_My_Test_Tab_And_Verify_Created_Test_Appears()[pri:0, instance:com.qait.hbp.testBuilder.tests.Export_Copy_Delete_Test_Bank_Test@1d251891]" name="Test005_Navigate_To_My_Test_Tab_And_Verify_Created_Test_Appears" duration-ms="0" started-at="2016-09-07T10:46:02Z" finished-at="2016-09-07T10:46:02Z">
          <reporter-output>
          </reporter-output>
        </test-method> <!-- Test005_Navigate_To_My_Test_Tab_And_Verify_Created_Test_Appears -->
        <test-method status="SKIP" signature="Test007_Verify_Export_Button_Is_Present_With_Test_Bank()[pri:0, instance:com.qait.hbp.testBuilder.tests.Export_Copy_Delete_Test_Bank_Test@1d251891]" name="Test007_Verify_Export_Button_Is_Present_With_Test_Bank" duration-ms="0" started-at="2016-09-07T10:46:02Z" finished-at="2016-09-07T10:46:02Z">
          <reporter-output>
          </reporter-output>
        </test-method> <!-- Test007_Verify_Export_Button_Is_Present_With_Test_Bank -->
        <test-method status="SKIP" signature="Test008_Copy_A_Test_Bank_And_Verify_If_Copy_Was_Created_Successfully()[pri:0, instance:com.qait.hbp.testBuilder.tests.Export_Copy_Delete_Test_Bank_Test@1d251891]" name="Test008_Copy_A_Test_Bank_And_Verify_If_Copy_Was_Created_Successfully" duration-ms="4" started-at="2016-09-07T10:46:02Z" finished-at="2016-09-07T10:46:02Z">
          <reporter-output>
          </reporter-output>
        </test-method> <!-- Test008_Copy_A_Test_Bank_And_Verify_If_Copy_Was_Created_Successfully -->
        <test-method status="SKIP" signature="Test009_Delete_The_Copied_TestBank()[pri:0, instance:com.qait.hbp.testBuilder.tests.Export_Copy_Delete_Test_Bank_Test@1d251891]" name="Test009_Delete_The_Copied_TestBank" duration-ms="0" started-at="2016-09-07T10:46:02Z" finished-at="2016-09-07T10:46:02Z">
          <reporter-output>
          </reporter-output>
        </test-method> <!-- Test009_Delete_The_Copied_TestBank -->
      </class> <!-- com.qait.hbp.testBuilder.tests.Export_Copy_Delete_Test_Bank_Test -->
    </test> <!-- Default test -->
  </suite> <!-- Default suite -->
</testng-results>
