<?xml version="1.0" encoding="UTF-8"?>
<!-- Generated by org.testng.reporters.JUnitReportReporter -->
<<<<<<< HEAD
<testsuite hostname="DLLA1462" name="com.qait.hbp.ereader.tests.Settings_Test" tests="50" failures="1" timestamp="29 Jul 2016 10:16:47 GMT" time="1397.033" errors="4">
  <testcase name="Test0060_Verify_User_Is_Able_To_Switch_Off_Annotate_Mode" time="3.065" classname="com.qait.hbp.ereader.tests.Settings_Test"/>
  <testcase name="Test016_Verify_Feedback_Option_Is_Expandable" time="1.842" classname="com.qait.hbp.ereader.tests.Settings_Test"/>
  <testcase name="Test033_Verify_Make_Available_Offline_Option_Is_Displayed" time="2.008" classname="com.qait.hbp.ereader.tests.Settings_Test"/>
  <testcase name="Test0351_Verify_Changes_Are_Retained_Before_Turning_off_Network_Connection" time="25.433" classname="com.qait.hbp.ereader.tests.Settings_Test">
    <failure type="org.openqa.selenium.WebDriverException" message="unknown error: Element is not clickable at point (-86, 475)
  (Session info: chrome=51.0.2704.81)
  (Driver info: chromedriver=2.18.343845 (73dd713ba7fbfb73cbb514e62641d8c96a94682a),platform=Windows NT 6.3 x86_64) (WARNING: The server did not provide any stacktrace information)
Command duration or timeout: 218 milliseconds
Build info: version: &#039;2.52.0&#039;, revision: &#039;4c2593cfc3689a7fcd7be52549167e5ccc93ad28&#039;, time: &#039;2016-02-11 11:22:43&#039;
System info: host: &#039;DLLA1462&#039;, ip: &#039;10.0.13.14&#039;, os.name: &#039;Windows 8.1&#039;, os.arch: &#039;amd64&#039;, os.version: &#039;6.3&#039;, java.version: &#039;1.8.0_73&#039;
=======
<<<<<<< HEAD
<testsuite hostname="DLLA1458" name="com.qait.hbp.ereader.tests.Settings_Test" tests="48" failures="0" timestamp="29 Jul 2016 10:38:24 GMT" time="1074.918" errors="0">
  <testcase name="Test00301_Verify_On_Clicking_Annotate_Mode_Icon_Annotate_Mode_Is_Active" time="2.570" classname="com.qait.hbp.ereader.tests.Settings_Test"/>
  <testcase name="Test011_Get_Last_Word_Of_The_Document" time="1.104" classname="com.qait.hbp.ereader.tests.Settings_Test"/>
  <testcase name="Test0060_Verify_User_Is_Able_To_Switch_Off_Annotate_Mode" time="2.770" classname="com.qait.hbp.ereader.tests.Settings_Test"/>
  <testcase name="Test028_Click_Back_Button_For_Handheld" time="4.148" classname="com.qait.hbp.ereader.tests.Settings_Test"/>
  <testcase name="Test016_Verify_Feedback_Option_Is_Expandable" time="1.324" classname="com.qait.hbp.ereader.tests.Settings_Test"/>
  <testcase name="Test0013_Verify_User_Is_Able_To_Navigate_to_eReader_Course" time="7.517" classname="com.qait.hbp.ereader.tests.Settings_Test"/>
  <testcase name="Test0242_Navigate_Back_To_First_Page" time="160.733" classname="com.qait.hbp.ereader.tests.Settings_Test"/>
  <testcase name="Test0010_Launch_Login_URL" time="7.808" classname="com.qait.hbp.ereader.tests.Settings_Test"/>
  <testcase name="Test0271_Navigate_Back_To_First_Page" time="17.371" classname="com.qait.hbp.ereader.tests.Settings_Test"/>
  <testcase name="Test007_Verify_User_Is_Able_To_Enter_Text_In_Search_Notes_Field" time="3.030" classname="com.qait.hbp.ereader.tests.Settings_Test"/>
  <testcase name="Test014_Verify_Settings_Menu_Opens_On_Clicking_Settings_Icon" time="1.734" classname="com.qait.hbp.ereader.tests.Settings_Test"/>
  <testcase name="Test0251_Verify_User_Can_Turn_On_Color_Blindness_Assistance_Option" time="34.185" classname="com.qait.hbp.ereader.tests.Settings_Test"/>
  <testcase name="Test0274_Verify_Filter_Icon_Shape_Changes" time="5.597" classname="com.qait.hbp.ereader.tests.Settings_Test"/>
  <testcase name="Test013_Navigate_Back_To_First_Page" time="6.354" classname="com.qait.hbp.ereader.tests.Settings_Test"/>
  <testcase name="Test0241_Verify_User_Is_Able_To_Switch_Off_Annotate_Mode" time="3.049" classname="com.qait.hbp.ereader.tests.Settings_Test"/>
  <testcase name="Test030_Verify_Filter_Icons_Shape_Change" time="18.349" classname="com.qait.hbp.ereader.tests.Settings_Test"/>
  <testcase name="Test009_Verify_User_Is_Able_To_Add_Note_By_Clicking_On_NotePad_Icon" time="27.883" classname="com.qait.hbp.ereader.tests.Settings_Test"/>
  <testcase name="Test0340_Verify_Correct_Alert_Messaging_Is_Displayed_On_Turning_On_Offline_Mode" time="2.535" classname="com.qait.hbp.ereader.tests.Settings_Test"/>
  <testcase name="Test005_Verify_User_Is_Able_To_Highlight_Paragraph" time="1.672" classname="com.qait.hbp.ereader.tests.Settings_Test"/>
  <testcase name="Test0240_Verify_User_Is_Able_To_Highlight_Paragraph" time="2.431" classname="com.qait.hbp.ereader.tests.Settings_Test"/>
  <testcase name="Test00211_Click_Not_Now" time="0.982" classname="com.qait.hbp.ereader.tests.Settings_Test"/>
  <testcase name="Test0211_Verify_That_On_Increasing_Font_Content_Is_Intact" time="23.896" classname="com.qait.hbp.ereader.tests.Settings_Test"/>
  <testcase name="Test00312_Click_Back_Button_For_Handheld" time="4.687" classname="com.qait.hbp.ereader.tests.Settings_Test"/>
  <testcase name="Test004_Verify_User_Is_Able_To_Select_Paragraph" time="19.888" classname="com.qait.hbp.ereader.tests.Settings_Test"/>
  <testcase name="Test008_Verify_User_Is_Able_To_Add_Notes_To_Notes_Card_Using_Notepad_Icon" time="1.301" classname="com.qait.hbp.ereader.tests.Settings_Test"/>
  <testcase name="Test033_Verify_Make_Available_Offline_Option_Is_Displayed" time="2.475" classname="com.qait.hbp.ereader.tests.Settings_Test"/>
  <testcase name="Test0342_Verify_Offline_Setup_Complete_Messaging" time="51.398" classname="com.qait.hbp.ereader.tests.Settings_Test"/>
  <testcase name="Test0011_Verify_User_Is_Able_To_Login_Into_Application" time="15.097" classname="com.qait.hbp.ereader.tests.Settings_Test"/>
  <testcase name="Test023_Verify_User_Is_Able_To_Select_Paragraph" time="386.341" classname="com.qait.hbp.ereader.tests.Settings_Test"/>
  <testcase name="Test015_Verify_Color_Blindness_Assistance_Option_Is_Displayed" time="0.656" classname="com.qait.hbp.ereader.tests.Settings_Test"/>
  <testcase name="Test0012_Verify_User_Is_Able_To_Navigate_to_CoursePacks_Page" time="7.413" classname="com.qait.hbp.ereader.tests.Settings_Test"/>
  <testcase name="Test0020_Switch_To_the_eReader_Window" time="57.954" classname="com.qait.hbp.ereader.tests.Settings_Test"/>
  <testcase name="Test018_Verify_Correct_Text_On_Hbp_Reader_Modal_window" time="1.167" classname="com.qait.hbp.ereader.tests.Settings_Test"/>
  <testcase name="Test0341_Verify_Alert_Messaging_Label_Turns_Red_On_Clicking_Done_Button_Without_Selecting_Checkbox" time="1.409" classname="com.qait.hbp.ereader.tests.Settings_Test"/>
  <testcase name="Test029_Verify_On_Clicking_Annotate_Mode_Icon_Annotate_Mode_Is_Active" time="1.851" classname="com.qait.hbp.ereader.tests.Settings_Test"/>
  <testcase name="Test00310_Delete_all_Notes_From_eReader" time="6.638" classname="com.qait.hbp.ereader.tests.Settings_Test"/>
  <testcase name="Test020_Verify_Text_Font" time="13.184" classname="com.qait.hbp.ereader.tests.Settings_Test"/>
  <testcase name="Test019_Click_Back_Button_For_Handheld" time="4.086" classname="com.qait.hbp.ereader.tests.Settings_Test"/>
  <testcase name="Test010_Click_Back_Button_For_Handheld" time="4.501" classname="com.qait.hbp.ereader.tests.Settings_Test"/>
  <testcase name="Test0022_Verify_Refresh_Sync_Icon_Spins_On_Clicking_It" time="122.062" classname="com.qait.hbp.ereader.tests.Settings_Test"/>
  <testcase name="Test0272_Verify_Existing_Highlights_Shape_Changes" time="0.969" classname="com.qait.hbp.ereader.tests.Settings_Test"/>
  <testcase name="Test0320_Verify_Legal_Link_Is_Functional" time="15.033" classname="com.qait.hbp.ereader.tests.Settings_Test"/>
  <testcase name="Test0321_Click_Back_Button_For_Handheld" time="4.894" classname="com.qait.hbp.ereader.tests.Settings_Test"/>
  <testcase name="Test0061_Verify_On_Clicking_Annotation_Notes_Pane_Is_Displayed" time="3.416" classname="com.qait.hbp.ereader.tests.Settings_Test"/>
  <testcase name="Test026_Click_Back_Button_For_Handheld" time="4.029" classname="com.qait.hbp.ereader.tests.Settings_Test"/>
  <testcase name="Test031_Verify_Print_Buttons_Are_Displayed" time="5.043" classname="com.qait.hbp.ereader.tests.Settings_Test"/>
  <testcase name="Test0014_Verify_User_Is_Able_To_Navigate_to_Launch_eReader" time="1.448" classname="com.qait.hbp.ereader.tests.Settings_Test"/>
  <testcase name="Test017_Verify_Modal_Window_Appears_On_Clicking_Hbp_Reader" time="0.936" classname="com.qait.hbp.ereader.tests.Settings_Test"/>
=======
<<<<<<< HEAD
<testsuite hostname="asda0064" name="com.qait.hbp.ereader.tests.Settings_Test" tests="42" failures="0" timestamp="27 Jul 2016 09:02:55 GMT" time="549.610" errors="5">
  <testcase name="Test0014_Verify_User_Is_Able_To_Navigate_to_Launch_eReader" time="0.156" classname="com.qait.hbp.ereader.tests.Settings_Test"/>
  <testcase name="Test013_Navigate_Back_To_First_Page" time="2.117" classname="com.qait.hbp.ereader.tests.Settings_Test"/>
  <testcase name="Test018_Verify_Correct_Text_On_Hbp_Reader_Modal_window" time="0.234" classname="com.qait.hbp.ereader.tests.Settings_Test"/>
  <testcase name="Test009_Verify_User_Is_Able_To_Add_Note_By_Clicking_On_NotePad_Icon" time="2.518" classname="com.qait.hbp.ereader.tests.Settings_Test">
    <error type="java.lang.AssertionError" message="[ASSERT FAILED]: User is  not able to add Note by clicking on notepad icon expected [true] but found [false]">
      <![CDATA[java.lang.AssertionError: [ASSERT FAILED]: User is  not able to add Note by clicking on notepad icon expected [true] but found [false]
	at org.testng.Assert.fail(Assert.java:94)
	at org.testng.Assert.failNotEquals(Assert.java:494)
	at org.testng.Assert.assertTrue(Assert.java:42)
	at com.qait.hbp.ereader.keywords.AnnotationHighlightActions.is_User_Able_To_Add_Note_By_Clicking_On_Notepad_Icon(AnnotationHighlightActions.java:1039)
	at com.qait.hbp.ereader.tests.Settings_Test.Test009_Verify_User_Is_Able_To_Add_Note_By_Clicking_On_NotePad_Icon(Settings_Test.java:165)
	at sun.reflect.NativeMethodAccessorImpl.invoke0(Native Method)
	at sun.reflect.NativeMethodAccessorImpl.invoke(NativeMethodAccessorImpl.java:62)
	at sun.reflect.DelegatingMethodAccessorImpl.invoke(DelegatingMethodAccessorImpl.java:43)
	at java.lang.reflect.Method.invoke(Method.java:498)
	at org.testng.internal.MethodInvocationHelper.invokeMethod(MethodInvocationHelper.java:84)
	at org.testng.internal.Invoker.invokeMethod(Invoker.java:714)
	at org.testng.internal.Invoker.invokeTestMethod(Invoker.java:901)
	at org.testng.internal.Invoker.invokeTestMethods(Invoker.java:1231)
	at org.testng.internal.TestMethodWorker.invokeTestMethods(TestMethodWorker.java:127)
	at org.testng.internal.TestMethodWorker.run(TestMethodWorker.java:111)
	at java.util.concurrent.ThreadPoolExecutor.runWorker(ThreadPoolExecutor.java:1142)
	at java.util.concurrent.ThreadPoolExecutor$Worker.run(ThreadPoolExecutor.java:617)
	at java.lang.Thread.run(Thread.java:745)
]]>
    </error>
=======
<<<<<<< HEAD
<testsuite hostname="DLLA1462" name="com.qait.hbp.ereader.tests.Settings_Test" tests="14" failures="0" timestamp="25 Jul 2016 10:49:58 GMT" time="307.145" errors="0">
  <testcase name="Test0320_Verify_Legal_Link_Is_Functional" time="15.973" classname="com.qait.hbp.ereader.tests.Settings_Test"/>
  <testcase name="Test0013_Verify_User_Is_Able_To_Navigate_to_eReader_Course" time="10.698" classname="com.qait.hbp.ereader.tests.Settings_Test"/>
  <testcase name="Test0010_Launch_Login_URL" time="13.507" classname="com.qait.hbp.ereader.tests.Settings_Test"/>
  <testcase name="Test0340_Verify_Correct_Alert_Messaging_Is_Displayed_On_Turning_On_Offline_Mode" time="1.615" classname="com.qait.hbp.ereader.tests.Settings_Test"/>
  <testcase name="Test0342_Verify_Offline_Setup_Complete_Messaging" time="30.786" classname="com.qait.hbp.ereader.tests.Settings_Test"/>
  <testcase name="Test0011_Verify_User_Is_Able_To_Login_Into_Application" time="17.609" classname="com.qait.hbp.ereader.tests.Settings_Test"/>
  <testcase name="Test0012_Verify_User_Is_Able_To_Navigate_to_CoursePacks_Page" time="6.276" classname="com.qait.hbp.ereader.tests.Settings_Test"/>
  <testcase name="Test0020_Switch_To_the_eReader_Window" time="197.752" classname="com.qait.hbp.ereader.tests.Settings_Test"/>
  <testcase name="Test0321_Click_Back_Button_For_Handheld" time="3.450" classname="com.qait.hbp.ereader.tests.Settings_Test"/>
  <testcase name="Test033_Verify_Make_Available_Offline_Option_Is_Displayed" time="1.945" classname="com.qait.hbp.ereader.tests.Settings_Test"/>
  <testcase name="Test031_Verify_Print_Buttons_Are_Displayed" time="4.507" classname="com.qait.hbp.ereader.tests.Settings_Test"/>
  <testcase name="Test00211_Click_Not_Now" time="0.883" classname="com.qait.hbp.ereader.tests.Settings_Test"/>
  <testcase name="Test0341_Verify_Alert_Messaging_Label_Turns_Red_On_Clicking_Done_Button_Without_Selecting_Checkbox" time="0.632" classname="com.qait.hbp.ereader.tests.Settings_Test"/>
  <testcase name="Test0014_Verify_User_Is_Able_To_Navigate_to_Launch_eReader" time="1.512" classname="com.qait.hbp.ereader.tests.Settings_Test"/>
=======
<testsuite hostname="DLLA1458" name="com.qait.hbp.ereader.tests.Settings_Test" tests="47" failures="47" timestamp="22 Jul 2016 08:35:15 GMT" time="0.217" errors="0">
  <testcase name="Test004_Verify_User_Is_Able_To_Select_Paragraph" time="0.006" classname="com.qait.hbp.ereader.tests.Settings_Test">
    <failure type="org.openqa.selenium.SessionNotCreatedException" message="A new session could not be created. (Original error: Command failed: C:\Windows\system32\cmd.exe /s /c &quot;C:\Users\garimabhanot\AppData\Local\Android\sdk\platform-tools\adb.exe -s 094c9e7f install &quot;C:\Program Files (x86)\Appium\node_modules\appium\build\unlock_apk\unlock_apk-debug.apk&quot;&quot;
- waiting for device -
) (WARNING: The server did not provide any stacktrace information)
Command duration or timeout: 7.59 seconds
Build info: version: &#039;2.52.0&#039;, revision: &#039;4c2593cfc3689a7fcd7be52549167e5ccc93ad28&#039;, time: &#039;2016-02-11 11:22:43&#039;
System info: host: &#039;DLLA1458&#039;, ip: &#039;10.0.22.184&#039;, os.name: &#039;Windows 8.1&#039;, os.arch: &#039;amd64&#039;, os.version: &#039;6.3&#039;, java.version: &#039;1.8.0_91&#039;
Driver info: io.appium.java_client.android.AndroidDriver">
      <![CDATA[org.openqa.selenium.SessionNotCreatedException: A new session could not be created. (Original error: Command failed: C:\Windows\system32\cmd.exe /s /c "C:\Users\garimabhanot\AppData\Local\Android\sdk\platform-tools\adb.exe -s 094c9e7f install "C:\Program Files (x86)\Appium\node_modules\appium\build\unlock_apk\unlock_apk-debug.apk""
- waiting for device -
) (WARNING: The server did not provide any stacktrace information)
Command duration or timeout: 7.59 seconds
Build info: version: '2.52.0', revision: '4c2593cfc3689a7fcd7be52549167e5ccc93ad28', time: '2016-02-11 11:22:43'
System info: host: 'DLLA1458', ip: '10.0.22.184', os.name: 'Windows 8.1', os.arch: 'amd64', os.version: '6.3', java.version: '1.8.0_91'
Driver info: io.appium.java_client.android.AndroidDriver
	at sun.reflect.NativeConstructorAccessorImpl.newInstance0(Native Method)
	at sun.reflect.NativeConstructorAccessorImpl.newInstance(Unknown Source)
	at sun.reflect.DelegatingConstructorAccessorImpl.newInstance(Unknown Source)
	at java.lang.reflect.Constructor.newInstance(Unknown Source)
	at org.openqa.selenium.remote.ErrorHandler.createThrowable(ErrorHandler.java:206)
	at org.openqa.selenium.remote.ErrorHandler.throwIfResponseFailed(ErrorHandler.java:158)
	at org.openqa.selenium.remote.RemoteWebDriver.execute(RemoteWebDriver.java:678)
	at io.appium.java_client.AppiumDriver.execute(AppiumDriver.java:180)
	at org.openqa.selenium.remote.RemoteWebDriver.startSession(RemoteWebDriver.java:249)
	at org.openqa.selenium.remote.RemoteWebDriver.<init>(RemoteWebDriver.java:131)
	at org.openqa.selenium.remote.RemoteWebDriver.<init>(RemoteWebDriver.java:158)
	at io.appium.java_client.AppiumDriver.<init>(AppiumDriver.java:109)
	at io.appium.java_client.android.AndroidDriver.<init>(AndroidDriver.java:39)
	at com.qait.hbp.automation.WebDriverFactory.setMobileDriver(WebDriverFactory.java:182)
	at com.qait.hbp.automation.WebDriverFactory.getDriver(WebDriverFactory.java:70)
	at com.qait.hbp.automation.TestSessionInitiator._configureBrowser(TestSessionInitiator.java:158)
	at com.qait.hbp.automation.TestSessionInitiator.testInitiator(TestSessionInitiator.java:152)
	at com.qait.hbp.automation.TestSessionInitiator.<init>(TestSessionInitiator.java:145)
	at com.qait.hbp.ereader.tests.Settings_Test.start_test_session(Settings_Test.java:32)
	at sun.reflect.NativeMethodAccessorImpl.invoke0(Native Method)
	at sun.reflect.NativeMethodAccessorImpl.invoke(Unknown Source)
	at sun.reflect.DelegatingMethodAccessorImpl.invoke(Unknown Source)
	at java.lang.reflect.Method.invoke(Unknown Source)
	at org.testng.internal.MethodInvocationHelper.invokeMethod(MethodInvocationHelper.java:84)
	at org.testng.internal.Invoker.invokeConfigurationMethod(Invoker.java:564)
	at org.testng.internal.Invoker.invokeConfigurations(Invoker.java:213)
	at org.testng.internal.Invoker.invokeConfigurations(Invoker.java:138)
	at org.testng.internal.TestMethodWorker.invokeBeforeClassMethods(TestMethodWorker.java:175)
	at org.testng.internal.TestMethodWorker.run(TestMethodWorker.java:107)
	at org.testng.TestRunner.privateRun(TestRunner.java:767)
	at org.testng.TestRunner.run(TestRunner.java:617)
	at org.testng.SuiteRunner.runTest(SuiteRunner.java:334)
	at org.testng.SuiteRunner.runSequentially(SuiteRunner.java:329)
	at org.testng.SuiteRunner.privateRun(SuiteRunner.java:291)
	at org.testng.SuiteRunner.run(SuiteRunner.java:240)
	at org.testng.SuiteRunnerWorker.runSuite(SuiteRunnerWorker.java:52)
	at org.testng.SuiteRunnerWorker.run(SuiteRunnerWorker.java:86)
	at org.testng.TestNG.runSuitesSequentially(TestNG.java:1224)
	at org.testng.TestNG.runSuitesLocally(TestNG.java:1149)
	at org.testng.TestNG.run(TestNG.java:1057)
	at org.testng.remote.AbstractRemoteTestNG.run(AbstractRemoteTestNG.java:126)
	at org.testng.remote.RemoteTestNG.initAndRun(RemoteTestNG.java:137)
	at org.testng.remote.RemoteTestNG.main(RemoteTestNG.java:58)
]]>
    </failure>
  </testcase> <!-- Test004_Verify_User_Is_Able_To_Select_Paragraph -->
  <testcase name="Test0012_Verify_User_Is_Able_To_Navigate_to_CoursePacks_Page" time="0.012" classname="com.qait.hbp.ereader.tests.Settings_Test">
    <failure type="org.openqa.selenium.SessionNotCreatedException" message="A new session could not be created. (Original error: Command failed: C:\Windows\system32\cmd.exe /s /c &quot;C:\Users\garimabhanot\AppData\Local\Android\sdk\platform-tools\adb.exe -s 094c9e7f install &quot;C:\Program Files (x86)\Appium\node_modules\appium\build\unlock_apk\unlock_apk-debug.apk&quot;&quot;
- waiting for device -
) (WARNING: The server did not provide any stacktrace information)
Command duration or timeout: 7.59 seconds
Build info: version: &#039;2.52.0&#039;, revision: &#039;4c2593cfc3689a7fcd7be52549167e5ccc93ad28&#039;, time: &#039;2016-02-11 11:22:43&#039;
System info: host: &#039;DLLA1458&#039;, ip: &#039;10.0.22.184&#039;, os.name: &#039;Windows 8.1&#039;, os.arch: &#039;amd64&#039;, os.version: &#039;6.3&#039;, java.version: &#039;1.8.0_91&#039;
Driver info: io.appium.java_client.android.AndroidDriver">
      <![CDATA[org.openqa.selenium.SessionNotCreatedException: A new session could not be created. (Original error: Command failed: C:\Windows\system32\cmd.exe /s /c "C:\Users\garimabhanot\AppData\Local\Android\sdk\platform-tools\adb.exe -s 094c9e7f install "C:\Program Files (x86)\Appium\node_modules\appium\build\unlock_apk\unlock_apk-debug.apk""
- waiting for device -
) (WARNING: The server did not provide any stacktrace information)
Command duration or timeout: 7.59 seconds
Build info: version: '2.52.0', revision: '4c2593cfc3689a7fcd7be52549167e5ccc93ad28', time: '2016-02-11 11:22:43'
System info: host: 'DLLA1458', ip: '10.0.22.184', os.name: 'Windows 8.1', os.arch: 'amd64', os.version: '6.3', java.version: '1.8.0_91'
Driver info: io.appium.java_client.android.AndroidDriver
	at sun.reflect.NativeConstructorAccessorImpl.newInstance0(Native Method)
	at sun.reflect.NativeConstructorAccessorImpl.newInstance(Unknown Source)
	at sun.reflect.DelegatingConstructorAccessorImpl.newInstance(Unknown Source)
	at java.lang.reflect.Constructor.newInstance(Unknown Source)
	at org.openqa.selenium.remote.ErrorHandler.createThrowable(ErrorHandler.java:206)
	at org.openqa.selenium.remote.ErrorHandler.throwIfResponseFailed(ErrorHandler.java:158)
	at org.openqa.selenium.remote.RemoteWebDriver.execute(RemoteWebDriver.java:678)
	at io.appium.java_client.AppiumDriver.execute(AppiumDriver.java:180)
	at org.openqa.selenium.remote.RemoteWebDriver.startSession(RemoteWebDriver.java:249)
	at org.openqa.selenium.remote.RemoteWebDriver.<init>(RemoteWebDriver.java:131)
	at org.openqa.selenium.remote.RemoteWebDriver.<init>(RemoteWebDriver.java:158)
	at io.appium.java_client.AppiumDriver.<init>(AppiumDriver.java:109)
	at io.appium.java_client.android.AndroidDriver.<init>(AndroidDriver.java:39)
	at com.qait.hbp.automation.WebDriverFactory.setMobileDriver(WebDriverFactory.java:182)
	at com.qait.hbp.automation.WebDriverFactory.getDriver(WebDriverFactory.java:70)
	at com.qait.hbp.automation.TestSessionInitiator._configureBrowser(TestSessionInitiator.java:158)
	at com.qait.hbp.automation.TestSessionInitiator.testInitiator(TestSessionInitiator.java:152)
	at com.qait.hbp.automation.TestSessionInitiator.<init>(TestSessionInitiator.java:145)
	at com.qait.hbp.ereader.tests.Settings_Test.start_test_session(Settings_Test.java:32)
	at sun.reflect.NativeMethodAccessorImpl.invoke0(Native Method)
	at sun.reflect.NativeMethodAccessorImpl.invoke(Unknown Source)
	at sun.reflect.DelegatingMethodAccessorImpl.invoke(Unknown Source)
	at java.lang.reflect.Method.invoke(Unknown Source)
	at org.testng.internal.MethodInvocationHelper.invokeMethod(MethodInvocationHelper.java:84)
	at org.testng.internal.Invoker.invokeConfigurationMethod(Invoker.java:564)
	at org.testng.internal.Invoker.invokeConfigurations(Invoker.java:213)
	at org.testng.internal.Invoker.invokeConfigurations(Invoker.java:138)
	at org.testng.internal.TestMethodWorker.invokeBeforeClassMethods(TestMethodWorker.java:175)
	at org.testng.internal.TestMethodWorker.run(TestMethodWorker.java:107)
	at org.testng.TestRunner.privateRun(TestRunner.java:767)
	at org.testng.TestRunner.run(TestRunner.java:617)
	at org.testng.SuiteRunner.runTest(SuiteRunner.java:334)
	at org.testng.SuiteRunner.runSequentially(SuiteRunner.java:329)
	at org.testng.SuiteRunner.privateRun(SuiteRunner.java:291)
	at org.testng.SuiteRunner.run(SuiteRunner.java:240)
	at org.testng.SuiteRunnerWorker.runSuite(SuiteRunnerWorker.java:52)
	at org.testng.SuiteRunnerWorker.run(SuiteRunnerWorker.java:86)
	at org.testng.TestNG.runSuitesSequentially(TestNG.java:1224)
	at org.testng.TestNG.runSuitesLocally(TestNG.java:1149)
	at org.testng.TestNG.run(TestNG.java:1057)
	at org.testng.remote.AbstractRemoteTestNG.run(AbstractRemoteTestNG.java:126)
	at org.testng.remote.RemoteTestNG.initAndRun(RemoteTestNG.java:137)
	at org.testng.remote.RemoteTestNG.main(RemoteTestNG.java:58)
]]>
    </failure>
  </testcase> <!-- Test0012_Verify_User_Is_Able_To_Navigate_to_CoursePacks_Page -->
  <testcase name="Test029_Verify_On_Clicking_Annotate_Mode_Icon_Annotate_Mode_Is_Active" time="0.002" classname="com.qait.hbp.ereader.tests.Settings_Test">
    <failure type="org.openqa.selenium.SessionNotCreatedException" message="A new session could not be created. (Original error: Command failed: C:\Windows\system32\cmd.exe /s /c &quot;C:\Users\garimabhanot\AppData\Local\Android\sdk\platform-tools\adb.exe -s 094c9e7f install &quot;C:\Program Files (x86)\Appium\node_modules\appium\build\unlock_apk\unlock_apk-debug.apk&quot;&quot;
- waiting for device -
) (WARNING: The server did not provide any stacktrace information)
Command duration or timeout: 7.59 seconds
Build info: version: &#039;2.52.0&#039;, revision: &#039;4c2593cfc3689a7fcd7be52549167e5ccc93ad28&#039;, time: &#039;2016-02-11 11:22:43&#039;
System info: host: &#039;DLLA1458&#039;, ip: &#039;10.0.22.184&#039;, os.name: &#039;Windows 8.1&#039;, os.arch: &#039;amd64&#039;, os.version: &#039;6.3&#039;, java.version: &#039;1.8.0_91&#039;
Driver info: io.appium.java_client.android.AndroidDriver">
      <![CDATA[org.openqa.selenium.SessionNotCreatedException: A new session could not be created. (Original error: Command failed: C:\Windows\system32\cmd.exe /s /c "C:\Users\garimabhanot\AppData\Local\Android\sdk\platform-tools\adb.exe -s 094c9e7f install "C:\Program Files (x86)\Appium\node_modules\appium\build\unlock_apk\unlock_apk-debug.apk""
- waiting for device -
) (WARNING: The server did not provide any stacktrace information)
Command duration or timeout: 7.59 seconds
Build info: version: '2.52.0', revision: '4c2593cfc3689a7fcd7be52549167e5ccc93ad28', time: '2016-02-11 11:22:43'
System info: host: 'DLLA1458', ip: '10.0.22.184', os.name: 'Windows 8.1', os.arch: 'amd64', os.version: '6.3', java.version: '1.8.0_91'
Driver info: io.appium.java_client.android.AndroidDriver
	at sun.reflect.NativeConstructorAccessorImpl.newInstance0(Native Method)
	at sun.reflect.NativeConstructorAccessorImpl.newInstance(Unknown Source)
	at sun.reflect.DelegatingConstructorAccessorImpl.newInstance(Unknown Source)
	at java.lang.reflect.Constructor.newInstance(Unknown Source)
	at org.openqa.selenium.remote.ErrorHandler.createThrowable(ErrorHandler.java:206)
	at org.openqa.selenium.remote.ErrorHandler.throwIfResponseFailed(ErrorHandler.java:158)
	at org.openqa.selenium.remote.RemoteWebDriver.execute(RemoteWebDriver.java:678)
	at io.appium.java_client.AppiumDriver.execute(AppiumDriver.java:180)
	at org.openqa.selenium.remote.RemoteWebDriver.startSession(RemoteWebDriver.java:249)
	at org.openqa.selenium.remote.RemoteWebDriver.<init>(RemoteWebDriver.java:131)
	at org.openqa.selenium.remote.RemoteWebDriver.<init>(RemoteWebDriver.java:158)
	at io.appium.java_client.AppiumDriver.<init>(AppiumDriver.java:109)
	at io.appium.java_client.android.AndroidDriver.<init>(AndroidDriver.java:39)
	at com.qait.hbp.automation.WebDriverFactory.setMobileDriver(WebDriverFactory.java:182)
	at com.qait.hbp.automation.WebDriverFactory.getDriver(WebDriverFactory.java:70)
	at com.qait.hbp.automation.TestSessionInitiator._configureBrowser(TestSessionInitiator.java:158)
	at com.qait.hbp.automation.TestSessionInitiator.testInitiator(TestSessionInitiator.java:152)
	at com.qait.hbp.automation.TestSessionInitiator.<init>(TestSessionInitiator.java:145)
	at com.qait.hbp.ereader.tests.Settings_Test.start_test_session(Settings_Test.java:32)
	at sun.reflect.NativeMethodAccessorImpl.invoke0(Native Method)
	at sun.reflect.NativeMethodAccessorImpl.invoke(Unknown Source)
	at sun.reflect.DelegatingMethodAccessorImpl.invoke(Unknown Source)
	at java.lang.reflect.Method.invoke(Unknown Source)
	at org.testng.internal.MethodInvocationHelper.invokeMethod(MethodInvocationHelper.java:84)
	at org.testng.internal.Invoker.invokeConfigurationMethod(Invoker.java:564)
	at org.testng.internal.Invoker.invokeConfigurations(Invoker.java:213)
	at org.testng.internal.Invoker.invokeConfigurations(Invoker.java:138)
	at org.testng.internal.TestMethodWorker.invokeBeforeClassMethods(TestMethodWorker.java:175)
	at org.testng.internal.TestMethodWorker.run(TestMethodWorker.java:107)
	at org.testng.TestRunner.privateRun(TestRunner.java:767)
	at org.testng.TestRunner.run(TestRunner.java:617)
	at org.testng.SuiteRunner.runTest(SuiteRunner.java:334)
	at org.testng.SuiteRunner.runSequentially(SuiteRunner.java:329)
	at org.testng.SuiteRunner.privateRun(SuiteRunner.java:291)
	at org.testng.SuiteRunner.run(SuiteRunner.java:240)
	at org.testng.SuiteRunnerWorker.runSuite(SuiteRunnerWorker.java:52)
	at org.testng.SuiteRunnerWorker.run(SuiteRunnerWorker.java:86)
	at org.testng.TestNG.runSuitesSequentially(TestNG.java:1224)
	at org.testng.TestNG.runSuitesLocally(TestNG.java:1149)
	at org.testng.TestNG.run(TestNG.java:1057)
	at org.testng.remote.AbstractRemoteTestNG.run(AbstractRemoteTestNG.java:126)
	at org.testng.remote.RemoteTestNG.initAndRun(RemoteTestNG.java:137)
	at org.testng.remote.RemoteTestNG.main(RemoteTestNG.java:58)
]]>
    </failure>
  </testcase> <!-- Test029_Verify_On_Clicking_Annotate_Mode_Icon_Annotate_Mode_Is_Active -->
  <testcase name="Test034_Verify_User_Is_Able_To_Turn_On_Offline_Mode" time="0.004" classname="com.qait.hbp.ereader.tests.Settings_Test">
    <failure type="org.openqa.selenium.SessionNotCreatedException" message="A new session could not be created. (Original error: Command failed: C:\Windows\system32\cmd.exe /s /c &quot;C:\Users\garimabhanot\AppData\Local\Android\sdk\platform-tools\adb.exe -s 094c9e7f install &quot;C:\Program Files (x86)\Appium\node_modules\appium\build\unlock_apk\unlock_apk-debug.apk&quot;&quot;
- waiting for device -
) (WARNING: The server did not provide any stacktrace information)
Command duration or timeout: 7.59 seconds
Build info: version: &#039;2.52.0&#039;, revision: &#039;4c2593cfc3689a7fcd7be52549167e5ccc93ad28&#039;, time: &#039;2016-02-11 11:22:43&#039;
System info: host: &#039;DLLA1458&#039;, ip: &#039;10.0.22.184&#039;, os.name: &#039;Windows 8.1&#039;, os.arch: &#039;amd64&#039;, os.version: &#039;6.3&#039;, java.version: &#039;1.8.0_91&#039;
Driver info: io.appium.java_client.android.AndroidDriver">
      <![CDATA[org.openqa.selenium.SessionNotCreatedException: A new session could not be created. (Original error: Command failed: C:\Windows\system32\cmd.exe /s /c "C:\Users\garimabhanot\AppData\Local\Android\sdk\platform-tools\adb.exe -s 094c9e7f install "C:\Program Files (x86)\Appium\node_modules\appium\build\unlock_apk\unlock_apk-debug.apk""
- waiting for device -
) (WARNING: The server did not provide any stacktrace information)
Command duration or timeout: 7.59 seconds
Build info: version: '2.52.0', revision: '4c2593cfc3689a7fcd7be52549167e5ccc93ad28', time: '2016-02-11 11:22:43'
System info: host: 'DLLA1458', ip: '10.0.22.184', os.name: 'Windows 8.1', os.arch: 'amd64', os.version: '6.3', java.version: '1.8.0_91'
Driver info: io.appium.java_client.android.AndroidDriver
	at sun.reflect.NativeConstructorAccessorImpl.newInstance0(Native Method)
	at sun.reflect.NativeConstructorAccessorImpl.newInstance(Unknown Source)
	at sun.reflect.DelegatingConstructorAccessorImpl.newInstance(Unknown Source)
	at java.lang.reflect.Constructor.newInstance(Unknown Source)
	at org.openqa.selenium.remote.ErrorHandler.createThrowable(ErrorHandler.java:206)
	at org.openqa.selenium.remote.ErrorHandler.throwIfResponseFailed(ErrorHandler.java:158)
	at org.openqa.selenium.remote.RemoteWebDriver.execute(RemoteWebDriver.java:678)
	at io.appium.java_client.AppiumDriver.execute(AppiumDriver.java:180)
	at org.openqa.selenium.remote.RemoteWebDriver.startSession(RemoteWebDriver.java:249)
	at org.openqa.selenium.remote.RemoteWebDriver.<init>(RemoteWebDriver.java:131)
	at org.openqa.selenium.remote.RemoteWebDriver.<init>(RemoteWebDriver.java:158)
	at io.appium.java_client.AppiumDriver.<init>(AppiumDriver.java:109)
	at io.appium.java_client.android.AndroidDriver.<init>(AndroidDriver.java:39)
	at com.qait.hbp.automation.WebDriverFactory.setMobileDriver(WebDriverFactory.java:182)
	at com.qait.hbp.automation.WebDriverFactory.getDriver(WebDriverFactory.java:70)
	at com.qait.hbp.automation.TestSessionInitiator._configureBrowser(TestSessionInitiator.java:158)
	at com.qait.hbp.automation.TestSessionInitiator.testInitiator(TestSessionInitiator.java:152)
	at com.qait.hbp.automation.TestSessionInitiator.<init>(TestSessionInitiator.java:145)
	at com.qait.hbp.ereader.tests.Settings_Test.start_test_session(Settings_Test.java:32)
	at sun.reflect.NativeMethodAccessorImpl.invoke0(Native Method)
	at sun.reflect.NativeMethodAccessorImpl.invoke(Unknown Source)
	at sun.reflect.DelegatingMethodAccessorImpl.invoke(Unknown Source)
	at java.lang.reflect.Method.invoke(Unknown Source)
	at org.testng.internal.MethodInvocationHelper.invokeMethod(MethodInvocationHelper.java:84)
	at org.testng.internal.Invoker.invokeConfigurationMethod(Invoker.java:564)
	at org.testng.internal.Invoker.invokeConfigurations(Invoker.java:213)
	at org.testng.internal.Invoker.invokeConfigurations(Invoker.java:138)
	at org.testng.internal.TestMethodWorker.invokeBeforeClassMethods(TestMethodWorker.java:175)
	at org.testng.internal.TestMethodWorker.run(TestMethodWorker.java:107)
	at org.testng.TestRunner.privateRun(TestRunner.java:767)
	at org.testng.TestRunner.run(TestRunner.java:617)
	at org.testng.SuiteRunner.runTest(SuiteRunner.java:334)
	at org.testng.SuiteRunner.runSequentially(SuiteRunner.java:329)
	at org.testng.SuiteRunner.privateRun(SuiteRunner.java:291)
	at org.testng.SuiteRunner.run(SuiteRunner.java:240)
	at org.testng.SuiteRunnerWorker.runSuite(SuiteRunnerWorker.java:52)
	at org.testng.SuiteRunnerWorker.run(SuiteRunnerWorker.java:86)
	at org.testng.TestNG.runSuitesSequentially(TestNG.java:1224)
	at org.testng.TestNG.runSuitesLocally(TestNG.java:1149)
	at org.testng.TestNG.run(TestNG.java:1057)
	at org.testng.remote.AbstractRemoteTestNG.run(AbstractRemoteTestNG.java:126)
	at org.testng.remote.RemoteTestNG.initAndRun(RemoteTestNG.java:137)
	at org.testng.remote.RemoteTestNG.main(RemoteTestNG.java:58)
]]>
    </failure>
  </testcase> <!-- Test034_Verify_User_Is_Able_To_Turn_On_Offline_Mode -->
  <testcase name="Test0014_Verify_User_Is_Able_To_Navigate_to_Launch_eReader" time="0.007" classname="com.qait.hbp.ereader.tests.Settings_Test">
    <failure type="org.openqa.selenium.SessionNotCreatedException" message="A new session could not be created. (Original error: Command failed: C:\Windows\system32\cmd.exe /s /c &quot;C:\Users\garimabhanot\AppData\Local\Android\sdk\platform-tools\adb.exe -s 094c9e7f install &quot;C:\Program Files (x86)\Appium\node_modules\appium\build\unlock_apk\unlock_apk-debug.apk&quot;&quot;
- waiting for device -
) (WARNING: The server did not provide any stacktrace information)
Command duration or timeout: 7.59 seconds
Build info: version: &#039;2.52.0&#039;, revision: &#039;4c2593cfc3689a7fcd7be52549167e5ccc93ad28&#039;, time: &#039;2016-02-11 11:22:43&#039;
System info: host: &#039;DLLA1458&#039;, ip: &#039;10.0.22.184&#039;, os.name: &#039;Windows 8.1&#039;, os.arch: &#039;amd64&#039;, os.version: &#039;6.3&#039;, java.version: &#039;1.8.0_91&#039;
Driver info: io.appium.java_client.android.AndroidDriver">
      <![CDATA[org.openqa.selenium.SessionNotCreatedException: A new session could not be created. (Original error: Command failed: C:\Windows\system32\cmd.exe /s /c "C:\Users\garimabhanot\AppData\Local\Android\sdk\platform-tools\adb.exe -s 094c9e7f install "C:\Program Files (x86)\Appium\node_modules\appium\build\unlock_apk\unlock_apk-debug.apk""
- waiting for device -
) (WARNING: The server did not provide any stacktrace information)
Command duration or timeout: 7.59 seconds
Build info: version: '2.52.0', revision: '4c2593cfc3689a7fcd7be52549167e5ccc93ad28', time: '2016-02-11 11:22:43'
System info: host: 'DLLA1458', ip: '10.0.22.184', os.name: 'Windows 8.1', os.arch: 'amd64', os.version: '6.3', java.version: '1.8.0_91'
Driver info: io.appium.java_client.android.AndroidDriver
	at sun.reflect.NativeConstructorAccessorImpl.newInstance0(Native Method)
	at sun.reflect.NativeConstructorAccessorImpl.newInstance(Unknown Source)
	at sun.reflect.DelegatingConstructorAccessorImpl.newInstance(Unknown Source)
	at java.lang.reflect.Constructor.newInstance(Unknown Source)
	at org.openqa.selenium.remote.ErrorHandler.createThrowable(ErrorHandler.java:206)
	at org.openqa.selenium.remote.ErrorHandler.throwIfResponseFailed(ErrorHandler.java:158)
	at org.openqa.selenium.remote.RemoteWebDriver.execute(RemoteWebDriver.java:678)
	at io.appium.java_client.AppiumDriver.execute(AppiumDriver.java:180)
	at org.openqa.selenium.remote.RemoteWebDriver.startSession(RemoteWebDriver.java:249)
	at org.openqa.selenium.remote.RemoteWebDriver.<init>(RemoteWebDriver.java:131)
	at org.openqa.selenium.remote.RemoteWebDriver.<init>(RemoteWebDriver.java:158)
	at io.appium.java_client.AppiumDriver.<init>(AppiumDriver.java:109)
	at io.appium.java_client.android.AndroidDriver.<init>(AndroidDriver.java:39)
	at com.qait.hbp.automation.WebDriverFactory.setMobileDriver(WebDriverFactory.java:182)
	at com.qait.hbp.automation.WebDriverFactory.getDriver(WebDriverFactory.java:70)
	at com.qait.hbp.automation.TestSessionInitiator._configureBrowser(TestSessionInitiator.java:158)
	at com.qait.hbp.automation.TestSessionInitiator.testInitiator(TestSessionInitiator.java:152)
	at com.qait.hbp.automation.TestSessionInitiator.<init>(TestSessionInitiator.java:145)
	at com.qait.hbp.ereader.tests.Settings_Test.start_test_session(Settings_Test.java:32)
	at sun.reflect.NativeMethodAccessorImpl.invoke0(Native Method)
	at sun.reflect.NativeMethodAccessorImpl.invoke(Unknown Source)
	at sun.reflect.DelegatingMethodAccessorImpl.invoke(Unknown Source)
	at java.lang.reflect.Method.invoke(Unknown Source)
	at org.testng.internal.MethodInvocationHelper.invokeMethod(MethodInvocationHelper.java:84)
	at org.testng.internal.Invoker.invokeConfigurationMethod(Invoker.java:564)
	at org.testng.internal.Invoker.invokeConfigurations(Invoker.java:213)
	at org.testng.internal.Invoker.invokeConfigurations(Invoker.java:138)
	at org.testng.internal.TestMethodWorker.invokeBeforeClassMethods(TestMethodWorker.java:175)
	at org.testng.internal.TestMethodWorker.run(TestMethodWorker.java:107)
	at org.testng.TestRunner.privateRun(TestRunner.java:767)
	at org.testng.TestRunner.run(TestRunner.java:617)
	at org.testng.SuiteRunner.runTest(SuiteRunner.java:334)
	at org.testng.SuiteRunner.runSequentially(SuiteRunner.java:329)
	at org.testng.SuiteRunner.privateRun(SuiteRunner.java:291)
	at org.testng.SuiteRunner.run(SuiteRunner.java:240)
	at org.testng.SuiteRunnerWorker.runSuite(SuiteRunnerWorker.java:52)
	at org.testng.SuiteRunnerWorker.run(SuiteRunnerWorker.java:86)
	at org.testng.TestNG.runSuitesSequentially(TestNG.java:1224)
	at org.testng.TestNG.runSuitesLocally(TestNG.java:1149)
	at org.testng.TestNG.run(TestNG.java:1057)
	at org.testng.remote.AbstractRemoteTestNG.run(AbstractRemoteTestNG.java:126)
	at org.testng.remote.RemoteTestNG.initAndRun(RemoteTestNG.java:137)
	at org.testng.remote.RemoteTestNG.main(RemoteTestNG.java:58)
]]>
    </failure>
  </testcase> <!-- Test0014_Verify_User_Is_Able_To_Navigate_to_Launch_eReader -->
  <testcase name="Test0011_Verify_User_Is_Able_To_Login_Into_Application" time="0.003" classname="com.qait.hbp.ereader.tests.Settings_Test">
    <failure type="org.openqa.selenium.SessionNotCreatedException" message="A new session could not be created. (Original error: Command failed: C:\Windows\system32\cmd.exe /s /c &quot;C:\Users\garimabhanot\AppData\Local\Android\sdk\platform-tools\adb.exe -s 094c9e7f install &quot;C:\Program Files (x86)\Appium\node_modules\appium\build\unlock_apk\unlock_apk-debug.apk&quot;&quot;
- waiting for device -
) (WARNING: The server did not provide any stacktrace information)
Command duration or timeout: 7.59 seconds
Build info: version: &#039;2.52.0&#039;, revision: &#039;4c2593cfc3689a7fcd7be52549167e5ccc93ad28&#039;, time: &#039;2016-02-11 11:22:43&#039;
System info: host: &#039;DLLA1458&#039;, ip: &#039;10.0.22.184&#039;, os.name: &#039;Windows 8.1&#039;, os.arch: &#039;amd64&#039;, os.version: &#039;6.3&#039;, java.version: &#039;1.8.0_91&#039;
Driver info: io.appium.java_client.android.AndroidDriver">
      <![CDATA[org.openqa.selenium.SessionNotCreatedException: A new session could not be created. (Original error: Command failed: C:\Windows\system32\cmd.exe /s /c "C:\Users\garimabhanot\AppData\Local\Android\sdk\platform-tools\adb.exe -s 094c9e7f install "C:\Program Files (x86)\Appium\node_modules\appium\build\unlock_apk\unlock_apk-debug.apk""
- waiting for device -
) (WARNING: The server did not provide any stacktrace information)
Command duration or timeout: 7.59 seconds
Build info: version: '2.52.0', revision: '4c2593cfc3689a7fcd7be52549167e5ccc93ad28', time: '2016-02-11 11:22:43'
System info: host: 'DLLA1458', ip: '10.0.22.184', os.name: 'Windows 8.1', os.arch: 'amd64', os.version: '6.3', java.version: '1.8.0_91'
Driver info: io.appium.java_client.android.AndroidDriver
	at sun.reflect.NativeConstructorAccessorImpl.newInstance0(Native Method)
	at sun.reflect.NativeConstructorAccessorImpl.newInstance(Unknown Source)
	at sun.reflect.DelegatingConstructorAccessorImpl.newInstance(Unknown Source)
	at java.lang.reflect.Constructor.newInstance(Unknown Source)
	at org.openqa.selenium.remote.ErrorHandler.createThrowable(ErrorHandler.java:206)
	at org.openqa.selenium.remote.ErrorHandler.throwIfResponseFailed(ErrorHandler.java:158)
	at org.openqa.selenium.remote.RemoteWebDriver.execute(RemoteWebDriver.java:678)
	at io.appium.java_client.AppiumDriver.execute(AppiumDriver.java:180)
	at org.openqa.selenium.remote.RemoteWebDriver.startSession(RemoteWebDriver.java:249)
	at org.openqa.selenium.remote.RemoteWebDriver.<init>(RemoteWebDriver.java:131)
	at org.openqa.selenium.remote.RemoteWebDriver.<init>(RemoteWebDriver.java:158)
	at io.appium.java_client.AppiumDriver.<init>(AppiumDriver.java:109)
	at io.appium.java_client.android.AndroidDriver.<init>(AndroidDriver.java:39)
	at com.qait.hbp.automation.WebDriverFactory.setMobileDriver(WebDriverFactory.java:182)
	at com.qait.hbp.automation.WebDriverFactory.getDriver(WebDriverFactory.java:70)
	at com.qait.hbp.automation.TestSessionInitiator._configureBrowser(TestSessionInitiator.java:158)
	at com.qait.hbp.automation.TestSessionInitiator.testInitiator(TestSessionInitiator.java:152)
	at com.qait.hbp.automation.TestSessionInitiator.<init>(TestSessionInitiator.java:145)
	at com.qait.hbp.ereader.tests.Settings_Test.start_test_session(Settings_Test.java:32)
	at sun.reflect.NativeMethodAccessorImpl.invoke0(Native Method)
	at sun.reflect.NativeMethodAccessorImpl.invoke(Unknown Source)
	at sun.reflect.DelegatingMethodAccessorImpl.invoke(Unknown Source)
	at java.lang.reflect.Method.invoke(Unknown Source)
	at org.testng.internal.MethodInvocationHelper.invokeMethod(MethodInvocationHelper.java:84)
	at org.testng.internal.Invoker.invokeConfigurationMethod(Invoker.java:564)
	at org.testng.internal.Invoker.invokeConfigurations(Invoker.java:213)
	at org.testng.internal.Invoker.invokeConfigurations(Invoker.java:138)
	at org.testng.internal.TestMethodWorker.invokeBeforeClassMethods(TestMethodWorker.java:175)
	at org.testng.internal.TestMethodWorker.run(TestMethodWorker.java:107)
	at org.testng.TestRunner.privateRun(TestRunner.java:767)
	at org.testng.TestRunner.run(TestRunner.java:617)
	at org.testng.SuiteRunner.runTest(SuiteRunner.java:334)
	at org.testng.SuiteRunner.runSequentially(SuiteRunner.java:329)
	at org.testng.SuiteRunner.privateRun(SuiteRunner.java:291)
	at org.testng.SuiteRunner.run(SuiteRunner.java:240)
	at org.testng.SuiteRunnerWorker.runSuite(SuiteRunnerWorker.java:52)
	at org.testng.SuiteRunnerWorker.run(SuiteRunnerWorker.java:86)
	at org.testng.TestNG.runSuitesSequentially(TestNG.java:1224)
	at org.testng.TestNG.runSuitesLocally(TestNG.java:1149)
	at org.testng.TestNG.run(TestNG.java:1057)
	at org.testng.remote.AbstractRemoteTestNG.run(AbstractRemoteTestNG.java:126)
	at org.testng.remote.RemoteTestNG.initAndRun(RemoteTestNG.java:137)
	at org.testng.remote.RemoteTestNG.main(RemoteTestNG.java:58)
]]>
    </failure>
  </testcase> <!-- Test0011_Verify_User_Is_Able_To_Login_Into_Application -->
  <testcase name="Test015_Verify_Color_Blindness_Assistance_Option_Is_Displayed" time="0.006" classname="com.qait.hbp.ereader.tests.Settings_Test">
    <failure type="org.openqa.selenium.SessionNotCreatedException" message="A new session could not be created. (Original error: Command failed: C:\Windows\system32\cmd.exe /s /c &quot;C:\Users\garimabhanot\AppData\Local\Android\sdk\platform-tools\adb.exe -s 094c9e7f install &quot;C:\Program Files (x86)\Appium\node_modules\appium\build\unlock_apk\unlock_apk-debug.apk&quot;&quot;
- waiting for device -
) (WARNING: The server did not provide any stacktrace information)
Command duration or timeout: 7.59 seconds
Build info: version: &#039;2.52.0&#039;, revision: &#039;4c2593cfc3689a7fcd7be52549167e5ccc93ad28&#039;, time: &#039;2016-02-11 11:22:43&#039;
System info: host: &#039;DLLA1458&#039;, ip: &#039;10.0.22.184&#039;, os.name: &#039;Windows 8.1&#039;, os.arch: &#039;amd64&#039;, os.version: &#039;6.3&#039;, java.version: &#039;1.8.0_91&#039;
Driver info: io.appium.java_client.android.AndroidDriver">
      <![CDATA[org.openqa.selenium.SessionNotCreatedException: A new session could not be created. (Original error: Command failed: C:\Windows\system32\cmd.exe /s /c "C:\Users\garimabhanot\AppData\Local\Android\sdk\platform-tools\adb.exe -s 094c9e7f install "C:\Program Files (x86)\Appium\node_modules\appium\build\unlock_apk\unlock_apk-debug.apk""
- waiting for device -
) (WARNING: The server did not provide any stacktrace information)
Command duration or timeout: 7.59 seconds
Build info: version: '2.52.0', revision: '4c2593cfc3689a7fcd7be52549167e5ccc93ad28', time: '2016-02-11 11:22:43'
System info: host: 'DLLA1458', ip: '10.0.22.184', os.name: 'Windows 8.1', os.arch: 'amd64', os.version: '6.3', java.version: '1.8.0_91'
Driver info: io.appium.java_client.android.AndroidDriver
	at sun.reflect.NativeConstructorAccessorImpl.newInstance0(Native Method)
	at sun.reflect.NativeConstructorAccessorImpl.newInstance(Unknown Source)
	at sun.reflect.DelegatingConstructorAccessorImpl.newInstance(Unknown Source)
	at java.lang.reflect.Constructor.newInstance(Unknown Source)
	at org.openqa.selenium.remote.ErrorHandler.createThrowable(ErrorHandler.java:206)
	at org.openqa.selenium.remote.ErrorHandler.throwIfResponseFailed(ErrorHandler.java:158)
	at org.openqa.selenium.remote.RemoteWebDriver.execute(RemoteWebDriver.java:678)
	at io.appium.java_client.AppiumDriver.execute(AppiumDriver.java:180)
	at org.openqa.selenium.remote.RemoteWebDriver.startSession(RemoteWebDriver.java:249)
	at org.openqa.selenium.remote.RemoteWebDriver.<init>(RemoteWebDriver.java:131)
	at org.openqa.selenium.remote.RemoteWebDriver.<init>(RemoteWebDriver.java:158)
	at io.appium.java_client.AppiumDriver.<init>(AppiumDriver.java:109)
	at io.appium.java_client.android.AndroidDriver.<init>(AndroidDriver.java:39)
	at com.qait.hbp.automation.WebDriverFactory.setMobileDriver(WebDriverFactory.java:182)
	at com.qait.hbp.automation.WebDriverFactory.getDriver(WebDriverFactory.java:70)
	at com.qait.hbp.automation.TestSessionInitiator._configureBrowser(TestSessionInitiator.java:158)
	at com.qait.hbp.automation.TestSessionInitiator.testInitiator(TestSessionInitiator.java:152)
	at com.qait.hbp.automation.TestSessionInitiator.<init>(TestSessionInitiator.java:145)
	at com.qait.hbp.ereader.tests.Settings_Test.start_test_session(Settings_Test.java:32)
	at sun.reflect.NativeMethodAccessorImpl.invoke0(Native Method)
	at sun.reflect.NativeMethodAccessorImpl.invoke(Unknown Source)
	at sun.reflect.DelegatingMethodAccessorImpl.invoke(Unknown Source)
	at java.lang.reflect.Method.invoke(Unknown Source)
	at org.testng.internal.MethodInvocationHelper.invokeMethod(MethodInvocationHelper.java:84)
	at org.testng.internal.Invoker.invokeConfigurationMethod(Invoker.java:564)
	at org.testng.internal.Invoker.invokeConfigurations(Invoker.java:213)
	at org.testng.internal.Invoker.invokeConfigurations(Invoker.java:138)
	at org.testng.internal.TestMethodWorker.invokeBeforeClassMethods(TestMethodWorker.java:175)
	at org.testng.internal.TestMethodWorker.run(TestMethodWorker.java:107)
	at org.testng.TestRunner.privateRun(TestRunner.java:767)
	at org.testng.TestRunner.run(TestRunner.java:617)
	at org.testng.SuiteRunner.runTest(SuiteRunner.java:334)
	at org.testng.SuiteRunner.runSequentially(SuiteRunner.java:329)
	at org.testng.SuiteRunner.privateRun(SuiteRunner.java:291)
	at org.testng.SuiteRunner.run(SuiteRunner.java:240)
	at org.testng.SuiteRunnerWorker.runSuite(SuiteRunnerWorker.java:52)
	at org.testng.SuiteRunnerWorker.run(SuiteRunnerWorker.java:86)
	at org.testng.TestNG.runSuitesSequentially(TestNG.java:1224)
	at org.testng.TestNG.runSuitesLocally(TestNG.java:1149)
	at org.testng.TestNG.run(TestNG.java:1057)
	at org.testng.remote.AbstractRemoteTestNG.run(AbstractRemoteTestNG.java:126)
	at org.testng.remote.RemoteTestNG.initAndRun(RemoteTestNG.java:137)
	at org.testng.remote.RemoteTestNG.main(RemoteTestNG.java:58)
]]>
    </failure>
  </testcase> <!-- Test015_Verify_Color_Blindness_Assistance_Option_Is_Displayed -->
  <testcase name="Test00301_Verify_On_Clicking_Annotate_Mode_Icon_Annotate_Mode_Is_Active" time="0.002" classname="com.qait.hbp.ereader.tests.Settings_Test">
    <failure type="org.openqa.selenium.SessionNotCreatedException" message="A new session could not be created. (Original error: Command failed: C:\Windows\system32\cmd.exe /s /c &quot;C:\Users\garimabhanot\AppData\Local\Android\sdk\platform-tools\adb.exe -s 094c9e7f install &quot;C:\Program Files (x86)\Appium\node_modules\appium\build\unlock_apk\unlock_apk-debug.apk&quot;&quot;
- waiting for device -
) (WARNING: The server did not provide any stacktrace information)
Command duration or timeout: 7.59 seconds
Build info: version: &#039;2.52.0&#039;, revision: &#039;4c2593cfc3689a7fcd7be52549167e5ccc93ad28&#039;, time: &#039;2016-02-11 11:22:43&#039;
System info: host: &#039;DLLA1458&#039;, ip: &#039;10.0.22.184&#039;, os.name: &#039;Windows 8.1&#039;, os.arch: &#039;amd64&#039;, os.version: &#039;6.3&#039;, java.version: &#039;1.8.0_91&#039;
Driver info: io.appium.java_client.android.AndroidDriver">
      <![CDATA[org.openqa.selenium.SessionNotCreatedException: A new session could not be created. (Original error: Command failed: C:\Windows\system32\cmd.exe /s /c "C:\Users\garimabhanot\AppData\Local\Android\sdk\platform-tools\adb.exe -s 094c9e7f install "C:\Program Files (x86)\Appium\node_modules\appium\build\unlock_apk\unlock_apk-debug.apk""
- waiting for device -
) (WARNING: The server did not provide any stacktrace information)
Command duration or timeout: 7.59 seconds
Build info: version: '2.52.0', revision: '4c2593cfc3689a7fcd7be52549167e5ccc93ad28', time: '2016-02-11 11:22:43'
System info: host: 'DLLA1458', ip: '10.0.22.184', os.name: 'Windows 8.1', os.arch: 'amd64', os.version: '6.3', java.version: '1.8.0_91'
Driver info: io.appium.java_client.android.AndroidDriver
	at sun.reflect.NativeConstructorAccessorImpl.newInstance0(Native Method)
	at sun.reflect.NativeConstructorAccessorImpl.newInstance(Unknown Source)
	at sun.reflect.DelegatingConstructorAccessorImpl.newInstance(Unknown Source)
	at java.lang.reflect.Constructor.newInstance(Unknown Source)
	at org.openqa.selenium.remote.ErrorHandler.createThrowable(ErrorHandler.java:206)
	at org.openqa.selenium.remote.ErrorHandler.throwIfResponseFailed(ErrorHandler.java:158)
	at org.openqa.selenium.remote.RemoteWebDriver.execute(RemoteWebDriver.java:678)
	at io.appium.java_client.AppiumDriver.execute(AppiumDriver.java:180)
	at org.openqa.selenium.remote.RemoteWebDriver.startSession(RemoteWebDriver.java:249)
	at org.openqa.selenium.remote.RemoteWebDriver.<init>(RemoteWebDriver.java:131)
	at org.openqa.selenium.remote.RemoteWebDriver.<init>(RemoteWebDriver.java:158)
	at io.appium.java_client.AppiumDriver.<init>(AppiumDriver.java:109)
	at io.appium.java_client.android.AndroidDriver.<init>(AndroidDriver.java:39)
	at com.qait.hbp.automation.WebDriverFactory.setMobileDriver(WebDriverFactory.java:182)
	at com.qait.hbp.automation.WebDriverFactory.getDriver(WebDriverFactory.java:70)
	at com.qait.hbp.automation.TestSessionInitiator._configureBrowser(TestSessionInitiator.java:158)
	at com.qait.hbp.automation.TestSessionInitiator.testInitiator(TestSessionInitiator.java:152)
	at com.qait.hbp.automation.TestSessionInitiator.<init>(TestSessionInitiator.java:145)
	at com.qait.hbp.ereader.tests.Settings_Test.start_test_session(Settings_Test.java:32)
	at sun.reflect.NativeMethodAccessorImpl.invoke0(Native Method)
	at sun.reflect.NativeMethodAccessorImpl.invoke(Unknown Source)
	at sun.reflect.DelegatingMethodAccessorImpl.invoke(Unknown Source)
	at java.lang.reflect.Method.invoke(Unknown Source)
	at org.testng.internal.MethodInvocationHelper.invokeMethod(MethodInvocationHelper.java:84)
	at org.testng.internal.Invoker.invokeConfigurationMethod(Invoker.java:564)
	at org.testng.internal.Invoker.invokeConfigurations(Invoker.java:213)
	at org.testng.internal.Invoker.invokeConfigurations(Invoker.java:138)
	at org.testng.internal.TestMethodWorker.invokeBeforeClassMethods(TestMethodWorker.java:175)
	at org.testng.internal.TestMethodWorker.run(TestMethodWorker.java:107)
	at org.testng.TestRunner.privateRun(TestRunner.java:767)
	at org.testng.TestRunner.run(TestRunner.java:617)
	at org.testng.SuiteRunner.runTest(SuiteRunner.java:334)
	at org.testng.SuiteRunner.runSequentially(SuiteRunner.java:329)
	at org.testng.SuiteRunner.privateRun(SuiteRunner.java:291)
	at org.testng.SuiteRunner.run(SuiteRunner.java:240)
	at org.testng.SuiteRunnerWorker.runSuite(SuiteRunnerWorker.java:52)
	at org.testng.SuiteRunnerWorker.run(SuiteRunnerWorker.java:86)
	at org.testng.TestNG.runSuitesSequentially(TestNG.java:1224)
	at org.testng.TestNG.runSuitesLocally(TestNG.java:1149)
	at org.testng.TestNG.run(TestNG.java:1057)
	at org.testng.remote.AbstractRemoteTestNG.run(AbstractRemoteTestNG.java:126)
	at org.testng.remote.RemoteTestNG.initAndRun(RemoteTestNG.java:137)
	at org.testng.remote.RemoteTestNG.main(RemoteTestNG.java:58)
]]>
    </failure>
  </testcase> <!-- Test00301_Verify_On_Clicking_Annotate_Mode_Icon_Annotate_Mode_Is_Active -->
  <testcase name="Test0061_Verify_On_Clicking_Annotation_Notes_Pane_Is_Displayed" time="0.004" classname="com.qait.hbp.ereader.tests.Settings_Test">
    <failure type="org.openqa.selenium.SessionNotCreatedException" message="A new session could not be created. (Original error: Command failed: C:\Windows\system32\cmd.exe /s /c &quot;C:\Users\garimabhanot\AppData\Local\Android\sdk\platform-tools\adb.exe -s 094c9e7f install &quot;C:\Program Files (x86)\Appium\node_modules\appium\build\unlock_apk\unlock_apk-debug.apk&quot;&quot;
- waiting for device -
) (WARNING: The server did not provide any stacktrace information)
Command duration or timeout: 7.59 seconds
Build info: version: &#039;2.52.0&#039;, revision: &#039;4c2593cfc3689a7fcd7be52549167e5ccc93ad28&#039;, time: &#039;2016-02-11 11:22:43&#039;
System info: host: &#039;DLLA1458&#039;, ip: &#039;10.0.22.184&#039;, os.name: &#039;Windows 8.1&#039;, os.arch: &#039;amd64&#039;, os.version: &#039;6.3&#039;, java.version: &#039;1.8.0_91&#039;
Driver info: io.appium.java_client.android.AndroidDriver">
      <![CDATA[org.openqa.selenium.SessionNotCreatedException: A new session could not be created. (Original error: Command failed: C:\Windows\system32\cmd.exe /s /c "C:\Users\garimabhanot\AppData\Local\Android\sdk\platform-tools\adb.exe -s 094c9e7f install "C:\Program Files (x86)\Appium\node_modules\appium\build\unlock_apk\unlock_apk-debug.apk""
- waiting for device -
) (WARNING: The server did not provide any stacktrace information)
Command duration or timeout: 7.59 seconds
Build info: version: '2.52.0', revision: '4c2593cfc3689a7fcd7be52549167e5ccc93ad28', time: '2016-02-11 11:22:43'
System info: host: 'DLLA1458', ip: '10.0.22.184', os.name: 'Windows 8.1', os.arch: 'amd64', os.version: '6.3', java.version: '1.8.0_91'
Driver info: io.appium.java_client.android.AndroidDriver
	at sun.reflect.NativeConstructorAccessorImpl.newInstance0(Native Method)
	at sun.reflect.NativeConstructorAccessorImpl.newInstance(Unknown Source)
	at sun.reflect.DelegatingConstructorAccessorImpl.newInstance(Unknown Source)
	at java.lang.reflect.Constructor.newInstance(Unknown Source)
	at org.openqa.selenium.remote.ErrorHandler.createThrowable(ErrorHandler.java:206)
	at org.openqa.selenium.remote.ErrorHandler.throwIfResponseFailed(ErrorHandler.java:158)
	at org.openqa.selenium.remote.RemoteWebDriver.execute(RemoteWebDriver.java:678)
	at io.appium.java_client.AppiumDriver.execute(AppiumDriver.java:180)
	at org.openqa.selenium.remote.RemoteWebDriver.startSession(RemoteWebDriver.java:249)
	at org.openqa.selenium.remote.RemoteWebDriver.<init>(RemoteWebDriver.java:131)
	at org.openqa.selenium.remote.RemoteWebDriver.<init>(RemoteWebDriver.java:158)
	at io.appium.java_client.AppiumDriver.<init>(AppiumDriver.java:109)
	at io.appium.java_client.android.AndroidDriver.<init>(AndroidDriver.java:39)
	at com.qait.hbp.automation.WebDriverFactory.setMobileDriver(WebDriverFactory.java:182)
	at com.qait.hbp.automation.WebDriverFactory.getDriver(WebDriverFactory.java:70)
	at com.qait.hbp.automation.TestSessionInitiator._configureBrowser(TestSessionInitiator.java:158)
	at com.qait.hbp.automation.TestSessionInitiator.testInitiator(TestSessionInitiator.java:152)
	at com.qait.hbp.automation.TestSessionInitiator.<init>(TestSessionInitiator.java:145)
	at com.qait.hbp.ereader.tests.Settings_Test.start_test_session(Settings_Test.java:32)
	at sun.reflect.NativeMethodAccessorImpl.invoke0(Native Method)
	at sun.reflect.NativeMethodAccessorImpl.invoke(Unknown Source)
	at sun.reflect.DelegatingMethodAccessorImpl.invoke(Unknown Source)
	at java.lang.reflect.Method.invoke(Unknown Source)
	at org.testng.internal.MethodInvocationHelper.invokeMethod(MethodInvocationHelper.java:84)
	at org.testng.internal.Invoker.invokeConfigurationMethod(Invoker.java:564)
	at org.testng.internal.Invoker.invokeConfigurations(Invoker.java:213)
	at org.testng.internal.Invoker.invokeConfigurations(Invoker.java:138)
	at org.testng.internal.TestMethodWorker.invokeBeforeClassMethods(TestMethodWorker.java:175)
	at org.testng.internal.TestMethodWorker.run(TestMethodWorker.java:107)
	at org.testng.TestRunner.privateRun(TestRunner.java:767)
	at org.testng.TestRunner.run(TestRunner.java:617)
	at org.testng.SuiteRunner.runTest(SuiteRunner.java:334)
	at org.testng.SuiteRunner.runSequentially(SuiteRunner.java:329)
	at org.testng.SuiteRunner.privateRun(SuiteRunner.java:291)
	at org.testng.SuiteRunner.run(SuiteRunner.java:240)
	at org.testng.SuiteRunnerWorker.runSuite(SuiteRunnerWorker.java:52)
	at org.testng.SuiteRunnerWorker.run(SuiteRunnerWorker.java:86)
	at org.testng.TestNG.runSuitesSequentially(TestNG.java:1224)
	at org.testng.TestNG.runSuitesLocally(TestNG.java:1149)
	at org.testng.TestNG.run(TestNG.java:1057)
	at org.testng.remote.AbstractRemoteTestNG.run(AbstractRemoteTestNG.java:126)
	at org.testng.remote.RemoteTestNG.initAndRun(RemoteTestNG.java:137)
	at org.testng.remote.RemoteTestNG.main(RemoteTestNG.java:58)
]]>
    </failure>
  </testcase> <!-- Test0061_Verify_On_Clicking_Annotation_Notes_Pane_Is_Displayed -->
  <testcase name="Test009_Verify_User_Is_Able_To_Add_Note_By_Clicking_On_NotePad_Icon" time="0.004" classname="com.qait.hbp.ereader.tests.Settings_Test">
    <failure type="org.openqa.selenium.SessionNotCreatedException" message="A new session could not be created. (Original error: Command failed: C:\Windows\system32\cmd.exe /s /c &quot;C:\Users\garimabhanot\AppData\Local\Android\sdk\platform-tools\adb.exe -s 094c9e7f install &quot;C:\Program Files (x86)\Appium\node_modules\appium\build\unlock_apk\unlock_apk-debug.apk&quot;&quot;
- waiting for device -
) (WARNING: The server did not provide any stacktrace information)
Command duration or timeout: 7.59 seconds
Build info: version: &#039;2.52.0&#039;, revision: &#039;4c2593cfc3689a7fcd7be52549167e5ccc93ad28&#039;, time: &#039;2016-02-11 11:22:43&#039;
System info: host: &#039;DLLA1458&#039;, ip: &#039;10.0.22.184&#039;, os.name: &#039;Windows 8.1&#039;, os.arch: &#039;amd64&#039;, os.version: &#039;6.3&#039;, java.version: &#039;1.8.0_91&#039;
Driver info: io.appium.java_client.android.AndroidDriver">
      <![CDATA[org.openqa.selenium.SessionNotCreatedException: A new session could not be created. (Original error: Command failed: C:\Windows\system32\cmd.exe /s /c "C:\Users\garimabhanot\AppData\Local\Android\sdk\platform-tools\adb.exe -s 094c9e7f install "C:\Program Files (x86)\Appium\node_modules\appium\build\unlock_apk\unlock_apk-debug.apk""
- waiting for device -
) (WARNING: The server did not provide any stacktrace information)
Command duration or timeout: 7.59 seconds
Build info: version: '2.52.0', revision: '4c2593cfc3689a7fcd7be52549167e5ccc93ad28', time: '2016-02-11 11:22:43'
System info: host: 'DLLA1458', ip: '10.0.22.184', os.name: 'Windows 8.1', os.arch: 'amd64', os.version: '6.3', java.version: '1.8.0_91'
Driver info: io.appium.java_client.android.AndroidDriver
	at sun.reflect.NativeConstructorAccessorImpl.newInstance0(Native Method)
	at sun.reflect.NativeConstructorAccessorImpl.newInstance(Unknown Source)
	at sun.reflect.DelegatingConstructorAccessorImpl.newInstance(Unknown Source)
	at java.lang.reflect.Constructor.newInstance(Unknown Source)
	at org.openqa.selenium.remote.ErrorHandler.createThrowable(ErrorHandler.java:206)
	at org.openqa.selenium.remote.ErrorHandler.throwIfResponseFailed(ErrorHandler.java:158)
	at org.openqa.selenium.remote.RemoteWebDriver.execute(RemoteWebDriver.java:678)
	at io.appium.java_client.AppiumDriver.execute(AppiumDriver.java:180)
	at org.openqa.selenium.remote.RemoteWebDriver.startSession(RemoteWebDriver.java:249)
	at org.openqa.selenium.remote.RemoteWebDriver.<init>(RemoteWebDriver.java:131)
	at org.openqa.selenium.remote.RemoteWebDriver.<init>(RemoteWebDriver.java:158)
	at io.appium.java_client.AppiumDriver.<init>(AppiumDriver.java:109)
	at io.appium.java_client.android.AndroidDriver.<init>(AndroidDriver.java:39)
	at com.qait.hbp.automation.WebDriverFactory.setMobileDriver(WebDriverFactory.java:182)
	at com.qait.hbp.automation.WebDriverFactory.getDriver(WebDriverFactory.java:70)
	at com.qait.hbp.automation.TestSessionInitiator._configureBrowser(TestSessionInitiator.java:158)
	at com.qait.hbp.automation.TestSessionInitiator.testInitiator(TestSessionInitiator.java:152)
	at com.qait.hbp.automation.TestSessionInitiator.<init>(TestSessionInitiator.java:145)
	at com.qait.hbp.ereader.tests.Settings_Test.start_test_session(Settings_Test.java:32)
	at sun.reflect.NativeMethodAccessorImpl.invoke0(Native Method)
	at sun.reflect.NativeMethodAccessorImpl.invoke(Unknown Source)
	at sun.reflect.DelegatingMethodAccessorImpl.invoke(Unknown Source)
	at java.lang.reflect.Method.invoke(Unknown Source)
	at org.testng.internal.MethodInvocationHelper.invokeMethod(MethodInvocationHelper.java:84)
	at org.testng.internal.Invoker.invokeConfigurationMethod(Invoker.java:564)
	at org.testng.internal.Invoker.invokeConfigurations(Invoker.java:213)
	at org.testng.internal.Invoker.invokeConfigurations(Invoker.java:138)
	at org.testng.internal.TestMethodWorker.invokeBeforeClassMethods(TestMethodWorker.java:175)
	at org.testng.internal.TestMethodWorker.run(TestMethodWorker.java:107)
	at org.testng.TestRunner.privateRun(TestRunner.java:767)
	at org.testng.TestRunner.run(TestRunner.java:617)
	at org.testng.SuiteRunner.runTest(SuiteRunner.java:334)
	at org.testng.SuiteRunner.runSequentially(SuiteRunner.java:329)
	at org.testng.SuiteRunner.privateRun(SuiteRunner.java:291)
	at org.testng.SuiteRunner.run(SuiteRunner.java:240)
	at org.testng.SuiteRunnerWorker.runSuite(SuiteRunnerWorker.java:52)
	at org.testng.SuiteRunnerWorker.run(SuiteRunnerWorker.java:86)
	at org.testng.TestNG.runSuitesSequentially(TestNG.java:1224)
	at org.testng.TestNG.runSuitesLocally(TestNG.java:1149)
	at org.testng.TestNG.run(TestNG.java:1057)
	at org.testng.remote.AbstractRemoteTestNG.run(AbstractRemoteTestNG.java:126)
	at org.testng.remote.RemoteTestNG.initAndRun(RemoteTestNG.java:137)
	at org.testng.remote.RemoteTestNG.main(RemoteTestNG.java:58)
]]>
    </failure>
>>>>>>> 93e4e4f4325f1ffaa989901ee0a30e6948c174dc
  </testcase> <!-- Test009_Verify_User_Is_Able_To_Add_Note_By_Clicking_On_NotePad_Icon -->
  <testcase name="Test023_Verify_User_Is_Able_To_Select_Paragraph" time="42.851" classname="com.qait.hbp.ereader.tests.Settings_Test"/>
  <testcase name="Test0320_Verify_Legal_Link_Is_Functional" time="16.834" classname="com.qait.hbp.ereader.tests.Settings_Test"/>
  <testcase name="Test0061_Verify_On_Clicking_Annotation_Notes_Pane_Is_Displayed" time="0.843" classname="com.qait.hbp.ereader.tests.Settings_Test"/>
  <testcase name="Test0360_Verify_That_In_Offline_Mode_All_Core_Functionality_Is_Working" time="0.137" classname="com.qait.hbp.ereader.tests.Settings_Test">
    <error type="java.lang.AssertionError" message="expected [true] but found [false]">
      <![CDATA[java.lang.AssertionError: expected [true] but found [false]
	at org.testng.Assert.fail(Assert.java:94)
	at org.testng.Assert.failNotEquals(Assert.java:494)
	at org.testng.Assert.assertTrue(Assert.java:42)
	at org.testng.Assert.assertTrue(Assert.java:52)
	at com.qait.hbp.ereader.keywords.SettingsActions.turn_Off_Network_Connection(SettingsActions.java:180)
	at com.qait.hbp.ereader.tests.Settings_Test.Test0360_Verify_That_In_Offline_Mode_All_Core_Functionality_Is_Working(Settings_Test.java:423)
	at sun.reflect.NativeMethodAccessorImpl.invoke0(Native Method)
	at sun.reflect.NativeMethodAccessorImpl.invoke(NativeMethodAccessorImpl.java:62)
	at sun.reflect.DelegatingMethodAccessorImpl.invoke(DelegatingMethodAccessorImpl.java:43)
	at java.lang.reflect.Method.invoke(Method.java:498)
	at org.testng.internal.MethodInvocationHelper.invokeMethod(MethodInvocationHelper.java:84)
	at org.testng.internal.Invoker.invokeMethod(Invoker.java:714)
	at org.testng.internal.Invoker.invokeTestMethod(Invoker.java:901)
	at org.testng.internal.Invoker.invokeTestMethods(Invoker.java:1231)
	at org.testng.internal.TestMethodWorker.invokeTestMethods(TestMethodWorker.java:127)
	at org.testng.internal.TestMethodWorker.run(TestMethodWorker.java:111)
	at java.util.concurrent.ThreadPoolExecutor.runWorker(ThreadPoolExecutor.java:1142)
	at java.util.concurrent.ThreadPoolExecutor$Worker.run(ThreadPoolExecutor.java:617)
	at java.lang.Thread.run(Thread.java:745)
]]>
    </error>
  </testcase> <!-- Test0360_Verify_That_In_Offline_Mode_All_Core_Functionality_Is_Working -->
  <testcase name="Test0274_Verify_Filter_Icon_Shape_Changes" time="0.137" classname="com.qait.hbp.ereader.tests.Settings_Test"/>
  <testcase name="Test0240_Verify_User_Is_Able_To_Highlight_Paragraph" time="0.240" classname="com.qait.hbp.ereader.tests.Settings_Test"/>
  <testcase name="Test030_Verify_Filter_Icons_Shape_Change" time="4.697" classname="com.qait.hbp.ereader.tests.Settings_Test"/>
  <testcase name="Test038_Verify_Settings_Menu_Closes_When_User_Clicks_On_Settings_Icon_Again" time="12.495" classname="com.qait.hbp.ereader.tests.Settings_Test"/>
  <testcase name="Test005_Verify_User_Is_Able_To_Highlight_Paragraph" time="0.213" classname="com.qait.hbp.ereader.tests.Settings_Test"/>
  <testcase name="Test007_Verify_User_Is_Able_To_Enter_Text_In_Search_Notes_Field" time="1.154" classname="com.qait.hbp.ereader.tests.Settings_Test"/>
  <testcase name="Test020_Verify_Text_Font" time="1.647" classname="com.qait.hbp.ereader.tests.Settings_Test"/>
  <testcase name="Test0011_Verify_User_Is_Able_To_Login_Into_Application" time="8.851" classname="com.qait.hbp.ereader.tests.Settings_Test"/>
  <testcase name="Test00210_Verify_User_Is_Able_To_Navigate_Through_The_WalkThrough" time="2.775" classname="com.qait.hbp.ereader.tests.Settings_Test"/>
  <testcase name="Test0012_Verify_User_Is_Able_To_Navigate_to_CoursePacks_Page" time="3.107" classname="com.qait.hbp.ereader.tests.Settings_Test"/>
  <testcase name="Test0030_Close_Notes_Pane_And_Navigate_To_First_Page" time="2.341" classname="com.qait.hbp.ereader.tests.Settings_Test"/>
  <testcase name="Test0010_Launch_Login_URL" time="7.244" classname="com.qait.hbp.ereader.tests.Settings_Test"/>
  <testcase name="Test014_Verify_Settings_Menu_Opens_On_Clicking_Settings_Icon" time="7.195" classname="com.qait.hbp.ereader.tests.Settings_Test"/>
  <testcase name="Test00310_Delete_all_Notes_From_eReader" time="3.229" classname="com.qait.hbp.ereader.tests.Settings_Test"/>
  <testcase name="Test0250_Verify_User_Can_Turn_On_Color_Blindness_Assistance_Option" time="15.170" classname="com.qait.hbp.ereader.tests.Settings_Test"/>
  <testcase name="Test008_Verify_User_Is_Able_To_Add_Notes_To_Notes_Card_Using_Notepad_Icon" time="0.142" classname="com.qait.hbp.ereader.tests.Settings_Test"/>
  <testcase name="Test034_Verify_User_Is_Able_To_Turn_On_Offline_Mode" time="15.366" classname="com.qait.hbp.ereader.tests.Settings_Test"/>
  <testcase name="Test031_Verify_Print_Buttons_Are_Displayed" time="7.693" classname="com.qait.hbp.ereader.tests.Settings_Test"/>
  <testcase name="Test004_Verify_User_Is_Able_To_Select_Paragraph" time="8.071" classname="com.qait.hbp.ereader.tests.Settings_Test"/>
  <testcase name="Test0243_Navigate_Back_To_First_Page" time="14.098" classname="com.qait.hbp.ereader.tests.Settings_Test"/>
  <testcase name="Test0350_Verify_Changes_Are_Retained_Before_Turning_off_Network_Connection" time="51.484" classname="com.qait.hbp.ereader.tests.Settings_Test">
    <error type="java.lang.AssertionError" message="[ASSERT FAILED]: Notes icon does not appear after adding notes to first highlight expected [false] but found [true]">
      <![CDATA[java.lang.AssertionError: [ASSERT FAILED]: Notes icon does not appear after adding notes to first highlight expected [false] but found [true]
	at org.testng.Assert.fail(Assert.java:94)
	at org.testng.Assert.failNotEquals(Assert.java:494)
	at org.testng.Assert.assertFalse(Assert.java:63)
	at com.qait.hbp.ereader.keywords.AnnotationHighlightActions.verify_Notes_Icon_Appears_After_Adding_Notes_To_Particular_Highligt(AnnotationHighlightActions.java:1587)
	at com.qait.hbp.ereader.tests.Settings_Test.Test0350_Verify_Changes_Are_Retained_Before_Turning_off_Network_Connection(Settings_Test.java:403)
	at sun.reflect.NativeMethodAccessorImpl.invoke0(Native Method)
	at sun.reflect.NativeMethodAccessorImpl.invoke(NativeMethodAccessorImpl.java:62)
	at sun.reflect.DelegatingMethodAccessorImpl.invoke(DelegatingMethodAccessorImpl.java:43)
	at java.lang.reflect.Method.invoke(Method.java:498)
	at org.testng.internal.MethodInvocationHelper.invokeMethod(MethodInvocationHelper.java:84)
	at org.testng.internal.Invoker.invokeMethod(Invoker.java:714)
	at org.testng.internal.Invoker.invokeTestMethod(Invoker.java:901)
	at org.testng.internal.Invoker.invokeTestMethods(Invoker.java:1231)
	at org.testng.internal.TestMethodWorker.invokeTestMethods(TestMethodWorker.java:127)
	at org.testng.internal.TestMethodWorker.run(TestMethodWorker.java:111)
	at java.util.concurrent.ThreadPoolExecutor.runWorker(ThreadPoolExecutor.java:1142)
	at java.util.concurrent.ThreadPoolExecutor$Worker.run(ThreadPoolExecutor.java:617)
	at java.lang.Thread.run(Thread.java:745)
]]>
    </error>
  </testcase> <!-- Test0350_Verify_Changes_Are_Retained_Before_Turning_off_Network_Connection -->
  <testcase name="Test0272_Verify_Existing_Highlights_Shape_Changes" time="30.057" classname="com.qait.hbp.ereader.tests.Settings_Test">
    <error type="java.lang.AssertionError" message="[ASSERT FAILED]: Element yellow_circle not found on the eReader/SettingsPage !!! due to Timeout Exception">
      <![CDATA[java.lang.AssertionError: [ASSERT FAILED]: Element yellow_circle not found on the eReader/SettingsPage !!! due to Timeout Exception
	at org.testng.Assert.fail(Assert.java:94)
	at com.qait.hbp.automation.getpageobjects.GetPage.element(GetPage.java:392)
	at com.qait.hbp.automation.getpageobjects.GetPage.element(GetPage.java:331)
	at com.qait.hbp.ereader.keywords.SettingsActions.does_existing_highligh_shape_Change(SettingsActions.java:90)
	at com.qait.hbp.ereader.tests.Settings_Test.Test0272_Verify_Existing_Highlights_Shape_Changes(Settings_Test.java:334)
	at sun.reflect.NativeMethodAccessorImpl.invoke0(Native Method)
	at sun.reflect.NativeMethodAccessorImpl.invoke(NativeMethodAccessorImpl.java:62)
	at sun.reflect.DelegatingMethodAccessorImpl.invoke(DelegatingMethodAccessorImpl.java:43)
	at java.lang.reflect.Method.invoke(Method.java:498)
	at org.testng.internal.MethodInvocationHelper.invokeMethod(MethodInvocationHelper.java:84)
	at org.testng.internal.Invoker.invokeMethod(Invoker.java:714)
	at org.testng.internal.Invoker.invokeTestMethod(Invoker.java:901)
	at org.testng.internal.Invoker.invokeTestMethods(Invoker.java:1231)
	at org.testng.internal.TestMethodWorker.invokeTestMethods(TestMethodWorker.java:127)
	at org.testng.internal.TestMethodWorker.run(TestMethodWorker.java:111)
	at java.util.concurrent.ThreadPoolExecutor.runWorker(ThreadPoolExecutor.java:1142)
	at java.util.concurrent.ThreadPoolExecutor$Worker.run(ThreadPoolExecutor.java:617)
	at java.lang.Thread.run(Thread.java:745)
]]>
    </error>
  </testcase> <!-- Test0272_Verify_Existing_Highlights_Shape_Changes -->
<<<<<<< HEAD
  <testcase name="Test033_Verify_Make_Available_Offline_Option_Is_Displayed" time="6.916" classname="com.qait.hbp.ereader.tests.Settings_Test"/>
  <testcase name="Test012_Get_Last_Word_Of_The_Document" time="2.223" classname="com.qait.hbp.ereader.tests.Settings_Test"/>
  <testcase name="Test011_Verify_Notes_Pane_Closes_When_User_Clicks_Notes_Icon_Again" time="2.635" classname="com.qait.hbp.ereader.tests.Settings_Test"/>
  <testcase name="Test0270_Navigate_Back_To_First_Page" time="9.613" classname="com.qait.hbp.ereader.tests.Settings_Test"/>
  <testcase name="Test016_Verify_Feedback_Option_Is_Expandable" time="0.638" classname="com.qait.hbp.ereader.tests.Settings_Test"/>
  <testcase name="Test0022_Verify_Refresh_Sync_Icon_Spins_On_Clicking_It" time="181.127" classname="com.qait.hbp.ereader.tests.Settings_Test"/>
  <testcase name="Test0370_Verify_That_Changes_Made_In_Offline_Mode_Are_Reflected_In_Online_Mode" time="34.211" classname="com.qait.hbp.ereader.tests.Settings_Test">
    <error type="java.lang.AssertionError" message="[ASSERT FAILED]: InProper search results displayed on entering search text expected [true] but found [false]">
      <![CDATA[java.lang.AssertionError: [ASSERT FAILED]: InProper search results displayed on entering search text expected [true] but found [false]
	at org.testng.Assert.fail(Assert.java:94)
	at org.testng.Assert.failNotEquals(Assert.java:494)
	at org.testng.Assert.assertTrue(Assert.java:42)
	at com.qait.hbp.ereader.keywords.AnnotationHighlightActions.is_User_Able_To_Enter_Text_In_Search_Notes_Field(AnnotationHighlightActions.java:954)
	at com.qait.hbp.ereader.tests.Settings_Test.Test0370_Verify_That_Changes_Made_In_Offline_Mode_Are_Reflected_In_Online_Mode(Settings_Test.java:491)
	at sun.reflect.NativeMethodAccessorImpl.invoke0(Native Method)
	at sun.reflect.NativeMethodAccessorImpl.invoke(NativeMethodAccessorImpl.java:62)
	at sun.reflect.DelegatingMethodAccessorImpl.invoke(DelegatingMethodAccessorImpl.java:43)
	at java.lang.reflect.Method.invoke(Method.java:498)
	at org.testng.internal.MethodInvocationHelper.invokeMethod(MethodInvocationHelper.java:84)
	at org.testng.internal.Invoker.invokeMethod(Invoker.java:714)
	at org.testng.internal.Invoker.invokeTestMethod(Invoker.java:901)
	at org.testng.internal.Invoker.invokeTestMethods(Invoker.java:1231)
	at org.testng.internal.TestMethodWorker.invokeTestMethods(TestMethodWorker.java:127)
	at org.testng.internal.TestMethodWorker.run(TestMethodWorker.java:111)
	at java.util.concurrent.ThreadPoolExecutor.runWorker(ThreadPoolExecutor.java:1142)
	at java.util.concurrent.ThreadPoolExecutor$Worker.run(ThreadPoolExecutor.java:617)
	at java.lang.Thread.run(Thread.java:745)
]]>
    </error>
  </testcase> <!-- Test0370_Verify_That_Changes_Made_In_Offline_Mode_Are_Reflected_In_Online_Mode -->
  <testcase name="Test0020_Switch_To_the_eReader_Window" time="24.536" classname="com.qait.hbp.ereader.tests.Settings_Test"/>
  <testcase name="Test017_Verify_Modal_Window_Appears_On_Clicking_Hbp_Reader" time="0.275" classname="com.qait.hbp.ereader.tests.Settings_Test"/>
  <testcase name="Test015_Verify_Color_Blindness_Assistance_Option_Is_Displayed" time="0.050" classname="com.qait.hbp.ereader.tests.Settings_Test"/>
  <testcase name="Test0013_Verify_User_Is_Able_To_Navigate_to_eReader_Course" time="16.208" classname="com.qait.hbp.ereader.tests.Settings_Test"/>
  <testcase name="Test0212_Verify_That_On_Increasing_Font_Content_Is_Intact" time="8.082" classname="com.qait.hbp.ereader.tests.Settings_Test"/>
=======
  <testcase name="Test0242_Navigate_Back_To_First_Page" time="0.006" classname="com.qait.hbp.ereader.tests.Settings_Test">
    <failure type="org.openqa.selenium.SessionNotCreatedException" message="A new session could not be created. (Original error: Command failed: C:\Windows\system32\cmd.exe /s /c &quot;C:\Users\garimabhanot\AppData\Local\Android\sdk\platform-tools\adb.exe -s 094c9e7f install &quot;C:\Program Files (x86)\Appium\node_modules\appium\build\unlock_apk\unlock_apk-debug.apk&quot;&quot;
- waiting for device -
) (WARNING: The server did not provide any stacktrace information)
Command duration or timeout: 7.59 seconds
Build info: version: &#039;2.52.0&#039;, revision: &#039;4c2593cfc3689a7fcd7be52549167e5ccc93ad28&#039;, time: &#039;2016-02-11 11:22:43&#039;
System info: host: &#039;DLLA1458&#039;, ip: &#039;10.0.22.184&#039;, os.name: &#039;Windows 8.1&#039;, os.arch: &#039;amd64&#039;, os.version: &#039;6.3&#039;, java.version: &#039;1.8.0_91&#039;
Driver info: io.appium.java_client.android.AndroidDriver">
      <![CDATA[org.openqa.selenium.SessionNotCreatedException: A new session could not be created. (Original error: Command failed: C:\Windows\system32\cmd.exe /s /c "C:\Users\garimabhanot\AppData\Local\Android\sdk\platform-tools\adb.exe -s 094c9e7f install "C:\Program Files (x86)\Appium\node_modules\appium\build\unlock_apk\unlock_apk-debug.apk""
- waiting for device -
) (WARNING: The server did not provide any stacktrace information)
Command duration or timeout: 7.59 seconds
Build info: version: '2.52.0', revision: '4c2593cfc3689a7fcd7be52549167e5ccc93ad28', time: '2016-02-11 11:22:43'
System info: host: 'DLLA1458', ip: '10.0.22.184', os.name: 'Windows 8.1', os.arch: 'amd64', os.version: '6.3', java.version: '1.8.0_91'
Driver info: io.appium.java_client.android.AndroidDriver
	at sun.reflect.NativeConstructorAccessorImpl.newInstance0(Native Method)
	at sun.reflect.NativeConstructorAccessorImpl.newInstance(Unknown Source)
	at sun.reflect.DelegatingConstructorAccessorImpl.newInstance(Unknown Source)
	at java.lang.reflect.Constructor.newInstance(Unknown Source)
	at org.openqa.selenium.remote.ErrorHandler.createThrowable(ErrorHandler.java:206)
	at org.openqa.selenium.remote.ErrorHandler.throwIfResponseFailed(ErrorHandler.java:158)
	at org.openqa.selenium.remote.RemoteWebDriver.execute(RemoteWebDriver.java:678)
	at io.appium.java_client.AppiumDriver.execute(AppiumDriver.java:180)
	at org.openqa.selenium.remote.RemoteWebDriver.startSession(RemoteWebDriver.java:249)
	at org.openqa.selenium.remote.RemoteWebDriver.<init>(RemoteWebDriver.java:131)
	at org.openqa.selenium.remote.RemoteWebDriver.<init>(RemoteWebDriver.java:158)
	at io.appium.java_client.AppiumDriver.<init>(AppiumDriver.java:109)
	at io.appium.java_client.android.AndroidDriver.<init>(AndroidDriver.java:39)
	at com.qait.hbp.automation.WebDriverFactory.setMobileDriver(WebDriverFactory.java:182)
	at com.qait.hbp.automation.WebDriverFactory.getDriver(WebDriverFactory.java:70)
	at com.qait.hbp.automation.TestSessionInitiator._configureBrowser(TestSessionInitiator.java:158)
	at com.qait.hbp.automation.TestSessionInitiator.testInitiator(TestSessionInitiator.java:152)
	at com.qait.hbp.automation.TestSessionInitiator.<init>(TestSessionInitiator.java:145)
	at com.qait.hbp.ereader.tests.Settings_Test.start_test_session(Settings_Test.java:32)
	at sun.reflect.NativeMethodAccessorImpl.invoke0(Native Method)
	at sun.reflect.NativeMethodAccessorImpl.invoke(Unknown Source)
	at sun.reflect.DelegatingMethodAccessorImpl.invoke(Unknown Source)
	at java.lang.reflect.Method.invoke(Unknown Source)
	at org.testng.internal.MethodInvocationHelper.invokeMethod(MethodInvocationHelper.java:84)
	at org.testng.internal.Invoker.invokeConfigurationMethod(Invoker.java:564)
	at org.testng.internal.Invoker.invokeConfigurations(Invoker.java:213)
	at org.testng.internal.Invoker.invokeConfigurations(Invoker.java:138)
	at org.testng.internal.TestMethodWorker.invokeBeforeClassMethods(TestMethodWorker.java:175)
	at org.testng.internal.TestMethodWorker.run(TestMethodWorker.java:107)
	at org.testng.TestRunner.privateRun(TestRunner.java:767)
	at org.testng.TestRunner.run(TestRunner.java:617)
	at org.testng.SuiteRunner.runTest(SuiteRunner.java:334)
	at org.testng.SuiteRunner.runSequentially(SuiteRunner.java:329)
	at org.testng.SuiteRunner.privateRun(SuiteRunner.java:291)
	at org.testng.SuiteRunner.run(SuiteRunner.java:240)
	at org.testng.SuiteRunnerWorker.runSuite(SuiteRunnerWorker.java:52)
	at org.testng.SuiteRunnerWorker.run(SuiteRunnerWorker.java:86)
	at org.testng.TestNG.runSuitesSequentially(TestNG.java:1224)
	at org.testng.TestNG.runSuitesLocally(TestNG.java:1149)
	at org.testng.TestNG.run(TestNG.java:1057)
	at org.testng.remote.AbstractRemoteTestNG.run(AbstractRemoteTestNG.java:126)
	at org.testng.remote.RemoteTestNG.initAndRun(RemoteTestNG.java:137)
	at org.testng.remote.RemoteTestNG.main(RemoteTestNG.java:58)
]]>
    </failure>
  </testcase> <!-- Test0242_Navigate_Back_To_First_Page -->
  <testcase name="Test017_Verify_Modal_Window_Appears_On_Clicking_Hbp_Reader" time="0.006" classname="com.qait.hbp.ereader.tests.Settings_Test">
    <failure type="org.openqa.selenium.SessionNotCreatedException" message="A new session could not be created. (Original error: Command failed: C:\Windows\system32\cmd.exe /s /c &quot;C:\Users\garimabhanot\AppData\Local\Android\sdk\platform-tools\adb.exe -s 094c9e7f install &quot;C:\Program Files (x86)\Appium\node_modules\appium\build\unlock_apk\unlock_apk-debug.apk&quot;&quot;
- waiting for device -
) (WARNING: The server did not provide any stacktrace information)
Command duration or timeout: 7.59 seconds
Build info: version: &#039;2.52.0&#039;, revision: &#039;4c2593cfc3689a7fcd7be52549167e5ccc93ad28&#039;, time: &#039;2016-02-11 11:22:43&#039;
System info: host: &#039;DLLA1458&#039;, ip: &#039;10.0.22.184&#039;, os.name: &#039;Windows 8.1&#039;, os.arch: &#039;amd64&#039;, os.version: &#039;6.3&#039;, java.version: &#039;1.8.0_91&#039;
Driver info: io.appium.java_client.android.AndroidDriver">
      <![CDATA[org.openqa.selenium.SessionNotCreatedException: A new session could not be created. (Original error: Command failed: C:\Windows\system32\cmd.exe /s /c "C:\Users\garimabhanot\AppData\Local\Android\sdk\platform-tools\adb.exe -s 094c9e7f install "C:\Program Files (x86)\Appium\node_modules\appium\build\unlock_apk\unlock_apk-debug.apk""
- waiting for device -
) (WARNING: The server did not provide any stacktrace information)
Command duration or timeout: 7.59 seconds
Build info: version: '2.52.0', revision: '4c2593cfc3689a7fcd7be52549167e5ccc93ad28', time: '2016-02-11 11:22:43'
System info: host: 'DLLA1458', ip: '10.0.22.184', os.name: 'Windows 8.1', os.arch: 'amd64', os.version: '6.3', java.version: '1.8.0_91'
Driver info: io.appium.java_client.android.AndroidDriver
	at sun.reflect.NativeConstructorAccessorImpl.newInstance0(Native Method)
	at sun.reflect.NativeConstructorAccessorImpl.newInstance(Unknown Source)
	at sun.reflect.DelegatingConstructorAccessorImpl.newInstance(Unknown Source)
	at java.lang.reflect.Constructor.newInstance(Unknown Source)
	at org.openqa.selenium.remote.ErrorHandler.createThrowable(ErrorHandler.java:206)
	at org.openqa.selenium.remote.ErrorHandler.throwIfResponseFailed(ErrorHandler.java:158)
	at org.openqa.selenium.remote.RemoteWebDriver.execute(RemoteWebDriver.java:678)
	at io.appium.java_client.AppiumDriver.execute(AppiumDriver.java:180)
	at org.openqa.selenium.remote.RemoteWebDriver.startSession(RemoteWebDriver.java:249)
	at org.openqa.selenium.remote.RemoteWebDriver.<init>(RemoteWebDriver.java:131)
	at org.openqa.selenium.remote.RemoteWebDriver.<init>(RemoteWebDriver.java:158)
	at io.appium.java_client.AppiumDriver.<init>(AppiumDriver.java:109)
	at io.appium.java_client.android.AndroidDriver.<init>(AndroidDriver.java:39)
	at com.qait.hbp.automation.WebDriverFactory.setMobileDriver(WebDriverFactory.java:182)
	at com.qait.hbp.automation.WebDriverFactory.getDriver(WebDriverFactory.java:70)
	at com.qait.hbp.automation.TestSessionInitiator._configureBrowser(TestSessionInitiator.java:158)
	at com.qait.hbp.automation.TestSessionInitiator.testInitiator(TestSessionInitiator.java:152)
	at com.qait.hbp.automation.TestSessionInitiator.<init>(TestSessionInitiator.java:145)
	at com.qait.hbp.ereader.tests.Settings_Test.start_test_session(Settings_Test.java:32)
	at sun.reflect.NativeMethodAccessorImpl.invoke0(Native Method)
	at sun.reflect.NativeMethodAccessorImpl.invoke(Unknown Source)
	at sun.reflect.DelegatingMethodAccessorImpl.invoke(Unknown Source)
	at java.lang.reflect.Method.invoke(Unknown Source)
	at org.testng.internal.MethodInvocationHelper.invokeMethod(MethodInvocationHelper.java:84)
	at org.testng.internal.Invoker.invokeConfigurationMethod(Invoker.java:564)
	at org.testng.internal.Invoker.invokeConfigurations(Invoker.java:213)
	at org.testng.internal.Invoker.invokeConfigurations(Invoker.java:138)
	at org.testng.internal.TestMethodWorker.invokeBeforeClassMethods(TestMethodWorker.java:175)
	at org.testng.internal.TestMethodWorker.run(TestMethodWorker.java:107)
	at org.testng.TestRunner.privateRun(TestRunner.java:767)
	at org.testng.TestRunner.run(TestRunner.java:617)
	at org.testng.SuiteRunner.runTest(SuiteRunner.java:334)
	at org.testng.SuiteRunner.runSequentially(SuiteRunner.java:329)
	at org.testng.SuiteRunner.privateRun(SuiteRunner.java:291)
	at org.testng.SuiteRunner.run(SuiteRunner.java:240)
	at org.testng.SuiteRunnerWorker.runSuite(SuiteRunnerWorker.java:52)
	at org.testng.SuiteRunnerWorker.run(SuiteRunnerWorker.java:86)
	at org.testng.TestNG.runSuitesSequentially(TestNG.java:1224)
	at org.testng.TestNG.runSuitesLocally(TestNG.java:1149)
	at org.testng.TestNG.run(TestNG.java:1057)
	at org.testng.remote.AbstractRemoteTestNG.run(AbstractRemoteTestNG.java:126)
	at org.testng.remote.RemoteTestNG.initAndRun(RemoteTestNG.java:137)
	at org.testng.remote.RemoteTestNG.main(RemoteTestNG.java:58)
]]>
    </failure>
  </testcase> <!-- Test017_Verify_Modal_Window_Appears_On_Clicking_Hbp_Reader -->
  <testcase name="Test026_Click_Back_Button_For_Handheld" time="0.005" classname="com.qait.hbp.ereader.tests.Settings_Test">
    <failure type="org.openqa.selenium.SessionNotCreatedException" message="A new session could not be created. (Original error: Command failed: C:\Windows\system32\cmd.exe /s /c &quot;C:\Users\garimabhanot\AppData\Local\Android\sdk\platform-tools\adb.exe -s 094c9e7f install &quot;C:\Program Files (x86)\Appium\node_modules\appium\build\unlock_apk\unlock_apk-debug.apk&quot;&quot;
- waiting for device -
) (WARNING: The server did not provide any stacktrace information)
Command duration or timeout: 7.59 seconds
Build info: version: &#039;2.52.0&#039;, revision: &#039;4c2593cfc3689a7fcd7be52549167e5ccc93ad28&#039;, time: &#039;2016-02-11 11:22:43&#039;
System info: host: &#039;DLLA1458&#039;, ip: &#039;10.0.22.184&#039;, os.name: &#039;Windows 8.1&#039;, os.arch: &#039;amd64&#039;, os.version: &#039;6.3&#039;, java.version: &#039;1.8.0_91&#039;
Driver info: io.appium.java_client.android.AndroidDriver">
      <![CDATA[org.openqa.selenium.SessionNotCreatedException: A new session could not be created. (Original error: Command failed: C:\Windows\system32\cmd.exe /s /c "C:\Users\garimabhanot\AppData\Local\Android\sdk\platform-tools\adb.exe -s 094c9e7f install "C:\Program Files (x86)\Appium\node_modules\appium\build\unlock_apk\unlock_apk-debug.apk""
- waiting for device -
) (WARNING: The server did not provide any stacktrace information)
Command duration or timeout: 7.59 seconds
Build info: version: '2.52.0', revision: '4c2593cfc3689a7fcd7be52549167e5ccc93ad28', time: '2016-02-11 11:22:43'
System info: host: 'DLLA1458', ip: '10.0.22.184', os.name: 'Windows 8.1', os.arch: 'amd64', os.version: '6.3', java.version: '1.8.0_91'
Driver info: io.appium.java_client.android.AndroidDriver
	at sun.reflect.NativeConstructorAccessorImpl.newInstance0(Native Method)
	at sun.reflect.NativeConstructorAccessorImpl.newInstance(Unknown Source)
	at sun.reflect.DelegatingConstructorAccessorImpl.newInstance(Unknown Source)
	at java.lang.reflect.Constructor.newInstance(Unknown Source)
	at org.openqa.selenium.remote.ErrorHandler.createThrowable(ErrorHandler.java:206)
	at org.openqa.selenium.remote.ErrorHandler.throwIfResponseFailed(ErrorHandler.java:158)
	at org.openqa.selenium.remote.RemoteWebDriver.execute(RemoteWebDriver.java:678)
	at io.appium.java_client.AppiumDriver.execute(AppiumDriver.java:180)
	at org.openqa.selenium.remote.RemoteWebDriver.startSession(RemoteWebDriver.java:249)
	at org.openqa.selenium.remote.RemoteWebDriver.<init>(RemoteWebDriver.java:131)
	at org.openqa.selenium.remote.RemoteWebDriver.<init>(RemoteWebDriver.java:158)
	at io.appium.java_client.AppiumDriver.<init>(AppiumDriver.java:109)
	at io.appium.java_client.android.AndroidDriver.<init>(AndroidDriver.java:39)
	at com.qait.hbp.automation.WebDriverFactory.setMobileDriver(WebDriverFactory.java:182)
	at com.qait.hbp.automation.WebDriverFactory.getDriver(WebDriverFactory.java:70)
	at com.qait.hbp.automation.TestSessionInitiator._configureBrowser(TestSessionInitiator.java:158)
	at com.qait.hbp.automation.TestSessionInitiator.testInitiator(TestSessionInitiator.java:152)
	at com.qait.hbp.automation.TestSessionInitiator.<init>(TestSessionInitiator.java:145)
	at com.qait.hbp.ereader.tests.Settings_Test.start_test_session(Settings_Test.java:32)
	at sun.reflect.NativeMethodAccessorImpl.invoke0(Native Method)
	at sun.reflect.NativeMethodAccessorImpl.invoke(Unknown Source)
	at sun.reflect.DelegatingMethodAccessorImpl.invoke(Unknown Source)
	at java.lang.reflect.Method.invoke(Unknown Source)
	at org.testng.internal.MethodInvocationHelper.invokeMethod(MethodInvocationHelper.java:84)
	at org.testng.internal.Invoker.invokeConfigurationMethod(Invoker.java:564)
	at org.testng.internal.Invoker.invokeConfigurations(Invoker.java:213)
	at org.testng.internal.Invoker.invokeConfigurations(Invoker.java:138)
	at org.testng.internal.TestMethodWorker.invokeBeforeClassMethods(TestMethodWorker.java:175)
	at org.testng.internal.TestMethodWorker.run(TestMethodWorker.java:107)
	at org.testng.TestRunner.privateRun(TestRunner.java:767)
	at org.testng.TestRunner.run(TestRunner.java:617)
	at org.testng.SuiteRunner.runTest(SuiteRunner.java:334)
	at org.testng.SuiteRunner.runSequentially(SuiteRunner.java:329)
	at org.testng.SuiteRunner.privateRun(SuiteRunner.java:291)
	at org.testng.SuiteRunner.run(SuiteRunner.java:240)
	at org.testng.SuiteRunnerWorker.runSuite(SuiteRunnerWorker.java:52)
	at org.testng.SuiteRunnerWorker.run(SuiteRunnerWorker.java:86)
	at org.testng.TestNG.runSuitesSequentially(TestNG.java:1224)
	at org.testng.TestNG.runSuitesLocally(TestNG.java:1149)
	at org.testng.TestNG.run(TestNG.java:1057)
	at org.testng.remote.AbstractRemoteTestNG.run(AbstractRemoteTestNG.java:126)
	at org.testng.remote.RemoteTestNG.initAndRun(RemoteTestNG.java:137)
	at org.testng.remote.RemoteTestNG.main(RemoteTestNG.java:58)
]]>
    </failure>
  </testcase> <!-- Test026_Click_Back_Button_For_Handheld -->
  <testcase name="Test0022_Verify_Refresh_Sync_Icon_Spins_On_Clicking_It" time="0.003" classname="com.qait.hbp.ereader.tests.Settings_Test">
    <failure type="org.openqa.selenium.SessionNotCreatedException" message="A new session could not be created. (Original error: Command failed: C:\Windows\system32\cmd.exe /s /c &quot;C:\Users\garimabhanot\AppData\Local\Android\sdk\platform-tools\adb.exe -s 094c9e7f install &quot;C:\Program Files (x86)\Appium\node_modules\appium\build\unlock_apk\unlock_apk-debug.apk&quot;&quot;
- waiting for device -
) (WARNING: The server did not provide any stacktrace information)
Command duration or timeout: 7.59 seconds
Build info: version: &#039;2.52.0&#039;, revision: &#039;4c2593cfc3689a7fcd7be52549167e5ccc93ad28&#039;, time: &#039;2016-02-11 11:22:43&#039;
System info: host: &#039;DLLA1458&#039;, ip: &#039;10.0.22.184&#039;, os.name: &#039;Windows 8.1&#039;, os.arch: &#039;amd64&#039;, os.version: &#039;6.3&#039;, java.version: &#039;1.8.0_91&#039;
Driver info: io.appium.java_client.android.AndroidDriver">
      <![CDATA[org.openqa.selenium.SessionNotCreatedException: A new session could not be created. (Original error: Command failed: C:\Windows\system32\cmd.exe /s /c "C:\Users\garimabhanot\AppData\Local\Android\sdk\platform-tools\adb.exe -s 094c9e7f install "C:\Program Files (x86)\Appium\node_modules\appium\build\unlock_apk\unlock_apk-debug.apk""
- waiting for device -
) (WARNING: The server did not provide any stacktrace information)
Command duration or timeout: 7.59 seconds
Build info: version: '2.52.0', revision: '4c2593cfc3689a7fcd7be52549167e5ccc93ad28', time: '2016-02-11 11:22:43'
System info: host: 'DLLA1458', ip: '10.0.22.184', os.name: 'Windows 8.1', os.arch: 'amd64', os.version: '6.3', java.version: '1.8.0_91'
Driver info: io.appium.java_client.android.AndroidDriver
	at sun.reflect.NativeConstructorAccessorImpl.newInstance0(Native Method)
	at sun.reflect.NativeConstructorAccessorImpl.newInstance(Unknown Source)
	at sun.reflect.DelegatingConstructorAccessorImpl.newInstance(Unknown Source)
	at java.lang.reflect.Constructor.newInstance(Unknown Source)
	at org.openqa.selenium.remote.ErrorHandler.createThrowable(ErrorHandler.java:206)
	at org.openqa.selenium.remote.ErrorHandler.throwIfResponseFailed(ErrorHandler.java:158)
	at org.openqa.selenium.remote.RemoteWebDriver.execute(RemoteWebDriver.java:678)
	at io.appium.java_client.AppiumDriver.execute(AppiumDriver.java:180)
	at org.openqa.selenium.remote.RemoteWebDriver.startSession(RemoteWebDriver.java:249)
	at org.openqa.selenium.remote.RemoteWebDriver.<init>(RemoteWebDriver.java:131)
	at org.openqa.selenium.remote.RemoteWebDriver.<init>(RemoteWebDriver.java:158)
	at io.appium.java_client.AppiumDriver.<init>(AppiumDriver.java:109)
	at io.appium.java_client.android.AndroidDriver.<init>(AndroidDriver.java:39)
	at com.qait.hbp.automation.WebDriverFactory.setMobileDriver(WebDriverFactory.java:182)
	at com.qait.hbp.automation.WebDriverFactory.getDriver(WebDriverFactory.java:70)
	at com.qait.hbp.automation.TestSessionInitiator._configureBrowser(TestSessionInitiator.java:158)
	at com.qait.hbp.automation.TestSessionInitiator.testInitiator(TestSessionInitiator.java:152)
	at com.qait.hbp.automation.TestSessionInitiator.<init>(TestSessionInitiator.java:145)
	at com.qait.hbp.ereader.tests.Settings_Test.start_test_session(Settings_Test.java:32)
	at sun.reflect.NativeMethodAccessorImpl.invoke0(Native Method)
	at sun.reflect.NativeMethodAccessorImpl.invoke(Unknown Source)
	at sun.reflect.DelegatingMethodAccessorImpl.invoke(Unknown Source)
	at java.lang.reflect.Method.invoke(Unknown Source)
	at org.testng.internal.MethodInvocationHelper.invokeMethod(MethodInvocationHelper.java:84)
	at org.testng.internal.Invoker.invokeConfigurationMethod(Invoker.java:564)
	at org.testng.internal.Invoker.invokeConfigurations(Invoker.java:213)
	at org.testng.internal.Invoker.invokeConfigurations(Invoker.java:138)
	at org.testng.internal.TestMethodWorker.invokeBeforeClassMethods(TestMethodWorker.java:175)
	at org.testng.internal.TestMethodWorker.run(TestMethodWorker.java:107)
	at org.testng.TestRunner.privateRun(TestRunner.java:767)
	at org.testng.TestRunner.run(TestRunner.java:617)
	at org.testng.SuiteRunner.runTest(SuiteRunner.java:334)
	at org.testng.SuiteRunner.runSequentially(SuiteRunner.java:329)
	at org.testng.SuiteRunner.privateRun(SuiteRunner.java:291)
	at org.testng.SuiteRunner.run(SuiteRunner.java:240)
	at org.testng.SuiteRunnerWorker.runSuite(SuiteRunnerWorker.java:52)
	at org.testng.SuiteRunnerWorker.run(SuiteRunnerWorker.java:86)
	at org.testng.TestNG.runSuitesSequentially(TestNG.java:1224)
	at org.testng.TestNG.runSuitesLocally(TestNG.java:1149)
	at org.testng.TestNG.run(TestNG.java:1057)
	at org.testng.remote.AbstractRemoteTestNG.run(AbstractRemoteTestNG.java:126)
	at org.testng.remote.RemoteTestNG.initAndRun(RemoteTestNG.java:137)
	at org.testng.remote.RemoteTestNG.main(RemoteTestNG.java:58)
]]>
    </failure>
  </testcase> <!-- Test0022_Verify_Refresh_Sync_Icon_Spins_On_Clicking_It -->
  <testcase name="Test0240_Verify_User_Is_Able_To_Highlight_Paragraph" time="0.004" classname="com.qait.hbp.ereader.tests.Settings_Test">
    <failure type="org.openqa.selenium.SessionNotCreatedException" message="A new session could not be created. (Original error: Command failed: C:\Windows\system32\cmd.exe /s /c &quot;C:\Users\garimabhanot\AppData\Local\Android\sdk\platform-tools\adb.exe -s 094c9e7f install &quot;C:\Program Files (x86)\Appium\node_modules\appium\build\unlock_apk\unlock_apk-debug.apk&quot;&quot;
- waiting for device -
) (WARNING: The server did not provide any stacktrace information)
Command duration or timeout: 7.59 seconds
Build info: version: &#039;2.52.0&#039;, revision: &#039;4c2593cfc3689a7fcd7be52549167e5ccc93ad28&#039;, time: &#039;2016-02-11 11:22:43&#039;
System info: host: &#039;DLLA1458&#039;, ip: &#039;10.0.22.184&#039;, os.name: &#039;Windows 8.1&#039;, os.arch: &#039;amd64&#039;, os.version: &#039;6.3&#039;, java.version: &#039;1.8.0_91&#039;
Driver info: io.appium.java_client.android.AndroidDriver">
      <![CDATA[org.openqa.selenium.SessionNotCreatedException: A new session could not be created. (Original error: Command failed: C:\Windows\system32\cmd.exe /s /c "C:\Users\garimabhanot\AppData\Local\Android\sdk\platform-tools\adb.exe -s 094c9e7f install "C:\Program Files (x86)\Appium\node_modules\appium\build\unlock_apk\unlock_apk-debug.apk""
- waiting for device -
) (WARNING: The server did not provide any stacktrace information)
Command duration or timeout: 7.59 seconds
Build info: version: '2.52.0', revision: '4c2593cfc3689a7fcd7be52549167e5ccc93ad28', time: '2016-02-11 11:22:43'
System info: host: 'DLLA1458', ip: '10.0.22.184', os.name: 'Windows 8.1', os.arch: 'amd64', os.version: '6.3', java.version: '1.8.0_91'
Driver info: io.appium.java_client.android.AndroidDriver
	at sun.reflect.NativeConstructorAccessorImpl.newInstance0(Native Method)
	at sun.reflect.NativeConstructorAccessorImpl.newInstance(Unknown Source)
	at sun.reflect.DelegatingConstructorAccessorImpl.newInstance(Unknown Source)
	at java.lang.reflect.Constructor.newInstance(Unknown Source)
	at org.openqa.selenium.remote.ErrorHandler.createThrowable(ErrorHandler.java:206)
	at org.openqa.selenium.remote.ErrorHandler.throwIfResponseFailed(ErrorHandler.java:158)
	at org.openqa.selenium.remote.RemoteWebDriver.execute(RemoteWebDriver.java:678)
	at io.appium.java_client.AppiumDriver.execute(AppiumDriver.java:180)
	at org.openqa.selenium.remote.RemoteWebDriver.startSession(RemoteWebDriver.java:249)
	at org.openqa.selenium.remote.RemoteWebDriver.<init>(RemoteWebDriver.java:131)
	at org.openqa.selenium.remote.RemoteWebDriver.<init>(RemoteWebDriver.java:158)
	at io.appium.java_client.AppiumDriver.<init>(AppiumDriver.java:109)
	at io.appium.java_client.android.AndroidDriver.<init>(AndroidDriver.java:39)
	at com.qait.hbp.automation.WebDriverFactory.setMobileDriver(WebDriverFactory.java:182)
	at com.qait.hbp.automation.WebDriverFactory.getDriver(WebDriverFactory.java:70)
	at com.qait.hbp.automation.TestSessionInitiator._configureBrowser(TestSessionInitiator.java:158)
	at com.qait.hbp.automation.TestSessionInitiator.testInitiator(TestSessionInitiator.java:152)
	at com.qait.hbp.automation.TestSessionInitiator.<init>(TestSessionInitiator.java:145)
	at com.qait.hbp.ereader.tests.Settings_Test.start_test_session(Settings_Test.java:32)
	at sun.reflect.NativeMethodAccessorImpl.invoke0(Native Method)
	at sun.reflect.NativeMethodAccessorImpl.invoke(Unknown Source)
	at sun.reflect.DelegatingMethodAccessorImpl.invoke(Unknown Source)
	at java.lang.reflect.Method.invoke(Unknown Source)
	at org.testng.internal.MethodInvocationHelper.invokeMethod(MethodInvocationHelper.java:84)
	at org.testng.internal.Invoker.invokeConfigurationMethod(Invoker.java:564)
	at org.testng.internal.Invoker.invokeConfigurations(Invoker.java:213)
	at org.testng.internal.Invoker.invokeConfigurations(Invoker.java:138)
	at org.testng.internal.TestMethodWorker.invokeBeforeClassMethods(TestMethodWorker.java:175)
	at org.testng.internal.TestMethodWorker.run(TestMethodWorker.java:107)
	at org.testng.TestRunner.privateRun(TestRunner.java:767)
	at org.testng.TestRunner.run(TestRunner.java:617)
	at org.testng.SuiteRunner.runTest(SuiteRunner.java:334)
	at org.testng.SuiteRunner.runSequentially(SuiteRunner.java:329)
	at org.testng.SuiteRunner.privateRun(SuiteRunner.java:291)
	at org.testng.SuiteRunner.run(SuiteRunner.java:240)
	at org.testng.SuiteRunnerWorker.runSuite(SuiteRunnerWorker.java:52)
	at org.testng.SuiteRunnerWorker.run(SuiteRunnerWorker.java:86)
	at org.testng.TestNG.runSuitesSequentially(TestNG.java:1224)
	at org.testng.TestNG.runSuitesLocally(TestNG.java:1149)
	at org.testng.TestNG.run(TestNG.java:1057)
	at org.testng.remote.AbstractRemoteTestNG.run(AbstractRemoteTestNG.java:126)
	at org.testng.remote.RemoteTestNG.initAndRun(RemoteTestNG.java:137)
	at org.testng.remote.RemoteTestNG.main(RemoteTestNG.java:58)
]]>
    </failure>
  </testcase> <!-- Test0240_Verify_User_Is_Able_To_Highlight_Paragraph -->
  <testcase name="Test005_Verify_User_Is_Able_To_Highlight_Paragraph" time="0.003" classname="com.qait.hbp.ereader.tests.Settings_Test">
    <failure type="org.openqa.selenium.SessionNotCreatedException" message="A new session could not be created. (Original error: Command failed: C:\Windows\system32\cmd.exe /s /c &quot;C:\Users\garimabhanot\AppData\Local\Android\sdk\platform-tools\adb.exe -s 094c9e7f install &quot;C:\Program Files (x86)\Appium\node_modules\appium\build\unlock_apk\unlock_apk-debug.apk&quot;&quot;
- waiting for device -
) (WARNING: The server did not provide any stacktrace information)
Command duration or timeout: 7.59 seconds
Build info: version: &#039;2.52.0&#039;, revision: &#039;4c2593cfc3689a7fcd7be52549167e5ccc93ad28&#039;, time: &#039;2016-02-11 11:22:43&#039;
System info: host: &#039;DLLA1458&#039;, ip: &#039;10.0.22.184&#039;, os.name: &#039;Windows 8.1&#039;, os.arch: &#039;amd64&#039;, os.version: &#039;6.3&#039;, java.version: &#039;1.8.0_91&#039;
Driver info: io.appium.java_client.android.AndroidDriver">
      <![CDATA[org.openqa.selenium.SessionNotCreatedException: A new session could not be created. (Original error: Command failed: C:\Windows\system32\cmd.exe /s /c "C:\Users\garimabhanot\AppData\Local\Android\sdk\platform-tools\adb.exe -s 094c9e7f install "C:\Program Files (x86)\Appium\node_modules\appium\build\unlock_apk\unlock_apk-debug.apk""
- waiting for device -
) (WARNING: The server did not provide any stacktrace information)
Command duration or timeout: 7.59 seconds
Build info: version: '2.52.0', revision: '4c2593cfc3689a7fcd7be52549167e5ccc93ad28', time: '2016-02-11 11:22:43'
System info: host: 'DLLA1458', ip: '10.0.22.184', os.name: 'Windows 8.1', os.arch: 'amd64', os.version: '6.3', java.version: '1.8.0_91'
Driver info: io.appium.java_client.android.AndroidDriver
	at sun.reflect.NativeConstructorAccessorImpl.newInstance0(Native Method)
	at sun.reflect.NativeConstructorAccessorImpl.newInstance(Unknown Source)
	at sun.reflect.DelegatingConstructorAccessorImpl.newInstance(Unknown Source)
	at java.lang.reflect.Constructor.newInstance(Unknown Source)
	at org.openqa.selenium.remote.ErrorHandler.createThrowable(ErrorHandler.java:206)
	at org.openqa.selenium.remote.ErrorHandler.throwIfResponseFailed(ErrorHandler.java:158)
	at org.openqa.selenium.remote.RemoteWebDriver.execute(RemoteWebDriver.java:678)
	at io.appium.java_client.AppiumDriver.execute(AppiumDriver.java:180)
	at org.openqa.selenium.remote.RemoteWebDriver.startSession(RemoteWebDriver.java:249)
	at org.openqa.selenium.remote.RemoteWebDriver.<init>(RemoteWebDriver.java:131)
	at org.openqa.selenium.remote.RemoteWebDriver.<init>(RemoteWebDriver.java:158)
	at io.appium.java_client.AppiumDriver.<init>(AppiumDriver.java:109)
	at io.appium.java_client.android.AndroidDriver.<init>(AndroidDriver.java:39)
	at com.qait.hbp.automation.WebDriverFactory.setMobileDriver(WebDriverFactory.java:182)
	at com.qait.hbp.automation.WebDriverFactory.getDriver(WebDriverFactory.java:70)
	at com.qait.hbp.automation.TestSessionInitiator._configureBrowser(TestSessionInitiator.java:158)
	at com.qait.hbp.automation.TestSessionInitiator.testInitiator(TestSessionInitiator.java:152)
	at com.qait.hbp.automation.TestSessionInitiator.<init>(TestSessionInitiator.java:145)
	at com.qait.hbp.ereader.tests.Settings_Test.start_test_session(Settings_Test.java:32)
	at sun.reflect.NativeMethodAccessorImpl.invoke0(Native Method)
	at sun.reflect.NativeMethodAccessorImpl.invoke(Unknown Source)
	at sun.reflect.DelegatingMethodAccessorImpl.invoke(Unknown Source)
	at java.lang.reflect.Method.invoke(Unknown Source)
	at org.testng.internal.MethodInvocationHelper.invokeMethod(MethodInvocationHelper.java:84)
	at org.testng.internal.Invoker.invokeConfigurationMethod(Invoker.java:564)
	at org.testng.internal.Invoker.invokeConfigurations(Invoker.java:213)
	at org.testng.internal.Invoker.invokeConfigurations(Invoker.java:138)
	at org.testng.internal.TestMethodWorker.invokeBeforeClassMethods(TestMethodWorker.java:175)
	at org.testng.internal.TestMethodWorker.run(TestMethodWorker.java:107)
	at org.testng.TestRunner.privateRun(TestRunner.java:767)
	at org.testng.TestRunner.run(TestRunner.java:617)
	at org.testng.SuiteRunner.runTest(SuiteRunner.java:334)
	at org.testng.SuiteRunner.runSequentially(SuiteRunner.java:329)
	at org.testng.SuiteRunner.privateRun(SuiteRunner.java:291)
	at org.testng.SuiteRunner.run(SuiteRunner.java:240)
	at org.testng.SuiteRunnerWorker.runSuite(SuiteRunnerWorker.java:52)
	at org.testng.SuiteRunnerWorker.run(SuiteRunnerWorker.java:86)
	at org.testng.TestNG.runSuitesSequentially(TestNG.java:1224)
	at org.testng.TestNG.runSuitesLocally(TestNG.java:1149)
	at org.testng.TestNG.run(TestNG.java:1057)
	at org.testng.remote.AbstractRemoteTestNG.run(AbstractRemoteTestNG.java:126)
	at org.testng.remote.RemoteTestNG.initAndRun(RemoteTestNG.java:137)
	at org.testng.remote.RemoteTestNG.main(RemoteTestNG.java:58)
]]>
    </failure>
  </testcase> <!-- Test005_Verify_User_Is_Able_To_Highlight_Paragraph -->
  <testcase name="Test008_Verify_User_Is_Able_To_Add_Notes_To_Notes_Card_Using_Notepad_Icon" time="0.006" classname="com.qait.hbp.ereader.tests.Settings_Test">
    <failure type="org.openqa.selenium.SessionNotCreatedException" message="A new session could not be created. (Original error: Command failed: C:\Windows\system32\cmd.exe /s /c &quot;C:\Users\garimabhanot\AppData\Local\Android\sdk\platform-tools\adb.exe -s 094c9e7f install &quot;C:\Program Files (x86)\Appium\node_modules\appium\build\unlock_apk\unlock_apk-debug.apk&quot;&quot;
- waiting for device -
) (WARNING: The server did not provide any stacktrace information)
Command duration or timeout: 7.59 seconds
Build info: version: &#039;2.52.0&#039;, revision: &#039;4c2593cfc3689a7fcd7be52549167e5ccc93ad28&#039;, time: &#039;2016-02-11 11:22:43&#039;
System info: host: &#039;DLLA1458&#039;, ip: &#039;10.0.22.184&#039;, os.name: &#039;Windows 8.1&#039;, os.arch: &#039;amd64&#039;, os.version: &#039;6.3&#039;, java.version: &#039;1.8.0_91&#039;
Driver info: io.appium.java_client.android.AndroidDriver">
      <![CDATA[org.openqa.selenium.SessionNotCreatedException: A new session could not be created. (Original error: Command failed: C:\Windows\system32\cmd.exe /s /c "C:\Users\garimabhanot\AppData\Local\Android\sdk\platform-tools\adb.exe -s 094c9e7f install "C:\Program Files (x86)\Appium\node_modules\appium\build\unlock_apk\unlock_apk-debug.apk""
- waiting for device -
) (WARNING: The server did not provide any stacktrace information)
Command duration or timeout: 7.59 seconds
Build info: version: '2.52.0', revision: '4c2593cfc3689a7fcd7be52549167e5ccc93ad28', time: '2016-02-11 11:22:43'
System info: host: 'DLLA1458', ip: '10.0.22.184', os.name: 'Windows 8.1', os.arch: 'amd64', os.version: '6.3', java.version: '1.8.0_91'
Driver info: io.appium.java_client.android.AndroidDriver
	at sun.reflect.NativeConstructorAccessorImpl.newInstance0(Native Method)
	at sun.reflect.NativeConstructorAccessorImpl.newInstance(Unknown Source)
	at sun.reflect.DelegatingConstructorAccessorImpl.newInstance(Unknown Source)
	at java.lang.reflect.Constructor.newInstance(Unknown Source)
	at org.openqa.selenium.remote.ErrorHandler.createThrowable(ErrorHandler.java:206)
	at org.openqa.selenium.remote.ErrorHandler.throwIfResponseFailed(ErrorHandler.java:158)
	at org.openqa.selenium.remote.RemoteWebDriver.execute(RemoteWebDriver.java:678)
	at io.appium.java_client.AppiumDriver.execute(AppiumDriver.java:180)
	at org.openqa.selenium.remote.RemoteWebDriver.startSession(RemoteWebDriver.java:249)
	at org.openqa.selenium.remote.RemoteWebDriver.<init>(RemoteWebDriver.java:131)
	at org.openqa.selenium.remote.RemoteWebDriver.<init>(RemoteWebDriver.java:158)
	at io.appium.java_client.AppiumDriver.<init>(AppiumDriver.java:109)
	at io.appium.java_client.android.AndroidDriver.<init>(AndroidDriver.java:39)
	at com.qait.hbp.automation.WebDriverFactory.setMobileDriver(WebDriverFactory.java:182)
	at com.qait.hbp.automation.WebDriverFactory.getDriver(WebDriverFactory.java:70)
	at com.qait.hbp.automation.TestSessionInitiator._configureBrowser(TestSessionInitiator.java:158)
	at com.qait.hbp.automation.TestSessionInitiator.testInitiator(TestSessionInitiator.java:152)
	at com.qait.hbp.automation.TestSessionInitiator.<init>(TestSessionInitiator.java:145)
	at com.qait.hbp.ereader.tests.Settings_Test.start_test_session(Settings_Test.java:32)
	at sun.reflect.NativeMethodAccessorImpl.invoke0(Native Method)
	at sun.reflect.NativeMethodAccessorImpl.invoke(Unknown Source)
	at sun.reflect.DelegatingMethodAccessorImpl.invoke(Unknown Source)
	at java.lang.reflect.Method.invoke(Unknown Source)
	at org.testng.internal.MethodInvocationHelper.invokeMethod(MethodInvocationHelper.java:84)
	at org.testng.internal.Invoker.invokeConfigurationMethod(Invoker.java:564)
	at org.testng.internal.Invoker.invokeConfigurations(Invoker.java:213)
	at org.testng.internal.Invoker.invokeConfigurations(Invoker.java:138)
	at org.testng.internal.TestMethodWorker.invokeBeforeClassMethods(TestMethodWorker.java:175)
	at org.testng.internal.TestMethodWorker.run(TestMethodWorker.java:107)
	at org.testng.TestRunner.privateRun(TestRunner.java:767)
	at org.testng.TestRunner.run(TestRunner.java:617)
	at org.testng.SuiteRunner.runTest(SuiteRunner.java:334)
	at org.testng.SuiteRunner.runSequentially(SuiteRunner.java:329)
	at org.testng.SuiteRunner.privateRun(SuiteRunner.java:291)
	at org.testng.SuiteRunner.run(SuiteRunner.java:240)
	at org.testng.SuiteRunnerWorker.runSuite(SuiteRunnerWorker.java:52)
	at org.testng.SuiteRunnerWorker.run(SuiteRunnerWorker.java:86)
	at org.testng.TestNG.runSuitesSequentially(TestNG.java:1224)
	at org.testng.TestNG.runSuitesLocally(TestNG.java:1149)
	at org.testng.TestNG.run(TestNG.java:1057)
	at org.testng.remote.AbstractRemoteTestNG.run(AbstractRemoteTestNG.java:126)
	at org.testng.remote.RemoteTestNG.initAndRun(RemoteTestNG.java:137)
	at org.testng.remote.RemoteTestNG.main(RemoteTestNG.java:58)
]]>
    </failure>
  </testcase> <!-- Test008_Verify_User_Is_Able_To_Add_Notes_To_Notes_Card_Using_Notepad_Icon -->
  <testcase name="Test018_Verify_Correct_Text_On_Hbp_Reader_Modal_window" time="0.003" classname="com.qait.hbp.ereader.tests.Settings_Test">
    <failure type="org.openqa.selenium.SessionNotCreatedException" message="A new session could not be created. (Original error: Command failed: C:\Windows\system32\cmd.exe /s /c &quot;C:\Users\garimabhanot\AppData\Local\Android\sdk\platform-tools\adb.exe -s 094c9e7f install &quot;C:\Program Files (x86)\Appium\node_modules\appium\build\unlock_apk\unlock_apk-debug.apk&quot;&quot;
- waiting for device -
) (WARNING: The server did not provide any stacktrace information)
Command duration or timeout: 7.59 seconds
Build info: version: &#039;2.52.0&#039;, revision: &#039;4c2593cfc3689a7fcd7be52549167e5ccc93ad28&#039;, time: &#039;2016-02-11 11:22:43&#039;
System info: host: &#039;DLLA1458&#039;, ip: &#039;10.0.22.184&#039;, os.name: &#039;Windows 8.1&#039;, os.arch: &#039;amd64&#039;, os.version: &#039;6.3&#039;, java.version: &#039;1.8.0_91&#039;
Driver info: io.appium.java_client.android.AndroidDriver">
      <![CDATA[org.openqa.selenium.SessionNotCreatedException: A new session could not be created. (Original error: Command failed: C:\Windows\system32\cmd.exe /s /c "C:\Users\garimabhanot\AppData\Local\Android\sdk\platform-tools\adb.exe -s 094c9e7f install "C:\Program Files (x86)\Appium\node_modules\appium\build\unlock_apk\unlock_apk-debug.apk""
- waiting for device -
) (WARNING: The server did not provide any stacktrace information)
Command duration or timeout: 7.59 seconds
Build info: version: '2.52.0', revision: '4c2593cfc3689a7fcd7be52549167e5ccc93ad28', time: '2016-02-11 11:22:43'
System info: host: 'DLLA1458', ip: '10.0.22.184', os.name: 'Windows 8.1', os.arch: 'amd64', os.version: '6.3', java.version: '1.8.0_91'
Driver info: io.appium.java_client.android.AndroidDriver
	at sun.reflect.NativeConstructorAccessorImpl.newInstance0(Native Method)
	at sun.reflect.NativeConstructorAccessorImpl.newInstance(Unknown Source)
	at sun.reflect.DelegatingConstructorAccessorImpl.newInstance(Unknown Source)
	at java.lang.reflect.Constructor.newInstance(Unknown Source)
	at org.openqa.selenium.remote.ErrorHandler.createThrowable(ErrorHandler.java:206)
	at org.openqa.selenium.remote.ErrorHandler.throwIfResponseFailed(ErrorHandler.java:158)
	at org.openqa.selenium.remote.RemoteWebDriver.execute(RemoteWebDriver.java:678)
	at io.appium.java_client.AppiumDriver.execute(AppiumDriver.java:180)
	at org.openqa.selenium.remote.RemoteWebDriver.startSession(RemoteWebDriver.java:249)
	at org.openqa.selenium.remote.RemoteWebDriver.<init>(RemoteWebDriver.java:131)
	at org.openqa.selenium.remote.RemoteWebDriver.<init>(RemoteWebDriver.java:158)
	at io.appium.java_client.AppiumDriver.<init>(AppiumDriver.java:109)
	at io.appium.java_client.android.AndroidDriver.<init>(AndroidDriver.java:39)
	at com.qait.hbp.automation.WebDriverFactory.setMobileDriver(WebDriverFactory.java:182)
	at com.qait.hbp.automation.WebDriverFactory.getDriver(WebDriverFactory.java:70)
	at com.qait.hbp.automation.TestSessionInitiator._configureBrowser(TestSessionInitiator.java:158)
	at com.qait.hbp.automation.TestSessionInitiator.testInitiator(TestSessionInitiator.java:152)
	at com.qait.hbp.automation.TestSessionInitiator.<init>(TestSessionInitiator.java:145)
	at com.qait.hbp.ereader.tests.Settings_Test.start_test_session(Settings_Test.java:32)
	at sun.reflect.NativeMethodAccessorImpl.invoke0(Native Method)
	at sun.reflect.NativeMethodAccessorImpl.invoke(Unknown Source)
	at sun.reflect.DelegatingMethodAccessorImpl.invoke(Unknown Source)
	at java.lang.reflect.Method.invoke(Unknown Source)
	at org.testng.internal.MethodInvocationHelper.invokeMethod(MethodInvocationHelper.java:84)
	at org.testng.internal.Invoker.invokeConfigurationMethod(Invoker.java:564)
	at org.testng.internal.Invoker.invokeConfigurations(Invoker.java:213)
	at org.testng.internal.Invoker.invokeConfigurations(Invoker.java:138)
	at org.testng.internal.TestMethodWorker.invokeBeforeClassMethods(TestMethodWorker.java:175)
	at org.testng.internal.TestMethodWorker.run(TestMethodWorker.java:107)
	at org.testng.TestRunner.privateRun(TestRunner.java:767)
	at org.testng.TestRunner.run(TestRunner.java:617)
	at org.testng.SuiteRunner.runTest(SuiteRunner.java:334)
	at org.testng.SuiteRunner.runSequentially(SuiteRunner.java:329)
	at org.testng.SuiteRunner.privateRun(SuiteRunner.java:291)
	at org.testng.SuiteRunner.run(SuiteRunner.java:240)
	at org.testng.SuiteRunnerWorker.runSuite(SuiteRunnerWorker.java:52)
	at org.testng.SuiteRunnerWorker.run(SuiteRunnerWorker.java:86)
	at org.testng.TestNG.runSuitesSequentially(TestNG.java:1224)
	at org.testng.TestNG.runSuitesLocally(TestNG.java:1149)
	at org.testng.TestNG.run(TestNG.java:1057)
	at org.testng.remote.AbstractRemoteTestNG.run(AbstractRemoteTestNG.java:126)
	at org.testng.remote.RemoteTestNG.initAndRun(RemoteTestNG.java:137)
	at org.testng.remote.RemoteTestNG.main(RemoteTestNG.java:58)
]]>
    </failure>
  </testcase> <!-- Test018_Verify_Correct_Text_On_Hbp_Reader_Modal_window -->
  <testcase name="Test014_Verify_Settings_Menu_Opens_On_Clicking_Settings_Icon" time="0.004" classname="com.qait.hbp.ereader.tests.Settings_Test">
    <failure type="org.openqa.selenium.SessionNotCreatedException" message="A new session could not be created. (Original error: Command failed: C:\Windows\system32\cmd.exe /s /c &quot;C:\Users\garimabhanot\AppData\Local\Android\sdk\platform-tools\adb.exe -s 094c9e7f install &quot;C:\Program Files (x86)\Appium\node_modules\appium\build\unlock_apk\unlock_apk-debug.apk&quot;&quot;
- waiting for device -
) (WARNING: The server did not provide any stacktrace information)
Command duration or timeout: 7.59 seconds
Build info: version: &#039;2.52.0&#039;, revision: &#039;4c2593cfc3689a7fcd7be52549167e5ccc93ad28&#039;, time: &#039;2016-02-11 11:22:43&#039;
System info: host: &#039;DLLA1458&#039;, ip: &#039;10.0.22.184&#039;, os.name: &#039;Windows 8.1&#039;, os.arch: &#039;amd64&#039;, os.version: &#039;6.3&#039;, java.version: &#039;1.8.0_91&#039;
Driver info: io.appium.java_client.android.AndroidDriver">
      <![CDATA[org.openqa.selenium.SessionNotCreatedException: A new session could not be created. (Original error: Command failed: C:\Windows\system32\cmd.exe /s /c "C:\Users\garimabhanot\AppData\Local\Android\sdk\platform-tools\adb.exe -s 094c9e7f install "C:\Program Files (x86)\Appium\node_modules\appium\build\unlock_apk\unlock_apk-debug.apk""
- waiting for device -
) (WARNING: The server did not provide any stacktrace information)
Command duration or timeout: 7.59 seconds
Build info: version: '2.52.0', revision: '4c2593cfc3689a7fcd7be52549167e5ccc93ad28', time: '2016-02-11 11:22:43'
System info: host: 'DLLA1458', ip: '10.0.22.184', os.name: 'Windows 8.1', os.arch: 'amd64', os.version: '6.3', java.version: '1.8.0_91'
Driver info: io.appium.java_client.android.AndroidDriver
	at sun.reflect.NativeConstructorAccessorImpl.newInstance0(Native Method)
	at sun.reflect.NativeConstructorAccessorImpl.newInstance(Unknown Source)
	at sun.reflect.DelegatingConstructorAccessorImpl.newInstance(Unknown Source)
	at java.lang.reflect.Constructor.newInstance(Unknown Source)
	at org.openqa.selenium.remote.ErrorHandler.createThrowable(ErrorHandler.java:206)
	at org.openqa.selenium.remote.ErrorHandler.throwIfResponseFailed(ErrorHandler.java:158)
	at org.openqa.selenium.remote.RemoteWebDriver.execute(RemoteWebDriver.java:678)
	at io.appium.java_client.AppiumDriver.execute(AppiumDriver.java:180)
	at org.openqa.selenium.remote.RemoteWebDriver.startSession(RemoteWebDriver.java:249)
	at org.openqa.selenium.remote.RemoteWebDriver.<init>(RemoteWebDriver.java:131)
	at org.openqa.selenium.remote.RemoteWebDriver.<init>(RemoteWebDriver.java:158)
	at io.appium.java_client.AppiumDriver.<init>(AppiumDriver.java:109)
	at io.appium.java_client.android.AndroidDriver.<init>(AndroidDriver.java:39)
	at com.qait.hbp.automation.WebDriverFactory.setMobileDriver(WebDriverFactory.java:182)
	at com.qait.hbp.automation.WebDriverFactory.getDriver(WebDriverFactory.java:70)
	at com.qait.hbp.automation.TestSessionInitiator._configureBrowser(TestSessionInitiator.java:158)
	at com.qait.hbp.automation.TestSessionInitiator.testInitiator(TestSessionInitiator.java:152)
	at com.qait.hbp.automation.TestSessionInitiator.<init>(TestSessionInitiator.java:145)
	at com.qait.hbp.ereader.tests.Settings_Test.start_test_session(Settings_Test.java:32)
	at sun.reflect.NativeMethodAccessorImpl.invoke0(Native Method)
	at sun.reflect.NativeMethodAccessorImpl.invoke(Unknown Source)
	at sun.reflect.DelegatingMethodAccessorImpl.invoke(Unknown Source)
	at java.lang.reflect.Method.invoke(Unknown Source)
	at org.testng.internal.MethodInvocationHelper.invokeMethod(MethodInvocationHelper.java:84)
	at org.testng.internal.Invoker.invokeConfigurationMethod(Invoker.java:564)
	at org.testng.internal.Invoker.invokeConfigurations(Invoker.java:213)
	at org.testng.internal.Invoker.invokeConfigurations(Invoker.java:138)
	at org.testng.internal.TestMethodWorker.invokeBeforeClassMethods(TestMethodWorker.java:175)
	at org.testng.internal.TestMethodWorker.run(TestMethodWorker.java:107)
	at org.testng.TestRunner.privateRun(TestRunner.java:767)
	at org.testng.TestRunner.run(TestRunner.java:617)
	at org.testng.SuiteRunner.runTest(SuiteRunner.java:334)
	at org.testng.SuiteRunner.runSequentially(SuiteRunner.java:329)
	at org.testng.SuiteRunner.privateRun(SuiteRunner.java:291)
	at org.testng.SuiteRunner.run(SuiteRunner.java:240)
	at org.testng.SuiteRunnerWorker.runSuite(SuiteRunnerWorker.java:52)
	at org.testng.SuiteRunnerWorker.run(SuiteRunnerWorker.java:86)
	at org.testng.TestNG.runSuitesSequentially(TestNG.java:1224)
	at org.testng.TestNG.runSuitesLocally(TestNG.java:1149)
	at org.testng.TestNG.run(TestNG.java:1057)
	at org.testng.remote.AbstractRemoteTestNG.run(AbstractRemoteTestNG.java:126)
	at org.testng.remote.RemoteTestNG.initAndRun(RemoteTestNG.java:137)
	at org.testng.remote.RemoteTestNG.main(RemoteTestNG.java:58)
]]>
    </failure>
  </testcase> <!-- Test014_Verify_Settings_Menu_Opens_On_Clicking_Settings_Icon -->
  <testcase name="Test031_Verify_Print_Buttons_Are_Displayed" time="0.002" classname="com.qait.hbp.ereader.tests.Settings_Test">
    <failure type="org.openqa.selenium.SessionNotCreatedException" message="A new session could not be created. (Original error: Command failed: C:\Windows\system32\cmd.exe /s /c &quot;C:\Users\garimabhanot\AppData\Local\Android\sdk\platform-tools\adb.exe -s 094c9e7f install &quot;C:\Program Files (x86)\Appium\node_modules\appium\build\unlock_apk\unlock_apk-debug.apk&quot;&quot;
- waiting for device -
) (WARNING: The server did not provide any stacktrace information)
Command duration or timeout: 7.59 seconds
Build info: version: &#039;2.52.0&#039;, revision: &#039;4c2593cfc3689a7fcd7be52549167e5ccc93ad28&#039;, time: &#039;2016-02-11 11:22:43&#039;
System info: host: &#039;DLLA1458&#039;, ip: &#039;10.0.22.184&#039;, os.name: &#039;Windows 8.1&#039;, os.arch: &#039;amd64&#039;, os.version: &#039;6.3&#039;, java.version: &#039;1.8.0_91&#039;
Driver info: io.appium.java_client.android.AndroidDriver">
      <![CDATA[org.openqa.selenium.SessionNotCreatedException: A new session could not be created. (Original error: Command failed: C:\Windows\system32\cmd.exe /s /c "C:\Users\garimabhanot\AppData\Local\Android\sdk\platform-tools\adb.exe -s 094c9e7f install "C:\Program Files (x86)\Appium\node_modules\appium\build\unlock_apk\unlock_apk-debug.apk""
- waiting for device -
) (WARNING: The server did not provide any stacktrace information)
Command duration or timeout: 7.59 seconds
Build info: version: '2.52.0', revision: '4c2593cfc3689a7fcd7be52549167e5ccc93ad28', time: '2016-02-11 11:22:43'
System info: host: 'DLLA1458', ip: '10.0.22.184', os.name: 'Windows 8.1', os.arch: 'amd64', os.version: '6.3', java.version: '1.8.0_91'
Driver info: io.appium.java_client.android.AndroidDriver
	at sun.reflect.NativeConstructorAccessorImpl.newInstance0(Native Method)
	at sun.reflect.NativeConstructorAccessorImpl.newInstance(Unknown Source)
	at sun.reflect.DelegatingConstructorAccessorImpl.newInstance(Unknown Source)
	at java.lang.reflect.Constructor.newInstance(Unknown Source)
	at org.openqa.selenium.remote.ErrorHandler.createThrowable(ErrorHandler.java:206)
	at org.openqa.selenium.remote.ErrorHandler.throwIfResponseFailed(ErrorHandler.java:158)
	at org.openqa.selenium.remote.RemoteWebDriver.execute(RemoteWebDriver.java:678)
	at io.appium.java_client.AppiumDriver.execute(AppiumDriver.java:180)
	at org.openqa.selenium.remote.RemoteWebDriver.startSession(RemoteWebDriver.java:249)
	at org.openqa.selenium.remote.RemoteWebDriver.<init>(RemoteWebDriver.java:131)
	at org.openqa.selenium.remote.RemoteWebDriver.<init>(RemoteWebDriver.java:158)
	at io.appium.java_client.AppiumDriver.<init>(AppiumDriver.java:109)
	at io.appium.java_client.android.AndroidDriver.<init>(AndroidDriver.java:39)
	at com.qait.hbp.automation.WebDriverFactory.setMobileDriver(WebDriverFactory.java:182)
	at com.qait.hbp.automation.WebDriverFactory.getDriver(WebDriverFactory.java:70)
	at com.qait.hbp.automation.TestSessionInitiator._configureBrowser(TestSessionInitiator.java:158)
	at com.qait.hbp.automation.TestSessionInitiator.testInitiator(TestSessionInitiator.java:152)
	at com.qait.hbp.automation.TestSessionInitiator.<init>(TestSessionInitiator.java:145)
	at com.qait.hbp.ereader.tests.Settings_Test.start_test_session(Settings_Test.java:32)
	at sun.reflect.NativeMethodAccessorImpl.invoke0(Native Method)
	at sun.reflect.NativeMethodAccessorImpl.invoke(Unknown Source)
	at sun.reflect.DelegatingMethodAccessorImpl.invoke(Unknown Source)
	at java.lang.reflect.Method.invoke(Unknown Source)
	at org.testng.internal.MethodInvocationHelper.invokeMethod(MethodInvocationHelper.java:84)
	at org.testng.internal.Invoker.invokeConfigurationMethod(Invoker.java:564)
	at org.testng.internal.Invoker.invokeConfigurations(Invoker.java:213)
	at org.testng.internal.Invoker.invokeConfigurations(Invoker.java:138)
	at org.testng.internal.TestMethodWorker.invokeBeforeClassMethods(TestMethodWorker.java:175)
	at org.testng.internal.TestMethodWorker.run(TestMethodWorker.java:107)
	at org.testng.TestRunner.privateRun(TestRunner.java:767)
	at org.testng.TestRunner.run(TestRunner.java:617)
	at org.testng.SuiteRunner.runTest(SuiteRunner.java:334)
	at org.testng.SuiteRunner.runSequentially(SuiteRunner.java:329)
	at org.testng.SuiteRunner.privateRun(SuiteRunner.java:291)
	at org.testng.SuiteRunner.run(SuiteRunner.java:240)
	at org.testng.SuiteRunnerWorker.runSuite(SuiteRunnerWorker.java:52)
	at org.testng.SuiteRunnerWorker.run(SuiteRunnerWorker.java:86)
	at org.testng.TestNG.runSuitesSequentially(TestNG.java:1224)
	at org.testng.TestNG.runSuitesLocally(TestNG.java:1149)
	at org.testng.TestNG.run(TestNG.java:1057)
	at org.testng.remote.AbstractRemoteTestNG.run(AbstractRemoteTestNG.java:126)
	at org.testng.remote.RemoteTestNG.initAndRun(RemoteTestNG.java:137)
	at org.testng.remote.RemoteTestNG.main(RemoteTestNG.java:58)
]]>
    </failure>
  </testcase> <!-- Test031_Verify_Print_Buttons_Are_Displayed -->
  <testcase name="Test007_Verify_User_Is_Able_To_Enter_Text_In_Search_Notes_Field" time="0.002" classname="com.qait.hbp.ereader.tests.Settings_Test">
    <failure type="org.openqa.selenium.SessionNotCreatedException" message="A new session could not be created. (Original error: Command failed: C:\Windows\system32\cmd.exe /s /c &quot;C:\Users\garimabhanot\AppData\Local\Android\sdk\platform-tools\adb.exe -s 094c9e7f install &quot;C:\Program Files (x86)\Appium\node_modules\appium\build\unlock_apk\unlock_apk-debug.apk&quot;&quot;
- waiting for device -
) (WARNING: The server did not provide any stacktrace information)
Command duration or timeout: 7.59 seconds
Build info: version: &#039;2.52.0&#039;, revision: &#039;4c2593cfc3689a7fcd7be52549167e5ccc93ad28&#039;, time: &#039;2016-02-11 11:22:43&#039;
System info: host: &#039;DLLA1458&#039;, ip: &#039;10.0.22.184&#039;, os.name: &#039;Windows 8.1&#039;, os.arch: &#039;amd64&#039;, os.version: &#039;6.3&#039;, java.version: &#039;1.8.0_91&#039;
Driver info: io.appium.java_client.android.AndroidDriver">
      <![CDATA[org.openqa.selenium.SessionNotCreatedException: A new session could not be created. (Original error: Command failed: C:\Windows\system32\cmd.exe /s /c "C:\Users\garimabhanot\AppData\Local\Android\sdk\platform-tools\adb.exe -s 094c9e7f install "C:\Program Files (x86)\Appium\node_modules\appium\build\unlock_apk\unlock_apk-debug.apk""
- waiting for device -
) (WARNING: The server did not provide any stacktrace information)
Command duration or timeout: 7.59 seconds
Build info: version: '2.52.0', revision: '4c2593cfc3689a7fcd7be52549167e5ccc93ad28', time: '2016-02-11 11:22:43'
System info: host: 'DLLA1458', ip: '10.0.22.184', os.name: 'Windows 8.1', os.arch: 'amd64', os.version: '6.3', java.version: '1.8.0_91'
Driver info: io.appium.java_client.android.AndroidDriver
	at sun.reflect.NativeConstructorAccessorImpl.newInstance0(Native Method)
	at sun.reflect.NativeConstructorAccessorImpl.newInstance(Unknown Source)
	at sun.reflect.DelegatingConstructorAccessorImpl.newInstance(Unknown Source)
	at java.lang.reflect.Constructor.newInstance(Unknown Source)
	at org.openqa.selenium.remote.ErrorHandler.createThrowable(ErrorHandler.java:206)
	at org.openqa.selenium.remote.ErrorHandler.throwIfResponseFailed(ErrorHandler.java:158)
	at org.openqa.selenium.remote.RemoteWebDriver.execute(RemoteWebDriver.java:678)
	at io.appium.java_client.AppiumDriver.execute(AppiumDriver.java:180)
	at org.openqa.selenium.remote.RemoteWebDriver.startSession(RemoteWebDriver.java:249)
	at org.openqa.selenium.remote.RemoteWebDriver.<init>(RemoteWebDriver.java:131)
	at org.openqa.selenium.remote.RemoteWebDriver.<init>(RemoteWebDriver.java:158)
	at io.appium.java_client.AppiumDriver.<init>(AppiumDriver.java:109)
	at io.appium.java_client.android.AndroidDriver.<init>(AndroidDriver.java:39)
	at com.qait.hbp.automation.WebDriverFactory.setMobileDriver(WebDriverFactory.java:182)
	at com.qait.hbp.automation.WebDriverFactory.getDriver(WebDriverFactory.java:70)
	at com.qait.hbp.automation.TestSessionInitiator._configureBrowser(TestSessionInitiator.java:158)
	at com.qait.hbp.automation.TestSessionInitiator.testInitiator(TestSessionInitiator.java:152)
	at com.qait.hbp.automation.TestSessionInitiator.<init>(TestSessionInitiator.java:145)
	at com.qait.hbp.ereader.tests.Settings_Test.start_test_session(Settings_Test.java:32)
	at sun.reflect.NativeMethodAccessorImpl.invoke0(Native Method)
	at sun.reflect.NativeMethodAccessorImpl.invoke(Unknown Source)
	at sun.reflect.DelegatingMethodAccessorImpl.invoke(Unknown Source)
	at java.lang.reflect.Method.invoke(Unknown Source)
	at org.testng.internal.MethodInvocationHelper.invokeMethod(MethodInvocationHelper.java:84)
	at org.testng.internal.Invoker.invokeConfigurationMethod(Invoker.java:564)
	at org.testng.internal.Invoker.invokeConfigurations(Invoker.java:213)
	at org.testng.internal.Invoker.invokeConfigurations(Invoker.java:138)
	at org.testng.internal.TestMethodWorker.invokeBeforeClassMethods(TestMethodWorker.java:175)
	at org.testng.internal.TestMethodWorker.run(TestMethodWorker.java:107)
	at org.testng.TestRunner.privateRun(TestRunner.java:767)
	at org.testng.TestRunner.run(TestRunner.java:617)
	at org.testng.SuiteRunner.runTest(SuiteRunner.java:334)
	at org.testng.SuiteRunner.runSequentially(SuiteRunner.java:329)
	at org.testng.SuiteRunner.privateRun(SuiteRunner.java:291)
	at org.testng.SuiteRunner.run(SuiteRunner.java:240)
	at org.testng.SuiteRunnerWorker.runSuite(SuiteRunnerWorker.java:52)
	at org.testng.SuiteRunnerWorker.run(SuiteRunnerWorker.java:86)
	at org.testng.TestNG.runSuitesSequentially(TestNG.java:1224)
	at org.testng.TestNG.runSuitesLocally(TestNG.java:1149)
	at org.testng.TestNG.run(TestNG.java:1057)
	at org.testng.remote.AbstractRemoteTestNG.run(AbstractRemoteTestNG.java:126)
	at org.testng.remote.RemoteTestNG.initAndRun(RemoteTestNG.java:137)
	at org.testng.remote.RemoteTestNG.main(RemoteTestNG.java:58)
]]>
    </failure>
  </testcase> <!-- Test007_Verify_User_Is_Able_To_Enter_Text_In_Search_Notes_Field -->
  <testcase name="Test033_Verify_Make_Available_Offline_Option_Is_Displayed" time="0.008" classname="com.qait.hbp.ereader.tests.Settings_Test">
    <failure type="org.openqa.selenium.SessionNotCreatedException" message="A new session could not be created. (Original error: Command failed: C:\Windows\system32\cmd.exe /s /c &quot;C:\Users\garimabhanot\AppData\Local\Android\sdk\platform-tools\adb.exe -s 094c9e7f install &quot;C:\Program Files (x86)\Appium\node_modules\appium\build\unlock_apk\unlock_apk-debug.apk&quot;&quot;
- waiting for device -
) (WARNING: The server did not provide any stacktrace information)
Command duration or timeout: 7.59 seconds
Build info: version: &#039;2.52.0&#039;, revision: &#039;4c2593cfc3689a7fcd7be52549167e5ccc93ad28&#039;, time: &#039;2016-02-11 11:22:43&#039;
System info: host: &#039;DLLA1458&#039;, ip: &#039;10.0.22.184&#039;, os.name: &#039;Windows 8.1&#039;, os.arch: &#039;amd64&#039;, os.version: &#039;6.3&#039;, java.version: &#039;1.8.0_91&#039;
Driver info: io.appium.java_client.android.AndroidDriver">
      <![CDATA[org.openqa.selenium.SessionNotCreatedException: A new session could not be created. (Original error: Command failed: C:\Windows\system32\cmd.exe /s /c "C:\Users\garimabhanot\AppData\Local\Android\sdk\platform-tools\adb.exe -s 094c9e7f install "C:\Program Files (x86)\Appium\node_modules\appium\build\unlock_apk\unlock_apk-debug.apk""
- waiting for device -
) (WARNING: The server did not provide any stacktrace information)
Command duration or timeout: 7.59 seconds
Build info: version: '2.52.0', revision: '4c2593cfc3689a7fcd7be52549167e5ccc93ad28', time: '2016-02-11 11:22:43'
System info: host: 'DLLA1458', ip: '10.0.22.184', os.name: 'Windows 8.1', os.arch: 'amd64', os.version: '6.3', java.version: '1.8.0_91'
Driver info: io.appium.java_client.android.AndroidDriver
	at sun.reflect.NativeConstructorAccessorImpl.newInstance0(Native Method)
	at sun.reflect.NativeConstructorAccessorImpl.newInstance(Unknown Source)
	at sun.reflect.DelegatingConstructorAccessorImpl.newInstance(Unknown Source)
	at java.lang.reflect.Constructor.newInstance(Unknown Source)
	at org.openqa.selenium.remote.ErrorHandler.createThrowable(ErrorHandler.java:206)
	at org.openqa.selenium.remote.ErrorHandler.throwIfResponseFailed(ErrorHandler.java:158)
	at org.openqa.selenium.remote.RemoteWebDriver.execute(RemoteWebDriver.java:678)
	at io.appium.java_client.AppiumDriver.execute(AppiumDriver.java:180)
	at org.openqa.selenium.remote.RemoteWebDriver.startSession(RemoteWebDriver.java:249)
	at org.openqa.selenium.remote.RemoteWebDriver.<init>(RemoteWebDriver.java:131)
	at org.openqa.selenium.remote.RemoteWebDriver.<init>(RemoteWebDriver.java:158)
	at io.appium.java_client.AppiumDriver.<init>(AppiumDriver.java:109)
	at io.appium.java_client.android.AndroidDriver.<init>(AndroidDriver.java:39)
	at com.qait.hbp.automation.WebDriverFactory.setMobileDriver(WebDriverFactory.java:182)
	at com.qait.hbp.automation.WebDriverFactory.getDriver(WebDriverFactory.java:70)
	at com.qait.hbp.automation.TestSessionInitiator._configureBrowser(TestSessionInitiator.java:158)
	at com.qait.hbp.automation.TestSessionInitiator.testInitiator(TestSessionInitiator.java:152)
	at com.qait.hbp.automation.TestSessionInitiator.<init>(TestSessionInitiator.java:145)
	at com.qait.hbp.ereader.tests.Settings_Test.start_test_session(Settings_Test.java:32)
	at sun.reflect.NativeMethodAccessorImpl.invoke0(Native Method)
	at sun.reflect.NativeMethodAccessorImpl.invoke(Unknown Source)
	at sun.reflect.DelegatingMethodAccessorImpl.invoke(Unknown Source)
	at java.lang.reflect.Method.invoke(Unknown Source)
	at org.testng.internal.MethodInvocationHelper.invokeMethod(MethodInvocationHelper.java:84)
	at org.testng.internal.Invoker.invokeConfigurationMethod(Invoker.java:564)
	at org.testng.internal.Invoker.invokeConfigurations(Invoker.java:213)
	at org.testng.internal.Invoker.invokeConfigurations(Invoker.java:138)
	at org.testng.internal.TestMethodWorker.invokeBeforeClassMethods(TestMethodWorker.java:175)
	at org.testng.internal.TestMethodWorker.run(TestMethodWorker.java:107)
	at org.testng.TestRunner.privateRun(TestRunner.java:767)
	at org.testng.TestRunner.run(TestRunner.java:617)
	at org.testng.SuiteRunner.runTest(SuiteRunner.java:334)
	at org.testng.SuiteRunner.runSequentially(SuiteRunner.java:329)
	at org.testng.SuiteRunner.privateRun(SuiteRunner.java:291)
	at org.testng.SuiteRunner.run(SuiteRunner.java:240)
	at org.testng.SuiteRunnerWorker.runSuite(SuiteRunnerWorker.java:52)
	at org.testng.SuiteRunnerWorker.run(SuiteRunnerWorker.java:86)
	at org.testng.TestNG.runSuitesSequentially(TestNG.java:1224)
	at org.testng.TestNG.runSuitesLocally(TestNG.java:1149)
	at org.testng.TestNG.run(TestNG.java:1057)
	at org.testng.remote.AbstractRemoteTestNG.run(AbstractRemoteTestNG.java:126)
	at org.testng.remote.RemoteTestNG.initAndRun(RemoteTestNG.java:137)
	at org.testng.remote.RemoteTestNG.main(RemoteTestNG.java:58)
]]>
    </failure>
  </testcase> <!-- Test033_Verify_Make_Available_Offline_Option_Is_Displayed -->
  <testcase name="Test0211_Verify_That_On_Increasing_Font_Content_Is_Intact" time="0.003" classname="com.qait.hbp.ereader.tests.Settings_Test">
    <failure type="org.openqa.selenium.SessionNotCreatedException" message="A new session could not be created. (Original error: Command failed: C:\Windows\system32\cmd.exe /s /c &quot;C:\Users\garimabhanot\AppData\Local\Android\sdk\platform-tools\adb.exe -s 094c9e7f install &quot;C:\Program Files (x86)\Appium\node_modules\appium\build\unlock_apk\unlock_apk-debug.apk&quot;&quot;
- waiting for device -
) (WARNING: The server did not provide any stacktrace information)
Command duration or timeout: 7.59 seconds
Build info: version: &#039;2.52.0&#039;, revision: &#039;4c2593cfc3689a7fcd7be52549167e5ccc93ad28&#039;, time: &#039;2016-02-11 11:22:43&#039;
System info: host: &#039;DLLA1458&#039;, ip: &#039;10.0.22.184&#039;, os.name: &#039;Windows 8.1&#039;, os.arch: &#039;amd64&#039;, os.version: &#039;6.3&#039;, java.version: &#039;1.8.0_91&#039;
Driver info: io.appium.java_client.android.AndroidDriver">
      <![CDATA[org.openqa.selenium.SessionNotCreatedException: A new session could not be created. (Original error: Command failed: C:\Windows\system32\cmd.exe /s /c "C:\Users\garimabhanot\AppData\Local\Android\sdk\platform-tools\adb.exe -s 094c9e7f install "C:\Program Files (x86)\Appium\node_modules\appium\build\unlock_apk\unlock_apk-debug.apk""
- waiting for device -
) (WARNING: The server did not provide any stacktrace information)
Command duration or timeout: 7.59 seconds
Build info: version: '2.52.0', revision: '4c2593cfc3689a7fcd7be52549167e5ccc93ad28', time: '2016-02-11 11:22:43'
System info: host: 'DLLA1458', ip: '10.0.22.184', os.name: 'Windows 8.1', os.arch: 'amd64', os.version: '6.3', java.version: '1.8.0_91'
Driver info: io.appium.java_client.android.AndroidDriver
	at sun.reflect.NativeConstructorAccessorImpl.newInstance0(Native Method)
	at sun.reflect.NativeConstructorAccessorImpl.newInstance(Unknown Source)
	at sun.reflect.DelegatingConstructorAccessorImpl.newInstance(Unknown Source)
	at java.lang.reflect.Constructor.newInstance(Unknown Source)
	at org.openqa.selenium.remote.ErrorHandler.createThrowable(ErrorHandler.java:206)
	at org.openqa.selenium.remote.ErrorHandler.throwIfResponseFailed(ErrorHandler.java:158)
	at org.openqa.selenium.remote.RemoteWebDriver.execute(RemoteWebDriver.java:678)
	at io.appium.java_client.AppiumDriver.execute(AppiumDriver.java:180)
	at org.openqa.selenium.remote.RemoteWebDriver.startSession(RemoteWebDriver.java:249)
	at org.openqa.selenium.remote.RemoteWebDriver.<init>(RemoteWebDriver.java:131)
	at org.openqa.selenium.remote.RemoteWebDriver.<init>(RemoteWebDriver.java:158)
	at io.appium.java_client.AppiumDriver.<init>(AppiumDriver.java:109)
	at io.appium.java_client.android.AndroidDriver.<init>(AndroidDriver.java:39)
	at com.qait.hbp.automation.WebDriverFactory.setMobileDriver(WebDriverFactory.java:182)
	at com.qait.hbp.automation.WebDriverFactory.getDriver(WebDriverFactory.java:70)
	at com.qait.hbp.automation.TestSessionInitiator._configureBrowser(TestSessionInitiator.java:158)
	at com.qait.hbp.automation.TestSessionInitiator.testInitiator(TestSessionInitiator.java:152)
	at com.qait.hbp.automation.TestSessionInitiator.<init>(TestSessionInitiator.java:145)
	at com.qait.hbp.ereader.tests.Settings_Test.start_test_session(Settings_Test.java:32)
	at sun.reflect.NativeMethodAccessorImpl.invoke0(Native Method)
	at sun.reflect.NativeMethodAccessorImpl.invoke(Unknown Source)
	at sun.reflect.DelegatingMethodAccessorImpl.invoke(Unknown Source)
	at java.lang.reflect.Method.invoke(Unknown Source)
	at org.testng.internal.MethodInvocationHelper.invokeMethod(MethodInvocationHelper.java:84)
	at org.testng.internal.Invoker.invokeConfigurationMethod(Invoker.java:564)
	at org.testng.internal.Invoker.invokeConfigurations(Invoker.java:213)
	at org.testng.internal.Invoker.invokeConfigurations(Invoker.java:138)
	at org.testng.internal.TestMethodWorker.invokeBeforeClassMethods(TestMethodWorker.java:175)
	at org.testng.internal.TestMethodWorker.run(TestMethodWorker.java:107)
	at org.testng.TestRunner.privateRun(TestRunner.java:767)
	at org.testng.TestRunner.run(TestRunner.java:617)
	at org.testng.SuiteRunner.runTest(SuiteRunner.java:334)
	at org.testng.SuiteRunner.runSequentially(SuiteRunner.java:329)
	at org.testng.SuiteRunner.privateRun(SuiteRunner.java:291)
	at org.testng.SuiteRunner.run(SuiteRunner.java:240)
	at org.testng.SuiteRunnerWorker.runSuite(SuiteRunnerWorker.java:52)
	at org.testng.SuiteRunnerWorker.run(SuiteRunnerWorker.java:86)
	at org.testng.TestNG.runSuitesSequentially(TestNG.java:1224)
	at org.testng.TestNG.runSuitesLocally(TestNG.java:1149)
	at org.testng.TestNG.run(TestNG.java:1057)
	at org.testng.remote.AbstractRemoteTestNG.run(AbstractRemoteTestNG.java:126)
	at org.testng.remote.RemoteTestNG.initAndRun(RemoteTestNG.java:137)
	at org.testng.remote.RemoteTestNG.main(RemoteTestNG.java:58)
]]>
    </failure>
  </testcase> <!-- Test0211_Verify_That_On_Increasing_Font_Content_Is_Intact -->
  <testcase name="Test011_Get_Last_Word_Of_The_Document" time="0.004" classname="com.qait.hbp.ereader.tests.Settings_Test">
    <failure type="org.openqa.selenium.SessionNotCreatedException" message="A new session could not be created. (Original error: Command failed: C:\Windows\system32\cmd.exe /s /c &quot;C:\Users\garimabhanot\AppData\Local\Android\sdk\platform-tools\adb.exe -s 094c9e7f install &quot;C:\Program Files (x86)\Appium\node_modules\appium\build\unlock_apk\unlock_apk-debug.apk&quot;&quot;
- waiting for device -
) (WARNING: The server did not provide any stacktrace information)
Command duration or timeout: 7.59 seconds
Build info: version: &#039;2.52.0&#039;, revision: &#039;4c2593cfc3689a7fcd7be52549167e5ccc93ad28&#039;, time: &#039;2016-02-11 11:22:43&#039;
System info: host: &#039;DLLA1458&#039;, ip: &#039;10.0.22.184&#039;, os.name: &#039;Windows 8.1&#039;, os.arch: &#039;amd64&#039;, os.version: &#039;6.3&#039;, java.version: &#039;1.8.0_91&#039;
Driver info: io.appium.java_client.android.AndroidDriver">
      <![CDATA[org.openqa.selenium.SessionNotCreatedException: A new session could not be created. (Original error: Command failed: C:\Windows\system32\cmd.exe /s /c "C:\Users\garimabhanot\AppData\Local\Android\sdk\platform-tools\adb.exe -s 094c9e7f install "C:\Program Files (x86)\Appium\node_modules\appium\build\unlock_apk\unlock_apk-debug.apk""
- waiting for device -
) (WARNING: The server did not provide any stacktrace information)
Command duration or timeout: 7.59 seconds
Build info: version: '2.52.0', revision: '4c2593cfc3689a7fcd7be52549167e5ccc93ad28', time: '2016-02-11 11:22:43'
System info: host: 'DLLA1458', ip: '10.0.22.184', os.name: 'Windows 8.1', os.arch: 'amd64', os.version: '6.3', java.version: '1.8.0_91'
Driver info: io.appium.java_client.android.AndroidDriver
	at sun.reflect.NativeConstructorAccessorImpl.newInstance0(Native Method)
	at sun.reflect.NativeConstructorAccessorImpl.newInstance(Unknown Source)
	at sun.reflect.DelegatingConstructorAccessorImpl.newInstance(Unknown Source)
	at java.lang.reflect.Constructor.newInstance(Unknown Source)
	at org.openqa.selenium.remote.ErrorHandler.createThrowable(ErrorHandler.java:206)
	at org.openqa.selenium.remote.ErrorHandler.throwIfResponseFailed(ErrorHandler.java:158)
	at org.openqa.selenium.remote.RemoteWebDriver.execute(RemoteWebDriver.java:678)
	at io.appium.java_client.AppiumDriver.execute(AppiumDriver.java:180)
	at org.openqa.selenium.remote.RemoteWebDriver.startSession(RemoteWebDriver.java:249)
	at org.openqa.selenium.remote.RemoteWebDriver.<init>(RemoteWebDriver.java:131)
	at org.openqa.selenium.remote.RemoteWebDriver.<init>(RemoteWebDriver.java:158)
	at io.appium.java_client.AppiumDriver.<init>(AppiumDriver.java:109)
	at io.appium.java_client.android.AndroidDriver.<init>(AndroidDriver.java:39)
	at com.qait.hbp.automation.WebDriverFactory.setMobileDriver(WebDriverFactory.java:182)
	at com.qait.hbp.automation.WebDriverFactory.getDriver(WebDriverFactory.java:70)
	at com.qait.hbp.automation.TestSessionInitiator._configureBrowser(TestSessionInitiator.java:158)
	at com.qait.hbp.automation.TestSessionInitiator.testInitiator(TestSessionInitiator.java:152)
	at com.qait.hbp.automation.TestSessionInitiator.<init>(TestSessionInitiator.java:145)
	at com.qait.hbp.ereader.tests.Settings_Test.start_test_session(Settings_Test.java:32)
	at sun.reflect.NativeMethodAccessorImpl.invoke0(Native Method)
	at sun.reflect.NativeMethodAccessorImpl.invoke(Unknown Source)
	at sun.reflect.DelegatingMethodAccessorImpl.invoke(Unknown Source)
	at java.lang.reflect.Method.invoke(Unknown Source)
	at org.testng.internal.MethodInvocationHelper.invokeMethod(MethodInvocationHelper.java:84)
	at org.testng.internal.Invoker.invokeConfigurationMethod(Invoker.java:564)
	at org.testng.internal.Invoker.invokeConfigurations(Invoker.java:213)
	at org.testng.internal.Invoker.invokeConfigurations(Invoker.java:138)
	at org.testng.internal.TestMethodWorker.invokeBeforeClassMethods(TestMethodWorker.java:175)
	at org.testng.internal.TestMethodWorker.run(TestMethodWorker.java:107)
	at org.testng.TestRunner.privateRun(TestRunner.java:767)
	at org.testng.TestRunner.run(TestRunner.java:617)
	at org.testng.SuiteRunner.runTest(SuiteRunner.java:334)
	at org.testng.SuiteRunner.runSequentially(SuiteRunner.java:329)
	at org.testng.SuiteRunner.privateRun(SuiteRunner.java:291)
	at org.testng.SuiteRunner.run(SuiteRunner.java:240)
	at org.testng.SuiteRunnerWorker.runSuite(SuiteRunnerWorker.java:52)
	at org.testng.SuiteRunnerWorker.run(SuiteRunnerWorker.java:86)
	at org.testng.TestNG.runSuitesSequentially(TestNG.java:1224)
	at org.testng.TestNG.runSuitesLocally(TestNG.java:1149)
	at org.testng.TestNG.run(TestNG.java:1057)
	at org.testng.remote.AbstractRemoteTestNG.run(AbstractRemoteTestNG.java:126)
	at org.testng.remote.RemoteTestNG.initAndRun(RemoteTestNG.java:137)
	at org.testng.remote.RemoteTestNG.main(RemoteTestNG.java:58)
]]>
    </failure>
  </testcase> <!-- Test011_Get_Last_Word_Of_The_Document -->
  <testcase name="Test019_Click_Back_Button_For_Handheld" time="0.003" classname="com.qait.hbp.ereader.tests.Settings_Test">
    <failure type="org.openqa.selenium.SessionNotCreatedException" message="A new session could not be created. (Original error: Command failed: C:\Windows\system32\cmd.exe /s /c &quot;C:\Users\garimabhanot\AppData\Local\Android\sdk\platform-tools\adb.exe -s 094c9e7f install &quot;C:\Program Files (x86)\Appium\node_modules\appium\build\unlock_apk\unlock_apk-debug.apk&quot;&quot;
- waiting for device -
) (WARNING: The server did not provide any stacktrace information)
Command duration or timeout: 7.59 seconds
Build info: version: &#039;2.52.0&#039;, revision: &#039;4c2593cfc3689a7fcd7be52549167e5ccc93ad28&#039;, time: &#039;2016-02-11 11:22:43&#039;
System info: host: &#039;DLLA1458&#039;, ip: &#039;10.0.22.184&#039;, os.name: &#039;Windows 8.1&#039;, os.arch: &#039;amd64&#039;, os.version: &#039;6.3&#039;, java.version: &#039;1.8.0_91&#039;
Driver info: io.appium.java_client.android.AndroidDriver">
      <![CDATA[org.openqa.selenium.SessionNotCreatedException: A new session could not be created. (Original error: Command failed: C:\Windows\system32\cmd.exe /s /c "C:\Users\garimabhanot\AppData\Local\Android\sdk\platform-tools\adb.exe -s 094c9e7f install "C:\Program Files (x86)\Appium\node_modules\appium\build\unlock_apk\unlock_apk-debug.apk""
- waiting for device -
) (WARNING: The server did not provide any stacktrace information)
Command duration or timeout: 7.59 seconds
Build info: version: '2.52.0', revision: '4c2593cfc3689a7fcd7be52549167e5ccc93ad28', time: '2016-02-11 11:22:43'
System info: host: 'DLLA1458', ip: '10.0.22.184', os.name: 'Windows 8.1', os.arch: 'amd64', os.version: '6.3', java.version: '1.8.0_91'
Driver info: io.appium.java_client.android.AndroidDriver
	at sun.reflect.NativeConstructorAccessorImpl.newInstance0(Native Method)
	at sun.reflect.NativeConstructorAccessorImpl.newInstance(Unknown Source)
	at sun.reflect.DelegatingConstructorAccessorImpl.newInstance(Unknown Source)
	at java.lang.reflect.Constructor.newInstance(Unknown Source)
	at org.openqa.selenium.remote.ErrorHandler.createThrowable(ErrorHandler.java:206)
	at org.openqa.selenium.remote.ErrorHandler.throwIfResponseFailed(ErrorHandler.java:158)
	at org.openqa.selenium.remote.RemoteWebDriver.execute(RemoteWebDriver.java:678)
	at io.appium.java_client.AppiumDriver.execute(AppiumDriver.java:180)
	at org.openqa.selenium.remote.RemoteWebDriver.startSession(RemoteWebDriver.java:249)
	at org.openqa.selenium.remote.RemoteWebDriver.<init>(RemoteWebDriver.java:131)
	at org.openqa.selenium.remote.RemoteWebDriver.<init>(RemoteWebDriver.java:158)
	at io.appium.java_client.AppiumDriver.<init>(AppiumDriver.java:109)
	at io.appium.java_client.android.AndroidDriver.<init>(AndroidDriver.java:39)
	at com.qait.hbp.automation.WebDriverFactory.setMobileDriver(WebDriverFactory.java:182)
	at com.qait.hbp.automation.WebDriverFactory.getDriver(WebDriverFactory.java:70)
	at com.qait.hbp.automation.TestSessionInitiator._configureBrowser(TestSessionInitiator.java:158)
	at com.qait.hbp.automation.TestSessionInitiator.testInitiator(TestSessionInitiator.java:152)
	at com.qait.hbp.automation.TestSessionInitiator.<init>(TestSessionInitiator.java:145)
	at com.qait.hbp.ereader.tests.Settings_Test.start_test_session(Settings_Test.java:32)
	at sun.reflect.NativeMethodAccessorImpl.invoke0(Native Method)
	at sun.reflect.NativeMethodAccessorImpl.invoke(Unknown Source)
	at sun.reflect.DelegatingMethodAccessorImpl.invoke(Unknown Source)
	at java.lang.reflect.Method.invoke(Unknown Source)
	at org.testng.internal.MethodInvocationHelper.invokeMethod(MethodInvocationHelper.java:84)
	at org.testng.internal.Invoker.invokeConfigurationMethod(Invoker.java:564)
	at org.testng.internal.Invoker.invokeConfigurations(Invoker.java:213)
	at org.testng.internal.Invoker.invokeConfigurations(Invoker.java:138)
	at org.testng.internal.TestMethodWorker.invokeBeforeClassMethods(TestMethodWorker.java:175)
	at org.testng.internal.TestMethodWorker.run(TestMethodWorker.java:107)
	at org.testng.TestRunner.privateRun(TestRunner.java:767)
	at org.testng.TestRunner.run(TestRunner.java:617)
	at org.testng.SuiteRunner.runTest(SuiteRunner.java:334)
	at org.testng.SuiteRunner.runSequentially(SuiteRunner.java:329)
	at org.testng.SuiteRunner.privateRun(SuiteRunner.java:291)
	at org.testng.SuiteRunner.run(SuiteRunner.java:240)
	at org.testng.SuiteRunnerWorker.runSuite(SuiteRunnerWorker.java:52)
	at org.testng.SuiteRunnerWorker.run(SuiteRunnerWorker.java:86)
	at org.testng.TestNG.runSuitesSequentially(TestNG.java:1224)
	at org.testng.TestNG.runSuitesLocally(TestNG.java:1149)
	at org.testng.TestNG.run(TestNG.java:1057)
	at org.testng.remote.AbstractRemoteTestNG.run(AbstractRemoteTestNG.java:126)
	at org.testng.remote.RemoteTestNG.initAndRun(RemoteTestNG.java:137)
	at org.testng.remote.RemoteTestNG.main(RemoteTestNG.java:58)
]]>
    </failure>
  </testcase> <!-- Test019_Click_Back_Button_For_Handheld -->
  <testcase name="Test028_Click_Back_Button_For_Handheld" time="0.003" classname="com.qait.hbp.ereader.tests.Settings_Test">
    <failure type="org.openqa.selenium.SessionNotCreatedException" message="A new session could not be created. (Original error: Command failed: C:\Windows\system32\cmd.exe /s /c &quot;C:\Users\garimabhanot\AppData\Local\Android\sdk\platform-tools\adb.exe -s 094c9e7f install &quot;C:\Program Files (x86)\Appium\node_modules\appium\build\unlock_apk\unlock_apk-debug.apk&quot;&quot;
- waiting for device -
) (WARNING: The server did not provide any stacktrace information)
Command duration or timeout: 7.59 seconds
Build info: version: &#039;2.52.0&#039;, revision: &#039;4c2593cfc3689a7fcd7be52549167e5ccc93ad28&#039;, time: &#039;2016-02-11 11:22:43&#039;
System info: host: &#039;DLLA1458&#039;, ip: &#039;10.0.22.184&#039;, os.name: &#039;Windows 8.1&#039;, os.arch: &#039;amd64&#039;, os.version: &#039;6.3&#039;, java.version: &#039;1.8.0_91&#039;
Driver info: io.appium.java_client.android.AndroidDriver">
      <![CDATA[org.openqa.selenium.SessionNotCreatedException: A new session could not be created. (Original error: Command failed: C:\Windows\system32\cmd.exe /s /c "C:\Users\garimabhanot\AppData\Local\Android\sdk\platform-tools\adb.exe -s 094c9e7f install "C:\Program Files (x86)\Appium\node_modules\appium\build\unlock_apk\unlock_apk-debug.apk""
- waiting for device -
) (WARNING: The server did not provide any stacktrace information)
Command duration or timeout: 7.59 seconds
Build info: version: '2.52.0', revision: '4c2593cfc3689a7fcd7be52549167e5ccc93ad28', time: '2016-02-11 11:22:43'
System info: host: 'DLLA1458', ip: '10.0.22.184', os.name: 'Windows 8.1', os.arch: 'amd64', os.version: '6.3', java.version: '1.8.0_91'
>>>>>>> 745e4fc0f1529382b857c58bba83ed3ab4386143
Driver info: io.appium.java_client.android.AndroidDriver
Capabilities [{applicationCacheEnabled=false, rotatable=false, mobileEmulationEnabled=false, chrome={}, takesHeapSnapshot=true, databaseEnabled=false, handlesAlerts=true, hasTouchScreen=true, version=51.0.2704.81, platform=ANDROID, browserConnectionEnabled=false, nativeEvents=true, acceptSslCerts=true, locationContextEnabled=true, webStorageEnabled=true, browserName=chrome, takesScreenshot=true, javascriptEnabled=true, cssSelectorsEnabled=true}]
Session ID: bb66f32e02a0a471e429ce73c817891a">
      <![CDATA[org.openqa.selenium.WebDriverException: unknown error: Element is not clickable at point (-86, 475)
  (Session info: chrome=51.0.2704.81)
  (Driver info: chromedriver=2.18.343845 (73dd713ba7fbfb73cbb514e62641d8c96a94682a),platform=Windows NT 6.3 x86_64) (WARNING: The server did not provide any stacktrace information)
Command duration or timeout: 218 milliseconds
Build info: version: '2.52.0', revision: '4c2593cfc3689a7fcd7be52549167e5ccc93ad28', time: '2016-02-11 11:22:43'
System info: host: 'DLLA1462', ip: '10.0.13.14', os.name: 'Windows 8.1', os.arch: 'amd64', os.version: '6.3', java.version: '1.8.0_73'
Driver info: io.appium.java_client.android.AndroidDriver
Capabilities [{applicationCacheEnabled=false, rotatable=false, mobileEmulationEnabled=false, chrome={}, takesHeapSnapshot=true, databaseEnabled=false, handlesAlerts=true, hasTouchScreen=true, version=51.0.2704.81, platform=ANDROID, browserConnectionEnabled=false, nativeEvents=true, acceptSslCerts=true, locationContextEnabled=true, webStorageEnabled=true, browserName=chrome, takesScreenshot=true, javascriptEnabled=true, cssSelectorsEnabled=true}]
Session ID: bb66f32e02a0a471e429ce73c817891a
	at sun.reflect.NativeConstructorAccessorImpl.newInstance0(Native Method)
	at sun.reflect.NativeConstructorAccessorImpl.newInstance(Unknown Source)
	at sun.reflect.DelegatingConstructorAccessorImpl.newInstance(Unknown Source)
	at java.lang.reflect.Constructor.newInstance(Unknown Source)
	at org.openqa.selenium.remote.ErrorHandler.createThrowable(ErrorHandler.java:206)
	at org.openqa.selenium.remote.ErrorHandler.throwIfResponseFailed(ErrorHandler.java:158)
	at org.openqa.selenium.remote.RemoteWebDriver.execute(RemoteWebDriver.java:678)
	at io.appium.java_client.AppiumDriver.execute(AppiumDriver.java:180)
	at org.openqa.selenium.remote.RemoteExecuteMethod.execute(RemoteExecuteMethod.java:35)
	at org.openqa.selenium.remote.RemoteMouse.mouseMove(RemoteMouse.java:89)
	at org.openqa.selenium.interactions.MoveMouseAction.perform(MoveMouseAction.java:39)
	at org.openqa.selenium.interactions.CompositeAction.perform(CompositeAction.java:50)
	at com.qait.hbp.ereader.keywords.AnnotationHighlightActions.is_User_Able_To_Select_Paragraph_In_Color_Blindness_Mode(AnnotationHighlightActions.java:530)
	at com.qait.hbp.ereader.tests.Settings_Test.Test0351_Verify_Changes_Are_Retained_Before_Turning_off_Network_Connection(Settings_Test.java:419)
	at sun.reflect.NativeMethodAccessorImpl.invoke0(Native Method)
	at sun.reflect.NativeMethodAccessorImpl.invoke(Unknown Source)
	at sun.reflect.DelegatingMethodAccessorImpl.invoke(Unknown Source)
	at java.lang.reflect.Method.invoke(Unknown Source)
	at org.testng.internal.MethodInvocationHelper.invokeMethod(MethodInvocationHelper.java:84)
	at org.testng.internal.Invoker.invokeMethod(Invoker.java:714)
	at org.testng.internal.Invoker.invokeTestMethod(Invoker.java:901)
	at org.testng.internal.Invoker.invokeTestMethods(Invoker.java:1231)
	at org.testng.internal.TestMethodWorker.invokeTestMethods(TestMethodWorker.java:127)
	at org.testng.internal.TestMethodWorker.run(TestMethodWorker.java:111)
	at org.testng.TestRunner.privateRun(TestRunner.java:767)
	at org.testng.TestRunner.run(TestRunner.java:617)
	at org.testng.SuiteRunner.runTest(SuiteRunner.java:334)
	at org.testng.SuiteRunner.runSequentially(SuiteRunner.java:329)
	at org.testng.SuiteRunner.privateRun(SuiteRunner.java:291)
	at org.testng.SuiteRunner.run(SuiteRunner.java:240)
	at org.testng.SuiteRunnerWorker.runSuite(SuiteRunnerWorker.java:52)
	at org.testng.SuiteRunnerWorker.run(SuiteRunnerWorker.java:86)
	at org.testng.TestNG.runSuitesSequentially(TestNG.java:1224)
	at org.testng.TestNG.runSuitesLocally(TestNG.java:1149)
	at org.testng.TestNG.run(TestNG.java:1057)
	at org.testng.remote.AbstractRemoteTestNG.run(AbstractRemoteTestNG.java:126)
	at org.testng.remote.RemoteTestNG.initAndRun(RemoteTestNG.java:137)
	at org.testng.remote.RemoteTestNG.main(RemoteTestNG.java:58)
]]>
    </failure>
  </testcase> <!-- Test0351_Verify_Changes_Are_Retained_Before_Turning_off_Network_Connection -->
  <testcase name="Test023_Verify_User_Is_Able_To_Select_Paragraph" time="365.058" classname="com.qait.hbp.ereader.tests.Settings_Test">
    <error type="java.lang.AssertionError" message="[ASSERT FAILED]: Header footer did not disappear on performing navigation icons expected [true] but found [false]">
      <![CDATA[java.lang.AssertionError: [ASSERT FAILED]: Header footer did not disappear on performing navigation icons expected [true] but found [false]
	at org.testng.Assert.fail(Assert.java:94)
	at org.testng.Assert.failNotEquals(Assert.java:494)
	at org.testng.Assert.assertTrue(Assert.java:42)
	at com.qait.hbp.ereader.keywords.AnnotationHighlightActions.click_On_Right_chevron_Icon_For_Header_Footer_To_Disappear(AnnotationHighlightActions.java:624)
	at com.qait.hbp.ereader.keywords.AnnotationHighlightActions.is_User_Able_To_Select_First_word(AnnotationHighlightActions.java:326)
	at com.qait.hbp.ereader.tests.Settings_Test.Test023_Verify_User_Is_Able_To_Select_Paragraph(Settings_Test.java:264)
	at sun.reflect.NativeMethodAccessorImpl.invoke0(Native Method)
	at sun.reflect.NativeMethodAccessorImpl.invoke(Unknown Source)
	at sun.reflect.DelegatingMethodAccessorImpl.invoke(Unknown Source)
	at java.lang.reflect.Method.invoke(Unknown Source)
	at org.testng.internal.MethodInvocationHelper.invokeMethod(MethodInvocationHelper.java:84)
	at org.testng.internal.Invoker.invokeMethod(Invoker.java:714)
	at org.testng.internal.Invoker.invokeTestMethod(Invoker.java:901)
	at org.testng.internal.Invoker.invokeTestMethods(Invoker.java:1231)
	at org.testng.internal.TestMethodWorker.invokeTestMethods(TestMethodWorker.java:127)
	at org.testng.internal.TestMethodWorker.run(TestMethodWorker.java:111)
	at org.testng.TestRunner.privateRun(TestRunner.java:767)
	at org.testng.TestRunner.run(TestRunner.java:617)
	at org.testng.SuiteRunner.runTest(SuiteRunner.java:334)
	at org.testng.SuiteRunner.runSequentially(SuiteRunner.java:329)
	at org.testng.SuiteRunner.privateRun(SuiteRunner.java:291)
	at org.testng.SuiteRunner.run(SuiteRunner.java:240)
	at org.testng.SuiteRunnerWorker.runSuite(SuiteRunnerWorker.java:52)
	at org.testng.SuiteRunnerWorker.run(SuiteRunnerWorker.java:86)
	at org.testng.TestNG.runSuitesSequentially(TestNG.java:1224)
	at org.testng.TestNG.runSuitesLocally(TestNG.java:1149)
	at org.testng.TestNG.run(TestNG.java:1057)
	at org.testng.remote.AbstractRemoteTestNG.run(AbstractRemoteTestNG.java:126)
	at org.testng.remote.RemoteTestNG.initAndRun(RemoteTestNG.java:137)
	at org.testng.remote.RemoteTestNG.main(RemoteTestNG.java:58)
]]>
    </error>
  </testcase> <!-- Test023_Verify_User_Is_Able_To_Select_Paragraph -->
  <testcase name="Test0010_Launch_Login_URL" time="8.491" classname="com.qait.hbp.ereader.tests.Settings_Test"/>
  <testcase name="Test013_Navigate_Back_To_First_Page" time="6.628" classname="com.qait.hbp.ereader.tests.Settings_Test"/>
  <testcase name="Test0240_Verify_User_Is_Able_To_Highlight_Paragraph" time="5.528" classname="com.qait.hbp.ereader.tests.Settings_Test">
    <error type="java.lang.AssertionError" message="[ASSERT FAILED]: Element yellow_highlight not found on the eReader/AnnotationHighlights !!! due to Timeout Exception">
      <![CDATA[java.lang.AssertionError: [ASSERT FAILED]: Element yellow_highlight not found on the eReader/AnnotationHighlights !!! due to Timeout Exception
	at org.testng.Assert.fail(Assert.java:94)
	at com.qait.hbp.automation.getpageobjects.GetPage.element(GetPage.java:392)
	at com.qait.hbp.automation.getpageobjects.GetPage.element(GetPage.java:331)
	at com.qait.hbp.ereader.keywords.AnnotationHighlightActions.getColor_And_Click_Specific_Highlight(AnnotationHighlightActions.java:706)
	at com.qait.hbp.ereader.tests.Settings_Test.Test0240_Verify_User_Is_Able_To_Highlight_Paragraph(Settings_Test.java:269)
	at sun.reflect.NativeMethodAccessorImpl.invoke0(Native Method)
	at sun.reflect.NativeMethodAccessorImpl.invoke(Unknown Source)
	at sun.reflect.DelegatingMethodAccessorImpl.invoke(Unknown Source)
	at java.lang.reflect.Method.invoke(Unknown Source)
	at org.testng.internal.MethodInvocationHelper.invokeMethod(MethodInvocationHelper.java:84)
	at org.testng.internal.Invoker.invokeMethod(Invoker.java:714)
	at org.testng.internal.Invoker.invokeTestMethod(Invoker.java:901)
	at org.testng.internal.Invoker.invokeTestMethods(Invoker.java:1231)
	at org.testng.internal.TestMethodWorker.invokeTestMethods(TestMethodWorker.java:127)
	at org.testng.internal.TestMethodWorker.run(TestMethodWorker.java:111)
	at org.testng.TestRunner.privateRun(TestRunner.java:767)
	at org.testng.TestRunner.run(TestRunner.java:617)
	at org.testng.SuiteRunner.runTest(SuiteRunner.java:334)
	at org.testng.SuiteRunner.runSequentially(SuiteRunner.java:329)
	at org.testng.SuiteRunner.privateRun(SuiteRunner.java:291)
	at org.testng.SuiteRunner.run(SuiteRunner.java:240)
	at org.testng.SuiteRunnerWorker.runSuite(SuiteRunnerWorker.java:52)
	at org.testng.SuiteRunnerWorker.run(SuiteRunnerWorker.java:86)
	at org.testng.TestNG.runSuitesSequentially(TestNG.java:1224)
	at org.testng.TestNG.runSuitesLocally(TestNG.java:1149)
	at org.testng.TestNG.run(TestNG.java:1057)
	at org.testng.remote.AbstractRemoteTestNG.run(AbstractRemoteTestNG.java:126)
	at org.testng.remote.RemoteTestNG.initAndRun(RemoteTestNG.java:137)
	at org.testng.remote.RemoteTestNG.main(RemoteTestNG.java:58)
]]>
    </error>
  </testcase> <!-- Test0240_Verify_User_Is_Able_To_Highlight_Paragraph -->
  <testcase name="Test0361_Verify_That_In_Offline_Mode_All_Core_Functionality_Is_Working" time="107.473" classname="com.qait.hbp.ereader.tests.Settings_Test">
    <error type="java.lang.AssertionError" message="expected [true] but found [false]">
      <![CDATA[java.lang.AssertionError: expected [true] but found [false]
	at org.testng.Assert.fail(Assert.java:94)
	at org.testng.Assert.failNotEquals(Assert.java:494)
	at org.testng.Assert.assertTrue(Assert.java:42)
	at org.testng.Assert.assertTrue(Assert.java:52)
	at com.qait.hbp.ereader.tests.Settings_Test.Test0361_Verify_That_In_Offline_Mode_All_Core_Functionality_Is_Working(Settings_Test.java:490)
	at sun.reflect.NativeMethodAccessorImpl.invoke0(Native Method)
	at sun.reflect.NativeMethodAccessorImpl.invoke(Unknown Source)
	at sun.reflect.DelegatingMethodAccessorImpl.invoke(Unknown Source)
	at java.lang.reflect.Method.invoke(Unknown Source)
	at org.testng.internal.MethodInvocationHelper.invokeMethod(MethodInvocationHelper.java:84)
	at org.testng.internal.Invoker.invokeMethod(Invoker.java:714)
	at org.testng.internal.Invoker.invokeTestMethod(Invoker.java:901)
	at org.testng.internal.Invoker.invokeTestMethods(Invoker.java:1231)
	at org.testng.internal.TestMethodWorker.invokeTestMethods(TestMethodWorker.java:127)
	at org.testng.internal.TestMethodWorker.run(TestMethodWorker.java:111)
	at org.testng.TestRunner.privateRun(TestRunner.java:767)
	at org.testng.TestRunner.run(TestRunner.java:617)
	at org.testng.SuiteRunner.runTest(SuiteRunner.java:334)
	at org.testng.SuiteRunner.runSequentially(SuiteRunner.java:329)
	at org.testng.SuiteRunner.privateRun(SuiteRunner.java:291)
	at org.testng.SuiteRunner.run(SuiteRunner.java:240)
	at org.testng.SuiteRunnerWorker.runSuite(SuiteRunnerWorker.java:52)
	at org.testng.SuiteRunnerWorker.run(SuiteRunnerWorker.java:86)
	at org.testng.TestNG.runSuitesSequentially(TestNG.java:1224)
	at org.testng.TestNG.runSuitesLocally(TestNG.java:1149)
	at org.testng.TestNG.run(TestNG.java:1057)
	at org.testng.remote.AbstractRemoteTestNG.run(AbstractRemoteTestNG.java:126)
	at org.testng.remote.RemoteTestNG.initAndRun(RemoteTestNG.java:137)
	at org.testng.remote.RemoteTestNG.main(RemoteTestNG.java:58)
]]>
    </error>
  </testcase> <!-- Test0361_Verify_That_In_Offline_Mode_All_Core_Functionality_Is_Working -->
  <testcase name="Test0340_Verify_Correct_Alert_Messaging_Is_Displayed_On_Turning_On_Offline_Mode" time="2.223" classname="com.qait.hbp.ereader.tests.Settings_Test"/>
  <testcase name="Test009_Verify_User_Is_Able_To_Add_Note_By_Clicking_On_NotePad_Icon" time="38.887" classname="com.qait.hbp.ereader.tests.Settings_Test"/>
  <testcase name="Test0242_Navigate_Back_To_First_Page" time="225.530" classname="com.qait.hbp.ereader.tests.Settings_Test"/>
  <testcase name="Test00211_Click_Not_Now" time="0.845" classname="com.qait.hbp.ereader.tests.Settings_Test"/>
  <testcase name="Test026_Click_Back_Button_For_Handheld" time="5.042" classname="com.qait.hbp.ereader.tests.Settings_Test"/>
  <testcase name="Test008_Verify_User_Is_Able_To_Add_Notes_To_Notes_Card_Using_Notepad_Icon" time="1.824" classname="com.qait.hbp.ereader.tests.Settings_Test"/>
  <testcase name="Test0241_Verify_User_Is_Able_To_Switch_Off_Annotate_Mode" time="3.017" classname="com.qait.hbp.ereader.tests.Settings_Test"/>
  <testcase name="Test0251_Verify_User_Can_Turn_On_Color_Blindness_Assistance_Option" time="25.596" classname="com.qait.hbp.ereader.tests.Settings_Test"/>
  <testcase name="Test015_Verify_Color_Blindness_Assistance_Option_Is_Displayed" time="0.650" classname="com.qait.hbp.ereader.tests.Settings_Test"/>
  <testcase name="Test0012_Verify_User_Is_Able_To_Navigate_to_CoursePacks_Page" time="6.908" classname="com.qait.hbp.ereader.tests.Settings_Test"/>
  <testcase name="Test00310_Delete_all_Notes_From_eReader" time="6.082" classname="com.qait.hbp.ereader.tests.Settings_Test"/>
  <testcase name="Test020_Verify_Text_Font" time="7.038" classname="com.qait.hbp.ereader.tests.Settings_Test"/>
  <testcase name="Test0320_Verify_Legal_Link_Is_Functional" time="8.014" classname="com.qait.hbp.ereader.tests.Settings_Test">
    <error type="java.lang.AssertionError" message="[ASSERT FAILED]: Privacy policy page didn&#039;t load expected [true] but found [false]">
      <![CDATA[java.lang.AssertionError: [ASSERT FAILED]: Privacy policy page didn't load expected [true] but found [false]
	at org.testng.Assert.fail(Assert.java:94)
	at org.testng.Assert.failNotEquals(Assert.java:494)
	at org.testng.Assert.assertTrue(Assert.java:42)
	at com.qait.hbp.ereader.keywords.SettingsActions.is_Legal_Link_Functional(SettingsActions.java:128)
	at com.qait.hbp.ereader.tests.Settings_Test.Test0320_Verify_Legal_Link_Is_Functional(Settings_Test.java:372)
	at sun.reflect.NativeMethodAccessorImpl.invoke0(Native Method)
	at sun.reflect.NativeMethodAccessorImpl.invoke(Unknown Source)
	at sun.reflect.DelegatingMethodAccessorImpl.invoke(Unknown Source)
	at java.lang.reflect.Method.invoke(Unknown Source)
	at org.testng.internal.MethodInvocationHelper.invokeMethod(MethodInvocationHelper.java:84)
	at org.testng.internal.Invoker.invokeMethod(Invoker.java:714)
	at org.testng.internal.Invoker.invokeTestMethod(Invoker.java:901)
	at org.testng.internal.Invoker.invokeTestMethods(Invoker.java:1231)
	at org.testng.internal.TestMethodWorker.invokeTestMethods(TestMethodWorker.java:127)
	at org.testng.internal.TestMethodWorker.run(TestMethodWorker.java:111)
	at org.testng.TestRunner.privateRun(TestRunner.java:767)
	at org.testng.TestRunner.run(TestRunner.java:617)
	at org.testng.SuiteRunner.runTest(SuiteRunner.java:334)
	at org.testng.SuiteRunner.runSequentially(SuiteRunner.java:329)
	at org.testng.SuiteRunner.privateRun(SuiteRunner.java:291)
	at org.testng.SuiteRunner.run(SuiteRunner.java:240)
	at org.testng.SuiteRunnerWorker.runSuite(SuiteRunnerWorker.java:52)
	at org.testng.SuiteRunnerWorker.run(SuiteRunnerWorker.java:86)
	at org.testng.TestNG.runSuitesSequentially(TestNG.java:1224)
	at org.testng.TestNG.runSuitesLocally(TestNG.java:1149)
	at org.testng.TestNG.run(TestNG.java:1057)
	at org.testng.remote.AbstractRemoteTestNG.run(AbstractRemoteTestNG.java:126)
	at org.testng.remote.RemoteTestNG.initAndRun(RemoteTestNG.java:137)
	at org.testng.remote.RemoteTestNG.main(RemoteTestNG.java:58)
]]>
<<<<<<< HEAD
    </error>
  </testcase> <!-- Test0320_Verify_Legal_Link_Is_Functional -->
  <testcase name="Test010_Click_Back_Button_For_Handheld" time="3.801" classname="com.qait.hbp.ereader.tests.Settings_Test"/>
  <testcase name="Test0061_Verify_On_Clicking_Annotation_Notes_Pane_Is_Displayed" time="2.747" classname="com.qait.hbp.ereader.tests.Settings_Test"/>
  <testcase name="Test0272_Verify_Existing_Highlights_Shape_Changes" time="1.244" classname="com.qait.hbp.ereader.tests.Settings_Test"/>
  <testcase name="Test00301_Verify_On_Clicking_Annotate_Mode_Icon_Annotate_Mode_Is_Active" time="2.753" classname="com.qait.hbp.ereader.tests.Settings_Test"/>
  <testcase name="Test011_Get_Last_Word_Of_The_Document" time="1.760" classname="com.qait.hbp.ereader.tests.Settings_Test"/>
  <testcase name="Test0013_Verify_User_Is_Able_To_Navigate_to_eReader_Course" time="7.844" classname="com.qait.hbp.ereader.tests.Settings_Test"/>
  <testcase name="Test0341_Verify_Alert_Messaging_Label_Turns_Red_On_Clicking_Done_Button_Without_Selecting_Checkbox" time="1.899" classname="com.qait.hbp.ereader.tests.Settings_Test"/>
  <testcase name="Test007_Verify_User_Is_Able_To_Enter_Text_In_Search_Notes_Field" time="3.112" classname="com.qait.hbp.ereader.tests.Settings_Test"/>
  <testcase name="Test014_Verify_Settings_Menu_Opens_On_Clicking_Settings_Icon" time="1.538" classname="com.qait.hbp.ereader.tests.Settings_Test"/>
  <testcase name="Test0274_Verify_Filter_Icon_Shape_Changes" time="2.829" classname="com.qait.hbp.ereader.tests.Settings_Test"/>
  <testcase name="Test029_Verify_On_Clicking_Annotate_Mode_Icon_Annotate_Mode_Is_Active" time="2.397" classname="com.qait.hbp.ereader.tests.Settings_Test"/>
  <testcase name="Test0342_Verify_Offline_Setup_Complete_Messaging" time="29.425" classname="com.qait.hbp.ereader.tests.Settings_Test"/>
  <testcase name="Test005_Verify_User_Is_Able_To_Highlight_Paragraph" time="2.778" classname="com.qait.hbp.ereader.tests.Settings_Test"/>
  <testcase name="Test0211_Verify_That_On_Increasing_Font_Content_Is_Intact" time="25.179" classname="com.qait.hbp.ereader.tests.Settings_Test"/>
  <testcase name="Test00312_Click_Back_Button_For_Handheld" time="4.013" classname="com.qait.hbp.ereader.tests.Settings_Test"/>
  <testcase name="Test004_Verify_User_Is_Able_To_Select_Paragraph" time="28.316" classname="com.qait.hbp.ereader.tests.Settings_Test"/>
  <testcase name="Test0271_Navigate_Back_To_First_Page" time="17.328" classname="com.qait.hbp.ereader.tests.Settings_Test"/>
  <testcase name="Test028_Click_Back_Button_For_Handheld" time="4.757" classname="com.qait.hbp.ereader.tests.Settings_Test"/>
  <testcase name="Test0011_Verify_User_Is_Able_To_Login_Into_Application" time="15.395" classname="com.qait.hbp.ereader.tests.Settings_Test"/>
  <testcase name="Test030_Verify_Filter_Icons_Shape_Change" time="27.604" classname="com.qait.hbp.ereader.tests.Settings_Test"/>
  <testcase name="Test0321_Click_Back_Button_For_Handheld" time="3.244" classname="com.qait.hbp.ereader.tests.Settings_Test"/>
  <testcase name="Test0020_Switch_To_the_eReader_Window" time="94.247" classname="com.qait.hbp.ereader.tests.Settings_Test"/>
  <testcase name="Test018_Verify_Correct_Text_On_Hbp_Reader_Modal_window" time="1.871" classname="com.qait.hbp.ereader.tests.Settings_Test"/>
  <testcase name="Test019_Click_Back_Button_For_Handheld" time="3.577" classname="com.qait.hbp.ereader.tests.Settings_Test"/>
  <testcase name="Test031_Verify_Print_Buttons_Are_Displayed" time="4.426" classname="com.qait.hbp.ereader.tests.Settings_Test"/>
  <testcase name="Test0022_Verify_Refresh_Sync_Icon_Spins_On_Clicking_It" time="242.036" classname="com.qait.hbp.ereader.tests.Settings_Test"/>
  <testcase name="Test0014_Verify_User_Is_Able_To_Navigate_to_Launch_eReader" time="1.643" classname="com.qait.hbp.ereader.tests.Settings_Test"/>
  <testcase name="Test017_Verify_Modal_Window_Appears_On_Clicking_Hbp_Reader" time="2.088" classname="com.qait.hbp.ereader.tests.Settings_Test"/>
=======
    </failure>
  </testcase> <!-- Test0241_Verify_User_Is_Able_To_Switch_Off_Annotate_Mode -->
>>>>>>> f815bf53492b826302c4167d4e45abec74a42282
>>>>>>> 93e4e4f4325f1ffaa989901ee0a30e6948c174dc
>>>>>>> 8c85882fc963d15e2380aa72416ca80fe3360065
>>>>>>> 745e4fc0f1529382b857c58bba83ed3ab4386143
</testsuite> <!-- com.qait.hbp.ereader.tests.Settings_Test -->
