<?xml version="1.0" encoding="UTF-8"?>
<!-- Generated by org.testng.reporters.JUnitReportReporter -->
<<<<<<< HEAD
<testsuite hostname="DLLA1462" name="com.qait.hbp.ereader.tests.Core_Curriculum_Reading_Test" tests="44" failures="0" timestamp="27 Jul 2016 07:31:00 GMT" time="458.727" errors="0">
  <testcase name="Test27_Verify_On_Pausing_Video_CC_Text_Also_Pauses" time="10.455" classname="com.qait.hbp.ereader.tests.Core_Curriculum_Reading_Test"/>
  <testcase name="Test18_Verify_Length_Of_Video_Is_Displayed_In_N_By_M_Format" time="1.971" classname="com.qait.hbp.ereader.tests.Core_Curriculum_Reading_Test"/>
  <testcase name="Test0012_Verify_User_Is_Able_To_Navigate_to_CoursePacks_Page" time="4.691" classname="com.qait.hbp.ereader.tests.Core_Curriculum_Reading_Test"/>
  <testcase name="Test030_Close_Notes_Pane_And_Navigate_To_First_Page" time="2.553" classname="com.qait.hbp.ereader.tests.Core_Curriculum_Reading_Test"/>
  <testcase name="Test17_Verify_For_Video_Starts_Playing_On_Clicking_Play_Button" time="19.724" classname="com.qait.hbp.ereader.tests.Core_Curriculum_Reading_Test"/>
  <testcase name="Test28_Verify_CC_Text_Also_Moves_On_Forwarding_Video_From_Progress_Bar" time="4.209" classname="com.qait.hbp.ereader.tests.Core_Curriculum_Reading_Test"/>
  <testcase name="Test0014_Verify_User_Is_Able_To_Navigate_to_Launch_eReader" time="0.204" classname="com.qait.hbp.ereader.tests.Core_Curriculum_Reading_Test"/>
  <testcase name="Test32_Verify_User_Is_Able_To_Exit_Full_Screen_By_Clicking_Exit_Screen_Icon_In_Video" time="2.717" classname="com.qait.hbp.ereader.tests.Core_Curriculum_Reading_Test"/>
  <testcase name="Test37_Verify_Source_Line_Is_Displayed_Below_Video" time="5.079" classname="com.qait.hbp.ereader.tests.Core_Curriculum_Reading_Test"/>
  <testcase name="Test141_Verify_You_Tube_Viedo_Links" time="10.904" classname="com.qait.hbp.ereader.tests.Core_Curriculum_Reading_Test"/>
  <testcase name="Test09_Verify_X_Icon_Is_Present_On_Top_Of_Modal_Window_Of_Interactive" time="0.758" classname="com.qait.hbp.ereader.tests.Core_Curriculum_Reading_Test"/>
  <testcase name="Test0021_Verify_User_Is_Able_To_Navigate_Through_The_WalkThrough" time="4.286" classname="com.qait.hbp.ereader.tests.Core_Curriculum_Reading_Test"/>
  <testcase name="Test24_Verify_Options_Are_Displayed_In_Captions" time="3.203" classname="com.qait.hbp.ereader.tests.Core_Curriculum_Reading_Test"/>
  <testcase name="Test08_Verify_On_Clicking_Pop_Out_Button_Interactive_Opens_In_New_Tab_" time="7.368" classname="com.qait.hbp.ereader.tests.Core_Curriculum_Reading_Test"/>
  <testcase name="Test07_Verify_Background_Screen_Greys_Out_On_Clicking_Launch_Interactive_Button" time="0.427" classname="com.qait.hbp.ereader.tests.Core_Curriculum_Reading_Test"/>
  <testcase name="Test160_Verify_For_Videos_Kaltura_Video_Player_Is_Present" time="10.473" classname="com.qait.hbp.ereader.tests.Core_Curriculum_Reading_Test"/>
  <testcase name="Test142_Verify_User_Is_Able_To_Arrive_At_Video_1_Page" time="8.959" classname="com.qait.hbp.ereader.tests.Core_Curriculum_Reading_Test"/>
  <testcase name="Test30_Verify_User_Is_Able_To_Exit_Full_Screen_By_Pressing_Escape_Key" time="2.384" classname="com.qait.hbp.ereader.tests.Core_Curriculum_Reading_Test"/>
  <testcase name="Test11_Verify_On_Resizing_Browser_Window_User_Interactive_Is_Launched_In_Browser_Window" time="9.626" classname="com.qait.hbp.ereader.tests.Core_Curriculum_Reading_Test"/>
  <testcase name="Test22_Verify_ToolTip_Appears_On_Hovering_1x_Icon" time="1.780" classname="com.qait.hbp.ereader.tests.Core_Curriculum_Reading_Test"/>
  <testcase name="Test031_Verify_User_Is_Able_to_View_CC_On_Launch" time="0.233" classname="com.qait.hbp.ereader.tests.Core_Curriculum_Reading_Test"/>
  <testcase name="Test35_Verify_Video_Stops_When_Uer_Opens_New_Window" time="30.929" classname="com.qait.hbp.ereader.tests.Core_Curriculum_Reading_Test"/>
  <testcase name="Test060_Verify_Launch_Interactive_Button_Launches_Interactive_In_modal_PopUp" time="0.815" classname="com.qait.hbp.ereader.tests.Core_Curriculum_Reading_Test"/>
  <testcase name="Test33_Verify_Speed_Of_Video_Gets_Adjsuted_As_Per_The_Selected_Speed" time="6.789" classname="com.qait.hbp.ereader.tests.Core_Curriculum_Reading_Test"/>
  <testcase name="Test0020_Switch_To_the_eReader_Window" time="161.351" classname="com.qait.hbp.ereader.tests.Core_Curriculum_Reading_Test"/>
  <testcase name="Test15_Verify_Logo_For_Video_Is_Present_In_Starting_Of_Video" time="0.237" classname="com.qait.hbp.ereader.tests.Core_Curriculum_Reading_Test"/>
  <testcase name="Test140_Verify_User_Is_Able_To_Arrive_At_Video_2_Page" time="8.006" classname="com.qait.hbp.ereader.tests.Core_Curriculum_Reading_Test"/>
  <testcase name="Test25_Verify_User_Is_Able_To_Select_Available_Caption" time="1.163" classname="com.qait.hbp.ereader.tests.Core_Curriculum_Reading_Test"/>
  <testcase name="Test0010_Launch_Login_URL" time="18.842" classname="com.qait.hbp.ereader.tests.Core_Curriculum_Reading_Test"/>
  <testcase name="Test040_Perform_F11_Action_Again_For_Full_Screen" time="4.170" classname="com.qait.hbp.ereader.tests.Core_Curriculum_Reading_Test"/>
  <testcase name="Test05_Verify_Launch_Interactive_Button_Is_Present_In_Center_Of_Illustration" time="1.719" classname="com.qait.hbp.ereader.tests.Core_Curriculum_Reading_Test"/>
  <testcase name="Test34_Verify_Video_Stops_When_Uer_Navigates_To_Next_Page" time="56.512" classname="com.qait.hbp.ereader.tests.Core_Curriculum_Reading_Test"/>
  <testcase name="Test29_Verify_User_Is_Able_To_Watch_Video_In_Full_Screen" time="2.347" classname="com.qait.hbp.ereader.tests.Core_Curriculum_Reading_Test"/>
  <testcase name="Test23_Verify_ToolTip_Appears_On_Hovering_Full_Screen_Icon" time="1.739" classname="com.qait.hbp.ereader.tests.Core_Curriculum_Reading_Test"/>
  <testcase name="Test0011_Verify_User_Is_Able_To_Login_Into_Application" time="10.032" classname="com.qait.hbp.ereader.tests.Core_Curriculum_Reading_Test"/>
  <testcase name="Test13_Maximise_browser_Window" time="0.083" classname="com.qait.hbp.ereader.tests.Core_Curriculum_Reading_Test"/>
  <testcase name="Test20_Verify_ToolTip_Appears_On_Hovering_Mute_Button" time="2.352" classname="com.qait.hbp.ereader.tests.Core_Curriculum_Reading_Test"/>
  <testcase name="Test10_Verify_On_Clicking_X_Icon_Modal_Window_Closes" time="0.215" classname="com.qait.hbp.ereader.tests.Core_Curriculum_Reading_Test"/>
  <testcase name="Test36_Verify_Video_Stops_When_Uer_Minimizes_Window" time="13.857" classname="com.qait.hbp.ereader.tests.Core_Curriculum_Reading_Test"/>
  <testcase name="Test0013_Verify_User_Is_Able_To_Navigate_to_eReader_Course" time="8.214" classname="com.qait.hbp.ereader.tests.Core_Curriculum_Reading_Test"/>
  <testcase name="Test19_Verify_ToolTip_Appears_On_Hovering_Play_Button" time="3.029" classname="com.qait.hbp.ereader.tests.Core_Curriculum_Reading_Test"/>
  <testcase name="Test041_Verify_User_Is_Able_to_Navigate_To_Illustration" time="10.126" classname="com.qait.hbp.ereader.tests.Core_Curriculum_Reading_Test"/>
  <testcase name="Test21_Verify_ToolTip_Appears_On_Hovering_CC_Icon" time="1.711" classname="com.qait.hbp.ereader.tests.Core_Curriculum_Reading_Test"/>
  <testcase name="Test31_Verify_User_Is_Able_To_Watch_Video_In_Full_Screen" time="2.485" classname="com.qait.hbp.ereader.tests.Core_Curriculum_Reading_Test"/>
=======
<testsuite hostname="DLLA1458" name="com.qait.hbp.ereader.tests.Core_Curriculum_Reading_Test" tests="44" failures="28" timestamp="27 Jul 2016 11:25:38 GMT" time="12353.097" errors="8">
  <testcase name="Test0011_Verify_User_Is_Able_To_Login_Into_Application" time="75.526" classname="com.qait.hbp.ereader.tests.Core_Curriculum_Reading_Test"/>
  <testcase name="Test060_Verify_Launch_Interactive_Button_Launches_Interactive_In_modal_PopUp" time="30.403" classname="com.qait.hbp.ereader.tests.Core_Curriculum_Reading_Test">
    <failure type="org.openqa.selenium.TimeoutException" message="Timed out after 30 seconds waiting for frame to be available: By.xpath: //iframe[@id=&#039;chapter_2&#039;]
Build info: version: &#039;2.52.0&#039;, revision: &#039;4c2593cfc3689a7fcd7be52549167e5ccc93ad28&#039;, time: &#039;2016-02-11 11:22:43&#039;
System info: host: &#039;DLLA1458&#039;, ip: &#039;10.0.22.138&#039;, os.name: &#039;Windows 8.1&#039;, os.arch: &#039;amd64&#039;, os.version: &#039;6.3&#039;, java.version: &#039;1.8.0_91&#039;
Driver info: org.openqa.selenium.firefox.FirefoxDriver
Capabilities [{applicationCacheEnabled=true, rotatable=false, handlesAlerts=true, databaseEnabled=true, version=46.0.1, platform=WINDOWS, nativeEvents=false, acceptSslCerts=true, webStorageEnabled=true, locationContextEnabled=true, browserName=firefox, takesScreenshot=true, javascriptEnabled=true, cssSelectorsEnabled=true}]
Session ID: 8554afe0-f5c2-4261-b08d-b3dbb81d60a2">
      <![CDATA[org.openqa.selenium.TimeoutException: Timed out after 30 seconds waiting for frame to be available: By.xpath: //iframe[@id='chapter_2']
Build info: version: '2.52.0', revision: '4c2593cfc3689a7fcd7be52549167e5ccc93ad28', time: '2016-02-11 11:22:43'
System info: host: 'DLLA1458', ip: '10.0.22.138', os.name: 'Windows 8.1', os.arch: 'amd64', os.version: '6.3', java.version: '1.8.0_91'
Driver info: org.openqa.selenium.firefox.FirefoxDriver
Capabilities [{applicationCacheEnabled=true, rotatable=false, handlesAlerts=true, databaseEnabled=true, version=46.0.1, platform=WINDOWS, nativeEvents=false, acceptSslCerts=true, webStorageEnabled=true, locationContextEnabled=true, browserName=firefox, takesScreenshot=true, javascriptEnabled=true, cssSelectorsEnabled=true}]
Session ID: 8554afe0-f5c2-4261-b08d-b3dbb81d60a2
	at org.openqa.selenium.support.ui.WebDriverWait.timeoutException(WebDriverWait.java:80)
	at org.openqa.selenium.support.ui.FluentWait.until(FluentWait.java:261)
	at com.qait.hbp.automation.utils.SeleniumWait.waitForFrameToBeAvailableAndSwitchToIt(SeleniumWait.java:73)
	at com.qait.hbp.automation.getpageobjects.BaseUi.switchToFrame(BaseUi.java:302)
	at com.qait.hbp.ereader.keywords.CoreCurriculumReadingActions.verify_Clicking_Launch_Interactive_Button_Opens_Interactive_In_Modal_window(CoreCurriculumReadingActions.java:95)
	at com.qait.hbp.ereader.tests.Core_Curriculum_Reading_Test.Test060_Verify_Launch_Interactive_Button_Launches_Interactive_In_modal_PopUp(Core_Curriculum_Reading_Test.java:129)
	at sun.reflect.NativeMethodAccessorImpl.invoke0(Native Method)
	at sun.reflect.NativeMethodAccessorImpl.invoke(Unknown Source)
	at sun.reflect.DelegatingMethodAccessorImpl.invoke(Unknown Source)
	at java.lang.reflect.Method.invoke(Unknown Source)
	at org.testng.internal.MethodInvocationHelper.invokeMethod(MethodInvocationHelper.java:84)
	at org.testng.internal.Invoker.invokeMethod(Invoker.java:714)
	at org.testng.internal.Invoker.invokeTestMethod(Invoker.java:901)
	at org.testng.internal.Invoker.invokeTestMethods(Invoker.java:1231)
	at org.testng.internal.TestMethodWorker.invokeTestMethods(TestMethodWorker.java:127)
	at org.testng.internal.TestMethodWorker.run(TestMethodWorker.java:111)
	at java.util.concurrent.ThreadPoolExecutor.runWorker(Unknown Source)
	at java.util.concurrent.ThreadPoolExecutor$Worker.run(Unknown Source)
	at java.lang.Thread.run(Unknown Source)
Caused by: org.openqa.selenium.NoSuchElementException: Unable to locate element: {"method":"xpath","selector":"//iframe[@id='chapter_2']"}
Command duration or timeout: 30.40 seconds
For documentation on this error, please visit: http://seleniumhq.org/exceptions/no_such_element.html
Build info: version: '2.52.0', revision: '4c2593cfc3689a7fcd7be52549167e5ccc93ad28', time: '2016-02-11 11:22:43'
System info: host: 'DLLA1458', ip: '10.0.22.138', os.name: 'Windows 8.1', os.arch: 'amd64', os.version: '6.3', java.version: '1.8.0_91'
Driver info: org.openqa.selenium.firefox.FirefoxDriver
Capabilities [{applicationCacheEnabled=true, rotatable=false, handlesAlerts=true, databaseEnabled=true, version=46.0.1, platform=WINDOWS, nativeEvents=false, acceptSslCerts=true, webStorageEnabled=true, locationContextEnabled=true, browserName=firefox, takesScreenshot=true, javascriptEnabled=true, cssSelectorsEnabled=true}]
Session ID: 8554afe0-f5c2-4261-b08d-b3dbb81d60a2
*** Element info: {Using=xpath, value=//iframe[@id='chapter_2']}
	at sun.reflect.NativeConstructorAccessorImpl.newInstance0(Native Method)
	at sun.reflect.NativeConstructorAccessorImpl.newInstance(Unknown Source)
	at sun.reflect.DelegatingConstructorAccessorImpl.newInstance(Unknown Source)
	at java.lang.reflect.Constructor.newInstance(Unknown Source)
	at org.openqa.selenium.remote.ErrorHandler.createThrowable(ErrorHandler.java:206)
	at org.openqa.selenium.remote.ErrorHandler.throwIfResponseFailed(ErrorHandler.java:158)
	at org.openqa.selenium.remote.RemoteWebDriver.execute(RemoteWebDriver.java:678)
	at org.openqa.selenium.remote.RemoteWebDriver.findElement(RemoteWebDriver.java:363)
	at org.openqa.selenium.remote.RemoteWebDriver.findElementByXPath(RemoteWebDriver.java:500)
	at org.openqa.selenium.By$ByXPath.findElement(By.java:361)
	at org.openqa.selenium.remote.RemoteWebDriver.findElement(RemoteWebDriver.java:355)
	at org.openqa.selenium.support.ui.ExpectedConditions.findElement(ExpectedConditions.java:911)
	at org.openqa.selenium.support.ui.ExpectedConditions.access$000(ExpectedConditions.java:41)
	at org.openqa.selenium.support.ui.ExpectedConditions$17.apply(ExpectedConditions.java:511)
	at org.openqa.selenium.support.ui.ExpectedConditions$17.apply(ExpectedConditions.java:507)
	at org.openqa.selenium.support.ui.FluentWait.until(FluentWait.java:238)
	... 17 more
Caused by: org.openqa.selenium.NoSuchElementException: Unable to locate element: {"method":"xpath","selector":"//iframe[@id='chapter_2']"}
For documentation on this error, please visit: http://seleniumhq.org/exceptions/no_such_element.html
Build info: version: '2.52.0', revision: '4c2593cfc3689a7fcd7be52549167e5ccc93ad28', time: '2016-02-11 11:22:43'
System info: host: 'DLLA1458', ip: '10.0.22.138', os.name: 'Windows 8.1', os.arch: 'amd64', os.version: '6.3', java.version: '1.8.0_91'
Driver info: driver.version: unknown
	at <anonymous class>.FirefoxDriver.prototype.findElementInternal_(file:///C:/Users/GARIMA~1/AppData/Local/Temp/anonymous5485307927630167220webdriver-profile/extensions/fxdriver@googlecode.com/components/driver-component.js:10723)
	at <anonymous class>.fxdriver.Timer.prototype.setTimeout/<.notify(file:///C:/Users/GARIMA~1/AppData/Local/Temp/anonymous5485307927630167220webdriver-profile/extensions/fxdriver@googlecode.com/components/driver-component.js:623)
]]>
    </failure>
  </testcase> <!-- Test060_Verify_Launch_Interactive_Button_Launches_Interactive_In_modal_PopUp -->
  <testcase name="Test140_Verify_User_Is_Able_To_Arrive_At_Video_2_Page" time="32.402" classname="com.qait.hbp.ereader.tests.Core_Curriculum_Reading_Test">
    <error type="java.lang.AssertionError" message="[ASSERT FAILED]: Element toc_flyout_popUp_desktop not found on the eReader/TableOfContents !!! due to Timeout Exception">
      <![CDATA[java.lang.AssertionError: [ASSERT FAILED]: Element toc_flyout_popUp_desktop not found on the eReader/TableOfContents !!! due to Timeout Exception
	at org.testng.Assert.fail(Assert.java:94)
	at com.qait.hbp.automation.getpageobjects.GetPage.element(GetPage.java:392)
	at com.qait.hbp.automation.getpageobjects.GetPage.element(GetPage.java:331)
	at com.qait.hbp.ereader.keywords.NavigationActions.click_Toc_Icon(NavigationActions.java:72)
	at com.qait.hbp.ereader.keywords.NavigationActions.verify_User_Is_Able_To_Navigate_To_Video_From_TOC(NavigationActions.java:954)
	at com.qait.hbp.ereader.tests.Core_Curriculum_Reading_Test.Test140_Verify_User_Is_Able_To_Arrive_At_Video_2_Page(Core_Curriculum_Reading_Test.java:185)
	at sun.reflect.NativeMethodAccessorImpl.invoke0(Native Method)
	at sun.reflect.NativeMethodAccessorImpl.invoke(Unknown Source)
	at sun.reflect.DelegatingMethodAccessorImpl.invoke(Unknown Source)
	at java.lang.reflect.Method.invoke(Unknown Source)
	at org.testng.internal.MethodInvocationHelper.invokeMethod(MethodInvocationHelper.java:84)
	at org.testng.internal.Invoker.invokeMethod(Invoker.java:714)
	at org.testng.internal.Invoker.invokeTestMethod(Invoker.java:901)
	at org.testng.internal.Invoker.invokeTestMethods(Invoker.java:1231)
	at org.testng.internal.TestMethodWorker.invokeTestMethods(TestMethodWorker.java:127)
	at org.testng.internal.TestMethodWorker.run(TestMethodWorker.java:111)
	at java.util.concurrent.ThreadPoolExecutor.runWorker(Unknown Source)
	at java.util.concurrent.ThreadPoolExecutor$Worker.run(Unknown Source)
	at java.lang.Thread.run(Unknown Source)
]]>
    </error>
  </testcase> <!-- Test140_Verify_User_Is_Able_To_Arrive_At_Video_2_Page -->
  <testcase name="Test24_Verify_Options_Are_Displayed_In_Captions" time="30.093" classname="com.qait.hbp.ereader.tests.Core_Curriculum_Reading_Test">
    <failure type="org.openqa.selenium.TimeoutException" message="Timed out after 30 seconds waiting for frame to be available: By.xpath: //iframe[@id=&#039;chapter_2&#039;]
Build info: version: &#039;2.52.0&#039;, revision: &#039;4c2593cfc3689a7fcd7be52549167e5ccc93ad28&#039;, time: &#039;2016-02-11 11:22:43&#039;
System info: host: &#039;DLLA1458&#039;, ip: &#039;10.0.22.138&#039;, os.name: &#039;Windows 8.1&#039;, os.arch: &#039;amd64&#039;, os.version: &#039;6.3&#039;, java.version: &#039;1.8.0_91&#039;
Driver info: org.openqa.selenium.firefox.FirefoxDriver
Capabilities [{applicationCacheEnabled=true, rotatable=false, handlesAlerts=true, databaseEnabled=true, version=46.0.1, platform=WINDOWS, nativeEvents=false, acceptSslCerts=true, webStorageEnabled=true, locationContextEnabled=true, browserName=firefox, takesScreenshot=true, javascriptEnabled=true, cssSelectorsEnabled=true}]
Session ID: 8554afe0-f5c2-4261-b08d-b3dbb81d60a2">
      <![CDATA[org.openqa.selenium.TimeoutException: Timed out after 30 seconds waiting for frame to be available: By.xpath: //iframe[@id='chapter_2']
Build info: version: '2.52.0', revision: '4c2593cfc3689a7fcd7be52549167e5ccc93ad28', time: '2016-02-11 11:22:43'
System info: host: 'DLLA1458', ip: '10.0.22.138', os.name: 'Windows 8.1', os.arch: 'amd64', os.version: '6.3', java.version: '1.8.0_91'
Driver info: org.openqa.selenium.firefox.FirefoxDriver
Capabilities [{applicationCacheEnabled=true, rotatable=false, handlesAlerts=true, databaseEnabled=true, version=46.0.1, platform=WINDOWS, nativeEvents=false, acceptSslCerts=true, webStorageEnabled=true, locationContextEnabled=true, browserName=firefox, takesScreenshot=true, javascriptEnabled=true, cssSelectorsEnabled=true}]
Session ID: 8554afe0-f5c2-4261-b08d-b3dbb81d60a2
	at org.openqa.selenium.support.ui.WebDriverWait.timeoutException(WebDriverWait.java:80)
	at org.openqa.selenium.support.ui.FluentWait.until(FluentWait.java:261)
	at com.qait.hbp.automation.utils.SeleniumWait.waitForFrameToBeAvailableAndSwitchToIt(SeleniumWait.java:73)
	at com.qait.hbp.automation.getpageobjects.BaseUi.switchToFrame(BaseUi.java:302)
	at com.qait.hbp.ereader.keywords.CoreCurriculumReadingActions.are_Options_Displayed_In_Captions(CoreCurriculumReadingActions.java:509)
	at com.qait.hbp.ereader.tests.Core_Curriculum_Reading_Test.Test24_Verify_Options_Are_Displayed_In_Captions(Core_Curriculum_Reading_Test.java:270)
	at sun.reflect.NativeMethodAccessorImpl.invoke0(Native Method)
	at sun.reflect.NativeMethodAccessorImpl.invoke(Unknown Source)
	at sun.reflect.DelegatingMethodAccessorImpl.invoke(Unknown Source)
	at java.lang.reflect.Method.invoke(Unknown Source)
	at org.testng.internal.MethodInvocationHelper.invokeMethod(MethodInvocationHelper.java:84)
	at org.testng.internal.Invoker.invokeMethod(Invoker.java:714)
	at org.testng.internal.Invoker.invokeTestMethod(Invoker.java:901)
	at org.testng.internal.Invoker.invokeTestMethods(Invoker.java:1231)
	at org.testng.internal.TestMethodWorker.invokeTestMethods(TestMethodWorker.java:127)
	at org.testng.internal.TestMethodWorker.run(TestMethodWorker.java:111)
	at java.util.concurrent.ThreadPoolExecutor.runWorker(Unknown Source)
	at java.util.concurrent.ThreadPoolExecutor$Worker.run(Unknown Source)
	at java.lang.Thread.run(Unknown Source)
Caused by: org.openqa.selenium.NoSuchElementException: Unable to locate element: {"method":"xpath","selector":"//iframe[@id='chapter_2']"}
Command duration or timeout: 30.09 seconds
For documentation on this error, please visit: http://seleniumhq.org/exceptions/no_such_element.html
Build info: version: '2.52.0', revision: '4c2593cfc3689a7fcd7be52549167e5ccc93ad28', time: '2016-02-11 11:22:43'
System info: host: 'DLLA1458', ip: '10.0.22.138', os.name: 'Windows 8.1', os.arch: 'amd64', os.version: '6.3', java.version: '1.8.0_91'
Driver info: org.openqa.selenium.firefox.FirefoxDriver
Capabilities [{applicationCacheEnabled=true, rotatable=false, handlesAlerts=true, databaseEnabled=true, version=46.0.1, platform=WINDOWS, nativeEvents=false, acceptSslCerts=true, webStorageEnabled=true, locationContextEnabled=true, browserName=firefox, takesScreenshot=true, javascriptEnabled=true, cssSelectorsEnabled=true}]
Session ID: 8554afe0-f5c2-4261-b08d-b3dbb81d60a2
*** Element info: {Using=xpath, value=//iframe[@id='chapter_2']}
	at sun.reflect.GeneratedConstructorAccessor24.newInstance(Unknown Source)
	at sun.reflect.DelegatingConstructorAccessorImpl.newInstance(Unknown Source)
	at java.lang.reflect.Constructor.newInstance(Unknown Source)
	at org.openqa.selenium.remote.ErrorHandler.createThrowable(ErrorHandler.java:206)
	at org.openqa.selenium.remote.ErrorHandler.throwIfResponseFailed(ErrorHandler.java:158)
	at org.openqa.selenium.remote.RemoteWebDriver.execute(RemoteWebDriver.java:678)
	at org.openqa.selenium.remote.RemoteWebDriver.findElement(RemoteWebDriver.java:363)
	at org.openqa.selenium.remote.RemoteWebDriver.findElementByXPath(RemoteWebDriver.java:500)
	at org.openqa.selenium.By$ByXPath.findElement(By.java:361)
	at org.openqa.selenium.remote.RemoteWebDriver.findElement(RemoteWebDriver.java:355)
	at org.openqa.selenium.support.ui.ExpectedConditions.findElement(ExpectedConditions.java:911)
	at org.openqa.selenium.support.ui.ExpectedConditions.access$000(ExpectedConditions.java:41)
	at org.openqa.selenium.support.ui.ExpectedConditions$17.apply(ExpectedConditions.java:511)
	at org.openqa.selenium.support.ui.ExpectedConditions$17.apply(ExpectedConditions.java:507)
	at org.openqa.selenium.support.ui.FluentWait.until(FluentWait.java:238)
	... 17 more
Caused by: org.openqa.selenium.NoSuchElementException: Unable to locate element: {"method":"xpath","selector":"//iframe[@id='chapter_2']"}
For documentation on this error, please visit: http://seleniumhq.org/exceptions/no_such_element.html
Build info: version: '2.52.0', revision: '4c2593cfc3689a7fcd7be52549167e5ccc93ad28', time: '2016-02-11 11:22:43'
System info: host: 'DLLA1458', ip: '10.0.22.138', os.name: 'Windows 8.1', os.arch: 'amd64', os.version: '6.3', java.version: '1.8.0_91'
Driver info: driver.version: unknown
	at <anonymous class>.FirefoxDriver.prototype.findElementInternal_(file:///C:/Users/GARIMA~1/AppData/Local/Temp/anonymous5485307927630167220webdriver-profile/extensions/fxdriver@googlecode.com/components/driver-component.js:10723)
	at <anonymous class>.fxdriver.Timer.prototype.setTimeout/<.notify(file:///C:/Users/GARIMA~1/AppData/Local/Temp/anonymous5485307927630167220webdriver-profile/extensions/fxdriver@googlecode.com/components/driver-component.js:623)
]]>
    </failure>
  </testcase> <!-- Test24_Verify_Options_Are_Displayed_In_Captions -->
  <testcase name="Test142_Verify_User_Is_Able_To_Arrive_At_Video_1_Page" time="122.473" classname="com.qait.hbp.ereader.tests.Core_Curriculum_Reading_Test">
    <failure type="org.openqa.selenium.TimeoutException" message="Timed out after 30 seconds waiting for visibility of all []
Build info: version: &#039;2.52.0&#039;, revision: &#039;4c2593cfc3689a7fcd7be52549167e5ccc93ad28&#039;, time: &#039;2016-02-11 11:22:43&#039;
System info: host: &#039;DLLA1458&#039;, ip: &#039;10.0.22.138&#039;, os.name: &#039;Windows 8.1&#039;, os.arch: &#039;amd64&#039;, os.version: &#039;6.3&#039;, java.version: &#039;1.8.0_91&#039;
Driver info: org.openqa.selenium.firefox.FirefoxDriver
Capabilities [{applicationCacheEnabled=true, rotatable=false, handlesAlerts=true, databaseEnabled=true, version=46.0.1, platform=WINDOWS, nativeEvents=false, acceptSslCerts=true, webStorageEnabled=true, locationContextEnabled=true, browserName=firefox, takesScreenshot=true, javascriptEnabled=true, cssSelectorsEnabled=true}]
Session ID: 8554afe0-f5c2-4261-b08d-b3dbb81d60a2">
      <![CDATA[org.openqa.selenium.TimeoutException: Timed out after 30 seconds waiting for visibility of all []
Build info: version: '2.52.0', revision: '4c2593cfc3689a7fcd7be52549167e5ccc93ad28', time: '2016-02-11 11:22:43'
System info: host: 'DLLA1458', ip: '10.0.22.138', os.name: 'Windows 8.1', os.arch: 'amd64', os.version: '6.3', java.version: '1.8.0_91'
Driver info: org.openqa.selenium.firefox.FirefoxDriver
Capabilities [{applicationCacheEnabled=true, rotatable=false, handlesAlerts=true, databaseEnabled=true, version=46.0.1, platform=WINDOWS, nativeEvents=false, acceptSslCerts=true, webStorageEnabled=true, locationContextEnabled=true, browserName=firefox, takesScreenshot=true, javascriptEnabled=true, cssSelectorsEnabled=true}]
Session ID: 8554afe0-f5c2-4261-b08d-b3dbb81d60a2
	at org.openqa.selenium.support.ui.WebDriverWait.timeoutException(WebDriverWait.java:80)
	at org.openqa.selenium.support.ui.FluentWait.until(FluentWait.java:261)
	at com.qait.hbp.automation.utils.SeleniumWait.waitForElementsToBeVisible(SeleniumWait.java:77)
	at com.qait.hbp.automation.getpageobjects.GetPage.elements(GetPage.java:507)
	at com.qait.hbp.automation.getpageobjects.GetPage.elements(GetPage.java:519)
	at com.qait.hbp.ereader.keywords.NavigationActions.verify_User_Is_Able_To_Navigate_To_Video_From_TOC(NavigationActions.java:956)
	at com.qait.hbp.ereader.tests.Core_Curriculum_Reading_Test.Test142_Verify_User_Is_Able_To_Arrive_At_Video_1_Page(Core_Curriculum_Reading_Test.java:198)
	at sun.reflect.NativeMethodAccessorImpl.invoke0(Native Method)
	at sun.reflect.NativeMethodAccessorImpl.invoke(Unknown Source)
	at sun.reflect.DelegatingMethodAccessorImpl.invoke(Unknown Source)
	at java.lang.reflect.Method.invoke(Unknown Source)
	at org.testng.internal.MethodInvocationHelper.invokeMethod(MethodInvocationHelper.java:84)
	at org.testng.internal.Invoker.invokeMethod(Invoker.java:714)
	at org.testng.internal.Invoker.invokeTestMethod(Invoker.java:901)
	at org.testng.internal.Invoker.invokeTestMethods(Invoker.java:1231)
	at org.testng.internal.TestMethodWorker.invokeTestMethods(TestMethodWorker.java:127)
	at org.testng.internal.TestMethodWorker.run(TestMethodWorker.java:111)
	at java.util.concurrent.ThreadPoolExecutor.runWorker(Unknown Source)
	at java.util.concurrent.ThreadPoolExecutor$Worker.run(Unknown Source)
	at java.lang.Thread.run(Unknown Source)
]]>
    </failure>
  </testcase> <!-- Test142_Verify_User_Is_Able_To_Arrive_At_Video_1_Page -->
  <testcase name="Test040_Perform_F11_Action_Again_For_Full_Screen" time="4.474" classname="com.qait.hbp.ereader.tests.Core_Curriculum_Reading_Test"/>
  <testcase name="Test031_Verify_User_Is_Able_to_View_CC_On_Launch" time="30.029" classname="com.qait.hbp.ereader.tests.Core_Curriculum_Reading_Test">
    <failure type="org.openqa.selenium.TimeoutException" message="Timed out after 30 seconds waiting for frame to be available: By.xpath: //iframe[@id=&#039;chapter_0&#039;]
Build info: version: &#039;2.52.0&#039;, revision: &#039;4c2593cfc3689a7fcd7be52549167e5ccc93ad28&#039;, time: &#039;2016-02-11 11:22:43&#039;
System info: host: &#039;DLLA1458&#039;, ip: &#039;10.0.22.138&#039;, os.name: &#039;Windows 8.1&#039;, os.arch: &#039;amd64&#039;, os.version: &#039;6.3&#039;, java.version: &#039;1.8.0_91&#039;
Driver info: org.openqa.selenium.firefox.FirefoxDriver
Capabilities [{applicationCacheEnabled=true, rotatable=false, handlesAlerts=true, databaseEnabled=true, version=46.0.1, platform=WINDOWS, nativeEvents=false, acceptSslCerts=true, webStorageEnabled=true, locationContextEnabled=true, browserName=firefox, takesScreenshot=true, javascriptEnabled=true, cssSelectorsEnabled=true}]
Session ID: 8554afe0-f5c2-4261-b08d-b3dbb81d60a2">
      <![CDATA[org.openqa.selenium.TimeoutException: Timed out after 30 seconds waiting for frame to be available: By.xpath: //iframe[@id='chapter_0']
Build info: version: '2.52.0', revision: '4c2593cfc3689a7fcd7be52549167e5ccc93ad28', time: '2016-02-11 11:22:43'
System info: host: 'DLLA1458', ip: '10.0.22.138', os.name: 'Windows 8.1', os.arch: 'amd64', os.version: '6.3', java.version: '1.8.0_91'
Driver info: org.openqa.selenium.firefox.FirefoxDriver
Capabilities [{applicationCacheEnabled=true, rotatable=false, handlesAlerts=true, databaseEnabled=true, version=46.0.1, platform=WINDOWS, nativeEvents=false, acceptSslCerts=true, webStorageEnabled=true, locationContextEnabled=true, browserName=firefox, takesScreenshot=true, javascriptEnabled=true, cssSelectorsEnabled=true}]
Session ID: 8554afe0-f5c2-4261-b08d-b3dbb81d60a2
	at org.openqa.selenium.support.ui.WebDriverWait.timeoutException(WebDriverWait.java:80)
	at org.openqa.selenium.support.ui.FluentWait.until(FluentWait.java:261)
	at com.qait.hbp.automation.utils.SeleniumWait.waitForFrameToBeAvailableAndSwitchToIt(SeleniumWait.java:73)
	at com.qait.hbp.automation.getpageobjects.BaseUi.switchToFrame(BaseUi.java:302)
	at com.qait.hbp.ereader.keywords.CoreCurriculumReadingActions.verify_User_Is_Able_To_View_CC_EPub_On_Launch(CoreCurriculumReadingActions.java:38)
	at com.qait.hbp.ereader.tests.Core_Curriculum_Reading_Test.Test031_Verify_User_Is_Able_to_View_CC_On_Launch(Core_Curriculum_Reading_Test.java:101)
	at sun.reflect.NativeMethodAccessorImpl.invoke0(Native Method)
	at sun.reflect.NativeMethodAccessorImpl.invoke(Unknown Source)
	at sun.reflect.DelegatingMethodAccessorImpl.invoke(Unknown Source)
	at java.lang.reflect.Method.invoke(Unknown Source)
	at org.testng.internal.MethodInvocationHelper.invokeMethod(MethodInvocationHelper.java:84)
	at org.testng.internal.Invoker.invokeMethod(Invoker.java:714)
	at org.testng.internal.Invoker.invokeTestMethod(Invoker.java:901)
	at org.testng.internal.Invoker.invokeTestMethods(Invoker.java:1231)
	at org.testng.internal.TestMethodWorker.invokeTestMethods(TestMethodWorker.java:127)
	at org.testng.internal.TestMethodWorker.run(TestMethodWorker.java:111)
	at java.util.concurrent.ThreadPoolExecutor.runWorker(Unknown Source)
	at java.util.concurrent.ThreadPoolExecutor$Worker.run(Unknown Source)
	at java.lang.Thread.run(Unknown Source)
Caused by: org.openqa.selenium.NoSuchElementException: Unable to locate element: {"method":"xpath","selector":"//iframe[@id='chapter_0']"}
Command duration or timeout: 30.03 seconds
For documentation on this error, please visit: http://seleniumhq.org/exceptions/no_such_element.html
Build info: version: '2.52.0', revision: '4c2593cfc3689a7fcd7be52549167e5ccc93ad28', time: '2016-02-11 11:22:43'
System info: host: 'DLLA1458', ip: '10.0.22.138', os.name: 'Windows 8.1', os.arch: 'amd64', os.version: '6.3', java.version: '1.8.0_91'
Driver info: org.openqa.selenium.firefox.FirefoxDriver
Capabilities [{applicationCacheEnabled=true, rotatable=false, handlesAlerts=true, databaseEnabled=true, version=46.0.1, platform=WINDOWS, nativeEvents=false, acceptSslCerts=true, webStorageEnabled=true, locationContextEnabled=true, browserName=firefox, takesScreenshot=true, javascriptEnabled=true, cssSelectorsEnabled=true}]
Session ID: 8554afe0-f5c2-4261-b08d-b3dbb81d60a2
*** Element info: {Using=xpath, value=//iframe[@id='chapter_0']}
	at sun.reflect.NativeConstructorAccessorImpl.newInstance0(Native Method)
	at sun.reflect.NativeConstructorAccessorImpl.newInstance(Unknown Source)
	at sun.reflect.DelegatingConstructorAccessorImpl.newInstance(Unknown Source)
	at java.lang.reflect.Constructor.newInstance(Unknown Source)
	at org.openqa.selenium.remote.ErrorHandler.createThrowable(ErrorHandler.java:206)
	at org.openqa.selenium.remote.ErrorHandler.throwIfResponseFailed(ErrorHandler.java:158)
	at org.openqa.selenium.remote.RemoteWebDriver.execute(RemoteWebDriver.java:678)
	at org.openqa.selenium.remote.RemoteWebDriver.findElement(RemoteWebDriver.java:363)
	at org.openqa.selenium.remote.RemoteWebDriver.findElementByXPath(RemoteWebDriver.java:500)
	at org.openqa.selenium.By$ByXPath.findElement(By.java:361)
	at org.openqa.selenium.remote.RemoteWebDriver.findElement(RemoteWebDriver.java:355)
	at org.openqa.selenium.support.ui.ExpectedConditions.findElement(ExpectedConditions.java:911)
	at org.openqa.selenium.support.ui.ExpectedConditions.access$000(ExpectedConditions.java:41)
	at org.openqa.selenium.support.ui.ExpectedConditions$17.apply(ExpectedConditions.java:511)
	at org.openqa.selenium.support.ui.ExpectedConditions$17.apply(ExpectedConditions.java:507)
	at org.openqa.selenium.support.ui.FluentWait.until(FluentWait.java:238)
	... 17 more
Caused by: org.openqa.selenium.NoSuchElementException: Unable to locate element: {"method":"xpath","selector":"//iframe[@id='chapter_0']"}
For documentation on this error, please visit: http://seleniumhq.org/exceptions/no_such_element.html
Build info: version: '2.52.0', revision: '4c2593cfc3689a7fcd7be52549167e5ccc93ad28', time: '2016-02-11 11:22:43'
System info: host: 'DLLA1458', ip: '10.0.22.138', os.name: 'Windows 8.1', os.arch: 'amd64', os.version: '6.3', java.version: '1.8.0_91'
Driver info: driver.version: unknown
	at <anonymous class>.FirefoxDriver.prototype.findElementInternal_(file:///C:/Users/GARIMA~1/AppData/Local/Temp/anonymous5485307927630167220webdriver-profile/extensions/fxdriver@googlecode.com/components/driver-component.js:10723)
	at <anonymous class>.fxdriver.Timer.prototype.setTimeout/<.notify(file:///C:/Users/GARIMA~1/AppData/Local/Temp/anonymous5485307927630167220webdriver-profile/extensions/fxdriver@googlecode.com/components/driver-component.js:623)
]]>
    </failure>
  </testcase> <!-- Test031_Verify_User_Is_Able_to_View_CC_On_Launch -->
  <testcase name="Test35_Verify_Video_Stops_When_Uer_Opens_New_Window" time="30.461" classname="com.qait.hbp.ereader.tests.Core_Curriculum_Reading_Test">
    <failure type="org.openqa.selenium.NoSuchWindowException" message="Window not found. The browser window may have been closed.
Command duration or timeout: 16 milliseconds
Build info: version: &#039;2.52.0&#039;, revision: &#039;4c2593cfc3689a7fcd7be52549167e5ccc93ad28&#039;, time: &#039;2016-02-11 11:22:43&#039;
System info: host: &#039;DLLA1458&#039;, ip: &#039;10.0.22.138&#039;, os.name: &#039;Windows 8.1&#039;, os.arch: &#039;amd64&#039;, os.version: &#039;6.3&#039;, java.version: &#039;1.8.0_91&#039;
Driver info: org.openqa.selenium.firefox.FirefoxDriver
Capabilities [{applicationCacheEnabled=true, rotatable=false, handlesAlerts=true, databaseEnabled=true, version=46.0.1, platform=WINDOWS, nativeEvents=false, acceptSslCerts=true, webStorageEnabled=true, locationContextEnabled=true, browserName=firefox, takesScreenshot=true, javascriptEnabled=true, cssSelectorsEnabled=true}]
Session ID: 8554afe0-f5c2-4261-b08d-b3dbb81d60a2">
      <![CDATA[org.openqa.selenium.NoSuchWindowException: Window not found. The browser window may have been closed.
Command duration or timeout: 16 milliseconds
Build info: version: '2.52.0', revision: '4c2593cfc3689a7fcd7be52549167e5ccc93ad28', time: '2016-02-11 11:22:43'
System info: host: 'DLLA1458', ip: '10.0.22.138', os.name: 'Windows 8.1', os.arch: 'amd64', os.version: '6.3', java.version: '1.8.0_91'
Driver info: org.openqa.selenium.firefox.FirefoxDriver
Capabilities [{applicationCacheEnabled=true, rotatable=false, handlesAlerts=true, databaseEnabled=true, version=46.0.1, platform=WINDOWS, nativeEvents=false, acceptSslCerts=true, webStorageEnabled=true, locationContextEnabled=true, browserName=firefox, takesScreenshot=true, javascriptEnabled=true, cssSelectorsEnabled=true}]
Session ID: 8554afe0-f5c2-4261-b08d-b3dbb81d60a2
	at sun.reflect.GeneratedConstructorAccessor26.newInstance(Unknown Source)
	at sun.reflect.DelegatingConstructorAccessorImpl.newInstance(Unknown Source)
	at java.lang.reflect.Constructor.newInstance(Unknown Source)
	at org.openqa.selenium.remote.ErrorHandler.createThrowable(ErrorHandler.java:206)
	at org.openqa.selenium.remote.ErrorHandler.throwIfResponseFailed(ErrorHandler.java:158)
	at org.openqa.selenium.remote.RemoteWebDriver.execute(RemoteWebDriver.java:678)
	at org.openqa.selenium.remote.RemoteWebDriver$RemoteTargetLocator.defaultContent(RemoteWebDriver.java:1039)
	at com.qait.hbp.automation.getpageobjects.GetPage.switchToDefaultContent(GetPage.java:59)
	at com.qait.hbp.ereader.keywords.CoreCurriculumReadingActions.verify_video_starts_Playing_On_Clicking_Play_Button(CoreCurriculumReadingActions.java:357)
	at com.qait.hbp.ereader.tests.Core_Curriculum_Reading_Test.Test35_Verify_Video_Stops_When_Uer_Opens_New_Window(Core_Curriculum_Reading_Test.java:328)
	at sun.reflect.NativeMethodAccessorImpl.invoke0(Native Method)
	at sun.reflect.NativeMethodAccessorImpl.invoke(Unknown Source)
	at sun.reflect.DelegatingMethodAccessorImpl.invoke(Unknown Source)
	at java.lang.reflect.Method.invoke(Unknown Source)
	at org.testng.internal.MethodInvocationHelper.invokeMethod(MethodInvocationHelper.java:84)
	at org.testng.internal.Invoker.invokeMethod(Invoker.java:714)
	at org.testng.internal.Invoker.invokeTestMethod(Invoker.java:901)
	at org.testng.internal.Invoker.invokeTestMethods(Invoker.java:1231)
	at org.testng.internal.TestMethodWorker.invokeTestMethods(TestMethodWorker.java:127)
	at org.testng.internal.TestMethodWorker.run(TestMethodWorker.java:111)
	at java.util.concurrent.ThreadPoolExecutor.runWorker(Unknown Source)
	at java.util.concurrent.ThreadPoolExecutor$Worker.run(Unknown Source)
	at java.lang.Thread.run(Unknown Source)
Caused by: org.openqa.selenium.NoSuchWindowException: Window not found. The browser window may have been closed.
Build info: version: '2.52.0', revision: '4c2593cfc3689a7fcd7be52549167e5ccc93ad28', time: '2016-02-11 11:22:43'
System info: host: 'DLLA1458', ip: '10.0.22.138', os.name: 'Windows 8.1', os.arch: 'amd64', os.version: '6.3', java.version: '1.8.0_91'
Driver info: driver.version: unknown
	at <anonymous class>.nsCommandProcessor.prototype.execute(file:///C:/Users/GARIMA~1/AppData/Local/Temp/anonymous5485307927630167220webdriver-profile/extensions/fxdriver@googlecode.com/components/command-processor.js:12672)
	at <anonymous class>.Dispatcher.executeAs/<(file:///C:/Users/GARIMA~1/AppData/Local/Temp/anonymous5485307927630167220webdriver-profile/extensions/fxdriver@googlecode.com/components/driver-component.js:9511)
	at <anonymous class>.Resource.prototype.handle(file:///C:/Users/GARIMA~1/AppData/Local/Temp/anonymous5485307927630167220webdriver-profile/extensions/fxdriver@googlecode.com/components/driver-component.js:9658)
	at <anonymous class>.Dispatcher.prototype.dispatch(file:///C:/Users/GARIMA~1/AppData/Local/Temp/anonymous5485307927630167220webdriver-profile/extensions/fxdriver@googlecode.com/components/driver-component.js:9605)
	at <anonymous class>.WebDriverServer/<.handle(file:///C:/Users/GARIMA~1/AppData/Local/Temp/anonymous5485307927630167220webdriver-profile/extensions/fxdriver@googlecode.com/components/driver-component.js:12470)
	at <anonymous class>.createHandlerFunc/<(file:///C:/Users/GARIMA~1/AppData/Local/Temp/anonymous5485307927630167220webdriver-profile/extensions/fxdriver@googlecode.com/components/httpd.js:2054)
	at <anonymous class>.ServerHandler.prototype.handleResponse(file:///C:/Users/GARIMA~1/AppData/Local/Temp/anonymous5485307927630167220webdriver-profile/extensions/fxdriver@googlecode.com/components/httpd.js:2387)
	at <anonymous class>.Connection.prototype.process(file:///C:/Users/GARIMA~1/AppData/Local/Temp/anonymous5485307927630167220webdriver-profile/extensions/fxdriver@googlecode.com/components/httpd.js:1223)
	at <anonymous class>.RequestReader.prototype._handleResponse(file:///C:/Users/GARIMA~1/AppData/Local/Temp/anonymous5485307927630167220webdriver-profile/extensions/fxdriver@googlecode.com/components/httpd.js:1677)
	at <anonymous class>.RequestReader.prototype._processBody(file:///C:/Users/GARIMA~1/AppData/Local/Temp/anonymous5485307927630167220webdriver-profile/extensions/fxdriver@googlecode.com/components/httpd.js:1525)
	at <anonymous class>.RequestReader.prototype.onInputStreamReady(file:///C:/Users/GARIMA~1/AppData/Local/Temp/anonymous5485307927630167220webdriver-profile/extensions/fxdriver@googlecode.com/components/httpd.js:1393)
]]>
    </failure>
  </testcase> <!-- Test35_Verify_Video_Stops_When_Uer_Opens_New_Window -->
  <testcase name="Test09_Verify_X_Icon_Is_Present_On_Top_Of_Modal_Window_Of_Interactive" time="30.053" classname="com.qait.hbp.ereader.tests.Core_Curriculum_Reading_Test">
    <failure type="org.openqa.selenium.TimeoutException" message="Timed out after 30 seconds waiting for frame to be available: By.xpath: //iframe[@id=&#039;chapter_2&#039;]
Build info: version: &#039;2.52.0&#039;, revision: &#039;4c2593cfc3689a7fcd7be52549167e5ccc93ad28&#039;, time: &#039;2016-02-11 11:22:43&#039;
System info: host: &#039;DLLA1458&#039;, ip: &#039;10.0.22.138&#039;, os.name: &#039;Windows 8.1&#039;, os.arch: &#039;amd64&#039;, os.version: &#039;6.3&#039;, java.version: &#039;1.8.0_91&#039;
Driver info: org.openqa.selenium.firefox.FirefoxDriver
Capabilities [{applicationCacheEnabled=true, rotatable=false, handlesAlerts=true, databaseEnabled=true, version=46.0.1, platform=WINDOWS, nativeEvents=false, acceptSslCerts=true, webStorageEnabled=true, locationContextEnabled=true, browserName=firefox, takesScreenshot=true, javascriptEnabled=true, cssSelectorsEnabled=true}]
Session ID: 8554afe0-f5c2-4261-b08d-b3dbb81d60a2">
      <![CDATA[org.openqa.selenium.TimeoutException: Timed out after 30 seconds waiting for frame to be available: By.xpath: //iframe[@id='chapter_2']
Build info: version: '2.52.0', revision: '4c2593cfc3689a7fcd7be52549167e5ccc93ad28', time: '2016-02-11 11:22:43'
System info: host: 'DLLA1458', ip: '10.0.22.138', os.name: 'Windows 8.1', os.arch: 'amd64', os.version: '6.3', java.version: '1.8.0_91'
Driver info: org.openqa.selenium.firefox.FirefoxDriver
Capabilities [{applicationCacheEnabled=true, rotatable=false, handlesAlerts=true, databaseEnabled=true, version=46.0.1, platform=WINDOWS, nativeEvents=false, acceptSslCerts=true, webStorageEnabled=true, locationContextEnabled=true, browserName=firefox, takesScreenshot=true, javascriptEnabled=true, cssSelectorsEnabled=true}]
Session ID: 8554afe0-f5c2-4261-b08d-b3dbb81d60a2
	at org.openqa.selenium.support.ui.WebDriverWait.timeoutException(WebDriverWait.java:80)
	at org.openqa.selenium.support.ui.FluentWait.until(FluentWait.java:261)
	at com.qait.hbp.automation.utils.SeleniumWait.waitForFrameToBeAvailableAndSwitchToIt(SeleniumWait.java:73)
	at com.qait.hbp.automation.getpageobjects.BaseUi.switchToFrame(BaseUi.java:302)
	at com.qait.hbp.ereader.keywords.CoreCurriculumReadingActions.verify_Clicking_Launch_Interactive_Button_Opens_Interactive_In_Modal_window(CoreCurriculumReadingActions.java:95)
	at com.qait.hbp.ereader.tests.Core_Curriculum_Reading_Test.Test09_Verify_X_Icon_Is_Present_On_Top_Of_Modal_Window_Of_Interactive(Core_Curriculum_Reading_Test.java:154)
	at sun.reflect.NativeMethodAccessorImpl.invoke0(Native Method)
	at sun.reflect.NativeMethodAccessorImpl.invoke(Unknown Source)
	at sun.reflect.DelegatingMethodAccessorImpl.invoke(Unknown Source)
	at java.lang.reflect.Method.invoke(Unknown Source)
	at org.testng.internal.MethodInvocationHelper.invokeMethod(MethodInvocationHelper.java:84)
	at org.testng.internal.Invoker.invokeMethod(Invoker.java:714)
	at org.testng.internal.Invoker.invokeTestMethod(Invoker.java:901)
	at org.testng.internal.Invoker.invokeTestMethods(Invoker.java:1231)
	at org.testng.internal.TestMethodWorker.invokeTestMethods(TestMethodWorker.java:127)
	at org.testng.internal.TestMethodWorker.run(TestMethodWorker.java:111)
	at java.util.concurrent.ThreadPoolExecutor.runWorker(Unknown Source)
	at java.util.concurrent.ThreadPoolExecutor$Worker.run(Unknown Source)
	at java.lang.Thread.run(Unknown Source)
Caused by: org.openqa.selenium.NoSuchElementException: Unable to locate element: {"method":"xpath","selector":"//iframe[@id='chapter_2']"}
Command duration or timeout: 30.05 seconds
For documentation on this error, please visit: http://seleniumhq.org/exceptions/no_such_element.html
Build info: version: '2.52.0', revision: '4c2593cfc3689a7fcd7be52549167e5ccc93ad28', time: '2016-02-11 11:22:43'
System info: host: 'DLLA1458', ip: '10.0.22.138', os.name: 'Windows 8.1', os.arch: 'amd64', os.version: '6.3', java.version: '1.8.0_91'
Driver info: org.openqa.selenium.firefox.FirefoxDriver
Capabilities [{applicationCacheEnabled=true, rotatable=false, handlesAlerts=true, databaseEnabled=true, version=46.0.1, platform=WINDOWS, nativeEvents=false, acceptSslCerts=true, webStorageEnabled=true, locationContextEnabled=true, browserName=firefox, takesScreenshot=true, javascriptEnabled=true, cssSelectorsEnabled=true}]
Session ID: 8554afe0-f5c2-4261-b08d-b3dbb81d60a2
*** Element info: {Using=xpath, value=//iframe[@id='chapter_2']}
	at sun.reflect.NativeConstructorAccessorImpl.newInstance0(Native Method)
	at sun.reflect.NativeConstructorAccessorImpl.newInstance(Unknown Source)
	at sun.reflect.DelegatingConstructorAccessorImpl.newInstance(Unknown Source)
	at java.lang.reflect.Constructor.newInstance(Unknown Source)
	at org.openqa.selenium.remote.ErrorHandler.createThrowable(ErrorHandler.java:206)
	at org.openqa.selenium.remote.ErrorHandler.throwIfResponseFailed(ErrorHandler.java:158)
	at org.openqa.selenium.remote.RemoteWebDriver.execute(RemoteWebDriver.java:678)
	at org.openqa.selenium.remote.RemoteWebDriver.findElement(RemoteWebDriver.java:363)
	at org.openqa.selenium.remote.RemoteWebDriver.findElementByXPath(RemoteWebDriver.java:500)
	at org.openqa.selenium.By$ByXPath.findElement(By.java:361)
	at org.openqa.selenium.remote.RemoteWebDriver.findElement(RemoteWebDriver.java:355)
	at org.openqa.selenium.support.ui.ExpectedConditions.findElement(ExpectedConditions.java:911)
	at org.openqa.selenium.support.ui.ExpectedConditions.access$000(ExpectedConditions.java:41)
	at org.openqa.selenium.support.ui.ExpectedConditions$17.apply(ExpectedConditions.java:511)
	at org.openqa.selenium.support.ui.ExpectedConditions$17.apply(ExpectedConditions.java:507)
	at org.openqa.selenium.support.ui.FluentWait.until(FluentWait.java:238)
	... 17 more
Caused by: org.openqa.selenium.NoSuchElementException: Unable to locate element: {"method":"xpath","selector":"//iframe[@id='chapter_2']"}
For documentation on this error, please visit: http://seleniumhq.org/exceptions/no_such_element.html
Build info: version: '2.52.0', revision: '4c2593cfc3689a7fcd7be52549167e5ccc93ad28', time: '2016-02-11 11:22:43'
System info: host: 'DLLA1458', ip: '10.0.22.138', os.name: 'Windows 8.1', os.arch: 'amd64', os.version: '6.3', java.version: '1.8.0_91'
Driver info: driver.version: unknown
	at <anonymous class>.FirefoxDriver.prototype.findElementInternal_(file:///C:/Users/GARIMA~1/AppData/Local/Temp/anonymous5485307927630167220webdriver-profile/extensions/fxdriver@googlecode.com/components/driver-component.js:10723)
	at <anonymous class>.fxdriver.Timer.prototype.setTimeout/<.notify(file:///C:/Users/GARIMA~1/AppData/Local/Temp/anonymous5485307927630167220webdriver-profile/extensions/fxdriver@googlecode.com/components/driver-component.js:623)
]]>
    </failure>
  </testcase> <!-- Test09_Verify_X_Icon_Is_Present_On_Top_Of_Modal_Window_Of_Interactive -->
  <testcase name="Test17_Verify_For_Video_Starts_Playing_On_Clicking_Play_Button" time="30.117" classname="com.qait.hbp.ereader.tests.Core_Curriculum_Reading_Test">
    <error type="java.lang.AssertionError" message="expected [true] but found [false]">
      <![CDATA[java.lang.AssertionError: expected [true] but found [false]
	at org.testng.Assert.fail(Assert.java:94)
	at org.testng.Assert.failNotEquals(Assert.java:494)
	at org.testng.Assert.assertTrue(Assert.java:42)
	at org.testng.Assert.assertTrue(Assert.java:52)
	at com.qait.hbp.ereader.keywords.CoreCurriculumReadingActions.verify_video_starts_Playing_On_Clicking_Play_Button(CoreCurriculumReadingActions.java:358)
	at com.qait.hbp.ereader.tests.Core_Curriculum_Reading_Test.Test17_Verify_For_Video_Starts_Playing_On_Clicking_Play_Button(Core_Curriculum_Reading_Test.java:226)
	at sun.reflect.NativeMethodAccessorImpl.invoke0(Native Method)
	at sun.reflect.NativeMethodAccessorImpl.invoke(Unknown Source)
	at sun.reflect.DelegatingMethodAccessorImpl.invoke(Unknown Source)
	at java.lang.reflect.Method.invoke(Unknown Source)
	at org.testng.internal.MethodInvocationHelper.invokeMethod(MethodInvocationHelper.java:84)
	at org.testng.internal.Invoker.invokeMethod(Invoker.java:714)
	at org.testng.internal.Invoker.invokeTestMethod(Invoker.java:901)
	at org.testng.internal.Invoker.invokeTestMethods(Invoker.java:1231)
	at org.testng.internal.TestMethodWorker.invokeTestMethods(TestMethodWorker.java:127)
	at org.testng.internal.TestMethodWorker.run(TestMethodWorker.java:111)
	at java.util.concurrent.ThreadPoolExecutor.runWorker(Unknown Source)
	at java.util.concurrent.ThreadPoolExecutor$Worker.run(Unknown Source)
	at java.lang.Thread.run(Unknown Source)
]]>
    </error>
  </testcase> <!-- Test17_Verify_For_Video_Starts_Playing_On_Clicking_Play_Button -->
  <testcase name="Test0014_Verify_User_Is_Able_To_Navigate_to_Launch_eReader" time="0.503" classname="com.qait.hbp.ereader.tests.Core_Curriculum_Reading_Test"/>
  <testcase name="Test15_Verify_Logo_For_Video_Is_Present_In_Starting_Of_Video" time="30.137" classname="com.qait.hbp.ereader.tests.Core_Curriculum_Reading_Test">
    <failure type="org.openqa.selenium.TimeoutException" message="Timed out after 30 seconds waiting for frame to be available: By.xpath: //iframe[@id=&#039;chapter_2&#039;]
Build info: version: &#039;2.52.0&#039;, revision: &#039;4c2593cfc3689a7fcd7be52549167e5ccc93ad28&#039;, time: &#039;2016-02-11 11:22:43&#039;
System info: host: &#039;DLLA1458&#039;, ip: &#039;10.0.22.138&#039;, os.name: &#039;Windows 8.1&#039;, os.arch: &#039;amd64&#039;, os.version: &#039;6.3&#039;, java.version: &#039;1.8.0_91&#039;
Driver info: org.openqa.selenium.firefox.FirefoxDriver
Capabilities [{applicationCacheEnabled=true, rotatable=false, handlesAlerts=true, databaseEnabled=true, version=46.0.1, platform=WINDOWS, nativeEvents=false, acceptSslCerts=true, webStorageEnabled=true, locationContextEnabled=true, browserName=firefox, takesScreenshot=true, javascriptEnabled=true, cssSelectorsEnabled=true}]
Session ID: 8554afe0-f5c2-4261-b08d-b3dbb81d60a2">
      <![CDATA[org.openqa.selenium.TimeoutException: Timed out after 30 seconds waiting for frame to be available: By.xpath: //iframe[@id='chapter_2']
Build info: version: '2.52.0', revision: '4c2593cfc3689a7fcd7be52549167e5ccc93ad28', time: '2016-02-11 11:22:43'
System info: host: 'DLLA1458', ip: '10.0.22.138', os.name: 'Windows 8.1', os.arch: 'amd64', os.version: '6.3', java.version: '1.8.0_91'
Driver info: org.openqa.selenium.firefox.FirefoxDriver
Capabilities [{applicationCacheEnabled=true, rotatable=false, handlesAlerts=true, databaseEnabled=true, version=46.0.1, platform=WINDOWS, nativeEvents=false, acceptSslCerts=true, webStorageEnabled=true, locationContextEnabled=true, browserName=firefox, takesScreenshot=true, javascriptEnabled=true, cssSelectorsEnabled=true}]
Session ID: 8554afe0-f5c2-4261-b08d-b3dbb81d60a2
	at org.openqa.selenium.support.ui.WebDriverWait.timeoutException(WebDriverWait.java:80)
	at org.openqa.selenium.support.ui.FluentWait.until(FluentWait.java:261)
	at com.qait.hbp.automation.utils.SeleniumWait.waitForFrameToBeAvailableAndSwitchToIt(SeleniumWait.java:73)
	at com.qait.hbp.automation.getpageobjects.BaseUi.switchToFrame(BaseUi.java:302)
	at com.qait.hbp.ereader.keywords.CoreCurriculumReadingActions.verify_For_A_Video_Logo_Is_Present(CoreCurriculumReadingActions.java:260)
	at com.qait.hbp.ereader.tests.Core_Curriculum_Reading_Test.Test15_Verify_Logo_For_Video_Is_Present_In_Starting_Of_Video(Core_Curriculum_Reading_Test.java:205)
	at sun.reflect.NativeMethodAccessorImpl.invoke0(Native Method)
	at sun.reflect.NativeMethodAccessorImpl.invoke(Unknown Source)
	at sun.reflect.DelegatingMethodAccessorImpl.invoke(Unknown Source)
	at java.lang.reflect.Method.invoke(Unknown Source)
	at org.testng.internal.MethodInvocationHelper.invokeMethod(MethodInvocationHelper.java:84)
	at org.testng.internal.Invoker.invokeMethod(Invoker.java:714)
	at org.testng.internal.Invoker.invokeTestMethod(Invoker.java:901)
	at org.testng.internal.Invoker.invokeTestMethods(Invoker.java:1231)
	at org.testng.internal.TestMethodWorker.invokeTestMethods(TestMethodWorker.java:127)
	at org.testng.internal.TestMethodWorker.run(TestMethodWorker.java:111)
	at java.util.concurrent.ThreadPoolExecutor.runWorker(Unknown Source)
	at java.util.concurrent.ThreadPoolExecutor$Worker.run(Unknown Source)
	at java.lang.Thread.run(Unknown Source)
Caused by: org.openqa.selenium.NoSuchElementException: Unable to locate element: {"method":"xpath","selector":"//iframe[@id='chapter_2']"}
Command duration or timeout: 30.13 seconds
For documentation on this error, please visit: http://seleniumhq.org/exceptions/no_such_element.html
Build info: version: '2.52.0', revision: '4c2593cfc3689a7fcd7be52549167e5ccc93ad28', time: '2016-02-11 11:22:43'
System info: host: 'DLLA1458', ip: '10.0.22.138', os.name: 'Windows 8.1', os.arch: 'amd64', os.version: '6.3', java.version: '1.8.0_91'
Driver info: org.openqa.selenium.firefox.FirefoxDriver
Capabilities [{applicationCacheEnabled=true, rotatable=false, handlesAlerts=true, databaseEnabled=true, version=46.0.1, platform=WINDOWS, nativeEvents=false, acceptSslCerts=true, webStorageEnabled=true, locationContextEnabled=true, browserName=firefox, takesScreenshot=true, javascriptEnabled=true, cssSelectorsEnabled=true}]
Session ID: 8554afe0-f5c2-4261-b08d-b3dbb81d60a2
*** Element info: {Using=xpath, value=//iframe[@id='chapter_2']}
	at sun.reflect.GeneratedConstructorAccessor24.newInstance(Unknown Source)
	at sun.reflect.DelegatingConstructorAccessorImpl.newInstance(Unknown Source)
	at java.lang.reflect.Constructor.newInstance(Unknown Source)
	at org.openqa.selenium.remote.ErrorHandler.createThrowable(ErrorHandler.java:206)
	at org.openqa.selenium.remote.ErrorHandler.throwIfResponseFailed(ErrorHandler.java:158)
	at org.openqa.selenium.remote.RemoteWebDriver.execute(RemoteWebDriver.java:678)
	at org.openqa.selenium.remote.RemoteWebDriver.findElement(RemoteWebDriver.java:363)
	at org.openqa.selenium.remote.RemoteWebDriver.findElementByXPath(RemoteWebDriver.java:500)
	at org.openqa.selenium.By$ByXPath.findElement(By.java:361)
	at org.openqa.selenium.remote.RemoteWebDriver.findElement(RemoteWebDriver.java:355)
	at org.openqa.selenium.support.ui.ExpectedConditions.findElement(ExpectedConditions.java:911)
	at org.openqa.selenium.support.ui.ExpectedConditions.access$000(ExpectedConditions.java:41)
	at org.openqa.selenium.support.ui.ExpectedConditions$17.apply(ExpectedConditions.java:511)
	at org.openqa.selenium.support.ui.ExpectedConditions$17.apply(ExpectedConditions.java:507)
	at org.openqa.selenium.support.ui.FluentWait.until(FluentWait.java:238)
	... 17 more
Caused by: org.openqa.selenium.NoSuchElementException: Unable to locate element: {"method":"xpath","selector":"//iframe[@id='chapter_2']"}
For documentation on this error, please visit: http://seleniumhq.org/exceptions/no_such_element.html
Build info: version: '2.52.0', revision: '4c2593cfc3689a7fcd7be52549167e5ccc93ad28', time: '2016-02-11 11:22:43'
System info: host: 'DLLA1458', ip: '10.0.22.138', os.name: 'Windows 8.1', os.arch: 'amd64', os.version: '6.3', java.version: '1.8.0_91'
Driver info: driver.version: unknown
	at <anonymous class>.FirefoxDriver.prototype.findElementInternal_(file:///C:/Users/GARIMA~1/AppData/Local/Temp/anonymous5485307927630167220webdriver-profile/extensions/fxdriver@googlecode.com/components/driver-component.js:10723)
	at <anonymous class>.fxdriver.Timer.prototype.setTimeout/<.notify(file:///C:/Users/GARIMA~1/AppData/Local/Temp/anonymous5485307927630167220webdriver-profile/extensions/fxdriver@googlecode.com/components/driver-component.js:623)
]]>
    </failure>
  </testcase> <!-- Test15_Verify_Logo_For_Video_Is_Present_In_Starting_Of_Video -->
  <testcase name="Test37_Verify_Source_Line_Is_Displayed_Below_Video" time="30.391" classname="com.qait.hbp.ereader.tests.Core_Curriculum_Reading_Test">
    <failure type="org.openqa.selenium.TimeoutException" message="Timed out after 30 seconds waiting for frame to be available: By.xpath: //iframe[@id=&#039;chapter_2&#039;]
Build info: version: &#039;2.52.0&#039;, revision: &#039;4c2593cfc3689a7fcd7be52549167e5ccc93ad28&#039;, time: &#039;2016-02-11 11:22:43&#039;
System info: host: &#039;DLLA1458&#039;, ip: &#039;10.0.22.138&#039;, os.name: &#039;Windows 8.1&#039;, os.arch: &#039;amd64&#039;, os.version: &#039;6.3&#039;, java.version: &#039;1.8.0_91&#039;
Driver info: org.openqa.selenium.firefox.FirefoxDriver
Capabilities [{applicationCacheEnabled=true, rotatable=false, handlesAlerts=true, databaseEnabled=true, version=46.0.1, platform=WINDOWS, nativeEvents=false, acceptSslCerts=true, webStorageEnabled=true, locationContextEnabled=true, browserName=firefox, takesScreenshot=true, javascriptEnabled=true, cssSelectorsEnabled=true}]
Session ID: 8554afe0-f5c2-4261-b08d-b3dbb81d60a2">
      <![CDATA[org.openqa.selenium.TimeoutException: Timed out after 30 seconds waiting for frame to be available: By.xpath: //iframe[@id='chapter_2']
Build info: version: '2.52.0', revision: '4c2593cfc3689a7fcd7be52549167e5ccc93ad28', time: '2016-02-11 11:22:43'
System info: host: 'DLLA1458', ip: '10.0.22.138', os.name: 'Windows 8.1', os.arch: 'amd64', os.version: '6.3', java.version: '1.8.0_91'
Driver info: org.openqa.selenium.firefox.FirefoxDriver
Capabilities [{applicationCacheEnabled=true, rotatable=false, handlesAlerts=true, databaseEnabled=true, version=46.0.1, platform=WINDOWS, nativeEvents=false, acceptSslCerts=true, webStorageEnabled=true, locationContextEnabled=true, browserName=firefox, takesScreenshot=true, javascriptEnabled=true, cssSelectorsEnabled=true}]
Session ID: 8554afe0-f5c2-4261-b08d-b3dbb81d60a2
	at org.openqa.selenium.support.ui.WebDriverWait.timeoutException(WebDriverWait.java:80)
	at org.openqa.selenium.support.ui.FluentWait.until(FluentWait.java:261)
	at com.qait.hbp.automation.utils.SeleniumWait.waitForFrameToBeAvailableAndSwitchToIt(SeleniumWait.java:73)
	at com.qait.hbp.automation.getpageobjects.BaseUi.switchToFrame(BaseUi.java:302)
	at com.qait.hbp.ereader.keywords.CoreCurriculumReadingActions.is_Source_Lins_Displayed_Below_Video(CoreCurriculumReadingActions.java:835)
	at com.qait.hbp.ereader.tests.Core_Curriculum_Reading_Test.Test37_Verify_Source_Line_Is_Displayed_Below_Video(Core_Curriculum_Reading_Test.java:342)
	at sun.reflect.NativeMethodAccessorImpl.invoke0(Native Method)
	at sun.reflect.NativeMethodAccessorImpl.invoke(Unknown Source)
	at sun.reflect.DelegatingMethodAccessorImpl.invoke(Unknown Source)
	at java.lang.reflect.Method.invoke(Unknown Source)
	at org.testng.internal.MethodInvocationHelper.invokeMethod(MethodInvocationHelper.java:84)
	at org.testng.internal.Invoker.invokeMethod(Invoker.java:714)
	at org.testng.internal.Invoker.invokeTestMethod(Invoker.java:901)
	at org.testng.internal.Invoker.invokeTestMethods(Invoker.java:1231)
	at org.testng.internal.TestMethodWorker.invokeTestMethods(TestMethodWorker.java:127)
	at org.testng.internal.TestMethodWorker.run(TestMethodWorker.java:111)
	at java.util.concurrent.ThreadPoolExecutor.runWorker(Unknown Source)
	at java.util.concurrent.ThreadPoolExecutor$Worker.run(Unknown Source)
	at java.lang.Thread.run(Unknown Source)
Caused by: org.openqa.selenium.NoSuchWindowException: Window not found. The browser window may have been closed.
Command duration or timeout: 61 milliseconds
Build info: version: '2.52.0', revision: '4c2593cfc3689a7fcd7be52549167e5ccc93ad28', time: '2016-02-11 11:22:43'
System info: host: 'DLLA1458', ip: '10.0.22.138', os.name: 'Windows 8.1', os.arch: 'amd64', os.version: '6.3', java.version: '1.8.0_91'
Driver info: org.openqa.selenium.firefox.FirefoxDriver
Capabilities [{applicationCacheEnabled=true, rotatable=false, handlesAlerts=true, databaseEnabled=true, version=46.0.1, platform=WINDOWS, nativeEvents=false, acceptSslCerts=true, webStorageEnabled=true, locationContextEnabled=true, browserName=firefox, takesScreenshot=true, javascriptEnabled=true, cssSelectorsEnabled=true}]
Session ID: 8554afe0-f5c2-4261-b08d-b3dbb81d60a2
*** Element info: {Using=xpath, value=//iframe[@id='chapter_2']}
	at sun.reflect.GeneratedConstructorAccessor26.newInstance(Unknown Source)
	at sun.reflect.DelegatingConstructorAccessorImpl.newInstance(Unknown Source)
	at java.lang.reflect.Constructor.newInstance(Unknown Source)
	at org.openqa.selenium.remote.ErrorHandler.createThrowable(ErrorHandler.java:206)
	at org.openqa.selenium.remote.ErrorHandler.throwIfResponseFailed(ErrorHandler.java:158)
	at org.openqa.selenium.remote.RemoteWebDriver.execute(RemoteWebDriver.java:678)
	at org.openqa.selenium.remote.RemoteWebDriver.findElement(RemoteWebDriver.java:363)
	at org.openqa.selenium.remote.RemoteWebDriver.findElementByXPath(RemoteWebDriver.java:500)
	at org.openqa.selenium.By$ByXPath.findElement(By.java:361)
	at org.openqa.selenium.remote.RemoteWebDriver.findElement(RemoteWebDriver.java:355)
	at org.openqa.selenium.support.ui.ExpectedConditions.findElement(ExpectedConditions.java:911)
	at org.openqa.selenium.support.ui.ExpectedConditions.access$000(ExpectedConditions.java:41)
	at org.openqa.selenium.support.ui.ExpectedConditions$17.apply(ExpectedConditions.java:511)
	at org.openqa.selenium.support.ui.ExpectedConditions$17.apply(ExpectedConditions.java:507)
	at org.openqa.selenium.support.ui.FluentWait.until(FluentWait.java:238)
	... 17 more
Caused by: org.openqa.selenium.NoSuchWindowException: Window not found. The browser window may have been closed.
Build info: version: '2.52.0', revision: '4c2593cfc3689a7fcd7be52549167e5ccc93ad28', time: '2016-02-11 11:22:43'
System info: host: 'DLLA1458', ip: '10.0.22.138', os.name: 'Windows 8.1', os.arch: 'amd64', os.version: '6.3', java.version: '1.8.0_91'
Driver info: driver.version: unknown
	at <anonymous class>.nsCommandProcessor.prototype.execute(file:///C:/Users/GARIMA~1/AppData/Local/Temp/anonymous5485307927630167220webdriver-profile/extensions/fxdriver@googlecode.com/components/command-processor.js:12672)
	at <anonymous class>.Dispatcher.executeAs/<(file:///C:/Users/GARIMA~1/AppData/Local/Temp/anonymous5485307927630167220webdriver-profile/extensions/fxdriver@googlecode.com/components/driver-component.js:9511)
	at <anonymous class>.Resource.prototype.handle(file:///C:/Users/GARIMA~1/AppData/Local/Temp/anonymous5485307927630167220webdriver-profile/extensions/fxdriver@googlecode.com/components/driver-component.js:9658)
	at <anonymous class>.Dispatcher.prototype.dispatch(file:///C:/Users/GARIMA~1/AppData/Local/Temp/anonymous5485307927630167220webdriver-profile/extensions/fxdriver@googlecode.com/components/driver-component.js:9605)
	at <anonymous class>.WebDriverServer/<.handle(file:///C:/Users/GARIMA~1/AppData/Local/Temp/anonymous5485307927630167220webdriver-profile/extensions/fxdriver@googlecode.com/components/driver-component.js:12470)
	at <anonymous class>.createHandlerFunc/<(file:///C:/Users/GARIMA~1/AppData/Local/Temp/anonymous5485307927630167220webdriver-profile/extensions/fxdriver@googlecode.com/components/httpd.js:2054)
	at <anonymous class>.ServerHandler.prototype.handleResponse(file:///C:/Users/GARIMA~1/AppData/Local/Temp/anonymous5485307927630167220webdriver-profile/extensions/fxdriver@googlecode.com/components/httpd.js:2387)
	at <anonymous class>.Connection.prototype.process(file:///C:/Users/GARIMA~1/AppData/Local/Temp/anonymous5485307927630167220webdriver-profile/extensions/fxdriver@googlecode.com/components/httpd.js:1223)
	at <anonymous class>.RequestReader.prototype._handleResponse(file:///C:/Users/GARIMA~1/AppData/Local/Temp/anonymous5485307927630167220webdriver-profile/extensions/fxdriver@googlecode.com/components/httpd.js:1677)
	at <anonymous class>.RequestReader.prototype._processBody(file:///C:/Users/GARIMA~1/AppData/Local/Temp/anonymous5485307927630167220webdriver-profile/extensions/fxdriver@googlecode.com/components/httpd.js:1525)
	at <anonymous class>.RequestReader.prototype.onInputStreamReady(file:///C:/Users/GARIMA~1/AppData/Local/Temp/anonymous5485307927630167220webdriver-profile/extensions/fxdriver@googlecode.com/components/httpd.js:1393)
]]>
    </failure>
  </testcase> <!-- Test37_Verify_Source_Line_Is_Displayed_Below_Video -->
  <testcase name="Test0013_Verify_User_Is_Able_To_Navigate_to_eReader_Course" time="10.901" classname="com.qait.hbp.ereader.tests.Core_Curriculum_Reading_Test"/>
  <testcase name="Test0021_Verify_User_Is_Able_To_Navigate_Through_The_WalkThrough" time="30.098" classname="com.qait.hbp.ereader.tests.Core_Curriculum_Reading_Test">
    <error type="java.lang.AssertionError" message="[ASSERT FAILED]: User is not able to view TOC walk through expected [true] but found [false]">
      <![CDATA[java.lang.AssertionError: [ASSERT FAILED]: User is not able to view TOC walk through expected [true] but found [false]
	at org.testng.Assert.fail(Assert.java:94)
	at org.testng.Assert.failNotEquals(Assert.java:494)
	at org.testng.Assert.assertTrue(Assert.java:42)
	at com.qait.hbp.ereader.keywords.GeneralCheckpointsActions.verify_User_Is_Able_To_Navigate_Through_TOC_Walk_Through(GeneralCheckpointsActions.java:388)
	at com.qait.hbp.ereader.tests.Core_Curriculum_Reading_Test.Test0021_Verify_User_Is_Able_To_Navigate_Through_The_WalkThrough(Core_Curriculum_Reading_Test.java:72)
	at sun.reflect.NativeMethodAccessorImpl.invoke0(Native Method)
	at sun.reflect.NativeMethodAccessorImpl.invoke(Unknown Source)
	at sun.reflect.DelegatingMethodAccessorImpl.invoke(Unknown Source)
	at java.lang.reflect.Method.invoke(Unknown Source)
	at org.testng.internal.MethodInvocationHelper.invokeMethod(MethodInvocationHelper.java:84)
	at org.testng.internal.Invoker.invokeMethod(Invoker.java:714)
	at org.testng.internal.Invoker.invokeTestMethod(Invoker.java:901)
	at org.testng.internal.Invoker.invokeTestMethods(Invoker.java:1231)
	at org.testng.internal.TestMethodWorker.invokeTestMethods(TestMethodWorker.java:127)
	at org.testng.internal.TestMethodWorker.run(TestMethodWorker.java:111)
	at java.util.concurrent.ThreadPoolExecutor.runWorker(Unknown Source)
	at java.util.concurrent.ThreadPoolExecutor$Worker.run(Unknown Source)
	at java.lang.Thread.run(Unknown Source)
]]>
    </error>
  </testcase> <!-- Test0021_Verify_User_Is_Able_To_Navigate_Through_The_WalkThrough -->
  <testcase name="Test11_Verify_On_Resizing_Browser_Window_User_Interactive_Is_Launched_In_Browser_Window" time="32.321" classname="com.qait.hbp.ereader.tests.Core_Curriculum_Reading_Test">
    <failure type="org.openqa.selenium.TimeoutException" message="Timed out after 30 seconds waiting for frame to be available: By.xpath: //iframe[@id=&#039;chapter_2&#039;]
Build info: version: &#039;2.52.0&#039;, revision: &#039;4c2593cfc3689a7fcd7be52549167e5ccc93ad28&#039;, time: &#039;2016-02-11 11:22:43&#039;
System info: host: &#039;DLLA1458&#039;, ip: &#039;10.0.22.138&#039;, os.name: &#039;Windows 8.1&#039;, os.arch: &#039;amd64&#039;, os.version: &#039;6.3&#039;, java.version: &#039;1.8.0_91&#039;
Driver info: org.openqa.selenium.firefox.FirefoxDriver
Capabilities [{applicationCacheEnabled=true, rotatable=false, handlesAlerts=true, databaseEnabled=true, version=46.0.1, platform=WINDOWS, nativeEvents=false, acceptSslCerts=true, webStorageEnabled=true, locationContextEnabled=true, browserName=firefox, takesScreenshot=true, javascriptEnabled=true, cssSelectorsEnabled=true}]
Session ID: 8554afe0-f5c2-4261-b08d-b3dbb81d60a2">
      <![CDATA[org.openqa.selenium.TimeoutException: Timed out after 30 seconds waiting for frame to be available: By.xpath: //iframe[@id='chapter_2']
Build info: version: '2.52.0', revision: '4c2593cfc3689a7fcd7be52549167e5ccc93ad28', time: '2016-02-11 11:22:43'
System info: host: 'DLLA1458', ip: '10.0.22.138', os.name: 'Windows 8.1', os.arch: 'amd64', os.version: '6.3', java.version: '1.8.0_91'
Driver info: org.openqa.selenium.firefox.FirefoxDriver
Capabilities [{applicationCacheEnabled=true, rotatable=false, handlesAlerts=true, databaseEnabled=true, version=46.0.1, platform=WINDOWS, nativeEvents=false, acceptSslCerts=true, webStorageEnabled=true, locationContextEnabled=true, browserName=firefox, takesScreenshot=true, javascriptEnabled=true, cssSelectorsEnabled=true}]
Session ID: 8554afe0-f5c2-4261-b08d-b3dbb81d60a2
	at org.openqa.selenium.support.ui.WebDriverWait.timeoutException(WebDriverWait.java:80)
	at org.openqa.selenium.support.ui.FluentWait.until(FluentWait.java:261)
	at com.qait.hbp.automation.utils.SeleniumWait.waitForFrameToBeAvailableAndSwitchToIt(SeleniumWait.java:73)
	at com.qait.hbp.automation.getpageobjects.BaseUi.switchToFrame(BaseUi.java:302)
	at com.qait.hbp.ereader.keywords.CoreCurriculumReadingActions.verify_Clicking_Launch_Interactive_Button_Opens_Interactive_In_Modal_window(CoreCurriculumReadingActions.java:95)
	at com.qait.hbp.ereader.tests.Core_Curriculum_Reading_Test.Test11_Verify_On_Resizing_Browser_Window_User_Interactive_Is_Launched_In_Browser_Window(Core_Curriculum_Reading_Test.java:168)
	at sun.reflect.NativeMethodAccessorImpl.invoke0(Native Method)
	at sun.reflect.NativeMethodAccessorImpl.invoke(Unknown Source)
	at sun.reflect.DelegatingMethodAccessorImpl.invoke(Unknown Source)
	at java.lang.reflect.Method.invoke(Unknown Source)
	at org.testng.internal.MethodInvocationHelper.invokeMethod(MethodInvocationHelper.java:84)
	at org.testng.internal.Invoker.invokeMethod(Invoker.java:714)
	at org.testng.internal.Invoker.invokeTestMethod(Invoker.java:901)
	at org.testng.internal.Invoker.invokeTestMethods(Invoker.java:1231)
	at org.testng.internal.TestMethodWorker.invokeTestMethods(TestMethodWorker.java:127)
	at org.testng.internal.TestMethodWorker.run(TestMethodWorker.java:111)
	at java.util.concurrent.ThreadPoolExecutor.runWorker(Unknown Source)
	at java.util.concurrent.ThreadPoolExecutor$Worker.run(Unknown Source)
	at java.lang.Thread.run(Unknown Source)
Caused by: org.openqa.selenium.NoSuchElementException: Unable to locate element: {"method":"xpath","selector":"//iframe[@id='chapter_2']"}
Command duration or timeout: 30.08 seconds
For documentation on this error, please visit: http://seleniumhq.org/exceptions/no_such_element.html
Build info: version: '2.52.0', revision: '4c2593cfc3689a7fcd7be52549167e5ccc93ad28', time: '2016-02-11 11:22:43'
System info: host: 'DLLA1458', ip: '10.0.22.138', os.name: 'Windows 8.1', os.arch: 'amd64', os.version: '6.3', java.version: '1.8.0_91'
Driver info: org.openqa.selenium.firefox.FirefoxDriver
Capabilities [{applicationCacheEnabled=true, rotatable=false, handlesAlerts=true, databaseEnabled=true, version=46.0.1, platform=WINDOWS, nativeEvents=false, acceptSslCerts=true, webStorageEnabled=true, locationContextEnabled=true, browserName=firefox, takesScreenshot=true, javascriptEnabled=true, cssSelectorsEnabled=true}]
Session ID: 8554afe0-f5c2-4261-b08d-b3dbb81d60a2
*** Element info: {Using=xpath, value=//iframe[@id='chapter_2']}
	at sun.reflect.NativeConstructorAccessorImpl.newInstance0(Native Method)
	at sun.reflect.NativeConstructorAccessorImpl.newInstance(Unknown Source)
	at sun.reflect.DelegatingConstructorAccessorImpl.newInstance(Unknown Source)
	at java.lang.reflect.Constructor.newInstance(Unknown Source)
	at org.openqa.selenium.remote.ErrorHandler.createThrowable(ErrorHandler.java:206)
	at org.openqa.selenium.remote.ErrorHandler.throwIfResponseFailed(ErrorHandler.java:158)
	at org.openqa.selenium.remote.RemoteWebDriver.execute(RemoteWebDriver.java:678)
	at org.openqa.selenium.remote.RemoteWebDriver.findElement(RemoteWebDriver.java:363)
	at org.openqa.selenium.remote.RemoteWebDriver.findElementByXPath(RemoteWebDriver.java:500)
	at org.openqa.selenium.By$ByXPath.findElement(By.java:361)
	at org.openqa.selenium.remote.RemoteWebDriver.findElement(RemoteWebDriver.java:355)
	at org.openqa.selenium.support.ui.ExpectedConditions.findElement(ExpectedConditions.java:911)
	at org.openqa.selenium.support.ui.ExpectedConditions.access$000(ExpectedConditions.java:41)
	at org.openqa.selenium.support.ui.ExpectedConditions$17.apply(ExpectedConditions.java:511)
	at org.openqa.selenium.support.ui.ExpectedConditions$17.apply(ExpectedConditions.java:507)
	at org.openqa.selenium.support.ui.FluentWait.until(FluentWait.java:238)
	... 17 more
Caused by: org.openqa.selenium.NoSuchElementException: Unable to locate element: {"method":"xpath","selector":"//iframe[@id='chapter_2']"}
For documentation on this error, please visit: http://seleniumhq.org/exceptions/no_such_element.html
Build info: version: '2.52.0', revision: '4c2593cfc3689a7fcd7be52549167e5ccc93ad28', time: '2016-02-11 11:22:43'
System info: host: 'DLLA1458', ip: '10.0.22.138', os.name: 'Windows 8.1', os.arch: 'amd64', os.version: '6.3', java.version: '1.8.0_91'
Driver info: driver.version: unknown
	at <anonymous class>.FirefoxDriver.prototype.findElementInternal_(file:///C:/Users/GARIMA~1/AppData/Local/Temp/anonymous5485307927630167220webdriver-profile/extensions/fxdriver@googlecode.com/components/driver-component.js:10723)
	at <anonymous class>.fxdriver.Timer.prototype.setTimeout/<.notify(file:///C:/Users/GARIMA~1/AppData/Local/Temp/anonymous5485307927630167220webdriver-profile/extensions/fxdriver@googlecode.com/components/driver-component.js:623)
]]>
    </failure>
  </testcase> <!-- Test11_Verify_On_Resizing_Browser_Window_User_Interactive_Is_Launched_In_Browser_Window -->
  <testcase name="Test36_Verify_Video_Stops_When_Uer_Minimizes_Window" time="30.462" classname="com.qait.hbp.ereader.tests.Core_Curriculum_Reading_Test">
    <failure type="org.openqa.selenium.NoSuchWindowException" message="Window not found. The browser window may have been closed.
Command duration or timeout: 24 milliseconds
Build info: version: &#039;2.52.0&#039;, revision: &#039;4c2593cfc3689a7fcd7be52549167e5ccc93ad28&#039;, time: &#039;2016-02-11 11:22:43&#039;
System info: host: &#039;DLLA1458&#039;, ip: &#039;10.0.22.138&#039;, os.name: &#039;Windows 8.1&#039;, os.arch: &#039;amd64&#039;, os.version: &#039;6.3&#039;, java.version: &#039;1.8.0_91&#039;
Driver info: org.openqa.selenium.firefox.FirefoxDriver
Capabilities [{applicationCacheEnabled=true, rotatable=false, handlesAlerts=true, databaseEnabled=true, version=46.0.1, platform=WINDOWS, nativeEvents=false, acceptSslCerts=true, webStorageEnabled=true, locationContextEnabled=true, browserName=firefox, takesScreenshot=true, javascriptEnabled=true, cssSelectorsEnabled=true}]
Session ID: 8554afe0-f5c2-4261-b08d-b3dbb81d60a2">
      <![CDATA[org.openqa.selenium.NoSuchWindowException: Window not found. The browser window may have been closed.
Command duration or timeout: 24 milliseconds
Build info: version: '2.52.0', revision: '4c2593cfc3689a7fcd7be52549167e5ccc93ad28', time: '2016-02-11 11:22:43'
System info: host: 'DLLA1458', ip: '10.0.22.138', os.name: 'Windows 8.1', os.arch: 'amd64', os.version: '6.3', java.version: '1.8.0_91'
Driver info: org.openqa.selenium.firefox.FirefoxDriver
Capabilities [{applicationCacheEnabled=true, rotatable=false, handlesAlerts=true, databaseEnabled=true, version=46.0.1, platform=WINDOWS, nativeEvents=false, acceptSslCerts=true, webStorageEnabled=true, locationContextEnabled=true, browserName=firefox, takesScreenshot=true, javascriptEnabled=true, cssSelectorsEnabled=true}]
Session ID: 8554afe0-f5c2-4261-b08d-b3dbb81d60a2
	at sun.reflect.GeneratedConstructorAccessor26.newInstance(Unknown Source)
	at sun.reflect.DelegatingConstructorAccessorImpl.newInstance(Unknown Source)
	at java.lang.reflect.Constructor.newInstance(Unknown Source)
	at org.openqa.selenium.remote.ErrorHandler.createThrowable(ErrorHandler.java:206)
	at org.openqa.selenium.remote.ErrorHandler.throwIfResponseFailed(ErrorHandler.java:158)
	at org.openqa.selenium.remote.RemoteWebDriver.execute(RemoteWebDriver.java:678)
	at org.openqa.selenium.remote.RemoteWebDriver$RemoteTargetLocator.defaultContent(RemoteWebDriver.java:1039)
	at com.qait.hbp.automation.getpageobjects.GetPage.switchToDefaultContent(GetPage.java:59)
	at com.qait.hbp.ereader.keywords.CoreCurriculumReadingActions.verify_video_starts_Playing_On_Clicking_Play_Button(CoreCurriculumReadingActions.java:357)
	at com.qait.hbp.ereader.tests.Core_Curriculum_Reading_Test.Test36_Verify_Video_Stops_When_Uer_Minimizes_Window(Core_Curriculum_Reading_Test.java:335)
	at sun.reflect.NativeMethodAccessorImpl.invoke0(Native Method)
	at sun.reflect.NativeMethodAccessorImpl.invoke(Unknown Source)
	at sun.reflect.DelegatingMethodAccessorImpl.invoke(Unknown Source)
	at java.lang.reflect.Method.invoke(Unknown Source)
	at org.testng.internal.MethodInvocationHelper.invokeMethod(MethodInvocationHelper.java:84)
	at org.testng.internal.Invoker.invokeMethod(Invoker.java:714)
	at org.testng.internal.Invoker.invokeTestMethod(Invoker.java:901)
	at org.testng.internal.Invoker.invokeTestMethods(Invoker.java:1231)
	at org.testng.internal.TestMethodWorker.invokeTestMethods(TestMethodWorker.java:127)
	at org.testng.internal.TestMethodWorker.run(TestMethodWorker.java:111)
	at java.util.concurrent.ThreadPoolExecutor.runWorker(Unknown Source)
	at java.util.concurrent.ThreadPoolExecutor$Worker.run(Unknown Source)
	at java.lang.Thread.run(Unknown Source)
Caused by: org.openqa.selenium.NoSuchWindowException: Window not found. The browser window may have been closed.
Build info: version: '2.52.0', revision: '4c2593cfc3689a7fcd7be52549167e5ccc93ad28', time: '2016-02-11 11:22:43'
System info: host: 'DLLA1458', ip: '10.0.22.138', os.name: 'Windows 8.1', os.arch: 'amd64', os.version: '6.3', java.version: '1.8.0_91'
Driver info: driver.version: unknown
	at <anonymous class>.nsCommandProcessor.prototype.execute(file:///C:/Users/GARIMA~1/AppData/Local/Temp/anonymous5485307927630167220webdriver-profile/extensions/fxdriver@googlecode.com/components/command-processor.js:12672)
	at <anonymous class>.Dispatcher.executeAs/<(file:///C:/Users/GARIMA~1/AppData/Local/Temp/anonymous5485307927630167220webdriver-profile/extensions/fxdriver@googlecode.com/components/driver-component.js:9511)
	at <anonymous class>.Resource.prototype.handle(file:///C:/Users/GARIMA~1/AppData/Local/Temp/anonymous5485307927630167220webdriver-profile/extensions/fxdriver@googlecode.com/components/driver-component.js:9658)
	at <anonymous class>.Dispatcher.prototype.dispatch(file:///C:/Users/GARIMA~1/AppData/Local/Temp/anonymous5485307927630167220webdriver-profile/extensions/fxdriver@googlecode.com/components/driver-component.js:9605)
	at <anonymous class>.WebDriverServer/<.handle(file:///C:/Users/GARIMA~1/AppData/Local/Temp/anonymous5485307927630167220webdriver-profile/extensions/fxdriver@googlecode.com/components/driver-component.js:12470)
	at <anonymous class>.createHandlerFunc/<(file:///C:/Users/GARIMA~1/AppData/Local/Temp/anonymous5485307927630167220webdriver-profile/extensions/fxdriver@googlecode.com/components/httpd.js:2054)
	at <anonymous class>.ServerHandler.prototype.handleResponse(file:///C:/Users/GARIMA~1/AppData/Local/Temp/anonymous5485307927630167220webdriver-profile/extensions/fxdriver@googlecode.com/components/httpd.js:2387)
	at <anonymous class>.Connection.prototype.process(file:///C:/Users/GARIMA~1/AppData/Local/Temp/anonymous5485307927630167220webdriver-profile/extensions/fxdriver@googlecode.com/components/httpd.js:1223)
	at <anonymous class>.RequestReader.prototype._handleResponse(file:///C:/Users/GARIMA~1/AppData/Local/Temp/anonymous5485307927630167220webdriver-profile/extensions/fxdriver@googlecode.com/components/httpd.js:1677)
	at <anonymous class>.RequestReader.prototype._processBody(file:///C:/Users/GARIMA~1/AppData/Local/Temp/anonymous5485307927630167220webdriver-profile/extensions/fxdriver@googlecode.com/components/httpd.js:1525)
	at <anonymous class>.RequestReader.prototype.onInputStreamReady(file:///C:/Users/GARIMA~1/AppData/Local/Temp/anonymous5485307927630167220webdriver-profile/extensions/fxdriver@googlecode.com/components/httpd.js:1393)
]]>
    </failure>
  </testcase> <!-- Test36_Verify_Video_Stops_When_Uer_Minimizes_Window -->
  <testcase name="Test30_Verify_User_Is_Able_To_Exit_Full_Screen_By_Pressing_Escape_Key" time="30.032" classname="com.qait.hbp.ereader.tests.Core_Curriculum_Reading_Test">
    <failure type="org.openqa.selenium.TimeoutException" message="Timed out after 30 seconds waiting for frame to be available: By.xpath: //iframe[@id=&#039;chapter_2&#039;]
Build info: version: &#039;2.52.0&#039;, revision: &#039;4c2593cfc3689a7fcd7be52549167e5ccc93ad28&#039;, time: &#039;2016-02-11 11:22:43&#039;
System info: host: &#039;DLLA1458&#039;, ip: &#039;10.0.22.138&#039;, os.name: &#039;Windows 8.1&#039;, os.arch: &#039;amd64&#039;, os.version: &#039;6.3&#039;, java.version: &#039;1.8.0_91&#039;
Driver info: org.openqa.selenium.firefox.FirefoxDriver
Capabilities [{applicationCacheEnabled=true, rotatable=false, handlesAlerts=true, databaseEnabled=true, version=46.0.1, platform=WINDOWS, nativeEvents=false, acceptSslCerts=true, webStorageEnabled=true, locationContextEnabled=true, browserName=firefox, takesScreenshot=true, javascriptEnabled=true, cssSelectorsEnabled=true}]
Session ID: 8554afe0-f5c2-4261-b08d-b3dbb81d60a2">
      <![CDATA[org.openqa.selenium.TimeoutException: Timed out after 30 seconds waiting for frame to be available: By.xpath: //iframe[@id='chapter_2']
Build info: version: '2.52.0', revision: '4c2593cfc3689a7fcd7be52549167e5ccc93ad28', time: '2016-02-11 11:22:43'
System info: host: 'DLLA1458', ip: '10.0.22.138', os.name: 'Windows 8.1', os.arch: 'amd64', os.version: '6.3', java.version: '1.8.0_91'
Driver info: org.openqa.selenium.firefox.FirefoxDriver
Capabilities [{applicationCacheEnabled=true, rotatable=false, handlesAlerts=true, databaseEnabled=true, version=46.0.1, platform=WINDOWS, nativeEvents=false, acceptSslCerts=true, webStorageEnabled=true, locationContextEnabled=true, browserName=firefox, takesScreenshot=true, javascriptEnabled=true, cssSelectorsEnabled=true}]
Session ID: 8554afe0-f5c2-4261-b08d-b3dbb81d60a2
	at org.openqa.selenium.support.ui.WebDriverWait.timeoutException(WebDriverWait.java:80)
	at org.openqa.selenium.support.ui.FluentWait.until(FluentWait.java:261)
	at com.qait.hbp.automation.utils.SeleniumWait.waitForFrameToBeAvailableAndSwitchToIt(SeleniumWait.java:73)
	at com.qait.hbp.automation.getpageobjects.BaseUi.switchToFrame(BaseUi.java:302)
	at com.qait.hbp.ereader.keywords.CoreCurriculumReadingActions.is_User_Able_To_Exit_Full_Screen_By_Pressing_Escape_Key(CoreCurriculumReadingActions.java:612)
	at com.qait.hbp.ereader.tests.Core_Curriculum_Reading_Test.Test30_Verify_User_Is_Able_To_Exit_Full_Screen_By_Pressing_Escape_Key(Core_Curriculum_Reading_Test.java:300)
	at sun.reflect.NativeMethodAccessorImpl.invoke0(Native Method)
	at sun.reflect.NativeMethodAccessorImpl.invoke(Unknown Source)
	at sun.reflect.DelegatingMethodAccessorImpl.invoke(Unknown Source)
	at java.lang.reflect.Method.invoke(Unknown Source)
	at org.testng.internal.MethodInvocationHelper.invokeMethod(MethodInvocationHelper.java:84)
	at org.testng.internal.Invoker.invokeMethod(Invoker.java:714)
	at org.testng.internal.Invoker.invokeTestMethod(Invoker.java:901)
	at org.testng.internal.Invoker.invokeTestMethods(Invoker.java:1231)
	at org.testng.internal.TestMethodWorker.invokeTestMethods(TestMethodWorker.java:127)
	at org.testng.internal.TestMethodWorker.run(TestMethodWorker.java:111)
	at java.util.concurrent.ThreadPoolExecutor.runWorker(Unknown Source)
	at java.util.concurrent.ThreadPoolExecutor$Worker.run(Unknown Source)
	at java.lang.Thread.run(Unknown Source)
Caused by: org.openqa.selenium.NoSuchWindowException: Window not found. The browser window may have been closed.
Command duration or timeout: 18 milliseconds
Build info: version: '2.52.0', revision: '4c2593cfc3689a7fcd7be52549167e5ccc93ad28', time: '2016-02-11 11:22:43'
System info: host: 'DLLA1458', ip: '10.0.22.138', os.name: 'Windows 8.1', os.arch: 'amd64', os.version: '6.3', java.version: '1.8.0_91'
Driver info: org.openqa.selenium.firefox.FirefoxDriver
Capabilities [{applicationCacheEnabled=true, rotatable=false, handlesAlerts=true, databaseEnabled=true, version=46.0.1, platform=WINDOWS, nativeEvents=false, acceptSslCerts=true, webStorageEnabled=true, locationContextEnabled=true, browserName=firefox, takesScreenshot=true, javascriptEnabled=true, cssSelectorsEnabled=true}]
Session ID: 8554afe0-f5c2-4261-b08d-b3dbb81d60a2
*** Element info: {Using=xpath, value=//iframe[@id='chapter_2']}
	at sun.reflect.GeneratedConstructorAccessor26.newInstance(Unknown Source)
	at sun.reflect.DelegatingConstructorAccessorImpl.newInstance(Unknown Source)
	at java.lang.reflect.Constructor.newInstance(Unknown Source)
	at org.openqa.selenium.remote.ErrorHandler.createThrowable(ErrorHandler.java:206)
	at org.openqa.selenium.remote.ErrorHandler.throwIfResponseFailed(ErrorHandler.java:158)
	at org.openqa.selenium.remote.RemoteWebDriver.execute(RemoteWebDriver.java:678)
	at org.openqa.selenium.remote.RemoteWebDriver.findElement(RemoteWebDriver.java:363)
	at org.openqa.selenium.remote.RemoteWebDriver.findElementByXPath(RemoteWebDriver.java:500)
	at org.openqa.selenium.By$ByXPath.findElement(By.java:361)
	at org.openqa.selenium.remote.RemoteWebDriver.findElement(RemoteWebDriver.java:355)
	at org.openqa.selenium.support.ui.ExpectedConditions.findElement(ExpectedConditions.java:911)
	at org.openqa.selenium.support.ui.ExpectedConditions.access$000(ExpectedConditions.java:41)
	at org.openqa.selenium.support.ui.ExpectedConditions$17.apply(ExpectedConditions.java:511)
	at org.openqa.selenium.support.ui.ExpectedConditions$17.apply(ExpectedConditions.java:507)
	at org.openqa.selenium.support.ui.FluentWait.until(FluentWait.java:238)
	... 17 more
Caused by: org.openqa.selenium.NoSuchWindowException: Window not found. The browser window may have been closed.
Build info: version: '2.52.0', revision: '4c2593cfc3689a7fcd7be52549167e5ccc93ad28', time: '2016-02-11 11:22:43'
System info: host: 'DLLA1458', ip: '10.0.22.138', os.name: 'Windows 8.1', os.arch: 'amd64', os.version: '6.3', java.version: '1.8.0_91'
Driver info: driver.version: unknown
	at <anonymous class>.nsCommandProcessor.prototype.execute(file:///C:/Users/GARIMA~1/AppData/Local/Temp/anonymous5485307927630167220webdriver-profile/extensions/fxdriver@googlecode.com/components/command-processor.js:12672)
	at <anonymous class>.Dispatcher.executeAs/<(file:///C:/Users/GARIMA~1/AppData/Local/Temp/anonymous5485307927630167220webdriver-profile/extensions/fxdriver@googlecode.com/components/driver-component.js:9511)
	at <anonymous class>.Resource.prototype.handle(file:///C:/Users/GARIMA~1/AppData/Local/Temp/anonymous5485307927630167220webdriver-profile/extensions/fxdriver@googlecode.com/components/driver-component.js:9658)
	at <anonymous class>.Dispatcher.prototype.dispatch(file:///C:/Users/GARIMA~1/AppData/Local/Temp/anonymous5485307927630167220webdriver-profile/extensions/fxdriver@googlecode.com/components/driver-component.js:9605)
	at <anonymous class>.WebDriverServer/<.handle(file:///C:/Users/GARIMA~1/AppData/Local/Temp/anonymous5485307927630167220webdriver-profile/extensions/fxdriver@googlecode.com/components/driver-component.js:12470)
	at <anonymous class>.createHandlerFunc/<(file:///C:/Users/GARIMA~1/AppData/Local/Temp/anonymous5485307927630167220webdriver-profile/extensions/fxdriver@googlecode.com/components/httpd.js:2054)
	at <anonymous class>.ServerHandler.prototype.handleResponse(file:///C:/Users/GARIMA~1/AppData/Local/Temp/anonymous5485307927630167220webdriver-profile/extensions/fxdriver@googlecode.com/components/httpd.js:2387)
	at <anonymous class>.Connection.prototype.process(file:///C:/Users/GARIMA~1/AppData/Local/Temp/anonymous5485307927630167220webdriver-profile/extensions/fxdriver@googlecode.com/components/httpd.js:1223)
	at <anonymous class>.RequestReader.prototype._handleResponse(file:///C:/Users/GARIMA~1/AppData/Local/Temp/anonymous5485307927630167220webdriver-profile/extensions/fxdriver@googlecode.com/components/httpd.js:1677)
	at <anonymous class>.RequestReader.prototype._processBody(file:///C:/Users/GARIMA~1/AppData/Local/Temp/anonymous5485307927630167220webdriver-profile/extensions/fxdriver@googlecode.com/components/httpd.js:1525)
	at <anonymous class>.RequestReader.prototype.onInputStreamReady(file:///C:/Users/GARIMA~1/AppData/Local/Temp/anonymous5485307927630167220webdriver-profile/extensions/fxdriver@googlecode.com/components/httpd.js:1393)
]]>
    </failure>
  </testcase> <!-- Test30_Verify_User_Is_Able_To_Exit_Full_Screen_By_Pressing_Escape_Key -->
  <testcase name="Test21_Verify_ToolTip_Appears_On_Hovering_CC_Icon" time="30.096" classname="com.qait.hbp.ereader.tests.Core_Curriculum_Reading_Test">
    <failure type="org.openqa.selenium.TimeoutException" message="Timed out after 30 seconds waiting for frame to be available: By.xpath: //iframe[@id=&#039;chapter_2&#039;]
Build info: version: &#039;2.52.0&#039;, revision: &#039;4c2593cfc3689a7fcd7be52549167e5ccc93ad28&#039;, time: &#039;2016-02-11 11:22:43&#039;
System info: host: &#039;DLLA1458&#039;, ip: &#039;10.0.22.138&#039;, os.name: &#039;Windows 8.1&#039;, os.arch: &#039;amd64&#039;, os.version: &#039;6.3&#039;, java.version: &#039;1.8.0_91&#039;
Driver info: org.openqa.selenium.firefox.FirefoxDriver
Capabilities [{applicationCacheEnabled=true, rotatable=false, handlesAlerts=true, databaseEnabled=true, version=46.0.1, platform=WINDOWS, nativeEvents=false, acceptSslCerts=true, webStorageEnabled=true, locationContextEnabled=true, browserName=firefox, takesScreenshot=true, javascriptEnabled=true, cssSelectorsEnabled=true}]
Session ID: 8554afe0-f5c2-4261-b08d-b3dbb81d60a2">
      <![CDATA[org.openqa.selenium.TimeoutException: Timed out after 30 seconds waiting for frame to be available: By.xpath: //iframe[@id='chapter_2']
Build info: version: '2.52.0', revision: '4c2593cfc3689a7fcd7be52549167e5ccc93ad28', time: '2016-02-11 11:22:43'
System info: host: 'DLLA1458', ip: '10.0.22.138', os.name: 'Windows 8.1', os.arch: 'amd64', os.version: '6.3', java.version: '1.8.0_91'
Driver info: org.openqa.selenium.firefox.FirefoxDriver
Capabilities [{applicationCacheEnabled=true, rotatable=false, handlesAlerts=true, databaseEnabled=true, version=46.0.1, platform=WINDOWS, nativeEvents=false, acceptSslCerts=true, webStorageEnabled=true, locationContextEnabled=true, browserName=firefox, takesScreenshot=true, javascriptEnabled=true, cssSelectorsEnabled=true}]
Session ID: 8554afe0-f5c2-4261-b08d-b3dbb81d60a2
	at org.openqa.selenium.support.ui.WebDriverWait.timeoutException(WebDriverWait.java:80)
	at org.openqa.selenium.support.ui.FluentWait.until(FluentWait.java:261)
	at com.qait.hbp.automation.utils.SeleniumWait.waitForFrameToBeAvailableAndSwitchToIt(SeleniumWait.java:73)
	at com.qait.hbp.automation.getpageobjects.BaseUi.switchToFrame(BaseUi.java:302)
	at com.qait.hbp.ereader.keywords.CoreCurriculumReadingActions.verify_Tool_Tip_Is_Displayed_On_hovering_CC_Icon(CoreCurriculumReadingActions.java:428)
	at com.qait.hbp.ereader.tests.Core_Curriculum_Reading_Test.Test21_Verify_ToolTip_Appears_On_Hovering_CC_Icon(Core_Curriculum_Reading_Test.java:254)
	at sun.reflect.NativeMethodAccessorImpl.invoke0(Native Method)
	at sun.reflect.NativeMethodAccessorImpl.invoke(Unknown Source)
	at sun.reflect.DelegatingMethodAccessorImpl.invoke(Unknown Source)
	at java.lang.reflect.Method.invoke(Unknown Source)
	at org.testng.internal.MethodInvocationHelper.invokeMethod(MethodInvocationHelper.java:84)
	at org.testng.internal.Invoker.invokeMethod(Invoker.java:714)
	at org.testng.internal.Invoker.invokeTestMethod(Invoker.java:901)
	at org.testng.internal.Invoker.invokeTestMethods(Invoker.java:1231)
	at org.testng.internal.TestMethodWorker.invokeTestMethods(TestMethodWorker.java:127)
	at org.testng.internal.TestMethodWorker.run(TestMethodWorker.java:111)
	at java.util.concurrent.ThreadPoolExecutor.runWorker(Unknown Source)
	at java.util.concurrent.ThreadPoolExecutor$Worker.run(Unknown Source)
	at java.lang.Thread.run(Unknown Source)
Caused by: org.openqa.selenium.NoSuchElementException: Unable to locate element: {"method":"xpath","selector":"//iframe[@id='chapter_2']"}
Command duration or timeout: 30.09 seconds
For documentation on this error, please visit: http://seleniumhq.org/exceptions/no_such_element.html
Build info: version: '2.52.0', revision: '4c2593cfc3689a7fcd7be52549167e5ccc93ad28', time: '2016-02-11 11:22:43'
System info: host: 'DLLA1458', ip: '10.0.22.138', os.name: 'Windows 8.1', os.arch: 'amd64', os.version: '6.3', java.version: '1.8.0_91'
Driver info: org.openqa.selenium.firefox.FirefoxDriver
Capabilities [{applicationCacheEnabled=true, rotatable=false, handlesAlerts=true, databaseEnabled=true, version=46.0.1, platform=WINDOWS, nativeEvents=false, acceptSslCerts=true, webStorageEnabled=true, locationContextEnabled=true, browserName=firefox, takesScreenshot=true, javascriptEnabled=true, cssSelectorsEnabled=true}]
Session ID: 8554afe0-f5c2-4261-b08d-b3dbb81d60a2
*** Element info: {Using=xpath, value=//iframe[@id='chapter_2']}
	at sun.reflect.GeneratedConstructorAccessor24.newInstance(Unknown Source)
	at sun.reflect.DelegatingConstructorAccessorImpl.newInstance(Unknown Source)
	at java.lang.reflect.Constructor.newInstance(Unknown Source)
	at org.openqa.selenium.remote.ErrorHandler.createThrowable(ErrorHandler.java:206)
	at org.openqa.selenium.remote.ErrorHandler.throwIfResponseFailed(ErrorHandler.java:158)
	at org.openqa.selenium.remote.RemoteWebDriver.execute(RemoteWebDriver.java:678)
	at org.openqa.selenium.remote.RemoteWebDriver.findElement(RemoteWebDriver.java:363)
	at org.openqa.selenium.remote.RemoteWebDriver.findElementByXPath(RemoteWebDriver.java:500)
	at org.openqa.selenium.By$ByXPath.findElement(By.java:361)
	at org.openqa.selenium.remote.RemoteWebDriver.findElement(RemoteWebDriver.java:355)
	at org.openqa.selenium.support.ui.ExpectedConditions.findElement(ExpectedConditions.java:911)
	at org.openqa.selenium.support.ui.ExpectedConditions.access$000(ExpectedConditions.java:41)
	at org.openqa.selenium.support.ui.ExpectedConditions$17.apply(ExpectedConditions.java:511)
	at org.openqa.selenium.support.ui.ExpectedConditions$17.apply(ExpectedConditions.java:507)
	at org.openqa.selenium.support.ui.FluentWait.until(FluentWait.java:238)
	... 17 more
Caused by: org.openqa.selenium.NoSuchElementException: Unable to locate element: {"method":"xpath","selector":"//iframe[@id='chapter_2']"}
For documentation on this error, please visit: http://seleniumhq.org/exceptions/no_such_element.html
Build info: version: '2.52.0', revision: '4c2593cfc3689a7fcd7be52549167e5ccc93ad28', time: '2016-02-11 11:22:43'
System info: host: 'DLLA1458', ip: '10.0.22.138', os.name: 'Windows 8.1', os.arch: 'amd64', os.version: '6.3', java.version: '1.8.0_91'
Driver info: driver.version: unknown
	at <anonymous class>.FirefoxDriver.prototype.findElementInternal_(file:///C:/Users/GARIMA~1/AppData/Local/Temp/anonymous5485307927630167220webdriver-profile/extensions/fxdriver@googlecode.com/components/driver-component.js:10723)
	at <anonymous class>.fxdriver.Timer.prototype.setTimeout/<.notify(file:///C:/Users/GARIMA~1/AppData/Local/Temp/anonymous5485307927630167220webdriver-profile/extensions/fxdriver@googlecode.com/components/driver-component.js:623)
]]>
    </failure>
  </testcase> <!-- Test21_Verify_ToolTip_Appears_On_Hovering_CC_Icon -->
  <testcase name="Test29_Verify_User_Is_Able_To_Watch_Video_In_Full_Screen" time="10800.028" classname="com.qait.hbp.ereader.tests.Core_Curriculum_Reading_Test">
    <failure type="org.openqa.selenium.remote.UnreachableBrowserException" message="Error communicating with the remote browser. It may have died.
Build info: version: &#039;2.52.0&#039;, revision: &#039;4c2593cfc3689a7fcd7be52549167e5ccc93ad28&#039;, time: &#039;2016-02-11 11:22:43&#039;
System info: host: &#039;DLLA1458&#039;, ip: &#039;10.0.22.138&#039;, os.name: &#039;Windows 8.1&#039;, os.arch: &#039;amd64&#039;, os.version: &#039;6.3&#039;, java.version: &#039;1.8.0_91&#039;
Driver info: driver.version: RemoteWebDriver
Capabilities [{applicationCacheEnabled=true, rotatable=false, handlesAlerts=true, databaseEnabled=true, version=46.0.1, platform=WINDOWS, nativeEvents=false, acceptSslCerts=true, webStorageEnabled=true, locationContextEnabled=true, browserName=firefox, takesScreenshot=true, javascriptEnabled=true, cssSelectorsEnabled=true}]
Session ID: 8554afe0-f5c2-4261-b08d-b3dbb81d60a2">
      <![CDATA[org.openqa.selenium.remote.UnreachableBrowserException: Error communicating with the remote browser. It may have died.
Build info: version: '2.52.0', revision: '4c2593cfc3689a7fcd7be52549167e5ccc93ad28', time: '2016-02-11 11:22:43'
System info: host: 'DLLA1458', ip: '10.0.22.138', os.name: 'Windows 8.1', os.arch: 'amd64', os.version: '6.3', java.version: '1.8.0_91'
Driver info: driver.version: RemoteWebDriver
Capabilities [{applicationCacheEnabled=true, rotatable=false, handlesAlerts=true, databaseEnabled=true, version=46.0.1, platform=WINDOWS, nativeEvents=false, acceptSslCerts=true, webStorageEnabled=true, locationContextEnabled=true, browserName=firefox, takesScreenshot=true, javascriptEnabled=true, cssSelectorsEnabled=true}]
Session ID: 8554afe0-f5c2-4261-b08d-b3dbb81d60a2
	at org.openqa.selenium.remote.RemoteWebDriver.execute(RemoteWebDriver.java:665)
	at org.openqa.selenium.remote.RemoteWebDriver.findElement(RemoteWebDriver.java:363)
	at org.openqa.selenium.remote.RemoteWebDriver.findElementByXPath(RemoteWebDriver.java:500)
	at org.openqa.selenium.By$ByXPath.findElement(By.java:361)
	at org.openqa.selenium.remote.RemoteWebDriver.findElement(RemoteWebDriver.java:355)
	at org.openqa.selenium.support.ui.ExpectedConditions.findElement(ExpectedConditions.java:911)
	at org.openqa.selenium.support.ui.ExpectedConditions.access$000(ExpectedConditions.java:41)
	at org.openqa.selenium.support.ui.ExpectedConditions$17.apply(ExpectedConditions.java:511)
	at org.openqa.selenium.support.ui.ExpectedConditions$17.apply(ExpectedConditions.java:507)
	at org.openqa.selenium.support.ui.FluentWait.until(FluentWait.java:238)
	at com.qait.hbp.automation.utils.SeleniumWait.waitForFrameToBeAvailableAndSwitchToIt(SeleniumWait.java:73)
	at com.qait.hbp.automation.getpageobjects.BaseUi.switchToFrame(BaseUi.java:302)
	at com.qait.hbp.ereader.keywords.CoreCurriculumReadingActions.is_User_Able_To_Watch_Video_In_Full_Screen(CoreCurriculumReadingActions.java:601)
	at com.qait.hbp.ereader.tests.Core_Curriculum_Reading_Test.Test29_Verify_User_Is_Able_To_Watch_Video_In_Full_Screen(Core_Curriculum_Reading_Test.java:295)
	at sun.reflect.NativeMethodAccessorImpl.invoke0(Native Method)
	at sun.reflect.NativeMethodAccessorImpl.invoke(Unknown Source)
	at sun.reflect.DelegatingMethodAccessorImpl.invoke(Unknown Source)
	at java.lang.reflect.Method.invoke(Unknown Source)
	at org.testng.internal.MethodInvocationHelper.invokeMethod(MethodInvocationHelper.java:84)
	at org.testng.internal.Invoker.invokeMethod(Invoker.java:714)
	at org.testng.internal.Invoker.invokeTestMethod(Invoker.java:901)
	at org.testng.internal.Invoker.invokeTestMethods(Invoker.java:1231)
	at org.testng.internal.TestMethodWorker.invokeTestMethods(TestMethodWorker.java:127)
	at org.testng.internal.TestMethodWorker.run(TestMethodWorker.java:111)
	at java.util.concurrent.ThreadPoolExecutor.runWorker(Unknown Source)
	at java.util.concurrent.ThreadPoolExecutor$Worker.run(Unknown Source)
	at java.lang.Thread.run(Unknown Source)
Caused by: java.net.SocketTimeoutException: Read timed out
	at java.net.SocketInputStream.socketRead0(Native Method)
	at java.net.SocketInputStream.socketRead(Unknown Source)
	at java.net.SocketInputStream.read(Unknown Source)
	at java.net.SocketInputStream.read(Unknown Source)
	at org.apache.http.impl.io.SessionInputBufferImpl.streamRead(SessionInputBufferImpl.java:136)
	at org.apache.http.impl.io.SessionInputBufferImpl.fillBuffer(SessionInputBufferImpl.java:152)
	at org.apache.http.impl.io.SessionInputBufferImpl.readLine(SessionInputBufferImpl.java:270)
	at org.apache.http.impl.conn.DefaultHttpResponseParser.parseHead(DefaultHttpResponseParser.java:140)
	at org.apache.http.impl.conn.DefaultHttpResponseParser.parseHead(DefaultHttpResponseParser.java:57)
	at org.apache.http.impl.io.AbstractMessageParser.parse(AbstractMessageParser.java:260)
	at org.apache.http.impl.DefaultBHttpClientConnection.receiveResponseHeader(DefaultBHttpClientConnection.java:161)
	at sun.reflect.GeneratedMethodAccessor8.invoke(Unknown Source)
	at sun.reflect.DelegatingMethodAccessorImpl.invoke(Unknown Source)
	at java.lang.reflect.Method.invoke(Unknown Source)
	at org.apache.http.impl.conn.CPoolProxy.invoke(CPoolProxy.java:138)
	at com.sun.proxy.$Proxy9.receiveResponseHeader(Unknown Source)
	at org.apache.http.protocol.HttpRequestExecutor.doReceiveResponse(HttpRequestExecutor.java:271)
	at org.apache.http.protocol.HttpRequestExecutor.execute(HttpRequestExecutor.java:123)
	at org.apache.http.impl.execchain.MainClientExec.execute(MainClientExec.java:254)
	at org.apache.http.impl.execchain.ProtocolExec.execute(ProtocolExec.java:195)
	at org.apache.http.impl.execchain.RetryExec.execute(RetryExec.java:86)
	at org.apache.http.impl.execchain.RedirectExec.execute(RedirectExec.java:108)
	at org.apache.http.impl.client.InternalHttpClient.doExecute(InternalHttpClient.java:186)
	at org.apache.http.impl.client.CloseableHttpClient.execute(CloseableHttpClient.java:72)
	at org.apache.http.impl.client.CloseableHttpClient.execute(CloseableHttpClient.java:57)
	at org.openqa.selenium.remote.internal.ApacheHttpClient.fallBackExecute(ApacheHttpClient.java:144)
	at org.openqa.selenium.remote.internal.ApacheHttpClient.execute(ApacheHttpClient.java:90)
	at org.openqa.selenium.remote.HttpCommandExecutor.execute(HttpCommandExecutor.java:142)
	at org.openqa.selenium.firefox.internal.NewProfileExtensionConnection.execute(NewProfileExtensionConnection.java:160)
	at org.openqa.selenium.firefox.FirefoxDriver$LazyCommandExecutor.execute(FirefoxDriver.java:380)
	at org.openqa.selenium.remote.RemoteWebDriver.execute(RemoteWebDriver.java:644)
	... 26 more
]]>
    </failure>
  </testcase> <!-- Test29_Verify_User_Is_Able_To_Watch_Video_In_Full_Screen -->
  <testcase name="Test32_Verify_User_Is_Able_To_Exit_Full_Screen_By_Clicking_Exit_Screen_Icon_In_Video" time="30.096" classname="com.qait.hbp.ereader.tests.Core_Curriculum_Reading_Test">
    <failure type="org.openqa.selenium.TimeoutException" message="Timed out after 30 seconds waiting for frame to be available: By.xpath: //iframe[@id=&#039;chapter_2&#039;]
Build info: version: &#039;2.52.0&#039;, revision: &#039;4c2593cfc3689a7fcd7be52549167e5ccc93ad28&#039;, time: &#039;2016-02-11 11:22:43&#039;
System info: host: &#039;DLLA1458&#039;, ip: &#039;10.0.22.138&#039;, os.name: &#039;Windows 8.1&#039;, os.arch: &#039;amd64&#039;, os.version: &#039;6.3&#039;, java.version: &#039;1.8.0_91&#039;
Driver info: org.openqa.selenium.firefox.FirefoxDriver
Capabilities [{applicationCacheEnabled=true, rotatable=false, handlesAlerts=true, databaseEnabled=true, version=46.0.1, platform=WINDOWS, nativeEvents=false, acceptSslCerts=true, webStorageEnabled=true, locationContextEnabled=true, browserName=firefox, takesScreenshot=true, javascriptEnabled=true, cssSelectorsEnabled=true}]
Session ID: 8554afe0-f5c2-4261-b08d-b3dbb81d60a2">
      <![CDATA[org.openqa.selenium.TimeoutException: Timed out after 30 seconds waiting for frame to be available: By.xpath: //iframe[@id='chapter_2']
Build info: version: '2.52.0', revision: '4c2593cfc3689a7fcd7be52549167e5ccc93ad28', time: '2016-02-11 11:22:43'
System info: host: 'DLLA1458', ip: '10.0.22.138', os.name: 'Windows 8.1', os.arch: 'amd64', os.version: '6.3', java.version: '1.8.0_91'
Driver info: org.openqa.selenium.firefox.FirefoxDriver
Capabilities [{applicationCacheEnabled=true, rotatable=false, handlesAlerts=true, databaseEnabled=true, version=46.0.1, platform=WINDOWS, nativeEvents=false, acceptSslCerts=true, webStorageEnabled=true, locationContextEnabled=true, browserName=firefox, takesScreenshot=true, javascriptEnabled=true, cssSelectorsEnabled=true}]
Session ID: 8554afe0-f5c2-4261-b08d-b3dbb81d60a2
	at org.openqa.selenium.support.ui.WebDriverWait.timeoutException(WebDriverWait.java:80)
	at org.openqa.selenium.support.ui.FluentWait.until(FluentWait.java:261)
	at com.qait.hbp.automation.utils.SeleniumWait.waitForFrameToBeAvailableAndSwitchToIt(SeleniumWait.java:73)
	at com.qait.hbp.automation.getpageobjects.BaseUi.switchToFrame(BaseUi.java:302)
	at com.qait.hbp.ereader.keywords.CoreCurriculumReadingActions.is_User_Able_To_Exit_Full_Screen_By_Clicking_Exit_Screen_Icon_In_Video(CoreCurriculumReadingActions.java:621)
	at com.qait.hbp.ereader.tests.Core_Curriculum_Reading_Test.Test32_Verify_User_Is_Able_To_Exit_Full_Screen_By_Clicking_Exit_Screen_Icon_In_Video(Core_Curriculum_Reading_Test.java:310)
	at sun.reflect.NativeMethodAccessorImpl.invoke0(Native Method)
	at sun.reflect.NativeMethodAccessorImpl.invoke(Unknown Source)
	at sun.reflect.DelegatingMethodAccessorImpl.invoke(Unknown Source)
	at java.lang.reflect.Method.invoke(Unknown Source)
	at org.testng.internal.MethodInvocationHelper.invokeMethod(MethodInvocationHelper.java:84)
	at org.testng.internal.Invoker.invokeMethod(Invoker.java:714)
	at org.testng.internal.Invoker.invokeTestMethod(Invoker.java:901)
	at org.testng.internal.Invoker.invokeTestMethods(Invoker.java:1231)
	at org.testng.internal.TestMethodWorker.invokeTestMethods(TestMethodWorker.java:127)
	at org.testng.internal.TestMethodWorker.run(TestMethodWorker.java:111)
	at java.util.concurrent.ThreadPoolExecutor.runWorker(Unknown Source)
	at java.util.concurrent.ThreadPoolExecutor$Worker.run(Unknown Source)
	at java.lang.Thread.run(Unknown Source)
Caused by: org.openqa.selenium.NoSuchWindowException: Window not found. The browser window may have been closed.
Command duration or timeout: 34 milliseconds
Build info: version: '2.52.0', revision: '4c2593cfc3689a7fcd7be52549167e5ccc93ad28', time: '2016-02-11 11:22:43'
System info: host: 'DLLA1458', ip: '10.0.22.138', os.name: 'Windows 8.1', os.arch: 'amd64', os.version: '6.3', java.version: '1.8.0_91'
Driver info: org.openqa.selenium.firefox.FirefoxDriver
Capabilities [{applicationCacheEnabled=true, rotatable=false, handlesAlerts=true, databaseEnabled=true, version=46.0.1, platform=WINDOWS, nativeEvents=false, acceptSslCerts=true, webStorageEnabled=true, locationContextEnabled=true, browserName=firefox, takesScreenshot=true, javascriptEnabled=true, cssSelectorsEnabled=true}]
Session ID: 8554afe0-f5c2-4261-b08d-b3dbb81d60a2
*** Element info: {Using=xpath, value=//iframe[@id='chapter_2']}
	at sun.reflect.GeneratedConstructorAccessor26.newInstance(Unknown Source)
	at sun.reflect.DelegatingConstructorAccessorImpl.newInstance(Unknown Source)
	at java.lang.reflect.Constructor.newInstance(Unknown Source)
	at org.openqa.selenium.remote.ErrorHandler.createThrowable(ErrorHandler.java:206)
	at org.openqa.selenium.remote.ErrorHandler.throwIfResponseFailed(ErrorHandler.java:158)
	at org.openqa.selenium.remote.RemoteWebDriver.execute(RemoteWebDriver.java:678)
	at org.openqa.selenium.remote.RemoteWebDriver.findElement(RemoteWebDriver.java:363)
	at org.openqa.selenium.remote.RemoteWebDriver.findElementByXPath(RemoteWebDriver.java:500)
	at org.openqa.selenium.By$ByXPath.findElement(By.java:361)
	at org.openqa.selenium.remote.RemoteWebDriver.findElement(RemoteWebDriver.java:355)
	at org.openqa.selenium.support.ui.ExpectedConditions.findElement(ExpectedConditions.java:911)
	at org.openqa.selenium.support.ui.ExpectedConditions.access$000(ExpectedConditions.java:41)
	at org.openqa.selenium.support.ui.ExpectedConditions$17.apply(ExpectedConditions.java:511)
	at org.openqa.selenium.support.ui.ExpectedConditions$17.apply(ExpectedConditions.java:507)
	at org.openqa.selenium.support.ui.FluentWait.until(FluentWait.java:238)
	... 17 more
Caused by: org.openqa.selenium.NoSuchWindowException: Window not found. The browser window may have been closed.
Build info: version: '2.52.0', revision: '4c2593cfc3689a7fcd7be52549167e5ccc93ad28', time: '2016-02-11 11:22:43'
System info: host: 'DLLA1458', ip: '10.0.22.138', os.name: 'Windows 8.1', os.arch: 'amd64', os.version: '6.3', java.version: '1.8.0_91'
Driver info: driver.version: unknown
	at <anonymous class>.nsCommandProcessor.prototype.execute(file:///C:/Users/GARIMA~1/AppData/Local/Temp/anonymous5485307927630167220webdriver-profile/extensions/fxdriver@googlecode.com/components/command-processor.js:12672)
	at <anonymous class>.Dispatcher.executeAs/<(file:///C:/Users/GARIMA~1/AppData/Local/Temp/anonymous5485307927630167220webdriver-profile/extensions/fxdriver@googlecode.com/components/driver-component.js:9511)
	at <anonymous class>.Resource.prototype.handle(file:///C:/Users/GARIMA~1/AppData/Local/Temp/anonymous5485307927630167220webdriver-profile/extensions/fxdriver@googlecode.com/components/driver-component.js:9658)
	at <anonymous class>.Dispatcher.prototype.dispatch(file:///C:/Users/GARIMA~1/AppData/Local/Temp/anonymous5485307927630167220webdriver-profile/extensions/fxdriver@googlecode.com/components/driver-component.js:9605)
	at <anonymous class>.WebDriverServer/<.handle(file:///C:/Users/GARIMA~1/AppData/Local/Temp/anonymous5485307927630167220webdriver-profile/extensions/fxdriver@googlecode.com/components/driver-component.js:12470)
	at <anonymous class>.createHandlerFunc/<(file:///C:/Users/GARIMA~1/AppData/Local/Temp/anonymous5485307927630167220webdriver-profile/extensions/fxdriver@googlecode.com/components/httpd.js:2054)
	at <anonymous class>.ServerHandler.prototype.handleResponse(file:///C:/Users/GARIMA~1/AppData/Local/Temp/anonymous5485307927630167220webdriver-profile/extensions/fxdriver@googlecode.com/components/httpd.js:2387)
	at <anonymous class>.Connection.prototype.process(file:///C:/Users/GARIMA~1/AppData/Local/Temp/anonymous5485307927630167220webdriver-profile/extensions/fxdriver@googlecode.com/components/httpd.js:1223)
	at <anonymous class>.RequestReader.prototype._handleResponse(file:///C:/Users/GARIMA~1/AppData/Local/Temp/anonymous5485307927630167220webdriver-profile/extensions/fxdriver@googlecode.com/components/httpd.js:1677)
	at <anonymous class>.RequestReader.prototype._processBody(file:///C:/Users/GARIMA~1/AppData/Local/Temp/anonymous5485307927630167220webdriver-profile/extensions/fxdriver@googlecode.com/components/httpd.js:1525)
	at <anonymous class>.RequestReader.prototype.onInputStreamReady(file:///C:/Users/GARIMA~1/AppData/Local/Temp/anonymous5485307927630167220webdriver-profile/extensions/fxdriver@googlecode.com/components/httpd.js:1393)
]]>
    </failure>
  </testcase> <!-- Test32_Verify_User_Is_Able_To_Exit_Full_Screen_By_Clicking_Exit_Screen_Icon_In_Video -->
  <testcase name="Test0012_Verify_User_Is_Able_To_Navigate_to_CoursePacks_Page" time="8.961" classname="com.qait.hbp.ereader.tests.Core_Curriculum_Reading_Test"/>
  <testcase name="Test160_Verify_For_Videos_Kaltura_Video_Player_Is_Present" time="30.040" classname="com.qait.hbp.ereader.tests.Core_Curriculum_Reading_Test">
    <failure type="org.openqa.selenium.TimeoutException" message="Timed out after 30 seconds waiting for frame to be available: By.xpath: //iframe[@id=&#039;chapter_2&#039;]
Build info: version: &#039;2.52.0&#039;, revision: &#039;4c2593cfc3689a7fcd7be52549167e5ccc93ad28&#039;, time: &#039;2016-02-11 11:22:43&#039;
System info: host: &#039;DLLA1458&#039;, ip: &#039;10.0.22.138&#039;, os.name: &#039;Windows 8.1&#039;, os.arch: &#039;amd64&#039;, os.version: &#039;6.3&#039;, java.version: &#039;1.8.0_91&#039;
Driver info: org.openqa.selenium.firefox.FirefoxDriver
Capabilities [{applicationCacheEnabled=true, rotatable=false, handlesAlerts=true, databaseEnabled=true, version=46.0.1, platform=WINDOWS, nativeEvents=false, acceptSslCerts=true, webStorageEnabled=true, locationContextEnabled=true, browserName=firefox, takesScreenshot=true, javascriptEnabled=true, cssSelectorsEnabled=true}]
Session ID: 8554afe0-f5c2-4261-b08d-b3dbb81d60a2">
      <![CDATA[org.openqa.selenium.TimeoutException: Timed out after 30 seconds waiting for frame to be available: By.xpath: //iframe[@id='chapter_2']
Build info: version: '2.52.0', revision: '4c2593cfc3689a7fcd7be52549167e5ccc93ad28', time: '2016-02-11 11:22:43'
System info: host: 'DLLA1458', ip: '10.0.22.138', os.name: 'Windows 8.1', os.arch: 'amd64', os.version: '6.3', java.version: '1.8.0_91'
Driver info: org.openqa.selenium.firefox.FirefoxDriver
Capabilities [{applicationCacheEnabled=true, rotatable=false, handlesAlerts=true, databaseEnabled=true, version=46.0.1, platform=WINDOWS, nativeEvents=false, acceptSslCerts=true, webStorageEnabled=true, locationContextEnabled=true, browserName=firefox, takesScreenshot=true, javascriptEnabled=true, cssSelectorsEnabled=true}]
Session ID: 8554afe0-f5c2-4261-b08d-b3dbb81d60a2
	at org.openqa.selenium.support.ui.WebDriverWait.timeoutException(WebDriverWait.java:80)
	at org.openqa.selenium.support.ui.FluentWait.until(FluentWait.java:261)
	at com.qait.hbp.automation.utils.SeleniumWait.waitForFrameToBeAvailableAndSwitchToIt(SeleniumWait.java:73)
	at com.qait.hbp.automation.getpageobjects.BaseUi.switchToFrame(BaseUi.java:302)
	at com.qait.hbp.ereader.keywords.NavigationActions.verify_User_IsAble_To_Navigate_To_the_Video(NavigationActions.java:707)
	at com.qait.hbp.ereader.tests.Core_Curriculum_Reading_Test.Test160_Verify_For_Videos_Kaltura_Video_Player_Is_Present(Core_Curriculum_Reading_Test.java:211)
	at sun.reflect.NativeMethodAccessorImpl.invoke0(Native Method)
	at sun.reflect.NativeMethodAccessorImpl.invoke(Unknown Source)
	at sun.reflect.DelegatingMethodAccessorImpl.invoke(Unknown Source)
	at java.lang.reflect.Method.invoke(Unknown Source)
	at org.testng.internal.MethodInvocationHelper.invokeMethod(MethodInvocationHelper.java:84)
	at org.testng.internal.Invoker.invokeMethod(Invoker.java:714)
	at org.testng.internal.Invoker.invokeTestMethod(Invoker.java:901)
	at org.testng.internal.Invoker.invokeTestMethods(Invoker.java:1231)
	at org.testng.internal.TestMethodWorker.invokeTestMethods(TestMethodWorker.java:127)
	at org.testng.internal.TestMethodWorker.run(TestMethodWorker.java:111)
	at java.util.concurrent.ThreadPoolExecutor.runWorker(Unknown Source)
	at java.util.concurrent.ThreadPoolExecutor$Worker.run(Unknown Source)
	at java.lang.Thread.run(Unknown Source)
Caused by: org.openqa.selenium.NoSuchElementException: Unable to locate element: {"method":"xpath","selector":"//iframe[@id='chapter_2']"}
Command duration or timeout: 30.04 seconds
For documentation on this error, please visit: http://seleniumhq.org/exceptions/no_such_element.html
Build info: version: '2.52.0', revision: '4c2593cfc3689a7fcd7be52549167e5ccc93ad28', time: '2016-02-11 11:22:43'
System info: host: 'DLLA1458', ip: '10.0.22.138', os.name: 'Windows 8.1', os.arch: 'amd64', os.version: '6.3', java.version: '1.8.0_91'
Driver info: org.openqa.selenium.firefox.FirefoxDriver
Capabilities [{applicationCacheEnabled=true, rotatable=false, handlesAlerts=true, databaseEnabled=true, version=46.0.1, platform=WINDOWS, nativeEvents=false, acceptSslCerts=true, webStorageEnabled=true, locationContextEnabled=true, browserName=firefox, takesScreenshot=true, javascriptEnabled=true, cssSelectorsEnabled=true}]
Session ID: 8554afe0-f5c2-4261-b08d-b3dbb81d60a2
*** Element info: {Using=xpath, value=//iframe[@id='chapter_2']}
	at sun.reflect.GeneratedConstructorAccessor24.newInstance(Unknown Source)
	at sun.reflect.DelegatingConstructorAccessorImpl.newInstance(Unknown Source)
	at java.lang.reflect.Constructor.newInstance(Unknown Source)
	at org.openqa.selenium.remote.ErrorHandler.createThrowable(ErrorHandler.java:206)
	at org.openqa.selenium.remote.ErrorHandler.throwIfResponseFailed(ErrorHandler.java:158)
	at org.openqa.selenium.remote.RemoteWebDriver.execute(RemoteWebDriver.java:678)
	at org.openqa.selenium.remote.RemoteWebDriver.findElement(RemoteWebDriver.java:363)
	at org.openqa.selenium.remote.RemoteWebDriver.findElementByXPath(RemoteWebDriver.java:500)
	at org.openqa.selenium.By$ByXPath.findElement(By.java:361)
	at org.openqa.selenium.remote.RemoteWebDriver.findElement(RemoteWebDriver.java:355)
	at org.openqa.selenium.support.ui.ExpectedConditions.findElement(ExpectedConditions.java:911)
	at org.openqa.selenium.support.ui.ExpectedConditions.access$000(ExpectedConditions.java:41)
	at org.openqa.selenium.support.ui.ExpectedConditions$17.apply(ExpectedConditions.java:511)
	at org.openqa.selenium.support.ui.ExpectedConditions$17.apply(ExpectedConditions.java:507)
	at org.openqa.selenium.support.ui.FluentWait.until(FluentWait.java:238)
	... 17 more
Caused by: org.openqa.selenium.NoSuchElementException: Unable to locate element: {"method":"xpath","selector":"//iframe[@id='chapter_2']"}
For documentation on this error, please visit: http://seleniumhq.org/exceptions/no_such_element.html
Build info: version: '2.52.0', revision: '4c2593cfc3689a7fcd7be52549167e5ccc93ad28', time: '2016-02-11 11:22:43'
System info: host: 'DLLA1458', ip: '10.0.22.138', os.name: 'Windows 8.1', os.arch: 'amd64', os.version: '6.3', java.version: '1.8.0_91'
Driver info: driver.version: unknown
	at <anonymous class>.FirefoxDriver.prototype.findElementInternal_(file:///C:/Users/GARIMA~1/AppData/Local/Temp/anonymous5485307927630167220webdriver-profile/extensions/fxdriver@googlecode.com/components/driver-component.js:10723)
	at <anonymous class>.fxdriver.Timer.prototype.setTimeout/<.notify(file:///C:/Users/GARIMA~1/AppData/Local/Temp/anonymous5485307927630167220webdriver-profile/extensions/fxdriver@googlecode.com/components/driver-component.js:623)
]]>
    </failure>
  </testcase> <!-- Test160_Verify_For_Videos_Kaltura_Video_Player_Is_Present -->
  <testcase name="Test23_Verify_ToolTip_Appears_On_Hovering_Full_Screen_Icon" time="30.099" classname="com.qait.hbp.ereader.tests.Core_Curriculum_Reading_Test">
    <failure type="org.openqa.selenium.TimeoutException" message="Timed out after 30 seconds waiting for frame to be available: By.xpath: //iframe[@id=&#039;chapter_2&#039;]
Build info: version: &#039;2.52.0&#039;, revision: &#039;4c2593cfc3689a7fcd7be52549167e5ccc93ad28&#039;, time: &#039;2016-02-11 11:22:43&#039;
System info: host: &#039;DLLA1458&#039;, ip: &#039;10.0.22.138&#039;, os.name: &#039;Windows 8.1&#039;, os.arch: &#039;amd64&#039;, os.version: &#039;6.3&#039;, java.version: &#039;1.8.0_91&#039;
Driver info: org.openqa.selenium.firefox.FirefoxDriver
Capabilities [{applicationCacheEnabled=true, rotatable=false, handlesAlerts=true, databaseEnabled=true, version=46.0.1, platform=WINDOWS, nativeEvents=false, acceptSslCerts=true, webStorageEnabled=true, locationContextEnabled=true, browserName=firefox, takesScreenshot=true, javascriptEnabled=true, cssSelectorsEnabled=true}]
Session ID: 8554afe0-f5c2-4261-b08d-b3dbb81d60a2">
      <![CDATA[org.openqa.selenium.TimeoutException: Timed out after 30 seconds waiting for frame to be available: By.xpath: //iframe[@id='chapter_2']
Build info: version: '2.52.0', revision: '4c2593cfc3689a7fcd7be52549167e5ccc93ad28', time: '2016-02-11 11:22:43'
System info: host: 'DLLA1458', ip: '10.0.22.138', os.name: 'Windows 8.1', os.arch: 'amd64', os.version: '6.3', java.version: '1.8.0_91'
Driver info: org.openqa.selenium.firefox.FirefoxDriver
Capabilities [{applicationCacheEnabled=true, rotatable=false, handlesAlerts=true, databaseEnabled=true, version=46.0.1, platform=WINDOWS, nativeEvents=false, acceptSslCerts=true, webStorageEnabled=true, locationContextEnabled=true, browserName=firefox, takesScreenshot=true, javascriptEnabled=true, cssSelectorsEnabled=true}]
Session ID: 8554afe0-f5c2-4261-b08d-b3dbb81d60a2
	at org.openqa.selenium.support.ui.WebDriverWait.timeoutException(WebDriverWait.java:80)
	at org.openqa.selenium.support.ui.FluentWait.until(FluentWait.java:261)
	at com.qait.hbp.automation.utils.SeleniumWait.waitForFrameToBeAvailableAndSwitchToIt(SeleniumWait.java:73)
	at com.qait.hbp.automation.getpageobjects.BaseUi.switchToFrame(BaseUi.java:302)
	at com.qait.hbp.ereader.keywords.CoreCurriculumReadingActions.verify_Tool_Tip_Is_Displayed_On_hovering_Full_Screen_Icon(CoreCurriculumReadingActions.java:478)
	at com.qait.hbp.ereader.tests.Core_Curriculum_Reading_Test.Test23_Verify_ToolTip_Appears_On_Hovering_Full_Screen_Icon(Core_Curriculum_Reading_Test.java:265)
	at sun.reflect.NativeMethodAccessorImpl.invoke0(Native Method)
	at sun.reflect.NativeMethodAccessorImpl.invoke(Unknown Source)
	at sun.reflect.DelegatingMethodAccessorImpl.invoke(Unknown Source)
	at java.lang.reflect.Method.invoke(Unknown Source)
	at org.testng.internal.MethodInvocationHelper.invokeMethod(MethodInvocationHelper.java:84)
	at org.testng.internal.Invoker.invokeMethod(Invoker.java:714)
	at org.testng.internal.Invoker.invokeTestMethod(Invoker.java:901)
	at org.testng.internal.Invoker.invokeTestMethods(Invoker.java:1231)
	at org.testng.internal.TestMethodWorker.invokeTestMethods(TestMethodWorker.java:127)
	at org.testng.internal.TestMethodWorker.run(TestMethodWorker.java:111)
	at java.util.concurrent.ThreadPoolExecutor.runWorker(Unknown Source)
	at java.util.concurrent.ThreadPoolExecutor$Worker.run(Unknown Source)
	at java.lang.Thread.run(Unknown Source)
Caused by: org.openqa.selenium.NoSuchElementException: Unable to locate element: {"method":"xpath","selector":"//iframe[@id='chapter_2']"}
Command duration or timeout: 30.10 seconds
For documentation on this error, please visit: http://seleniumhq.org/exceptions/no_such_element.html
Build info: version: '2.52.0', revision: '4c2593cfc3689a7fcd7be52549167e5ccc93ad28', time: '2016-02-11 11:22:43'
System info: host: 'DLLA1458', ip: '10.0.22.138', os.name: 'Windows 8.1', os.arch: 'amd64', os.version: '6.3', java.version: '1.8.0_91'
Driver info: org.openqa.selenium.firefox.FirefoxDriver
Capabilities [{applicationCacheEnabled=true, rotatable=false, handlesAlerts=true, databaseEnabled=true, version=46.0.1, platform=WINDOWS, nativeEvents=false, acceptSslCerts=true, webStorageEnabled=true, locationContextEnabled=true, browserName=firefox, takesScreenshot=true, javascriptEnabled=true, cssSelectorsEnabled=true}]
Session ID: 8554afe0-f5c2-4261-b08d-b3dbb81d60a2
*** Element info: {Using=xpath, value=//iframe[@id='chapter_2']}
	at sun.reflect.GeneratedConstructorAccessor24.newInstance(Unknown Source)
	at sun.reflect.DelegatingConstructorAccessorImpl.newInstance(Unknown Source)
	at java.lang.reflect.Constructor.newInstance(Unknown Source)
	at org.openqa.selenium.remote.ErrorHandler.createThrowable(ErrorHandler.java:206)
	at org.openqa.selenium.remote.ErrorHandler.throwIfResponseFailed(ErrorHandler.java:158)
	at org.openqa.selenium.remote.RemoteWebDriver.execute(RemoteWebDriver.java:678)
	at org.openqa.selenium.remote.RemoteWebDriver.findElement(RemoteWebDriver.java:363)
	at org.openqa.selenium.remote.RemoteWebDriver.findElementByXPath(RemoteWebDriver.java:500)
	at org.openqa.selenium.By$ByXPath.findElement(By.java:361)
	at org.openqa.selenium.remote.RemoteWebDriver.findElement(RemoteWebDriver.java:355)
	at org.openqa.selenium.support.ui.ExpectedConditions.findElement(ExpectedConditions.java:911)
	at org.openqa.selenium.support.ui.ExpectedConditions.access$000(ExpectedConditions.java:41)
	at org.openqa.selenium.support.ui.ExpectedConditions$17.apply(ExpectedConditions.java:511)
	at org.openqa.selenium.support.ui.ExpectedConditions$17.apply(ExpectedConditions.java:507)
	at org.openqa.selenium.support.ui.FluentWait.until(FluentWait.java:238)
	... 17 more
Caused by: org.openqa.selenium.NoSuchElementException: Unable to locate element: {"method":"xpath","selector":"//iframe[@id='chapter_2']"}
For documentation on this error, please visit: http://seleniumhq.org/exceptions/no_such_element.html
Build info: version: '2.52.0', revision: '4c2593cfc3689a7fcd7be52549167e5ccc93ad28', time: '2016-02-11 11:22:43'
System info: host: 'DLLA1458', ip: '10.0.22.138', os.name: 'Windows 8.1', os.arch: 'amd64', os.version: '6.3', java.version: '1.8.0_91'
Driver info: driver.version: unknown
	at <anonymous class>.FirefoxDriver.prototype.findElementInternal_(file:///C:/Users/GARIMA~1/AppData/Local/Temp/anonymous5485307927630167220webdriver-profile/extensions/fxdriver@googlecode.com/components/driver-component.js:10723)
	at <anonymous class>.fxdriver.Timer.prototype.setTimeout/<.notify(file:///C:/Users/GARIMA~1/AppData/Local/Temp/anonymous5485307927630167220webdriver-profile/extensions/fxdriver@googlecode.com/components/driver-component.js:623)
]]>
    </failure>
  </testcase> <!-- Test23_Verify_ToolTip_Appears_On_Hovering_Full_Screen_Icon -->
  <testcase name="Test19_Verify_ToolTip_Appears_On_Hovering_Play_Button" time="30.080" classname="com.qait.hbp.ereader.tests.Core_Curriculum_Reading_Test">
    <failure type="org.openqa.selenium.TimeoutException" message="Timed out after 30 seconds waiting for frame to be available: By.xpath: //iframe[@id=&#039;chapter_2&#039;]
Build info: version: &#039;2.52.0&#039;, revision: &#039;4c2593cfc3689a7fcd7be52549167e5ccc93ad28&#039;, time: &#039;2016-02-11 11:22:43&#039;
System info: host: &#039;DLLA1458&#039;, ip: &#039;10.0.22.138&#039;, os.name: &#039;Windows 8.1&#039;, os.arch: &#039;amd64&#039;, os.version: &#039;6.3&#039;, java.version: &#039;1.8.0_91&#039;
Driver info: org.openqa.selenium.firefox.FirefoxDriver
Capabilities [{applicationCacheEnabled=true, rotatable=false, handlesAlerts=true, databaseEnabled=true, version=46.0.1, platform=WINDOWS, nativeEvents=false, acceptSslCerts=true, webStorageEnabled=true, locationContextEnabled=true, browserName=firefox, takesScreenshot=true, javascriptEnabled=true, cssSelectorsEnabled=true}]
Session ID: 8554afe0-f5c2-4261-b08d-b3dbb81d60a2">
      <![CDATA[org.openqa.selenium.TimeoutException: Timed out after 30 seconds waiting for frame to be available: By.xpath: //iframe[@id='chapter_2']
Build info: version: '2.52.0', revision: '4c2593cfc3689a7fcd7be52549167e5ccc93ad28', time: '2016-02-11 11:22:43'
System info: host: 'DLLA1458', ip: '10.0.22.138', os.name: 'Windows 8.1', os.arch: 'amd64', os.version: '6.3', java.version: '1.8.0_91'
Driver info: org.openqa.selenium.firefox.FirefoxDriver
Capabilities [{applicationCacheEnabled=true, rotatable=false, handlesAlerts=true, databaseEnabled=true, version=46.0.1, platform=WINDOWS, nativeEvents=false, acceptSslCerts=true, webStorageEnabled=true, locationContextEnabled=true, browserName=firefox, takesScreenshot=true, javascriptEnabled=true, cssSelectorsEnabled=true}]
Session ID: 8554afe0-f5c2-4261-b08d-b3dbb81d60a2
	at org.openqa.selenium.support.ui.WebDriverWait.timeoutException(WebDriverWait.java:80)
	at org.openqa.selenium.support.ui.FluentWait.until(FluentWait.java:261)
	at com.qait.hbp.automation.utils.SeleniumWait.waitForFrameToBeAvailableAndSwitchToIt(SeleniumWait.java:73)
	at com.qait.hbp.automation.getpageobjects.BaseUi.switchToFrame(BaseUi.java:302)
	at com.qait.hbp.ereader.keywords.CoreCurriculumReadingActions.verify_Tool_Tip_Is_Displayed_On_hovering_Play_Button(CoreCurriculumReadingActions.java:383)
	at com.qait.hbp.ereader.tests.Core_Curriculum_Reading_Test.Test19_Verify_ToolTip_Appears_On_Hovering_Play_Button(Core_Curriculum_Reading_Test.java:240)
	at sun.reflect.NativeMethodAccessorImpl.invoke0(Native Method)
	at sun.reflect.NativeMethodAccessorImpl.invoke(Unknown Source)
	at sun.reflect.DelegatingMethodAccessorImpl.invoke(Unknown Source)
	at java.lang.reflect.Method.invoke(Unknown Source)
	at org.testng.internal.MethodInvocationHelper.invokeMethod(MethodInvocationHelper.java:84)
	at org.testng.internal.Invoker.invokeMethod(Invoker.java:714)
	at org.testng.internal.Invoker.invokeTestMethod(Invoker.java:901)
	at org.testng.internal.Invoker.invokeTestMethods(Invoker.java:1231)
	at org.testng.internal.TestMethodWorker.invokeTestMethods(TestMethodWorker.java:127)
	at org.testng.internal.TestMethodWorker.run(TestMethodWorker.java:111)
	at java.util.concurrent.ThreadPoolExecutor.runWorker(Unknown Source)
	at java.util.concurrent.ThreadPoolExecutor$Worker.run(Unknown Source)
	at java.lang.Thread.run(Unknown Source)
Caused by: org.openqa.selenium.NoSuchElementException: Unable to locate element: {"method":"xpath","selector":"//iframe[@id='chapter_2']"}
Command duration or timeout: 30.08 seconds
For documentation on this error, please visit: http://seleniumhq.org/exceptions/no_such_element.html
Build info: version: '2.52.0', revision: '4c2593cfc3689a7fcd7be52549167e5ccc93ad28', time: '2016-02-11 11:22:43'
System info: host: 'DLLA1458', ip: '10.0.22.138', os.name: 'Windows 8.1', os.arch: 'amd64', os.version: '6.3', java.version: '1.8.0_91'
Driver info: org.openqa.selenium.firefox.FirefoxDriver
Capabilities [{applicationCacheEnabled=true, rotatable=false, handlesAlerts=true, databaseEnabled=true, version=46.0.1, platform=WINDOWS, nativeEvents=false, acceptSslCerts=true, webStorageEnabled=true, locationContextEnabled=true, browserName=firefox, takesScreenshot=true, javascriptEnabled=true, cssSelectorsEnabled=true}]
Session ID: 8554afe0-f5c2-4261-b08d-b3dbb81d60a2
*** Element info: {Using=xpath, value=//iframe[@id='chapter_2']}
	at sun.reflect.GeneratedConstructorAccessor24.newInstance(Unknown Source)
	at sun.reflect.DelegatingConstructorAccessorImpl.newInstance(Unknown Source)
	at java.lang.reflect.Constructor.newInstance(Unknown Source)
	at org.openqa.selenium.remote.ErrorHandler.createThrowable(ErrorHandler.java:206)
	at org.openqa.selenium.remote.ErrorHandler.throwIfResponseFailed(ErrorHandler.java:158)
	at org.openqa.selenium.remote.RemoteWebDriver.execute(RemoteWebDriver.java:678)
	at org.openqa.selenium.remote.RemoteWebDriver.findElement(RemoteWebDriver.java:363)
	at org.openqa.selenium.remote.RemoteWebDriver.findElementByXPath(RemoteWebDriver.java:500)
	at org.openqa.selenium.By$ByXPath.findElement(By.java:361)
	at org.openqa.selenium.remote.RemoteWebDriver.findElement(RemoteWebDriver.java:355)
	at org.openqa.selenium.support.ui.ExpectedConditions.findElement(ExpectedConditions.java:911)
	at org.openqa.selenium.support.ui.ExpectedConditions.access$000(ExpectedConditions.java:41)
	at org.openqa.selenium.support.ui.ExpectedConditions$17.apply(ExpectedConditions.java:511)
	at org.openqa.selenium.support.ui.ExpectedConditions$17.apply(ExpectedConditions.java:507)
	at org.openqa.selenium.support.ui.FluentWait.until(FluentWait.java:238)
	... 17 more
Caused by: org.openqa.selenium.NoSuchElementException: Unable to locate element: {"method":"xpath","selector":"//iframe[@id='chapter_2']"}
For documentation on this error, please visit: http://seleniumhq.org/exceptions/no_such_element.html
Build info: version: '2.52.0', revision: '4c2593cfc3689a7fcd7be52549167e5ccc93ad28', time: '2016-02-11 11:22:43'
System info: host: 'DLLA1458', ip: '10.0.22.138', os.name: 'Windows 8.1', os.arch: 'amd64', os.version: '6.3', java.version: '1.8.0_91'
Driver info: driver.version: unknown
	at <anonymous class>.FirefoxDriver.prototype.findElementInternal_(file:///C:/Users/GARIMA~1/AppData/Local/Temp/anonymous5485307927630167220webdriver-profile/extensions/fxdriver@googlecode.com/components/driver-component.js:10723)
	at <anonymous class>.fxdriver.Timer.prototype.setTimeout/<.notify(file:///C:/Users/GARIMA~1/AppData/Local/Temp/anonymous5485307927630167220webdriver-profile/extensions/fxdriver@googlecode.com/components/driver-component.js:623)
]]>
    </failure>
  </testcase> <!-- Test19_Verify_ToolTip_Appears_On_Hovering_Play_Button -->
  <testcase name="Test141_Verify_You_Tube_Viedo_Links" time="30.149" classname="com.qait.hbp.ereader.tests.Core_Curriculum_Reading_Test">
    <error type="java.lang.AssertionError" message="expected [true] but found [false]">
      <![CDATA[java.lang.AssertionError: expected [true] but found [false]
	at org.testng.Assert.fail(Assert.java:94)
	at org.testng.Assert.failNotEquals(Assert.java:494)
	at org.testng.Assert.assertTrue(Assert.java:42)
	at org.testng.Assert.assertTrue(Assert.java:52)
	at com.qait.hbp.ereader.keywords.CoreCurriculumReadingActions.is_You_Tube_Video_Link_Functional(CoreCurriculumReadingActions.java:706)
	at com.qait.hbp.ereader.tests.Core_Curriculum_Reading_Test.Test141_Verify_You_Tube_Viedo_Links(Core_Curriculum_Reading_Test.java:191)
	at sun.reflect.NativeMethodAccessorImpl.invoke0(Native Method)
	at sun.reflect.NativeMethodAccessorImpl.invoke(Unknown Source)
	at sun.reflect.DelegatingMethodAccessorImpl.invoke(Unknown Source)
	at java.lang.reflect.Method.invoke(Unknown Source)
	at org.testng.internal.MethodInvocationHelper.invokeMethod(MethodInvocationHelper.java:84)
	at org.testng.internal.Invoker.invokeMethod(Invoker.java:714)
	at org.testng.internal.Invoker.invokeTestMethod(Invoker.java:901)
	at org.testng.internal.Invoker.invokeTestMethods(Invoker.java:1231)
	at org.testng.internal.TestMethodWorker.invokeTestMethods(TestMethodWorker.java:127)
	at org.testng.internal.TestMethodWorker.run(TestMethodWorker.java:111)
	at java.util.concurrent.ThreadPoolExecutor.runWorker(Unknown Source)
	at java.util.concurrent.ThreadPoolExecutor$Worker.run(Unknown Source)
	at java.lang.Thread.run(Unknown Source)
]]>
    </error>
  </testcase> <!-- Test141_Verify_You_Tube_Viedo_Links -->
  <testcase name="Test0010_Launch_Login_URL" time="13.129" classname="com.qait.hbp.ereader.tests.Core_Curriculum_Reading_Test"/>
  <testcase name="Test0020_Switch_To_the_eReader_Window" time="192.486" classname="com.qait.hbp.ereader.tests.Core_Curriculum_Reading_Test">
    <failure type="org.openqa.selenium.StaleElementReferenceException" message="Element not found in the cache - perhaps the page has changed since it was looked up
Command duration or timeout: 111.58 seconds
For documentation on this error, please visit: http://seleniumhq.org/exceptions/stale_element_reference.html
Build info: version: &#039;2.52.0&#039;, revision: &#039;4c2593cfc3689a7fcd7be52549167e5ccc93ad28&#039;, time: &#039;2016-02-11 11:22:43&#039;
System info: host: &#039;DLLA1458&#039;, ip: &#039;10.0.22.138&#039;, os.name: &#039;Windows 8.1&#039;, os.arch: &#039;amd64&#039;, os.version: &#039;6.3&#039;, java.version: &#039;1.8.0_91&#039;
Driver info: org.openqa.selenium.firefox.FirefoxDriver
Capabilities [{applicationCacheEnabled=true, rotatable=false, handlesAlerts=true, databaseEnabled=true, version=46.0.1, platform=WINDOWS, nativeEvents=false, acceptSslCerts=true, webStorageEnabled=true, locationContextEnabled=true, browserName=firefox, takesScreenshot=true, javascriptEnabled=true, cssSelectorsEnabled=true}]
Session ID: 8554afe0-f5c2-4261-b08d-b3dbb81d60a2">
      <![CDATA[org.openqa.selenium.StaleElementReferenceException: Element not found in the cache - perhaps the page has changed since it was looked up
Command duration or timeout: 111.58 seconds
For documentation on this error, please visit: http://seleniumhq.org/exceptions/stale_element_reference.html
Build info: version: '2.52.0', revision: '4c2593cfc3689a7fcd7be52549167e5ccc93ad28', time: '2016-02-11 11:22:43'
System info: host: 'DLLA1458', ip: '10.0.22.138', os.name: 'Windows 8.1', os.arch: 'amd64', os.version: '6.3', java.version: '1.8.0_91'
Driver info: org.openqa.selenium.firefox.FirefoxDriver
Capabilities [{applicationCacheEnabled=true, rotatable=false, handlesAlerts=true, databaseEnabled=true, version=46.0.1, platform=WINDOWS, nativeEvents=false, acceptSslCerts=true, webStorageEnabled=true, locationContextEnabled=true, browserName=firefox, takesScreenshot=true, javascriptEnabled=true, cssSelectorsEnabled=true}]
Session ID: 8554afe0-f5c2-4261-b08d-b3dbb81d60a2
	at sun.reflect.NativeConstructorAccessorImpl.newInstance0(Native Method)
	at sun.reflect.NativeConstructorAccessorImpl.newInstance(Unknown Source)
	at sun.reflect.DelegatingConstructorAccessorImpl.newInstance(Unknown Source)
	at java.lang.reflect.Constructor.newInstance(Unknown Source)
	at org.openqa.selenium.remote.ErrorHandler.createThrowable(ErrorHandler.java:206)
	at org.openqa.selenium.remote.ErrorHandler.throwIfResponseFailed(ErrorHandler.java:158)
	at org.openqa.selenium.remote.RemoteWebDriver.execute(RemoteWebDriver.java:678)
	at org.openqa.selenium.remote.RemoteWebElement.execute(RemoteWebElement.java:327)
	at org.openqa.selenium.remote.RemoteWebElement.getAttribute(RemoteWebElement.java:150)
	at com.qait.hbp.ereader.keywords.LoginAndEPubLaunchActions.wait_For_Progress_Loader_To_Vanish(LoginAndEPubLaunchActions.java:186)
	at com.qait.hbp.ereader.tests.Core_Curriculum_Reading_Test.Test0020_Switch_To_the_eReader_Window(Core_Curriculum_Reading_Test.java:65)
	at sun.reflect.NativeMethodAccessorImpl.invoke0(Native Method)
	at sun.reflect.NativeMethodAccessorImpl.invoke(Unknown Source)
	at sun.reflect.DelegatingMethodAccessorImpl.invoke(Unknown Source)
	at java.lang.reflect.Method.invoke(Unknown Source)
	at org.testng.internal.MethodInvocationHelper.invokeMethod(MethodInvocationHelper.java:84)
	at org.testng.internal.Invoker.invokeMethod(Invoker.java:714)
	at org.testng.internal.Invoker.invokeTestMethod(Invoker.java:901)
	at org.testng.internal.Invoker.invokeTestMethods(Invoker.java:1231)
	at org.testng.internal.TestMethodWorker.invokeTestMethods(TestMethodWorker.java:127)
	at org.testng.internal.TestMethodWorker.run(TestMethodWorker.java:111)
	at java.util.concurrent.ThreadPoolExecutor.runWorker(Unknown Source)
	at java.util.concurrent.ThreadPoolExecutor$Worker.run(Unknown Source)
	at java.lang.Thread.run(Unknown Source)
Caused by: org.openqa.selenium.StaleElementReferenceException: Element not found in the cache - perhaps the page has changed since it was looked up
For documentation on this error, please visit: http://seleniumhq.org/exceptions/stale_element_reference.html
Build info: version: '2.52.0', revision: '4c2593cfc3689a7fcd7be52549167e5ccc93ad28', time: '2016-02-11 11:22:43'
System info: host: 'DLLA1458', ip: '10.0.22.138', os.name: 'Windows 8.1', os.arch: 'amd64', os.version: '6.3', java.version: '1.8.0_91'
Driver info: driver.version: unknown
	at <anonymous class>.fxdriver.cache.getElementAt(resource://fxdriver/modules/web-element-cache.js:9407)
	at <anonymous class>.Utils.getElementAt(file:///C:/Users/GARIMA~1/AppData/Local/Temp/anonymous5485307927630167220webdriver-profile/extensions/fxdriver@googlecode.com/components/command-processor.js:8992)
	at <anonymous class>.WebElement.getElementAttribute(file:///C:/Users/GARIMA~1/AppData/Local/Temp/anonymous5485307927630167220webdriver-profile/extensions/fxdriver@googlecode.com/components/command-processor.js:12099)
	at <anonymous class>.DelayedCommand.prototype.executeInternal_/h(file:///C:/Users/GARIMA~1/AppData/Local/Temp/anonymous5485307927630167220webdriver-profile/extensions/fxdriver@googlecode.com/components/command-processor.js:12614)
	at <anonymous class>.fxdriver.Timer.prototype.setTimeout/<.notify(file:///C:/Users/GARIMA~1/AppData/Local/Temp/anonymous5485307927630167220webdriver-profile/extensions/fxdriver@googlecode.com/components/command-processor.js:623)
]]>
    </failure>
  </testcase> <!-- Test0020_Switch_To_the_eReader_Window -->
  <testcase name="Test10_Verify_On_Clicking_X_Icon_Modal_Window_Closes" time="30.076" classname="com.qait.hbp.ereader.tests.Core_Curriculum_Reading_Test">
    <error type="java.lang.AssertionError" message="[ASSERT FAILED]: Element interactive_close_button not found on the eReader/CoreCurriculumReading !!!">
      <![CDATA[java.lang.AssertionError: [ASSERT FAILED]: Element interactive_close_button not found on the eReader/CoreCurriculumReading !!!
	at org.testng.Assert.fail(Assert.java:94)
	at com.qait.hbp.automation.getpageobjects.GetPage.element(GetPage.java:387)
	at com.qait.hbp.automation.getpageobjects.GetPage.element(GetPage.java:331)
	at com.qait.hbp.ereader.keywords.CoreCurriculumReadingActions.verify_On_Clicking_Cross_Icon_Interactive_Modal_Window_Closes(CoreCurriculumReadingActions.java:187)
	at com.qait.hbp.ereader.tests.Core_Curriculum_Reading_Test.Test10_Verify_On_Clicking_X_Icon_Modal_Window_Closes(Core_Curriculum_Reading_Test.java:161)
	at sun.reflect.NativeMethodAccessorImpl.invoke0(Native Method)
	at sun.reflect.NativeMethodAccessorImpl.invoke(Unknown Source)
	at sun.reflect.DelegatingMethodAccessorImpl.invoke(Unknown Source)
	at java.lang.reflect.Method.invoke(Unknown Source)
	at org.testng.internal.MethodInvocationHelper.invokeMethod(MethodInvocationHelper.java:84)
	at org.testng.internal.Invoker.invokeMethod(Invoker.java:714)
	at org.testng.internal.Invoker.invokeTestMethod(Invoker.java:901)
	at org.testng.internal.Invoker.invokeTestMethods(Invoker.java:1231)
	at org.testng.internal.TestMethodWorker.invokeTestMethods(TestMethodWorker.java:127)
	at org.testng.internal.TestMethodWorker.run(TestMethodWorker.java:111)
	at java.util.concurrent.ThreadPoolExecutor.runWorker(Unknown Source)
	at java.util.concurrent.ThreadPoolExecutor$Worker.run(Unknown Source)
	at java.lang.Thread.run(Unknown Source)
]]>
    </error>
  </testcase> <!-- Test10_Verify_On_Clicking_X_Icon_Modal_Window_Closes -->
  <testcase name="Test33_Verify_Speed_Of_Video_Gets_Adjsuted_As_Per_The_Selected_Speed" time="30.047" classname="com.qait.hbp.ereader.tests.Core_Curriculum_Reading_Test">
    <failure type="org.openqa.selenium.TimeoutException" message="Timed out after 30 seconds waiting for frame to be available: By.xpath: //iframe[@id=&#039;chapter_2&#039;]
Build info: version: &#039;2.52.0&#039;, revision: &#039;4c2593cfc3689a7fcd7be52549167e5ccc93ad28&#039;, time: &#039;2016-02-11 11:22:43&#039;
System info: host: &#039;DLLA1458&#039;, ip: &#039;10.0.22.138&#039;, os.name: &#039;Windows 8.1&#039;, os.arch: &#039;amd64&#039;, os.version: &#039;6.3&#039;, java.version: &#039;1.8.0_91&#039;
Driver info: org.openqa.selenium.firefox.FirefoxDriver
Capabilities [{applicationCacheEnabled=true, rotatable=false, handlesAlerts=true, databaseEnabled=true, version=46.0.1, platform=WINDOWS, nativeEvents=false, acceptSslCerts=true, webStorageEnabled=true, locationContextEnabled=true, browserName=firefox, takesScreenshot=true, javascriptEnabled=true, cssSelectorsEnabled=true}]
Session ID: 8554afe0-f5c2-4261-b08d-b3dbb81d60a2">
      <![CDATA[org.openqa.selenium.TimeoutException: Timed out after 30 seconds waiting for frame to be available: By.xpath: //iframe[@id='chapter_2']
Build info: version: '2.52.0', revision: '4c2593cfc3689a7fcd7be52549167e5ccc93ad28', time: '2016-02-11 11:22:43'
System info: host: 'DLLA1458', ip: '10.0.22.138', os.name: 'Windows 8.1', os.arch: 'amd64', os.version: '6.3', java.version: '1.8.0_91'
Driver info: org.openqa.selenium.firefox.FirefoxDriver
Capabilities [{applicationCacheEnabled=true, rotatable=false, handlesAlerts=true, databaseEnabled=true, version=46.0.1, platform=WINDOWS, nativeEvents=false, acceptSslCerts=true, webStorageEnabled=true, locationContextEnabled=true, browserName=firefox, takesScreenshot=true, javascriptEnabled=true, cssSelectorsEnabled=true}]
Session ID: 8554afe0-f5c2-4261-b08d-b3dbb81d60a2
	at org.openqa.selenium.support.ui.WebDriverWait.timeoutException(WebDriverWait.java:80)
	at org.openqa.selenium.support.ui.FluentWait.until(FluentWait.java:261)
	at com.qait.hbp.automation.utils.SeleniumWait.waitForFrameToBeAvailableAndSwitchToIt(SeleniumWait.java:73)
	at com.qait.hbp.automation.getpageobjects.BaseUi.switchToFrame(BaseUi.java:302)
	at com.qait.hbp.ereader.keywords.CoreCurriculumReadingActions.is_Speed_Of_Video_Correct_As_Per_Selected_Speed(CoreCurriculumReadingActions.java:637)
	at com.qait.hbp.ereader.tests.Core_Curriculum_Reading_Test.Test33_Verify_Speed_Of_Video_Gets_Adjsuted_As_Per_The_Selected_Speed(Core_Curriculum_Reading_Test.java:315)
	at sun.reflect.NativeMethodAccessorImpl.invoke0(Native Method)
	at sun.reflect.NativeMethodAccessorImpl.invoke(Unknown Source)
	at sun.reflect.DelegatingMethodAccessorImpl.invoke(Unknown Source)
	at java.lang.reflect.Method.invoke(Unknown Source)
	at org.testng.internal.MethodInvocationHelper.invokeMethod(MethodInvocationHelper.java:84)
	at org.testng.internal.Invoker.invokeMethod(Invoker.java:714)
	at org.testng.internal.Invoker.invokeTestMethod(Invoker.java:901)
	at org.testng.internal.Invoker.invokeTestMethods(Invoker.java:1231)
	at org.testng.internal.TestMethodWorker.invokeTestMethods(TestMethodWorker.java:127)
	at org.testng.internal.TestMethodWorker.run(TestMethodWorker.java:111)
	at java.util.concurrent.ThreadPoolExecutor.runWorker(Unknown Source)
	at java.util.concurrent.ThreadPoolExecutor$Worker.run(Unknown Source)
	at java.lang.Thread.run(Unknown Source)
Caused by: org.openqa.selenium.NoSuchWindowException: Window not found. The browser window may have been closed.
Command duration or timeout: 19 milliseconds
Build info: version: '2.52.0', revision: '4c2593cfc3689a7fcd7be52549167e5ccc93ad28', time: '2016-02-11 11:22:43'
System info: host: 'DLLA1458', ip: '10.0.22.138', os.name: 'Windows 8.1', os.arch: 'amd64', os.version: '6.3', java.version: '1.8.0_91'
Driver info: org.openqa.selenium.firefox.FirefoxDriver
Capabilities [{applicationCacheEnabled=true, rotatable=false, handlesAlerts=true, databaseEnabled=true, version=46.0.1, platform=WINDOWS, nativeEvents=false, acceptSslCerts=true, webStorageEnabled=true, locationContextEnabled=true, browserName=firefox, takesScreenshot=true, javascriptEnabled=true, cssSelectorsEnabled=true}]
Session ID: 8554afe0-f5c2-4261-b08d-b3dbb81d60a2
*** Element info: {Using=xpath, value=//iframe[@id='chapter_2']}
	at sun.reflect.GeneratedConstructorAccessor26.newInstance(Unknown Source)
	at sun.reflect.DelegatingConstructorAccessorImpl.newInstance(Unknown Source)
	at java.lang.reflect.Constructor.newInstance(Unknown Source)
	at org.openqa.selenium.remote.ErrorHandler.createThrowable(ErrorHandler.java:206)
	at org.openqa.selenium.remote.ErrorHandler.throwIfResponseFailed(ErrorHandler.java:158)
	at org.openqa.selenium.remote.RemoteWebDriver.execute(RemoteWebDriver.java:678)
	at org.openqa.selenium.remote.RemoteWebDriver.findElement(RemoteWebDriver.java:363)
	at org.openqa.selenium.remote.RemoteWebDriver.findElementByXPath(RemoteWebDriver.java:500)
	at org.openqa.selenium.By$ByXPath.findElement(By.java:361)
	at org.openqa.selenium.remote.RemoteWebDriver.findElement(RemoteWebDriver.java:355)
	at org.openqa.selenium.support.ui.ExpectedConditions.findElement(ExpectedConditions.java:911)
	at org.openqa.selenium.support.ui.ExpectedConditions.access$000(ExpectedConditions.java:41)
	at org.openqa.selenium.support.ui.ExpectedConditions$17.apply(ExpectedConditions.java:511)
	at org.openqa.selenium.support.ui.ExpectedConditions$17.apply(ExpectedConditions.java:507)
	at org.openqa.selenium.support.ui.FluentWait.until(FluentWait.java:238)
	... 17 more
Caused by: org.openqa.selenium.NoSuchWindowException: Window not found. The browser window may have been closed.
Build info: version: '2.52.0', revision: '4c2593cfc3689a7fcd7be52549167e5ccc93ad28', time: '2016-02-11 11:22:43'
System info: host: 'DLLA1458', ip: '10.0.22.138', os.name: 'Windows 8.1', os.arch: 'amd64', os.version: '6.3', java.version: '1.8.0_91'
Driver info: driver.version: unknown
	at <anonymous class>.nsCommandProcessor.prototype.execute(file:///C:/Users/GARIMA~1/AppData/Local/Temp/anonymous5485307927630167220webdriver-profile/extensions/fxdriver@googlecode.com/components/command-processor.js:12672)
	at <anonymous class>.Dispatcher.executeAs/<(file:///C:/Users/GARIMA~1/AppData/Local/Temp/anonymous5485307927630167220webdriver-profile/extensions/fxdriver@googlecode.com/components/driver-component.js:9511)
	at <anonymous class>.Resource.prototype.handle(file:///C:/Users/GARIMA~1/AppData/Local/Temp/anonymous5485307927630167220webdriver-profile/extensions/fxdriver@googlecode.com/components/driver-component.js:9658)
	at <anonymous class>.Dispatcher.prototype.dispatch(file:///C:/Users/GARIMA~1/AppData/Local/Temp/anonymous5485307927630167220webdriver-profile/extensions/fxdriver@googlecode.com/components/driver-component.js:9605)
	at <anonymous class>.WebDriverServer/<.handle(file:///C:/Users/GARIMA~1/AppData/Local/Temp/anonymous5485307927630167220webdriver-profile/extensions/fxdriver@googlecode.com/components/driver-component.js:12470)
	at <anonymous class>.createHandlerFunc/<(file:///C:/Users/GARIMA~1/AppData/Local/Temp/anonymous5485307927630167220webdriver-profile/extensions/fxdriver@googlecode.com/components/httpd.js:2054)
	at <anonymous class>.ServerHandler.prototype.handleResponse(file:///C:/Users/GARIMA~1/AppData/Local/Temp/anonymous5485307927630167220webdriver-profile/extensions/fxdriver@googlecode.com/components/httpd.js:2387)
	at <anonymous class>.Connection.prototype.process(file:///C:/Users/GARIMA~1/AppData/Local/Temp/anonymous5485307927630167220webdriver-profile/extensions/fxdriver@googlecode.com/components/httpd.js:1223)
	at <anonymous class>.RequestReader.prototype._handleResponse(file:///C:/Users/GARIMA~1/AppData/Local/Temp/anonymous5485307927630167220webdriver-profile/extensions/fxdriver@googlecode.com/components/httpd.js:1677)
	at <anonymous class>.RequestReader.prototype._processBody(file:///C:/Users/GARIMA~1/AppData/Local/Temp/anonymous5485307927630167220webdriver-profile/extensions/fxdriver@googlecode.com/components/httpd.js:1525)
	at <anonymous class>.RequestReader.prototype.onInputStreamReady(file:///C:/Users/GARIMA~1/AppData/Local/Temp/anonymous5485307927630167220webdriver-profile/extensions/fxdriver@googlecode.com/components/httpd.js:1393)
]]>
    </failure>
  </testcase> <!-- Test33_Verify_Speed_Of_Video_Gets_Adjsuted_As_Per_The_Selected_Speed -->
  <testcase name="Test18_Verify_Length_Of_Video_Is_Displayed_In_N_By_M_Format" time="30.079" classname="com.qait.hbp.ereader.tests.Core_Curriculum_Reading_Test">
    <failure type="org.openqa.selenium.TimeoutException" message="Timed out after 30 seconds waiting for frame to be available: By.xpath: //iframe[@id=&#039;chapter_2&#039;]
Build info: version: &#039;2.52.0&#039;, revision: &#039;4c2593cfc3689a7fcd7be52549167e5ccc93ad28&#039;, time: &#039;2016-02-11 11:22:43&#039;
System info: host: &#039;DLLA1458&#039;, ip: &#039;10.0.22.138&#039;, os.name: &#039;Windows 8.1&#039;, os.arch: &#039;amd64&#039;, os.version: &#039;6.3&#039;, java.version: &#039;1.8.0_91&#039;
Driver info: org.openqa.selenium.firefox.FirefoxDriver
Capabilities [{applicationCacheEnabled=true, rotatable=false, handlesAlerts=true, databaseEnabled=true, version=46.0.1, platform=WINDOWS, nativeEvents=false, acceptSslCerts=true, webStorageEnabled=true, locationContextEnabled=true, browserName=firefox, takesScreenshot=true, javascriptEnabled=true, cssSelectorsEnabled=true}]
Session ID: 8554afe0-f5c2-4261-b08d-b3dbb81d60a2">
      <![CDATA[org.openqa.selenium.TimeoutException: Timed out after 30 seconds waiting for frame to be available: By.xpath: //iframe[@id='chapter_2']
Build info: version: '2.52.0', revision: '4c2593cfc3689a7fcd7be52549167e5ccc93ad28', time: '2016-02-11 11:22:43'
System info: host: 'DLLA1458', ip: '10.0.22.138', os.name: 'Windows 8.1', os.arch: 'amd64', os.version: '6.3', java.version: '1.8.0_91'
Driver info: org.openqa.selenium.firefox.FirefoxDriver
Capabilities [{applicationCacheEnabled=true, rotatable=false, handlesAlerts=true, databaseEnabled=true, version=46.0.1, platform=WINDOWS, nativeEvents=false, acceptSslCerts=true, webStorageEnabled=true, locationContextEnabled=true, browserName=firefox, takesScreenshot=true, javascriptEnabled=true, cssSelectorsEnabled=true}]
Session ID: 8554afe0-f5c2-4261-b08d-b3dbb81d60a2
	at org.openqa.selenium.support.ui.WebDriverWait.timeoutException(WebDriverWait.java:80)
	at org.openqa.selenium.support.ui.FluentWait.until(FluentWait.java:261)
	at com.qait.hbp.automation.utils.SeleniumWait.waitForFrameToBeAvailableAndSwitchToIt(SeleniumWait.java:73)
	at com.qait.hbp.automation.getpageobjects.BaseUi.switchToFrame(BaseUi.java:302)
	at com.qait.hbp.ereader.keywords.CoreCurriculumReadingActions.verify_Length_Of_Video_Is_Displayed_In_N_By_M(CoreCurriculumReadingActions.java:366)
	at com.qait.hbp.ereader.tests.Core_Curriculum_Reading_Test.Test18_Verify_Length_Of_Video_Is_Displayed_In_N_By_M_Format(Core_Curriculum_Reading_Test.java:233)
	at sun.reflect.NativeMethodAccessorImpl.invoke0(Native Method)
	at sun.reflect.NativeMethodAccessorImpl.invoke(Unknown Source)
	at sun.reflect.DelegatingMethodAccessorImpl.invoke(Unknown Source)
	at java.lang.reflect.Method.invoke(Unknown Source)
	at org.testng.internal.MethodInvocationHelper.invokeMethod(MethodInvocationHelper.java:84)
	at org.testng.internal.Invoker.invokeMethod(Invoker.java:714)
	at org.testng.internal.Invoker.invokeTestMethod(Invoker.java:901)
	at org.testng.internal.Invoker.invokeTestMethods(Invoker.java:1231)
	at org.testng.internal.TestMethodWorker.invokeTestMethods(TestMethodWorker.java:127)
	at org.testng.internal.TestMethodWorker.run(TestMethodWorker.java:111)
	at java.util.concurrent.ThreadPoolExecutor.runWorker(Unknown Source)
	at java.util.concurrent.ThreadPoolExecutor$Worker.run(Unknown Source)
	at java.lang.Thread.run(Unknown Source)
Caused by: org.openqa.selenium.NoSuchElementException: Unable to locate element: {"method":"xpath","selector":"//iframe[@id='chapter_2']"}
Command duration or timeout: 30.08 seconds
For documentation on this error, please visit: http://seleniumhq.org/exceptions/no_such_element.html
Build info: version: '2.52.0', revision: '4c2593cfc3689a7fcd7be52549167e5ccc93ad28', time: '2016-02-11 11:22:43'
System info: host: 'DLLA1458', ip: '10.0.22.138', os.name: 'Windows 8.1', os.arch: 'amd64', os.version: '6.3', java.version: '1.8.0_91'
Driver info: org.openqa.selenium.firefox.FirefoxDriver
Capabilities [{applicationCacheEnabled=true, rotatable=false, handlesAlerts=true, databaseEnabled=true, version=46.0.1, platform=WINDOWS, nativeEvents=false, acceptSslCerts=true, webStorageEnabled=true, locationContextEnabled=true, browserName=firefox, takesScreenshot=true, javascriptEnabled=true, cssSelectorsEnabled=true}]
Session ID: 8554afe0-f5c2-4261-b08d-b3dbb81d60a2
*** Element info: {Using=xpath, value=//iframe[@id='chapter_2']}
	at sun.reflect.GeneratedConstructorAccessor24.newInstance(Unknown Source)
	at sun.reflect.DelegatingConstructorAccessorImpl.newInstance(Unknown Source)
	at java.lang.reflect.Constructor.newInstance(Unknown Source)
	at org.openqa.selenium.remote.ErrorHandler.createThrowable(ErrorHandler.java:206)
	at org.openqa.selenium.remote.ErrorHandler.throwIfResponseFailed(ErrorHandler.java:158)
	at org.openqa.selenium.remote.RemoteWebDriver.execute(RemoteWebDriver.java:678)
	at org.openqa.selenium.remote.RemoteWebDriver.findElement(RemoteWebDriver.java:363)
	at org.openqa.selenium.remote.RemoteWebDriver.findElementByXPath(RemoteWebDriver.java:500)
	at org.openqa.selenium.By$ByXPath.findElement(By.java:361)
	at org.openqa.selenium.remote.RemoteWebDriver.findElement(RemoteWebDriver.java:355)
	at org.openqa.selenium.support.ui.ExpectedConditions.findElement(ExpectedConditions.java:911)
	at org.openqa.selenium.support.ui.ExpectedConditions.access$000(ExpectedConditions.java:41)
	at org.openqa.selenium.support.ui.ExpectedConditions$17.apply(ExpectedConditions.java:511)
	at org.openqa.selenium.support.ui.ExpectedConditions$17.apply(ExpectedConditions.java:507)
	at org.openqa.selenium.support.ui.FluentWait.until(FluentWait.java:238)
	... 17 more
Caused by: org.openqa.selenium.NoSuchElementException: Unable to locate element: {"method":"xpath","selector":"//iframe[@id='chapter_2']"}
For documentation on this error, please visit: http://seleniumhq.org/exceptions/no_such_element.html
Build info: version: '2.52.0', revision: '4c2593cfc3689a7fcd7be52549167e5ccc93ad28', time: '2016-02-11 11:22:43'
System info: host: 'DLLA1458', ip: '10.0.22.138', os.name: 'Windows 8.1', os.arch: 'amd64', os.version: '6.3', java.version: '1.8.0_91'
Driver info: driver.version: unknown
	at <anonymous class>.FirefoxDriver.prototype.findElementInternal_(file:///C:/Users/GARIMA~1/AppData/Local/Temp/anonymous5485307927630167220webdriver-profile/extensions/fxdriver@googlecode.com/components/driver-component.js:10723)
	at <anonymous class>.fxdriver.Timer.prototype.setTimeout/<.notify(file:///C:/Users/GARIMA~1/AppData/Local/Temp/anonymous5485307927630167220webdriver-profile/extensions/fxdriver@googlecode.com/components/driver-component.js:623)
]]>
    </failure>
  </testcase> <!-- Test18_Verify_Length_Of_Video_Is_Displayed_In_N_By_M_Format -->
  <testcase name="Test28_Verify_CC_Text_Also_Moves_On_Forwarding_Video_From_Progress_Bar" time="60.234" classname="com.qait.hbp.ereader.tests.Core_Curriculum_Reading_Test">
    <error type="java.lang.AssertionError" message="[ASSERT FAILED]: Element play_pause_button not found on the eReader/CoreCurriculumReading !!!">
      <![CDATA[java.lang.AssertionError: [ASSERT FAILED]: Element play_pause_button not found on the eReader/CoreCurriculumReading !!!
	at org.testng.Assert.fail(Assert.java:94)
	at com.qait.hbp.automation.getpageobjects.GetPage.element(GetPage.java:387)
	at com.qait.hbp.automation.getpageobjects.GetPage.element(GetPage.java:331)
	at com.qait.hbp.ereader.keywords.CoreCurriculumReadingActions.does_CC_Text_Also_Move_On_Forwarding_Video_From_Progress_Bar(CoreCurriculumReadingActions.java:795)
	at com.qait.hbp.ereader.tests.Core_Curriculum_Reading_Test.Test28_Verify_CC_Text_Also_Moves_On_Forwarding_Video_From_Progress_Bar(Core_Curriculum_Reading_Test.java:290)
	at sun.reflect.NativeMethodAccessorImpl.invoke0(Native Method)
	at sun.reflect.NativeMethodAccessorImpl.invoke(Unknown Source)
	at sun.reflect.DelegatingMethodAccessorImpl.invoke(Unknown Source)
	at java.lang.reflect.Method.invoke(Unknown Source)
	at org.testng.internal.MethodInvocationHelper.invokeMethod(MethodInvocationHelper.java:84)
	at org.testng.internal.Invoker.invokeMethod(Invoker.java:714)
	at org.testng.internal.Invoker.invokeTestMethod(Invoker.java:901)
	at org.testng.internal.Invoker.invokeTestMethods(Invoker.java:1231)
	at org.testng.internal.TestMethodWorker.invokeTestMethods(TestMethodWorker.java:127)
	at org.testng.internal.TestMethodWorker.run(TestMethodWorker.java:111)
	at java.util.concurrent.ThreadPoolExecutor.runWorker(Unknown Source)
	at java.util.concurrent.ThreadPoolExecutor$Worker.run(Unknown Source)
	at java.lang.Thread.run(Unknown Source)
]]>
    </error>
  </testcase> <!-- Test28_Verify_CC_Text_Also_Moves_On_Forwarding_Video_From_Progress_Bar -->
  <testcase name="Test08_Verify_On_Clicking_Pop_Out_Button_Interactive_Opens_In_New_Tab_" time="30.556" classname="com.qait.hbp.ereader.tests.Core_Curriculum_Reading_Test">
    <error type="java.lang.AssertionError" message="[ASSERT FAILED]: Element new-tab-button not found on the eReader/CoreCurriculumReading !!!">
      <![CDATA[java.lang.AssertionError: [ASSERT FAILED]: Element new-tab-button not found on the eReader/CoreCurriculumReading !!!
	at org.testng.Assert.fail(Assert.java:94)
	at com.qait.hbp.automation.getpageobjects.GetPage.element(GetPage.java:387)
	at com.qait.hbp.automation.getpageobjects.GetPage.element(GetPage.java:331)
	at com.qait.hbp.ereader.keywords.CoreCurriculumReadingActions.verify_On_Clicking_New_Tab_Button_Illustration_Launches_In_New_Tab(CoreCurriculumReadingActions.java:148)
	at com.qait.hbp.ereader.tests.Core_Curriculum_Reading_Test.Test08_Verify_On_Clicking_Pop_Out_Button_Interactive_Opens_In_New_Tab_(Core_Curriculum_Reading_Test.java:148)
	at sun.reflect.NativeMethodAccessorImpl.invoke0(Native Method)
	at sun.reflect.NativeMethodAccessorImpl.invoke(Unknown Source)
	at sun.reflect.DelegatingMethodAccessorImpl.invoke(Unknown Source)
	at java.lang.reflect.Method.invoke(Unknown Source)
	at org.testng.internal.MethodInvocationHelper.invokeMethod(MethodInvocationHelper.java:84)
	at org.testng.internal.Invoker.invokeMethod(Invoker.java:714)
	at org.testng.internal.Invoker.invokeTestMethod(Invoker.java:901)
	at org.testng.internal.Invoker.invokeTestMethods(Invoker.java:1231)
	at org.testng.internal.TestMethodWorker.invokeTestMethods(TestMethodWorker.java:127)
	at org.testng.internal.TestMethodWorker.run(TestMethodWorker.java:111)
	at java.util.concurrent.ThreadPoolExecutor.runWorker(Unknown Source)
	at java.util.concurrent.ThreadPoolExecutor$Worker.run(Unknown Source)
	at java.lang.Thread.run(Unknown Source)
]]>
    </error>
  </testcase> <!-- Test08_Verify_On_Clicking_Pop_Out_Button_Interactive_Opens_In_New_Tab_ -->
  <testcase name="Test20_Verify_ToolTip_Appears_On_Hovering_Mute_Button" time="30.137" classname="com.qait.hbp.ereader.tests.Core_Curriculum_Reading_Test">
    <failure type="org.openqa.selenium.TimeoutException" message="Timed out after 30 seconds waiting for frame to be available: By.xpath: //iframe[@id=&#039;chapter_2&#039;]
Build info: version: &#039;2.52.0&#039;, revision: &#039;4c2593cfc3689a7fcd7be52549167e5ccc93ad28&#039;, time: &#039;2016-02-11 11:22:43&#039;
System info: host: &#039;DLLA1458&#039;, ip: &#039;10.0.22.138&#039;, os.name: &#039;Windows 8.1&#039;, os.arch: &#039;amd64&#039;, os.version: &#039;6.3&#039;, java.version: &#039;1.8.0_91&#039;
Driver info: org.openqa.selenium.firefox.FirefoxDriver
Capabilities [{applicationCacheEnabled=true, rotatable=false, handlesAlerts=true, databaseEnabled=true, version=46.0.1, platform=WINDOWS, nativeEvents=false, acceptSslCerts=true, webStorageEnabled=true, locationContextEnabled=true, browserName=firefox, takesScreenshot=true, javascriptEnabled=true, cssSelectorsEnabled=true}]
Session ID: 8554afe0-f5c2-4261-b08d-b3dbb81d60a2">
      <![CDATA[org.openqa.selenium.TimeoutException: Timed out after 30 seconds waiting for frame to be available: By.xpath: //iframe[@id='chapter_2']
Build info: version: '2.52.0', revision: '4c2593cfc3689a7fcd7be52549167e5ccc93ad28', time: '2016-02-11 11:22:43'
System info: host: 'DLLA1458', ip: '10.0.22.138', os.name: 'Windows 8.1', os.arch: 'amd64', os.version: '6.3', java.version: '1.8.0_91'
Driver info: org.openqa.selenium.firefox.FirefoxDriver
Capabilities [{applicationCacheEnabled=true, rotatable=false, handlesAlerts=true, databaseEnabled=true, version=46.0.1, platform=WINDOWS, nativeEvents=false, acceptSslCerts=true, webStorageEnabled=true, locationContextEnabled=true, browserName=firefox, takesScreenshot=true, javascriptEnabled=true, cssSelectorsEnabled=true}]
Session ID: 8554afe0-f5c2-4261-b08d-b3dbb81d60a2
	at org.openqa.selenium.support.ui.WebDriverWait.timeoutException(WebDriverWait.java:80)
	at org.openqa.selenium.support.ui.FluentWait.until(FluentWait.java:261)
	at com.qait.hbp.automation.utils.SeleniumWait.waitForFrameToBeAvailableAndSwitchToIt(SeleniumWait.java:73)
	at com.qait.hbp.automation.getpageobjects.BaseUi.switchToFrame(BaseUi.java:302)
	at com.qait.hbp.ereader.keywords.CoreCurriculumReadingActions.verify_Tool_Tip_Is_Displayed_On_hovering_Mute_Button(CoreCurriculumReadingActions.java:400)
	at com.qait.hbp.ereader.tests.Core_Curriculum_Reading_Test.Test20_Verify_ToolTip_Appears_On_Hovering_Mute_Button(Core_Curriculum_Reading_Test.java:247)
	at sun.reflect.NativeMethodAccessorImpl.invoke0(Native Method)
	at sun.reflect.NativeMethodAccessorImpl.invoke(Unknown Source)
	at sun.reflect.DelegatingMethodAccessorImpl.invoke(Unknown Source)
	at java.lang.reflect.Method.invoke(Unknown Source)
	at org.testng.internal.MethodInvocationHelper.invokeMethod(MethodInvocationHelper.java:84)
	at org.testng.internal.Invoker.invokeMethod(Invoker.java:714)
	at org.testng.internal.Invoker.invokeTestMethod(Invoker.java:901)
	at org.testng.internal.Invoker.invokeTestMethods(Invoker.java:1231)
	at org.testng.internal.TestMethodWorker.invokeTestMethods(TestMethodWorker.java:127)
	at org.testng.internal.TestMethodWorker.run(TestMethodWorker.java:111)
	at java.util.concurrent.ThreadPoolExecutor.runWorker(Unknown Source)
	at java.util.concurrent.ThreadPoolExecutor$Worker.run(Unknown Source)
	at java.lang.Thread.run(Unknown Source)
Caused by: org.openqa.selenium.NoSuchElementException: Unable to locate element: {"method":"xpath","selector":"//iframe[@id='chapter_2']"}
Command duration or timeout: 30.13 seconds
For documentation on this error, please visit: http://seleniumhq.org/exceptions/no_such_element.html
Build info: version: '2.52.0', revision: '4c2593cfc3689a7fcd7be52549167e5ccc93ad28', time: '2016-02-11 11:22:43'
System info: host: 'DLLA1458', ip: '10.0.22.138', os.name: 'Windows 8.1', os.arch: 'amd64', os.version: '6.3', java.version: '1.8.0_91'
Driver info: org.openqa.selenium.firefox.FirefoxDriver
Capabilities [{applicationCacheEnabled=true, rotatable=false, handlesAlerts=true, databaseEnabled=true, version=46.0.1, platform=WINDOWS, nativeEvents=false, acceptSslCerts=true, webStorageEnabled=true, locationContextEnabled=true, browserName=firefox, takesScreenshot=true, javascriptEnabled=true, cssSelectorsEnabled=true}]
Session ID: 8554afe0-f5c2-4261-b08d-b3dbb81d60a2
*** Element info: {Using=xpath, value=//iframe[@id='chapter_2']}
	at sun.reflect.GeneratedConstructorAccessor24.newInstance(Unknown Source)
	at sun.reflect.DelegatingConstructorAccessorImpl.newInstance(Unknown Source)
	at java.lang.reflect.Constructor.newInstance(Unknown Source)
	at org.openqa.selenium.remote.ErrorHandler.createThrowable(ErrorHandler.java:206)
	at org.openqa.selenium.remote.ErrorHandler.throwIfResponseFailed(ErrorHandler.java:158)
	at org.openqa.selenium.remote.RemoteWebDriver.execute(RemoteWebDriver.java:678)
	at org.openqa.selenium.remote.RemoteWebDriver.findElement(RemoteWebDriver.java:363)
	at org.openqa.selenium.remote.RemoteWebDriver.findElementByXPath(RemoteWebDriver.java:500)
	at org.openqa.selenium.By$ByXPath.findElement(By.java:361)
	at org.openqa.selenium.remote.RemoteWebDriver.findElement(RemoteWebDriver.java:355)
	at org.openqa.selenium.support.ui.ExpectedConditions.findElement(ExpectedConditions.java:911)
	at org.openqa.selenium.support.ui.ExpectedConditions.access$000(ExpectedConditions.java:41)
	at org.openqa.selenium.support.ui.ExpectedConditions$17.apply(ExpectedConditions.java:511)
	at org.openqa.selenium.support.ui.ExpectedConditions$17.apply(ExpectedConditions.java:507)
	at org.openqa.selenium.support.ui.FluentWait.until(FluentWait.java:238)
	... 17 more
Caused by: org.openqa.selenium.NoSuchElementException: Unable to locate element: {"method":"xpath","selector":"//iframe[@id='chapter_2']"}
For documentation on this error, please visit: http://seleniumhq.org/exceptions/no_such_element.html
Build info: version: '2.52.0', revision: '4c2593cfc3689a7fcd7be52549167e5ccc93ad28', time: '2016-02-11 11:22:43'
System info: host: 'DLLA1458', ip: '10.0.22.138', os.name: 'Windows 8.1', os.arch: 'amd64', os.version: '6.3', java.version: '1.8.0_91'
Driver info: driver.version: unknown
	at <anonymous class>.FirefoxDriver.prototype.findElementInternal_(file:///C:/Users/GARIMA~1/AppData/Local/Temp/anonymous5485307927630167220webdriver-profile/extensions/fxdriver@googlecode.com/components/driver-component.js:10723)
	at <anonymous class>.fxdriver.Timer.prototype.setTimeout/<.notify(file:///C:/Users/GARIMA~1/AppData/Local/Temp/anonymous5485307927630167220webdriver-profile/extensions/fxdriver@googlecode.com/components/driver-component.js:623)
]]>
    </failure>
  </testcase> <!-- Test20_Verify_ToolTip_Appears_On_Hovering_Mute_Button -->
  <testcase name="Test030_Close_Notes_Pane_And_Navigate_To_First_Page" time="2.243" classname="com.qait.hbp.ereader.tests.Core_Curriculum_Reading_Test"/>
  <testcase name="Test27_Verify_On_Pausing_Video_CC_Text_Also_Pauses" time="30.035" classname="com.qait.hbp.ereader.tests.Core_Curriculum_Reading_Test">
    <failure type="org.openqa.selenium.TimeoutException" message="Timed out after 30 seconds waiting for frame to be available: By.xpath: //iframe[@id=&#039;chapter_2&#039;]
Build info: version: &#039;2.52.0&#039;, revision: &#039;4c2593cfc3689a7fcd7be52549167e5ccc93ad28&#039;, time: &#039;2016-02-11 11:22:43&#039;
System info: host: &#039;DLLA1458&#039;, ip: &#039;10.0.22.138&#039;, os.name: &#039;Windows 8.1&#039;, os.arch: &#039;amd64&#039;, os.version: &#039;6.3&#039;, java.version: &#039;1.8.0_91&#039;
Driver info: org.openqa.selenium.firefox.FirefoxDriver
Capabilities [{applicationCacheEnabled=true, rotatable=false, handlesAlerts=true, databaseEnabled=true, version=46.0.1, platform=WINDOWS, nativeEvents=false, acceptSslCerts=true, webStorageEnabled=true, locationContextEnabled=true, browserName=firefox, takesScreenshot=true, javascriptEnabled=true, cssSelectorsEnabled=true}]
Session ID: 8554afe0-f5c2-4261-b08d-b3dbb81d60a2">
      <![CDATA[org.openqa.selenium.TimeoutException: Timed out after 30 seconds waiting for frame to be available: By.xpath: //iframe[@id='chapter_2']
Build info: version: '2.52.0', revision: '4c2593cfc3689a7fcd7be52549167e5ccc93ad28', time: '2016-02-11 11:22:43'
System info: host: 'DLLA1458', ip: '10.0.22.138', os.name: 'Windows 8.1', os.arch: 'amd64', os.version: '6.3', java.version: '1.8.0_91'
Driver info: org.openqa.selenium.firefox.FirefoxDriver
Capabilities [{applicationCacheEnabled=true, rotatable=false, handlesAlerts=true, databaseEnabled=true, version=46.0.1, platform=WINDOWS, nativeEvents=false, acceptSslCerts=true, webStorageEnabled=true, locationContextEnabled=true, browserName=firefox, takesScreenshot=true, javascriptEnabled=true, cssSelectorsEnabled=true}]
Session ID: 8554afe0-f5c2-4261-b08d-b3dbb81d60a2
	at org.openqa.selenium.support.ui.WebDriverWait.timeoutException(WebDriverWait.java:80)
	at org.openqa.selenium.support.ui.FluentWait.until(FluentWait.java:261)
	at com.qait.hbp.automation.utils.SeleniumWait.waitForFrameToBeAvailableAndSwitchToIt(SeleniumWait.java:73)
	at com.qait.hbp.automation.getpageobjects.BaseUi.switchToFrame(BaseUi.java:302)
	at com.qait.hbp.ereader.keywords.CoreCurriculumReadingActions.does_CC_Text_Also_Pause_On_Pausing_Video(CoreCurriculumReadingActions.java:712)
	at com.qait.hbp.ereader.tests.Core_Curriculum_Reading_Test.Test27_Verify_On_Pausing_Video_CC_Text_Also_Pauses(Core_Curriculum_Reading_Test.java:285)
	at sun.reflect.NativeMethodAccessorImpl.invoke0(Native Method)
	at sun.reflect.NativeMethodAccessorImpl.invoke(Unknown Source)
	at sun.reflect.DelegatingMethodAccessorImpl.invoke(Unknown Source)
	at java.lang.reflect.Method.invoke(Unknown Source)
	at org.testng.internal.MethodInvocationHelper.invokeMethod(MethodInvocationHelper.java:84)
	at org.testng.internal.Invoker.invokeMethod(Invoker.java:714)
	at org.testng.internal.Invoker.invokeTestMethod(Invoker.java:901)
	at org.testng.internal.Invoker.invokeTestMethods(Invoker.java:1231)
	at org.testng.internal.TestMethodWorker.invokeTestMethods(TestMethodWorker.java:127)
	at org.testng.internal.TestMethodWorker.run(TestMethodWorker.java:111)
	at java.util.concurrent.ThreadPoolExecutor.runWorker(Unknown Source)
	at java.util.concurrent.ThreadPoolExecutor$Worker.run(Unknown Source)
	at java.lang.Thread.run(Unknown Source)
Caused by: org.openqa.selenium.NoSuchElementException: Unable to locate element: {"method":"xpath","selector":"//iframe[@id='chapter_2']"}
Command duration or timeout: 30.03 seconds
For documentation on this error, please visit: http://seleniumhq.org/exceptions/no_such_element.html
Build info: version: '2.52.0', revision: '4c2593cfc3689a7fcd7be52549167e5ccc93ad28', time: '2016-02-11 11:22:43'
System info: host: 'DLLA1458', ip: '10.0.22.138', os.name: 'Windows 8.1', os.arch: 'amd64', os.version: '6.3', java.version: '1.8.0_91'
Driver info: org.openqa.selenium.firefox.FirefoxDriver
Capabilities [{applicationCacheEnabled=true, rotatable=false, handlesAlerts=true, databaseEnabled=true, version=46.0.1, platform=WINDOWS, nativeEvents=false, acceptSslCerts=true, webStorageEnabled=true, locationContextEnabled=true, browserName=firefox, takesScreenshot=true, javascriptEnabled=true, cssSelectorsEnabled=true}]
Session ID: 8554afe0-f5c2-4261-b08d-b3dbb81d60a2
*** Element info: {Using=xpath, value=//iframe[@id='chapter_2']}
	at sun.reflect.GeneratedConstructorAccessor24.newInstance(Unknown Source)
	at sun.reflect.DelegatingConstructorAccessorImpl.newInstance(Unknown Source)
	at java.lang.reflect.Constructor.newInstance(Unknown Source)
	at org.openqa.selenium.remote.ErrorHandler.createThrowable(ErrorHandler.java:206)
	at org.openqa.selenium.remote.ErrorHandler.throwIfResponseFailed(ErrorHandler.java:158)
	at org.openqa.selenium.remote.RemoteWebDriver.execute(RemoteWebDriver.java:678)
	at org.openqa.selenium.remote.RemoteWebDriver.findElement(RemoteWebDriver.java:363)
	at org.openqa.selenium.remote.RemoteWebDriver.findElementByXPath(RemoteWebDriver.java:500)
	at org.openqa.selenium.By$ByXPath.findElement(By.java:361)
	at org.openqa.selenium.remote.RemoteWebDriver.findElement(RemoteWebDriver.java:355)
	at org.openqa.selenium.support.ui.ExpectedConditions.findElement(ExpectedConditions.java:911)
	at org.openqa.selenium.support.ui.ExpectedConditions.access$000(ExpectedConditions.java:41)
	at org.openqa.selenium.support.ui.ExpectedConditions$17.apply(ExpectedConditions.java:511)
	at org.openqa.selenium.support.ui.ExpectedConditions$17.apply(ExpectedConditions.java:507)
	at org.openqa.selenium.support.ui.FluentWait.until(FluentWait.java:238)
	... 17 more
Caused by: org.openqa.selenium.NoSuchElementException: Unable to locate element: {"method":"xpath","selector":"//iframe[@id='chapter_2']"}
For documentation on this error, please visit: http://seleniumhq.org/exceptions/no_such_element.html
Build info: version: '2.52.0', revision: '4c2593cfc3689a7fcd7be52549167e5ccc93ad28', time: '2016-02-11 11:22:43'
System info: host: 'DLLA1458', ip: '10.0.22.138', os.name: 'Windows 8.1', os.arch: 'amd64', os.version: '6.3', java.version: '1.8.0_91'
Driver info: driver.version: unknown
	at <anonymous class>.FirefoxDriver.prototype.findElementInternal_(file:///C:/Users/GARIMA~1/AppData/Local/Temp/anonymous5485307927630167220webdriver-profile/extensions/fxdriver@googlecode.com/components/driver-component.js:10723)
	at <anonymous class>.fxdriver.Timer.prototype.setTimeout/<.notify(file:///C:/Users/GARIMA~1/AppData/Local/Temp/anonymous5485307927630167220webdriver-profile/extensions/fxdriver@googlecode.com/components/driver-component.js:623)
]]>
    </failure>
  </testcase> <!-- Test27_Verify_On_Pausing_Video_CC_Text_Also_Pauses -->
  <testcase name="Test25_Verify_User_Is_Able_To_Select_Available_Caption" time="30.076" classname="com.qait.hbp.ereader.tests.Core_Curriculum_Reading_Test">
    <failure type="org.openqa.selenium.TimeoutException" message="Timed out after 30 seconds waiting for frame to be available: By.xpath: //iframe[@id=&#039;chapter_2&#039;]
Build info: version: &#039;2.52.0&#039;, revision: &#039;4c2593cfc3689a7fcd7be52549167e5ccc93ad28&#039;, time: &#039;2016-02-11 11:22:43&#039;
System info: host: &#039;DLLA1458&#039;, ip: &#039;10.0.22.138&#039;, os.name: &#039;Windows 8.1&#039;, os.arch: &#039;amd64&#039;, os.version: &#039;6.3&#039;, java.version: &#039;1.8.0_91&#039;
Driver info: org.openqa.selenium.firefox.FirefoxDriver
Capabilities [{applicationCacheEnabled=true, rotatable=false, handlesAlerts=true, databaseEnabled=true, version=46.0.1, platform=WINDOWS, nativeEvents=false, acceptSslCerts=true, webStorageEnabled=true, locationContextEnabled=true, browserName=firefox, takesScreenshot=true, javascriptEnabled=true, cssSelectorsEnabled=true}]
Session ID: 8554afe0-f5c2-4261-b08d-b3dbb81d60a2">
      <![CDATA[org.openqa.selenium.TimeoutException: Timed out after 30 seconds waiting for frame to be available: By.xpath: //iframe[@id='chapter_2']
Build info: version: '2.52.0', revision: '4c2593cfc3689a7fcd7be52549167e5ccc93ad28', time: '2016-02-11 11:22:43'
System info: host: 'DLLA1458', ip: '10.0.22.138', os.name: 'Windows 8.1', os.arch: 'amd64', os.version: '6.3', java.version: '1.8.0_91'
Driver info: org.openqa.selenium.firefox.FirefoxDriver
Capabilities [{applicationCacheEnabled=true, rotatable=false, handlesAlerts=true, databaseEnabled=true, version=46.0.1, platform=WINDOWS, nativeEvents=false, acceptSslCerts=true, webStorageEnabled=true, locationContextEnabled=true, browserName=firefox, takesScreenshot=true, javascriptEnabled=true, cssSelectorsEnabled=true}]
Session ID: 8554afe0-f5c2-4261-b08d-b3dbb81d60a2
	at org.openqa.selenium.support.ui.WebDriverWait.timeoutException(WebDriverWait.java:80)
	at org.openqa.selenium.support.ui.FluentWait.until(FluentWait.java:261)
	at com.qait.hbp.automation.utils.SeleniumWait.waitForFrameToBeAvailableAndSwitchToIt(SeleniumWait.java:73)
	at com.qait.hbp.automation.getpageobjects.BaseUi.switchToFrame(BaseUi.java:302)
	at com.qait.hbp.ereader.keywords.CoreCurriculumReadingActions.is_User_Able_To_Select_Option(CoreCurriculumReadingActions.java:567)
	at com.qait.hbp.ereader.tests.Core_Curriculum_Reading_Test.Test25_Verify_User_Is_Able_To_Select_Available_Caption(Core_Curriculum_Reading_Test.java:275)
	at sun.reflect.NativeMethodAccessorImpl.invoke0(Native Method)
	at sun.reflect.NativeMethodAccessorImpl.invoke(Unknown Source)
	at sun.reflect.DelegatingMethodAccessorImpl.invoke(Unknown Source)
	at java.lang.reflect.Method.invoke(Unknown Source)
	at org.testng.internal.MethodInvocationHelper.invokeMethod(MethodInvocationHelper.java:84)
	at org.testng.internal.Invoker.invokeMethod(Invoker.java:714)
	at org.testng.internal.Invoker.invokeTestMethod(Invoker.java:901)
	at org.testng.internal.Invoker.invokeTestMethods(Invoker.java:1231)
	at org.testng.internal.TestMethodWorker.invokeTestMethods(TestMethodWorker.java:127)
	at org.testng.internal.TestMethodWorker.run(TestMethodWorker.java:111)
	at java.util.concurrent.ThreadPoolExecutor.runWorker(Unknown Source)
	at java.util.concurrent.ThreadPoolExecutor$Worker.run(Unknown Source)
	at java.lang.Thread.run(Unknown Source)
Caused by: org.openqa.selenium.NoSuchElementException: Unable to locate element: {"method":"xpath","selector":"//iframe[@id='chapter_2']"}
Command duration or timeout: 30.07 seconds
For documentation on this error, please visit: http://seleniumhq.org/exceptions/no_such_element.html
Build info: version: '2.52.0', revision: '4c2593cfc3689a7fcd7be52549167e5ccc93ad28', time: '2016-02-11 11:22:43'
System info: host: 'DLLA1458', ip: '10.0.22.138', os.name: 'Windows 8.1', os.arch: 'amd64', os.version: '6.3', java.version: '1.8.0_91'
Driver info: org.openqa.selenium.firefox.FirefoxDriver
Capabilities [{applicationCacheEnabled=true, rotatable=false, handlesAlerts=true, databaseEnabled=true, version=46.0.1, platform=WINDOWS, nativeEvents=false, acceptSslCerts=true, webStorageEnabled=true, locationContextEnabled=true, browserName=firefox, takesScreenshot=true, javascriptEnabled=true, cssSelectorsEnabled=true}]
Session ID: 8554afe0-f5c2-4261-b08d-b3dbb81d60a2
*** Element info: {Using=xpath, value=//iframe[@id='chapter_2']}
	at sun.reflect.GeneratedConstructorAccessor24.newInstance(Unknown Source)
	at sun.reflect.DelegatingConstructorAccessorImpl.newInstance(Unknown Source)
	at java.lang.reflect.Constructor.newInstance(Unknown Source)
	at org.openqa.selenium.remote.ErrorHandler.createThrowable(ErrorHandler.java:206)
	at org.openqa.selenium.remote.ErrorHandler.throwIfResponseFailed(ErrorHandler.java:158)
	at org.openqa.selenium.remote.RemoteWebDriver.execute(RemoteWebDriver.java:678)
	at org.openqa.selenium.remote.RemoteWebDriver.findElement(RemoteWebDriver.java:363)
	at org.openqa.selenium.remote.RemoteWebDriver.findElementByXPath(RemoteWebDriver.java:500)
	at org.openqa.selenium.By$ByXPath.findElement(By.java:361)
	at org.openqa.selenium.remote.RemoteWebDriver.findElement(RemoteWebDriver.java:355)
	at org.openqa.selenium.support.ui.ExpectedConditions.findElement(ExpectedConditions.java:911)
	at org.openqa.selenium.support.ui.ExpectedConditions.access$000(ExpectedConditions.java:41)
	at org.openqa.selenium.support.ui.ExpectedConditions$17.apply(ExpectedConditions.java:511)
	at org.openqa.selenium.support.ui.ExpectedConditions$17.apply(ExpectedConditions.java:507)
	at org.openqa.selenium.support.ui.FluentWait.until(FluentWait.java:238)
	... 17 more
Caused by: org.openqa.selenium.NoSuchElementException: Unable to locate element: {"method":"xpath","selector":"//iframe[@id='chapter_2']"}
For documentation on this error, please visit: http://seleniumhq.org/exceptions/no_such_element.html
Build info: version: '2.52.0', revision: '4c2593cfc3689a7fcd7be52549167e5ccc93ad28', time: '2016-02-11 11:22:43'
System info: host: 'DLLA1458', ip: '10.0.22.138', os.name: 'Windows 8.1', os.arch: 'amd64', os.version: '6.3', java.version: '1.8.0_91'
Driver info: driver.version: unknown
	at <anonymous class>.FirefoxDriver.prototype.findElementInternal_(file:///C:/Users/GARIMA~1/AppData/Local/Temp/anonymous5485307927630167220webdriver-profile/extensions/fxdriver@googlecode.com/components/driver-component.js:10723)
	at <anonymous class>.fxdriver.Timer.prototype.setTimeout/<.notify(file:///C:/Users/GARIMA~1/AppData/Local/Temp/anonymous5485307927630167220webdriver-profile/extensions/fxdriver@googlecode.com/components/driver-component.js:623)
]]>
    </failure>
  </testcase> <!-- Test25_Verify_User_Is_Able_To_Select_Available_Caption -->
  <testcase name="Test31_Verify_User_Is_Able_To_Watch_Video_In_Full_Screen" time="30.065" classname="com.qait.hbp.ereader.tests.Core_Curriculum_Reading_Test">
    <failure type="org.openqa.selenium.TimeoutException" message="Timed out after 30 seconds waiting for frame to be available: By.xpath: //iframe[@id=&#039;chapter_2&#039;]
Build info: version: &#039;2.52.0&#039;, revision: &#039;4c2593cfc3689a7fcd7be52549167e5ccc93ad28&#039;, time: &#039;2016-02-11 11:22:43&#039;
System info: host: &#039;DLLA1458&#039;, ip: &#039;10.0.22.138&#039;, os.name: &#039;Windows 8.1&#039;, os.arch: &#039;amd64&#039;, os.version: &#039;6.3&#039;, java.version: &#039;1.8.0_91&#039;
Driver info: org.openqa.selenium.firefox.FirefoxDriver
Capabilities [{applicationCacheEnabled=true, rotatable=false, handlesAlerts=true, databaseEnabled=true, version=46.0.1, platform=WINDOWS, nativeEvents=false, acceptSslCerts=true, webStorageEnabled=true, locationContextEnabled=true, browserName=firefox, takesScreenshot=true, javascriptEnabled=true, cssSelectorsEnabled=true}]
Session ID: 8554afe0-f5c2-4261-b08d-b3dbb81d60a2">
      <![CDATA[org.openqa.selenium.TimeoutException: Timed out after 30 seconds waiting for frame to be available: By.xpath: //iframe[@id='chapter_2']
Build info: version: '2.52.0', revision: '4c2593cfc3689a7fcd7be52549167e5ccc93ad28', time: '2016-02-11 11:22:43'
System info: host: 'DLLA1458', ip: '10.0.22.138', os.name: 'Windows 8.1', os.arch: 'amd64', os.version: '6.3', java.version: '1.8.0_91'
Driver info: org.openqa.selenium.firefox.FirefoxDriver
Capabilities [{applicationCacheEnabled=true, rotatable=false, handlesAlerts=true, databaseEnabled=true, version=46.0.1, platform=WINDOWS, nativeEvents=false, acceptSslCerts=true, webStorageEnabled=true, locationContextEnabled=true, browserName=firefox, takesScreenshot=true, javascriptEnabled=true, cssSelectorsEnabled=true}]
Session ID: 8554afe0-f5c2-4261-b08d-b3dbb81d60a2
	at org.openqa.selenium.support.ui.WebDriverWait.timeoutException(WebDriverWait.java:80)
	at org.openqa.selenium.support.ui.FluentWait.until(FluentWait.java:261)
	at com.qait.hbp.automation.utils.SeleniumWait.waitForFrameToBeAvailableAndSwitchToIt(SeleniumWait.java:73)
	at com.qait.hbp.automation.getpageobjects.BaseUi.switchToFrame(BaseUi.java:302)
	at com.qait.hbp.ereader.keywords.CoreCurriculumReadingActions.is_User_Able_To_Watch_Video_In_Full_Screen(CoreCurriculumReadingActions.java:601)
	at com.qait.hbp.ereader.tests.Core_Curriculum_Reading_Test.Test31_Verify_User_Is_Able_To_Watch_Video_In_Full_Screen(Core_Curriculum_Reading_Test.java:305)
	at sun.reflect.NativeMethodAccessorImpl.invoke0(Native Method)
	at sun.reflect.NativeMethodAccessorImpl.invoke(Unknown Source)
	at sun.reflect.DelegatingMethodAccessorImpl.invoke(Unknown Source)
	at java.lang.reflect.Method.invoke(Unknown Source)
	at org.testng.internal.MethodInvocationHelper.invokeMethod(MethodInvocationHelper.java:84)
	at org.testng.internal.Invoker.invokeMethod(Invoker.java:714)
	at org.testng.internal.Invoker.invokeTestMethod(Invoker.java:901)
	at org.testng.internal.Invoker.invokeTestMethods(Invoker.java:1231)
	at org.testng.internal.TestMethodWorker.invokeTestMethods(TestMethodWorker.java:127)
	at org.testng.internal.TestMethodWorker.run(TestMethodWorker.java:111)
	at java.util.concurrent.ThreadPoolExecutor.runWorker(Unknown Source)
	at java.util.concurrent.ThreadPoolExecutor$Worker.run(Unknown Source)
	at java.lang.Thread.run(Unknown Source)
Caused by: org.openqa.selenium.NoSuchWindowException: Window not found. The browser window may have been closed.
Command duration or timeout: 141 milliseconds
Build info: version: '2.52.0', revision: '4c2593cfc3689a7fcd7be52549167e5ccc93ad28', time: '2016-02-11 11:22:43'
System info: host: 'DLLA1458', ip: '10.0.22.138', os.name: 'Windows 8.1', os.arch: 'amd64', os.version: '6.3', java.version: '1.8.0_91'
Driver info: org.openqa.selenium.firefox.FirefoxDriver
Capabilities [{applicationCacheEnabled=true, rotatable=false, handlesAlerts=true, databaseEnabled=true, version=46.0.1, platform=WINDOWS, nativeEvents=false, acceptSslCerts=true, webStorageEnabled=true, locationContextEnabled=true, browserName=firefox, takesScreenshot=true, javascriptEnabled=true, cssSelectorsEnabled=true}]
Session ID: 8554afe0-f5c2-4261-b08d-b3dbb81d60a2
*** Element info: {Using=xpath, value=//iframe[@id='chapter_2']}
	at sun.reflect.GeneratedConstructorAccessor26.newInstance(Unknown Source)
	at sun.reflect.DelegatingConstructorAccessorImpl.newInstance(Unknown Source)
	at java.lang.reflect.Constructor.newInstance(Unknown Source)
	at org.openqa.selenium.remote.ErrorHandler.createThrowable(ErrorHandler.java:206)
	at org.openqa.selenium.remote.ErrorHandler.throwIfResponseFailed(ErrorHandler.java:158)
	at org.openqa.selenium.remote.RemoteWebDriver.execute(RemoteWebDriver.java:678)
	at org.openqa.selenium.remote.RemoteWebDriver.findElement(RemoteWebDriver.java:363)
	at org.openqa.selenium.remote.RemoteWebDriver.findElementByXPath(RemoteWebDriver.java:500)
	at org.openqa.selenium.By$ByXPath.findElement(By.java:361)
	at org.openqa.selenium.remote.RemoteWebDriver.findElement(RemoteWebDriver.java:355)
	at org.openqa.selenium.support.ui.ExpectedConditions.findElement(ExpectedConditions.java:911)
	at org.openqa.selenium.support.ui.ExpectedConditions.access$000(ExpectedConditions.java:41)
	at org.openqa.selenium.support.ui.ExpectedConditions$17.apply(ExpectedConditions.java:511)
	at org.openqa.selenium.support.ui.ExpectedConditions$17.apply(ExpectedConditions.java:507)
	at org.openqa.selenium.support.ui.FluentWait.until(FluentWait.java:238)
	... 17 more
Caused by: org.openqa.selenium.NoSuchWindowException: Window not found. The browser window may have been closed.
Build info: version: '2.52.0', revision: '4c2593cfc3689a7fcd7be52549167e5ccc93ad28', time: '2016-02-11 11:22:43'
System info: host: 'DLLA1458', ip: '10.0.22.138', os.name: 'Windows 8.1', os.arch: 'amd64', os.version: '6.3', java.version: '1.8.0_91'
Driver info: driver.version: unknown
	at <anonymous class>.nsCommandProcessor.prototype.execute(file:///C:/Users/GARIMA~1/AppData/Local/Temp/anonymous5485307927630167220webdriver-profile/extensions/fxdriver@googlecode.com/components/command-processor.js:12672)
	at <anonymous class>.Dispatcher.executeAs/<(file:///C:/Users/GARIMA~1/AppData/Local/Temp/anonymous5485307927630167220webdriver-profile/extensions/fxdriver@googlecode.com/components/driver-component.js:9511)
	at <anonymous class>.Resource.prototype.handle(file:///C:/Users/GARIMA~1/AppData/Local/Temp/anonymous5485307927630167220webdriver-profile/extensions/fxdriver@googlecode.com/components/driver-component.js:9658)
	at <anonymous class>.Dispatcher.prototype.dispatch(file:///C:/Users/GARIMA~1/AppData/Local/Temp/anonymous5485307927630167220webdriver-profile/extensions/fxdriver@googlecode.com/components/driver-component.js:9605)
	at <anonymous class>.WebDriverServer/<.handle(file:///C:/Users/GARIMA~1/AppData/Local/Temp/anonymous5485307927630167220webdriver-profile/extensions/fxdriver@googlecode.com/components/driver-component.js:12470)
	at <anonymous class>.createHandlerFunc/<(file:///C:/Users/GARIMA~1/AppData/Local/Temp/anonymous5485307927630167220webdriver-profile/extensions/fxdriver@googlecode.com/components/httpd.js:2054)
	at <anonymous class>.ServerHandler.prototype.handleResponse(file:///C:/Users/GARIMA~1/AppData/Local/Temp/anonymous5485307927630167220webdriver-profile/extensions/fxdriver@googlecode.com/components/httpd.js:2387)
	at <anonymous class>.Connection.prototype.process(file:///C:/Users/GARIMA~1/AppData/Local/Temp/anonymous5485307927630167220webdriver-profile/extensions/fxdriver@googlecode.com/components/httpd.js:1223)
	at <anonymous class>.RequestReader.prototype._handleResponse(file:///C:/Users/GARIMA~1/AppData/Local/Temp/anonymous5485307927630167220webdriver-profile/extensions/fxdriver@googlecode.com/components/httpd.js:1677)
	at <anonymous class>.RequestReader.prototype._processBody(file:///C:/Users/GARIMA~1/AppData/Local/Temp/anonymous5485307927630167220webdriver-profile/extensions/fxdriver@googlecode.com/components/httpd.js:1525)
	at <anonymous class>.RequestReader.prototype.onInputStreamReady(file:///C:/Users/GARIMA~1/AppData/Local/Temp/anonymous5485307927630167220webdriver-profile/extensions/fxdriver@googlecode.com/components/httpd.js:1393)
]]>
    </failure>
  </testcase> <!-- Test31_Verify_User_Is_Able_To_Watch_Video_In_Full_Screen -->
  <testcase name="Test13_Maximise_browser_Window" time="0.117" classname="com.qait.hbp.ereader.tests.Core_Curriculum_Reading_Test"/>
  <testcase name="Test07_Verify_Background_Screen_Greys_Out_On_Clicking_Launch_Interactive_Button" time="30.803" classname="com.qait.hbp.ereader.tests.Core_Curriculum_Reading_Test">
    <error type="java.lang.AssertionError" message="expected [true] but found [false]">
      <![CDATA[java.lang.AssertionError: expected [true] but found [false]
	at org.testng.Assert.fail(Assert.java:94)
	at org.testng.Assert.failNotEquals(Assert.java:494)
	at org.testng.Assert.assertTrue(Assert.java:42)
	at org.testng.Assert.assertTrue(Assert.java:52)
	at com.qait.hbp.ereader.keywords.CoreCurriculumReadingActions.verify_Background_screen_greys_out_When_User_Clicks_Launch_Interactive_Button(CoreCurriculumReadingActions.java:80)
	at com.qait.hbp.ereader.tests.Core_Curriculum_Reading_Test.Test07_Verify_Background_Screen_Greys_Out_On_Clicking_Launch_Interactive_Button(Core_Curriculum_Reading_Test.java:141)
	at sun.reflect.NativeMethodAccessorImpl.invoke0(Native Method)
	at sun.reflect.NativeMethodAccessorImpl.invoke(Unknown Source)
	at sun.reflect.DelegatingMethodAccessorImpl.invoke(Unknown Source)
	at java.lang.reflect.Method.invoke(Unknown Source)
	at org.testng.internal.MethodInvocationHelper.invokeMethod(MethodInvocationHelper.java:84)
	at org.testng.internal.Invoker.invokeMethod(Invoker.java:714)
	at org.testng.internal.Invoker.invokeTestMethod(Invoker.java:901)
	at org.testng.internal.Invoker.invokeTestMethods(Invoker.java:1231)
	at org.testng.internal.TestMethodWorker.invokeTestMethods(TestMethodWorker.java:127)
	at org.testng.internal.TestMethodWorker.run(TestMethodWorker.java:111)
	at java.util.concurrent.ThreadPoolExecutor.runWorker(Unknown Source)
	at java.util.concurrent.ThreadPoolExecutor$Worker.run(Unknown Source)
	at java.lang.Thread.run(Unknown Source)
]]>
    </error>
  </testcase> <!-- Test07_Verify_Background_Screen_Greys_Out_On_Clicking_Launch_Interactive_Button -->
  <testcase name="Test05_Verify_Launch_Interactive_Button_Is_Present_In_Center_Of_Illustration" time="30.061" classname="com.qait.hbp.ereader.tests.Core_Curriculum_Reading_Test">
    <failure type="org.openqa.selenium.TimeoutException" message="Timed out after 30 seconds waiting for frame to be available: By.xpath: //iframe[@id=&#039;chapter_2&#039;]
Build info: version: &#039;2.52.0&#039;, revision: &#039;4c2593cfc3689a7fcd7be52549167e5ccc93ad28&#039;, time: &#039;2016-02-11 11:22:43&#039;
System info: host: &#039;DLLA1458&#039;, ip: &#039;10.0.22.138&#039;, os.name: &#039;Windows 8.1&#039;, os.arch: &#039;amd64&#039;, os.version: &#039;6.3&#039;, java.version: &#039;1.8.0_91&#039;
Driver info: org.openqa.selenium.firefox.FirefoxDriver
Capabilities [{applicationCacheEnabled=true, rotatable=false, handlesAlerts=true, databaseEnabled=true, version=46.0.1, platform=WINDOWS, nativeEvents=false, acceptSslCerts=true, webStorageEnabled=true, locationContextEnabled=true, browserName=firefox, takesScreenshot=true, javascriptEnabled=true, cssSelectorsEnabled=true}]
Session ID: 8554afe0-f5c2-4261-b08d-b3dbb81d60a2">
      <![CDATA[org.openqa.selenium.TimeoutException: Timed out after 30 seconds waiting for frame to be available: By.xpath: //iframe[@id='chapter_2']
Build info: version: '2.52.0', revision: '4c2593cfc3689a7fcd7be52549167e5ccc93ad28', time: '2016-02-11 11:22:43'
System info: host: 'DLLA1458', ip: '10.0.22.138', os.name: 'Windows 8.1', os.arch: 'amd64', os.version: '6.3', java.version: '1.8.0_91'
Driver info: org.openqa.selenium.firefox.FirefoxDriver
Capabilities [{applicationCacheEnabled=true, rotatable=false, handlesAlerts=true, databaseEnabled=true, version=46.0.1, platform=WINDOWS, nativeEvents=false, acceptSslCerts=true, webStorageEnabled=true, locationContextEnabled=true, browserName=firefox, takesScreenshot=true, javascriptEnabled=true, cssSelectorsEnabled=true}]
Session ID: 8554afe0-f5c2-4261-b08d-b3dbb81d60a2
	at org.openqa.selenium.support.ui.WebDriverWait.timeoutException(WebDriverWait.java:80)
	at org.openqa.selenium.support.ui.FluentWait.until(FluentWait.java:261)
	at com.qait.hbp.automation.utils.SeleniumWait.waitForFrameToBeAvailableAndSwitchToIt(SeleniumWait.java:73)
	at com.qait.hbp.automation.getpageobjects.BaseUi.switchToFrame(BaseUi.java:302)
	at com.qait.hbp.ereader.keywords.CoreCurriculumReadingActions.verify_Launch_Interactive_Button_Is_Centered_Inside_Image(CoreCurriculumReadingActions.java:58)
	at com.qait.hbp.ereader.tests.Core_Curriculum_Reading_Test.Test05_Verify_Launch_Interactive_Button_Is_Present_In_Center_Of_Illustration(Core_Curriculum_Reading_Test.java:122)
	at sun.reflect.NativeMethodAccessorImpl.invoke0(Native Method)
	at sun.reflect.NativeMethodAccessorImpl.invoke(Unknown Source)
	at sun.reflect.DelegatingMethodAccessorImpl.invoke(Unknown Source)
	at java.lang.reflect.Method.invoke(Unknown Source)
	at org.testng.internal.MethodInvocationHelper.invokeMethod(MethodInvocationHelper.java:84)
	at org.testng.internal.Invoker.invokeMethod(Invoker.java:714)
	at org.testng.internal.Invoker.invokeTestMethod(Invoker.java:901)
	at org.testng.internal.Invoker.invokeTestMethods(Invoker.java:1231)
	at org.testng.internal.TestMethodWorker.invokeTestMethods(TestMethodWorker.java:127)
	at org.testng.internal.TestMethodWorker.run(TestMethodWorker.java:111)
	at java.util.concurrent.ThreadPoolExecutor.runWorker(Unknown Source)
	at java.util.concurrent.ThreadPoolExecutor$Worker.run(Unknown Source)
	at java.lang.Thread.run(Unknown Source)
Caused by: org.openqa.selenium.NoSuchElementException: Unable to locate element: {"method":"xpath","selector":"//iframe[@id='chapter_2']"}
Command duration or timeout: 30.06 seconds
For documentation on this error, please visit: http://seleniumhq.org/exceptions/no_such_element.html
Build info: version: '2.52.0', revision: '4c2593cfc3689a7fcd7be52549167e5ccc93ad28', time: '2016-02-11 11:22:43'
System info: host: 'DLLA1458', ip: '10.0.22.138', os.name: 'Windows 8.1', os.arch: 'amd64', os.version: '6.3', java.version: '1.8.0_91'
Driver info: org.openqa.selenium.firefox.FirefoxDriver
Capabilities [{applicationCacheEnabled=true, rotatable=false, handlesAlerts=true, databaseEnabled=true, version=46.0.1, platform=WINDOWS, nativeEvents=false, acceptSslCerts=true, webStorageEnabled=true, locationContextEnabled=true, browserName=firefox, takesScreenshot=true, javascriptEnabled=true, cssSelectorsEnabled=true}]
Session ID: 8554afe0-f5c2-4261-b08d-b3dbb81d60a2
*** Element info: {Using=xpath, value=//iframe[@id='chapter_2']}
	at sun.reflect.NativeConstructorAccessorImpl.newInstance0(Native Method)
	at sun.reflect.NativeConstructorAccessorImpl.newInstance(Unknown Source)
	at sun.reflect.DelegatingConstructorAccessorImpl.newInstance(Unknown Source)
	at java.lang.reflect.Constructor.newInstance(Unknown Source)
	at org.openqa.selenium.remote.ErrorHandler.createThrowable(ErrorHandler.java:206)
	at org.openqa.selenium.remote.ErrorHandler.throwIfResponseFailed(ErrorHandler.java:158)
	at org.openqa.selenium.remote.RemoteWebDriver.execute(RemoteWebDriver.java:678)
	at org.openqa.selenium.remote.RemoteWebDriver.findElement(RemoteWebDriver.java:363)
	at org.openqa.selenium.remote.RemoteWebDriver.findElementByXPath(RemoteWebDriver.java:500)
	at org.openqa.selenium.By$ByXPath.findElement(By.java:361)
	at org.openqa.selenium.remote.RemoteWebDriver.findElement(RemoteWebDriver.java:355)
	at org.openqa.selenium.support.ui.ExpectedConditions.findElement(ExpectedConditions.java:911)
	at org.openqa.selenium.support.ui.ExpectedConditions.access$000(ExpectedConditions.java:41)
	at org.openqa.selenium.support.ui.ExpectedConditions$17.apply(ExpectedConditions.java:511)
	at org.openqa.selenium.support.ui.ExpectedConditions$17.apply(ExpectedConditions.java:507)
	at org.openqa.selenium.support.ui.FluentWait.until(FluentWait.java:238)
	... 17 more
Caused by: org.openqa.selenium.NoSuchElementException: Unable to locate element: {"method":"xpath","selector":"//iframe[@id='chapter_2']"}
For documentation on this error, please visit: http://seleniumhq.org/exceptions/no_such_element.html
Build info: version: '2.52.0', revision: '4c2593cfc3689a7fcd7be52549167e5ccc93ad28', time: '2016-02-11 11:22:43'
System info: host: 'DLLA1458', ip: '10.0.22.138', os.name: 'Windows 8.1', os.arch: 'amd64', os.version: '6.3', java.version: '1.8.0_91'
Driver info: driver.version: unknown
	at <anonymous class>.FirefoxDriver.prototype.findElementInternal_(file:///C:/Users/GARIMA~1/AppData/Local/Temp/anonymous5485307927630167220webdriver-profile/extensions/fxdriver@googlecode.com/components/driver-component.js:10723)
	at <anonymous class>.fxdriver.Timer.prototype.setTimeout/<.notify(file:///C:/Users/GARIMA~1/AppData/Local/Temp/anonymous5485307927630167220webdriver-profile/extensions/fxdriver@googlecode.com/components/driver-component.js:623)
]]>
    </failure>
  </testcase> <!-- Test05_Verify_Launch_Interactive_Button_Is_Present_In_Center_Of_Illustration -->
  <testcase name="Test22_Verify_ToolTip_Appears_On_Hovering_1x_Icon" time="30.126" classname="com.qait.hbp.ereader.tests.Core_Curriculum_Reading_Test">
    <failure type="org.openqa.selenium.TimeoutException" message="Timed out after 30 seconds waiting for frame to be available: By.xpath: //iframe[@id=&#039;chapter_2&#039;]
Build info: version: &#039;2.52.0&#039;, revision: &#039;4c2593cfc3689a7fcd7be52549167e5ccc93ad28&#039;, time: &#039;2016-02-11 11:22:43&#039;
System info: host: &#039;DLLA1458&#039;, ip: &#039;10.0.22.138&#039;, os.name: &#039;Windows 8.1&#039;, os.arch: &#039;amd64&#039;, os.version: &#039;6.3&#039;, java.version: &#039;1.8.0_91&#039;
Driver info: org.openqa.selenium.firefox.FirefoxDriver
Capabilities [{applicationCacheEnabled=true, rotatable=false, handlesAlerts=true, databaseEnabled=true, version=46.0.1, platform=WINDOWS, nativeEvents=false, acceptSslCerts=true, webStorageEnabled=true, locationContextEnabled=true, browserName=firefox, takesScreenshot=true, javascriptEnabled=true, cssSelectorsEnabled=true}]
Session ID: 8554afe0-f5c2-4261-b08d-b3dbb81d60a2">
      <![CDATA[org.openqa.selenium.TimeoutException: Timed out after 30 seconds waiting for frame to be available: By.xpath: //iframe[@id='chapter_2']
Build info: version: '2.52.0', revision: '4c2593cfc3689a7fcd7be52549167e5ccc93ad28', time: '2016-02-11 11:22:43'
System info: host: 'DLLA1458', ip: '10.0.22.138', os.name: 'Windows 8.1', os.arch: 'amd64', os.version: '6.3', java.version: '1.8.0_91'
Driver info: org.openqa.selenium.firefox.FirefoxDriver
Capabilities [{applicationCacheEnabled=true, rotatable=false, handlesAlerts=true, databaseEnabled=true, version=46.0.1, platform=WINDOWS, nativeEvents=false, acceptSslCerts=true, webStorageEnabled=true, locationContextEnabled=true, browserName=firefox, takesScreenshot=true, javascriptEnabled=true, cssSelectorsEnabled=true}]
Session ID: 8554afe0-f5c2-4261-b08d-b3dbb81d60a2
	at org.openqa.selenium.support.ui.WebDriverWait.timeoutException(WebDriverWait.java:80)
	at org.openqa.selenium.support.ui.FluentWait.until(FluentWait.java:261)
	at com.qait.hbp.automation.utils.SeleniumWait.waitForFrameToBeAvailableAndSwitchToIt(SeleniumWait.java:73)
	at com.qait.hbp.automation.getpageobjects.BaseUi.switchToFrame(BaseUi.java:302)
	at com.qait.hbp.ereader.keywords.CoreCurriculumReadingActions.verify_Tool_Tip_Is_Displayed_On_hovering_1x_Icon(CoreCurriculumReadingActions.java:454)
	at com.qait.hbp.ereader.tests.Core_Curriculum_Reading_Test.Test22_Verify_ToolTip_Appears_On_Hovering_1x_Icon(Core_Curriculum_Reading_Test.java:260)
	at sun.reflect.NativeMethodAccessorImpl.invoke0(Native Method)
	at sun.reflect.NativeMethodAccessorImpl.invoke(Unknown Source)
	at sun.reflect.DelegatingMethodAccessorImpl.invoke(Unknown Source)
	at java.lang.reflect.Method.invoke(Unknown Source)
	at org.testng.internal.MethodInvocationHelper.invokeMethod(MethodInvocationHelper.java:84)
	at org.testng.internal.Invoker.invokeMethod(Invoker.java:714)
	at org.testng.internal.Invoker.invokeTestMethod(Invoker.java:901)
	at org.testng.internal.Invoker.invokeTestMethods(Invoker.java:1231)
	at org.testng.internal.TestMethodWorker.invokeTestMethods(TestMethodWorker.java:127)
	at org.testng.internal.TestMethodWorker.run(TestMethodWorker.java:111)
	at java.util.concurrent.ThreadPoolExecutor.runWorker(Unknown Source)
	at java.util.concurrent.ThreadPoolExecutor$Worker.run(Unknown Source)
	at java.lang.Thread.run(Unknown Source)
Caused by: org.openqa.selenium.NoSuchElementException: Unable to locate element: {"method":"xpath","selector":"//iframe[@id='chapter_2']"}
Command duration or timeout: 30.12 seconds
For documentation on this error, please visit: http://seleniumhq.org/exceptions/no_such_element.html
Build info: version: '2.52.0', revision: '4c2593cfc3689a7fcd7be52549167e5ccc93ad28', time: '2016-02-11 11:22:43'
System info: host: 'DLLA1458', ip: '10.0.22.138', os.name: 'Windows 8.1', os.arch: 'amd64', os.version: '6.3', java.version: '1.8.0_91'
Driver info: org.openqa.selenium.firefox.FirefoxDriver
Capabilities [{applicationCacheEnabled=true, rotatable=false, handlesAlerts=true, databaseEnabled=true, version=46.0.1, platform=WINDOWS, nativeEvents=false, acceptSslCerts=true, webStorageEnabled=true, locationContextEnabled=true, browserName=firefox, takesScreenshot=true, javascriptEnabled=true, cssSelectorsEnabled=true}]
Session ID: 8554afe0-f5c2-4261-b08d-b3dbb81d60a2
*** Element info: {Using=xpath, value=//iframe[@id='chapter_2']}
	at sun.reflect.GeneratedConstructorAccessor24.newInstance(Unknown Source)
	at sun.reflect.DelegatingConstructorAccessorImpl.newInstance(Unknown Source)
	at java.lang.reflect.Constructor.newInstance(Unknown Source)
	at org.openqa.selenium.remote.ErrorHandler.createThrowable(ErrorHandler.java:206)
	at org.openqa.selenium.remote.ErrorHandler.throwIfResponseFailed(ErrorHandler.java:158)
	at org.openqa.selenium.remote.RemoteWebDriver.execute(RemoteWebDriver.java:678)
	at org.openqa.selenium.remote.RemoteWebDriver.findElement(RemoteWebDriver.java:363)
	at org.openqa.selenium.remote.RemoteWebDriver.findElementByXPath(RemoteWebDriver.java:500)
	at org.openqa.selenium.By$ByXPath.findElement(By.java:361)
	at org.openqa.selenium.remote.RemoteWebDriver.findElement(RemoteWebDriver.java:355)
	at org.openqa.selenium.support.ui.ExpectedConditions.findElement(ExpectedConditions.java:911)
	at org.openqa.selenium.support.ui.ExpectedConditions.access$000(ExpectedConditions.java:41)
	at org.openqa.selenium.support.ui.ExpectedConditions$17.apply(ExpectedConditions.java:511)
	at org.openqa.selenium.support.ui.ExpectedConditions$17.apply(ExpectedConditions.java:507)
	at org.openqa.selenium.support.ui.FluentWait.until(FluentWait.java:238)
	... 17 more
Caused by: org.openqa.selenium.NoSuchElementException: Unable to locate element: {"method":"xpath","selector":"//iframe[@id='chapter_2']"}
For documentation on this error, please visit: http://seleniumhq.org/exceptions/no_such_element.html
Build info: version: '2.52.0', revision: '4c2593cfc3689a7fcd7be52549167e5ccc93ad28', time: '2016-02-11 11:22:43'
System info: host: 'DLLA1458', ip: '10.0.22.138', os.name: 'Windows 8.1', os.arch: 'amd64', os.version: '6.3', java.version: '1.8.0_91'
Driver info: driver.version: unknown
	at <anonymous class>.FirefoxDriver.prototype.findElementInternal_(file:///C:/Users/GARIMA~1/AppData/Local/Temp/anonymous5485307927630167220webdriver-profile/extensions/fxdriver@googlecode.com/components/driver-component.js:10723)
	at <anonymous class>.fxdriver.Timer.prototype.setTimeout/<.notify(file:///C:/Users/GARIMA~1/AppData/Local/Temp/anonymous5485307927630167220webdriver-profile/extensions/fxdriver@googlecode.com/components/driver-component.js:623)
]]>
    </failure>
  </testcase> <!-- Test22_Verify_ToolTip_Appears_On_Hovering_1x_Icon -->
  <testcase name="Test041_Verify_User_Is_Able_to_Navigate_To_Illustration" time="122.314" classname="com.qait.hbp.ereader.tests.Core_Curriculum_Reading_Test">
    <failure type="org.openqa.selenium.TimeoutException" message="Timed out after 30 seconds waiting for visibility of all []
Build info: version: &#039;2.52.0&#039;, revision: &#039;4c2593cfc3689a7fcd7be52549167e5ccc93ad28&#039;, time: &#039;2016-02-11 11:22:43&#039;
System info: host: &#039;DLLA1458&#039;, ip: &#039;10.0.22.138&#039;, os.name: &#039;Windows 8.1&#039;, os.arch: &#039;amd64&#039;, os.version: &#039;6.3&#039;, java.version: &#039;1.8.0_91&#039;
Driver info: org.openqa.selenium.firefox.FirefoxDriver
Capabilities [{applicationCacheEnabled=true, rotatable=false, handlesAlerts=true, databaseEnabled=true, version=46.0.1, platform=WINDOWS, nativeEvents=false, acceptSslCerts=true, webStorageEnabled=true, locationContextEnabled=true, browserName=firefox, takesScreenshot=true, javascriptEnabled=true, cssSelectorsEnabled=true}]
Session ID: 8554afe0-f5c2-4261-b08d-b3dbb81d60a2">
      <![CDATA[org.openqa.selenium.TimeoutException: Timed out after 30 seconds waiting for visibility of all []
Build info: version: '2.52.0', revision: '4c2593cfc3689a7fcd7be52549167e5ccc93ad28', time: '2016-02-11 11:22:43'
System info: host: 'DLLA1458', ip: '10.0.22.138', os.name: 'Windows 8.1', os.arch: 'amd64', os.version: '6.3', java.version: '1.8.0_91'
Driver info: org.openqa.selenium.firefox.FirefoxDriver
Capabilities [{applicationCacheEnabled=true, rotatable=false, handlesAlerts=true, databaseEnabled=true, version=46.0.1, platform=WINDOWS, nativeEvents=false, acceptSslCerts=true, webStorageEnabled=true, locationContextEnabled=true, browserName=firefox, takesScreenshot=true, javascriptEnabled=true, cssSelectorsEnabled=true}]
Session ID: 8554afe0-f5c2-4261-b08d-b3dbb81d60a2
	at org.openqa.selenium.support.ui.WebDriverWait.timeoutException(WebDriverWait.java:80)
	at org.openqa.selenium.support.ui.FluentWait.until(FluentWait.java:261)
	at com.qait.hbp.automation.utils.SeleniumWait.waitForElementsToBeVisible(SeleniumWait.java:77)
	at com.qait.hbp.automation.getpageobjects.GetPage.elements(GetPage.java:507)
	at com.qait.hbp.automation.getpageobjects.GetPage.elements(GetPage.java:519)
	at com.qait.hbp.ereader.keywords.NavigationActions.verify_User_Is_Able_To_Navigate_To_Interactive_Illustration_From_TOC(NavigationActions.java:914)
	at com.qait.hbp.ereader.tests.Core_Curriculum_Reading_Test.Test041_Verify_User_Is_Able_to_Navigate_To_Illustration(Core_Curriculum_Reading_Test.java:114)
	at sun.reflect.NativeMethodAccessorImpl.invoke0(Native Method)
	at sun.reflect.NativeMethodAccessorImpl.invoke(Unknown Source)
	at sun.reflect.DelegatingMethodAccessorImpl.invoke(Unknown Source)
	at java.lang.reflect.Method.invoke(Unknown Source)
	at org.testng.internal.MethodInvocationHelper.invokeMethod(MethodInvocationHelper.java:84)
	at org.testng.internal.Invoker.invokeMethod(Invoker.java:714)
	at org.testng.internal.Invoker.invokeTestMethod(Invoker.java:901)
	at org.testng.internal.Invoker.invokeTestMethods(Invoker.java:1231)
	at org.testng.internal.TestMethodWorker.invokeTestMethods(TestMethodWorker.java:127)
	at org.testng.internal.TestMethodWorker.run(TestMethodWorker.java:111)
	at java.util.concurrent.ThreadPoolExecutor.runWorker(Unknown Source)
	at java.util.concurrent.ThreadPoolExecutor$Worker.run(Unknown Source)
	at java.lang.Thread.run(Unknown Source)
]]>
    </failure>
  </testcase> <!-- Test041_Verify_User_Is_Able_to_Navigate_To_Illustration -->
  <testcase name="Test34_Verify_Video_Stops_When_Uer_Navigates_To_Next_Page" time="30.088" classname="com.qait.hbp.ereader.tests.Core_Curriculum_Reading_Test">
    <failure type="org.openqa.selenium.TimeoutException" message="Timed out after 30 seconds waiting for frame to be available: By.xpath: //iframe[@id=&#039;chapter_2&#039;]
Build info: version: &#039;2.52.0&#039;, revision: &#039;4c2593cfc3689a7fcd7be52549167e5ccc93ad28&#039;, time: &#039;2016-02-11 11:22:43&#039;
System info: host: &#039;DLLA1458&#039;, ip: &#039;10.0.22.138&#039;, os.name: &#039;Windows 8.1&#039;, os.arch: &#039;amd64&#039;, os.version: &#039;6.3&#039;, java.version: &#039;1.8.0_91&#039;
Driver info: org.openqa.selenium.firefox.FirefoxDriver
Capabilities [{applicationCacheEnabled=true, rotatable=false, handlesAlerts=true, databaseEnabled=true, version=46.0.1, platform=WINDOWS, nativeEvents=false, acceptSslCerts=true, webStorageEnabled=true, locationContextEnabled=true, browserName=firefox, takesScreenshot=true, javascriptEnabled=true, cssSelectorsEnabled=true}]
Session ID: 8554afe0-f5c2-4261-b08d-b3dbb81d60a2">
      <![CDATA[org.openqa.selenium.TimeoutException: Timed out after 30 seconds waiting for frame to be available: By.xpath: //iframe[@id='chapter_2']
Build info: version: '2.52.0', revision: '4c2593cfc3689a7fcd7be52549167e5ccc93ad28', time: '2016-02-11 11:22:43'
System info: host: 'DLLA1458', ip: '10.0.22.138', os.name: 'Windows 8.1', os.arch: 'amd64', os.version: '6.3', java.version: '1.8.0_91'
Driver info: org.openqa.selenium.firefox.FirefoxDriver
Capabilities [{applicationCacheEnabled=true, rotatable=false, handlesAlerts=true, databaseEnabled=true, version=46.0.1, platform=WINDOWS, nativeEvents=false, acceptSslCerts=true, webStorageEnabled=true, locationContextEnabled=true, browserName=firefox, takesScreenshot=true, javascriptEnabled=true, cssSelectorsEnabled=true}]
Session ID: 8554afe0-f5c2-4261-b08d-b3dbb81d60a2
	at org.openqa.selenium.support.ui.WebDriverWait.timeoutException(WebDriverWait.java:80)
	at org.openqa.selenium.support.ui.FluentWait.until(FluentWait.java:261)
	at com.qait.hbp.automation.utils.SeleniumWait.waitForFrameToBeAvailableAndSwitchToIt(SeleniumWait.java:73)
	at com.qait.hbp.automation.getpageobjects.BaseUi.switchToFrame(BaseUi.java:302)
	at com.qait.hbp.ereader.keywords.CoreCurriculumReadingActions.is_Video_Playing(CoreCurriculumReadingActions.java:803)
	at com.qait.hbp.ereader.tests.Core_Curriculum_Reading_Test.Test34_Verify_Video_Stops_When_Uer_Navigates_To_Next_Page(Core_Curriculum_Reading_Test.java:320)
	at sun.reflect.NativeMethodAccessorImpl.invoke0(Native Method)
	at sun.reflect.NativeMethodAccessorImpl.invoke(Unknown Source)
	at sun.reflect.DelegatingMethodAccessorImpl.invoke(Unknown Source)
	at java.lang.reflect.Method.invoke(Unknown Source)
	at org.testng.internal.MethodInvocationHelper.invokeMethod(MethodInvocationHelper.java:84)
	at org.testng.internal.Invoker.invokeMethod(Invoker.java:714)
	at org.testng.internal.Invoker.invokeTestMethod(Invoker.java:901)
	at org.testng.internal.Invoker.invokeTestMethods(Invoker.java:1231)
	at org.testng.internal.TestMethodWorker.invokeTestMethods(TestMethodWorker.java:127)
	at org.testng.internal.TestMethodWorker.run(TestMethodWorker.java:111)
	at java.util.concurrent.ThreadPoolExecutor.runWorker(Unknown Source)
	at java.util.concurrent.ThreadPoolExecutor$Worker.run(Unknown Source)
	at java.lang.Thread.run(Unknown Source)
Caused by: org.openqa.selenium.NoSuchWindowException: Window not found. The browser window may have been closed.
Command duration or timeout: 21 milliseconds
Build info: version: '2.52.0', revision: '4c2593cfc3689a7fcd7be52549167e5ccc93ad28', time: '2016-02-11 11:22:43'
System info: host: 'DLLA1458', ip: '10.0.22.138', os.name: 'Windows 8.1', os.arch: 'amd64', os.version: '6.3', java.version: '1.8.0_91'
Driver info: org.openqa.selenium.firefox.FirefoxDriver
Capabilities [{applicationCacheEnabled=true, rotatable=false, handlesAlerts=true, databaseEnabled=true, version=46.0.1, platform=WINDOWS, nativeEvents=false, acceptSslCerts=true, webStorageEnabled=true, locationContextEnabled=true, browserName=firefox, takesScreenshot=true, javascriptEnabled=true, cssSelectorsEnabled=true}]
Session ID: 8554afe0-f5c2-4261-b08d-b3dbb81d60a2
*** Element info: {Using=xpath, value=//iframe[@id='chapter_2']}
	at sun.reflect.GeneratedConstructorAccessor26.newInstance(Unknown Source)
	at sun.reflect.DelegatingConstructorAccessorImpl.newInstance(Unknown Source)
	at java.lang.reflect.Constructor.newInstance(Unknown Source)
	at org.openqa.selenium.remote.ErrorHandler.createThrowable(ErrorHandler.java:206)
	at org.openqa.selenium.remote.ErrorHandler.throwIfResponseFailed(ErrorHandler.java:158)
	at org.openqa.selenium.remote.RemoteWebDriver.execute(RemoteWebDriver.java:678)
	at org.openqa.selenium.remote.RemoteWebDriver.findElement(RemoteWebDriver.java:363)
	at org.openqa.selenium.remote.RemoteWebDriver.findElementByXPath(RemoteWebDriver.java:500)
	at org.openqa.selenium.By$ByXPath.findElement(By.java:361)
	at org.openqa.selenium.remote.RemoteWebDriver.findElement(RemoteWebDriver.java:355)
	at org.openqa.selenium.support.ui.ExpectedConditions.findElement(ExpectedConditions.java:911)
	at org.openqa.selenium.support.ui.ExpectedConditions.access$000(ExpectedConditions.java:41)
	at org.openqa.selenium.support.ui.ExpectedConditions$17.apply(ExpectedConditions.java:511)
	at org.openqa.selenium.support.ui.ExpectedConditions$17.apply(ExpectedConditions.java:507)
	at org.openqa.selenium.support.ui.FluentWait.until(FluentWait.java:238)
	... 17 more
Caused by: org.openqa.selenium.NoSuchWindowException: Window not found. The browser window may have been closed.
Build info: version: '2.52.0', revision: '4c2593cfc3689a7fcd7be52549167e5ccc93ad28', time: '2016-02-11 11:22:43'
System info: host: 'DLLA1458', ip: '10.0.22.138', os.name: 'Windows 8.1', os.arch: 'amd64', os.version: '6.3', java.version: '1.8.0_91'
Driver info: driver.version: unknown
	at <anonymous class>.nsCommandProcessor.prototype.execute(file:///C:/Users/GARIMA~1/AppData/Local/Temp/anonymous5485307927630167220webdriver-profile/extensions/fxdriver@googlecode.com/components/command-processor.js:12672)
	at <anonymous class>.Dispatcher.executeAs/<(file:///C:/Users/GARIMA~1/AppData/Local/Temp/anonymous5485307927630167220webdriver-profile/extensions/fxdriver@googlecode.com/components/driver-component.js:9511)
	at <anonymous class>.Resource.prototype.handle(file:///C:/Users/GARIMA~1/AppData/Local/Temp/anonymous5485307927630167220webdriver-profile/extensions/fxdriver@googlecode.com/components/driver-component.js:9658)
	at <anonymous class>.Dispatcher.prototype.dispatch(file:///C:/Users/GARIMA~1/AppData/Local/Temp/anonymous5485307927630167220webdriver-profile/extensions/fxdriver@googlecode.com/components/driver-component.js:9605)
	at <anonymous class>.WebDriverServer/<.handle(file:///C:/Users/GARIMA~1/AppData/Local/Temp/anonymous5485307927630167220webdriver-profile/extensions/fxdriver@googlecode.com/components/driver-component.js:12470)
	at <anonymous class>.createHandlerFunc/<(file:///C:/Users/GARIMA~1/AppData/Local/Temp/anonymous5485307927630167220webdriver-profile/extensions/fxdriver@googlecode.com/components/httpd.js:2054)
	at <anonymous class>.ServerHandler.prototype.handleResponse(file:///C:/Users/GARIMA~1/AppData/Local/Temp/anonymous5485307927630167220webdriver-profile/extensions/fxdriver@googlecode.com/components/httpd.js:2387)
	at <anonymous class>.Connection.prototype.process(file:///C:/Users/GARIMA~1/AppData/Local/Temp/anonymous5485307927630167220webdriver-profile/extensions/fxdriver@googlecode.com/components/httpd.js:1223)
	at <anonymous class>.RequestReader.prototype._handleResponse(file:///C:/Users/GARIMA~1/AppData/Local/Temp/anonymous5485307927630167220webdriver-profile/extensions/fxdriver@googlecode.com/components/httpd.js:1677)
	at <anonymous class>.RequestReader.prototype._processBody(file:///C:/Users/GARIMA~1/AppData/Local/Temp/anonymous5485307927630167220webdriver-profile/extensions/fxdriver@googlecode.com/components/httpd.js:1525)
	at <anonymous class>.RequestReader.prototype.onInputStreamReady(file:///C:/Users/GARIMA~1/AppData/Local/Temp/anonymous5485307927630167220webdriver-profile/extensions/fxdriver@googlecode.com/components/httpd.js:1393)
]]>
    </failure>
  </testcase> <!-- Test34_Verify_Video_Stops_When_Uer_Navigates_To_Next_Page -->
>>>>>>> 745e4fc0f1529382b857c58bba83ed3ab4386143
</testsuite> <!-- com.qait.hbp.ereader.tests.Core_Curriculum_Reading_Test -->
