<?xml version="1.0" encoding="UTF-8"?>
<!-- Generated by org.testng.reporters.JUnitReportReporter -->
<testsuite hostname="DLLA1414" name="com.qait.hbp.testBuilder.tests.Build_Test_Bank_Using_New_Questions_Test" tests="30" failures="3" timestamp="1 Sep 2016 04:41:32 GMT" time="161.783" errors="0">
  <testcase name="Test030_Click_On_Save_And_Done_Button_And_Validate_Action" time="0.061" classname="com.qait.hbp.testBuilder.tests.Build_Test_Bank_Using_New_Questions_Test"/>
  <testcase name="Test004_Verify_User_Is_Able_To_Navigate_To_Test_Builder_Page" time="8.423" classname="com.qait.hbp.testBuilder.tests.Build_Test_Bank_Using_New_Questions_Test"/>
  <testcase name="Test002_Verify_User_Is_Able_To_Login_Into_Application" time="11.977" classname="com.qait.hbp.testBuilder.tests.Build_Test_Bank_Using_New_Questions_Test"/>
  <testcase name="Test028_Select_Question_Type" time="2.176" classname="com.qait.hbp.testBuilder.tests.Build_Test_Bank_Using_New_Questions_Test"/>
  <testcase name="Test026_Click_On_Save_And_Done_Button_And_Validate_Action" time="0.081" classname="com.qait.hbp.testBuilder.tests.Build_Test_Bank_Using_New_Questions_Test"/>
  <testcase name="Test009_Validate_All_The_Elements_On_Edit_Page" time="0.355" classname="com.qait.hbp.testBuilder.tests.Build_Test_Bank_Using_New_Questions_Test"/>
  <testcase name="Test012_Select_Fill_Question_Field_With_Different_Item" time="4.056" classname="com.qait.hbp.testBuilder.tests.Build_Test_Bank_Using_New_Questions_Test"/>
  <testcase name="Test013_Validate_Answer_Field_Can_Be_Removed_And_Added" time="0.784" classname="com.qait.hbp.testBuilder.tests.Build_Test_Bank_Using_New_Questions_Test"/>
  <testcase name="Test029_Select_Fill_Question_Field_With_Different_Item" time="0.165" classname="com.qait.hbp.testBuilder.tests.Build_Test_Bank_Using_New_Questions_Test"/>
  <testcase name="Test016_Click_On_Save_And_Done_Button_And_Validate_Action" time="0.109" classname="com.qait.hbp.testBuilder.tests.Build_Test_Bank_Using_New_Questions_Test"/>
  <testcase name="Test021_Click_On_Save_And_Done_Button_And_Validate_Action" time="0.075" classname="com.qait.hbp.testBuilder.tests.Build_Test_Bank_Using_New_Questions_Test"/>
  <testcase name="Test0001_Launch_Login_URL" time="12.146" classname="com.qait.hbp.testBuilder.tests.Build_Test_Bank_Using_New_Questions_Test"/>
  <testcase name="Test023_Select_Question_Type" time="1.871" classname="com.qait.hbp.testBuilder.tests.Build_Test_Bank_Using_New_Questions_Test"/>
  <testcase name="Test007_Click_On_Test_Bank_And_Verify_Navigation_To_Edit_Page" time="2.734" classname="com.qait.hbp.testBuilder.tests.Build_Test_Bank_Using_New_Questions_Test"/>
  <testcase name="Test014_Validate_Rationale_Field_Can_Be_Removed_And_Added" time="0.560" classname="com.qait.hbp.testBuilder.tests.Build_Test_Bank_Using_New_Questions_Test"/>
  <testcase name="Test020_Validate_Rationale_Field_Can_Be_Removed_And_Added" time="0.523" classname="com.qait.hbp.testBuilder.tests.Build_Test_Bank_Using_New_Questions_Test"/>
  <testcase name="Test011_Select_Multiple_Choice_Question_Type" time="0.083" classname="com.qait.hbp.testBuilder.tests.Build_Test_Bank_Using_New_Questions_Test"/>
  <testcase name="Test025_Validate_Rationale_Field_Can_Be_Removed_And_Added" time="0.693" classname="com.qait.hbp.testBuilder.tests.Build_Test_Bank_Using_New_Questions_Test"/>
  <testcase name="Test0027_Navigate_To_Edit_Page_Afer_Selecting_New_Question_Option" time="30.067" classname="com.qait.hbp.testBuilder.tests.Build_Test_Bank_Using_New_Questions_Test">
    <failure type="org.openqa.selenium.TimeoutException" message="Timed out after 30 seconds waiting for presence of element located by: By.xpath: //a[@class=&#039;button&#039;and contains(.,&#039;Create New Question&#039;)]
Build info: version: &#039;2.52.0&#039;, revision: &#039;4c2593cfc3689a7fcd7be52549167e5ccc93ad28&#039;, time: &#039;2016-02-11 11:22:43&#039;
System info: host: &#039;DLLA1414&#039;, ip: &#039;10.107.6.110&#039;, os.name: &#039;Windows 8.1&#039;, os.arch: &#039;amd64&#039;, os.version: &#039;6.3&#039;, java.version: &#039;1.8.0_91&#039;
Driver info: org.openqa.selenium.chrome.ChromeDriver
Capabilities [{applicationCacheEnabled=false, rotatable=false, mobileEmulationEnabled=false, chrome={chromedriverVersion=2.21.371459 (36d3d07f660ff2bc1bf28a75d1cdabed0983e7c4), userDataDir=C:\Users\SWATIS~1\AppData\Local\Temp\scoped_dir10624_21893}, takesHeapSnapshot=true, databaseEnabled=false, handlesAlerts=true, hasTouchScreen=false, version=52.0.2743.116, platform=WIN8_1, browserConnectionEnabled=false, nativeEvents=true, acceptSslCerts=true, locationContextEnabled=true, webStorageEnabled=true, browserName=chrome, takesScreenshot=true, javascriptEnabled=true, cssSelectorsEnabled=true}]
Session ID: ca1019ff7f090f7477b49c10e9d90564">
      <![CDATA[org.openqa.selenium.TimeoutException: Timed out after 30 seconds waiting for presence of element located by: By.xpath: //a[@class='button'and contains(.,'Create New Question')]
Build info: version: '2.52.0', revision: '4c2593cfc3689a7fcd7be52549167e5ccc93ad28', time: '2016-02-11 11:22:43'
System info: host: 'DLLA1414', ip: '10.107.6.110', os.name: 'Windows 8.1', os.arch: 'amd64', os.version: '6.3', java.version: '1.8.0_91'
Driver info: org.openqa.selenium.chrome.ChromeDriver
Capabilities [{applicationCacheEnabled=false, rotatable=false, mobileEmulationEnabled=false, chrome={chromedriverVersion=2.21.371459 (36d3d07f660ff2bc1bf28a75d1cdabed0983e7c4), userDataDir=C:\Users\SWATIS~1\AppData\Local\Temp\scoped_dir10624_21893}, takesHeapSnapshot=true, databaseEnabled=false, handlesAlerts=true, hasTouchScreen=false, version=52.0.2743.116, platform=WIN8_1, browserConnectionEnabled=false, nativeEvents=true, acceptSslCerts=true, locationContextEnabled=true, webStorageEnabled=true, browserName=chrome, takesScreenshot=true, javascriptEnabled=true, cssSelectorsEnabled=true}]
Session ID: ca1019ff7f090f7477b49c10e9d90564
	at org.openqa.selenium.support.ui.WebDriverWait.timeoutException(WebDriverWait.java:80)
	at org.openqa.selenium.support.ui.FluentWait.until(FluentWait.java:261)
	at com.qait.hbp.automation.utils.SeleniumWait.checkPresenceOfElementInDom(SeleniumWait.java:145)
	at com.qait.hbp.automation.getpageobjects.GetPage.elementPresentconstructed_dynamically(GetPage.java:625)
	at com.qait.hbp.testBuilder.keywords.BuildTestBankUsingNewQuestionsActions.click_On_Create_New_Question_Button(BuildTestBankUsingNewQuestionsActions.java:51)
	at com.qait.hbp.testBuilder.tests.Build_Test_Bank_Using_New_Questions_Test.Test0027_Navigate_To_Edit_Page_Afer_Selecting_New_Question_Option(Build_Test_Bank_Using_New_Questions_Test.java:217)
	at sun.reflect.NativeMethodAccessorImpl.invoke0(Native Method)
	at sun.reflect.NativeMethodAccessorImpl.invoke(Unknown Source)
	at sun.reflect.DelegatingMethodAccessorImpl.invoke(Unknown Source)
	at java.lang.reflect.Method.invoke(Unknown Source)
	at org.testng.internal.MethodInvocationHelper.invokeMethod(MethodInvocationHelper.java:84)
	at org.testng.internal.Invoker.invokeMethod(Invoker.java:714)
	at org.testng.internal.Invoker.invokeTestMethod(Invoker.java:901)
	at org.testng.internal.Invoker.invokeTestMethods(Invoker.java:1231)
	at org.testng.internal.TestMethodWorker.invokeTestMethods(TestMethodWorker.java:127)
	at org.testng.internal.TestMethodWorker.run(TestMethodWorker.java:111)
	at org.testng.TestRunner.privateRun(TestRunner.java:767)
	at org.testng.TestRunner.run(TestRunner.java:617)
	at org.testng.SuiteRunner.runTest(SuiteRunner.java:334)
	at org.testng.SuiteRunner.runSequentially(SuiteRunner.java:329)
	at org.testng.SuiteRunner.privateRun(SuiteRunner.java:291)
	at org.testng.SuiteRunner.run(SuiteRunner.java:240)
	at org.testng.SuiteRunnerWorker.runSuite(SuiteRunnerWorker.java:52)
	at org.testng.SuiteRunnerWorker.run(SuiteRunnerWorker.java:86)
	at org.testng.TestNG.runSuitesSequentially(TestNG.java:1224)
	at org.testng.TestNG.runSuitesLocally(TestNG.java:1149)
	at org.testng.TestNG.run(TestNG.java:1057)
	at org.testng.remote.RemoteTestNG.run(RemoteTestNG.java:111)
	at org.testng.remote.RemoteTestNG.initAndRun(RemoteTestNG.java:204)
	at org.testng.remote.RemoteTestNG.main(RemoteTestNG.java:175)
Caused by: org.openqa.selenium.NoSuchElementException: no such element: Unable to locate element: {"method":"xpath","selector":"//a[@class='button'and contains(.,'Create New Question')]"}
  (Session info: chrome=52.0.2743.116)
  (Driver info: chromedriver=2.21.371459 (36d3d07f660ff2bc1bf28a75d1cdabed0983e7c4),platform=Windows NT 6.3 x86_64) (WARNING: The server did not provide any stacktrace information)
Command duration or timeout: 30.06 seconds
For documentation on this error, please visit: http://seleniumhq.org/exceptions/no_such_element.html
Build info: version: '2.52.0', revision: '4c2593cfc3689a7fcd7be52549167e5ccc93ad28', time: '2016-02-11 11:22:43'
System info: host: 'DLLA1414', ip: '10.107.6.110', os.name: 'Windows 8.1', os.arch: 'amd64', os.version: '6.3', java.version: '1.8.0_91'
Driver info: org.openqa.selenium.chrome.ChromeDriver
Capabilities [{applicationCacheEnabled=false, rotatable=false, mobileEmulationEnabled=false, chrome={chromedriverVersion=2.21.371459 (36d3d07f660ff2bc1bf28a75d1cdabed0983e7c4), userDataDir=C:\Users\SWATIS~1\AppData\Local\Temp\scoped_dir10624_21893}, takesHeapSnapshot=true, databaseEnabled=false, handlesAlerts=true, hasTouchScreen=false, version=52.0.2743.116, platform=WIN8_1, browserConnectionEnabled=false, nativeEvents=true, acceptSslCerts=true, locationContextEnabled=true, webStorageEnabled=true, browserName=chrome, takesScreenshot=true, javascriptEnabled=true, cssSelectorsEnabled=true}]
Session ID: ca1019ff7f090f7477b49c10e9d90564
*** Element info: {Using=xpath, value=//a[@class='button'and contains(.,'Create New Question')]}
	at sun.reflect.NativeConstructorAccessorImpl.newInstance0(Native Method)
	at sun.reflect.NativeConstructorAccessorImpl.newInstance(Unknown Source)
	at sun.reflect.DelegatingConstructorAccessorImpl.newInstance(Unknown Source)
	at java.lang.reflect.Constructor.newInstance(Unknown Source)
	at org.openqa.selenium.remote.ErrorHandler.createThrowable(ErrorHandler.java:206)
	at org.openqa.selenium.remote.ErrorHandler.throwIfResponseFailed(ErrorHandler.java:158)
	at org.openqa.selenium.remote.RemoteWebDriver.execute(RemoteWebDriver.java:678)
	at org.openqa.selenium.remote.RemoteWebDriver.findElement(RemoteWebDriver.java:363)
	at org.openqa.selenium.remote.RemoteWebDriver.findElementByXPath(RemoteWebDriver.java:500)
	at org.openqa.selenium.By$ByXPath.findElement(By.java:361)
	at org.openqa.selenium.remote.RemoteWebDriver.findElement(RemoteWebDriver.java:355)
	at org.openqa.selenium.support.ui.ExpectedConditions.findElement(ExpectedConditions.java:911)
	at org.openqa.selenium.support.ui.ExpectedConditions.access$000(ExpectedConditions.java:41)
	at org.openqa.selenium.support.ui.ExpectedConditions$6.apply(ExpectedConditions.java:181)
	at org.openqa.selenium.support.ui.ExpectedConditions$6.apply(ExpectedConditions.java:178)
	at org.openqa.selenium.support.ui.FluentWait.until(FluentWait.java:238)
	... 28 more
]]>
    </failure>
  </testcase> <!-- Test0027_Navigate_To_Edit_Page_Afer_Selecting_New_Question_Option -->
  <testcase name="Test005_Navigate_To_My_Test_Tab_And_Verify_Created_Test_Appears" time="6.844" classname="com.qait.hbp.testBuilder.tests.Build_Test_Bank_Using_New_Questions_Test"/>
  <testcase name="Test019_Select_Fill_Question_Field_With_Different_Item" time="0.216" classname="com.qait.hbp.testBuilder.tests.Build_Test_Bank_Using_New_Questions_Test"/>
  <testcase name="Test006_Verify_Heading_Export_Your_Test_Appears" time="0.061" classname="com.qait.hbp.testBuilder.tests.Build_Test_Bank_Using_New_Questions_Test"/>
  <testcase name="Test008_Navigate_To_Edit_Page_Afer_Selecting_New_Question_Option" time="1.939" classname="com.qait.hbp.testBuilder.tests.Build_Test_Bank_Using_New_Questions_Test"/>
  <testcase name="Test024_Select_Fill_Question_Field_With_Different_Item" time="0.280" classname="com.qait.hbp.testBuilder.tests.Build_Test_Bank_Using_New_Questions_Test"/>
  <testcase name="Test015_Select_Fill_Answer_Fields_With_Different_Item" time="0.508" classname="com.qait.hbp.testBuilder.tests.Build_Test_Bank_Using_New_Questions_Test"/>
  <testcase name="Test0017_Navigate_To_Edit_Page_Afer_Selecting_New_Question_Option" time="30.067" classname="com.qait.hbp.testBuilder.tests.Build_Test_Bank_Using_New_Questions_Test">
    <failure type="org.openqa.selenium.TimeoutException" message="Timed out after 30 seconds waiting for presence of element located by: By.xpath: //a[@class=&#039;button&#039;and contains(.,&#039;Create New Question&#039;)]
Build info: version: &#039;2.52.0&#039;, revision: &#039;4c2593cfc3689a7fcd7be52549167e5ccc93ad28&#039;, time: &#039;2016-02-11 11:22:43&#039;
System info: host: &#039;DLLA1414&#039;, ip: &#039;10.107.6.110&#039;, os.name: &#039;Windows 8.1&#039;, os.arch: &#039;amd64&#039;, os.version: &#039;6.3&#039;, java.version: &#039;1.8.0_91&#039;
Driver info: org.openqa.selenium.chrome.ChromeDriver
Capabilities [{applicationCacheEnabled=false, rotatable=false, mobileEmulationEnabled=false, chrome={chromedriverVersion=2.21.371459 (36d3d07f660ff2bc1bf28a75d1cdabed0983e7c4), userDataDir=C:\Users\SWATIS~1\AppData\Local\Temp\scoped_dir10624_21893}, takesHeapSnapshot=true, databaseEnabled=false, handlesAlerts=true, hasTouchScreen=false, version=52.0.2743.116, platform=WIN8_1, browserConnectionEnabled=false, nativeEvents=true, acceptSslCerts=true, locationContextEnabled=true, webStorageEnabled=true, browserName=chrome, takesScreenshot=true, javascriptEnabled=true, cssSelectorsEnabled=true}]
Session ID: ca1019ff7f090f7477b49c10e9d90564">
      <![CDATA[org.openqa.selenium.TimeoutException: Timed out after 30 seconds waiting for presence of element located by: By.xpath: //a[@class='button'and contains(.,'Create New Question')]
Build info: version: '2.52.0', revision: '4c2593cfc3689a7fcd7be52549167e5ccc93ad28', time: '2016-02-11 11:22:43'
System info: host: 'DLLA1414', ip: '10.107.6.110', os.name: 'Windows 8.1', os.arch: 'amd64', os.version: '6.3', java.version: '1.8.0_91'
Driver info: org.openqa.selenium.chrome.ChromeDriver
Capabilities [{applicationCacheEnabled=false, rotatable=false, mobileEmulationEnabled=false, chrome={chromedriverVersion=2.21.371459 (36d3d07f660ff2bc1bf28a75d1cdabed0983e7c4), userDataDir=C:\Users\SWATIS~1\AppData\Local\Temp\scoped_dir10624_21893}, takesHeapSnapshot=true, databaseEnabled=false, handlesAlerts=true, hasTouchScreen=false, version=52.0.2743.116, platform=WIN8_1, browserConnectionEnabled=false, nativeEvents=true, acceptSslCerts=true, locationContextEnabled=true, webStorageEnabled=true, browserName=chrome, takesScreenshot=true, javascriptEnabled=true, cssSelectorsEnabled=true}]
Session ID: ca1019ff7f090f7477b49c10e9d90564
	at org.openqa.selenium.support.ui.WebDriverWait.timeoutException(WebDriverWait.java:80)
	at org.openqa.selenium.support.ui.FluentWait.until(FluentWait.java:261)
	at com.qait.hbp.automation.utils.SeleniumWait.checkPresenceOfElementInDom(SeleniumWait.java:145)
	at com.qait.hbp.automation.getpageobjects.GetPage.elementPresentconstructed_dynamically(GetPage.java:625)
	at com.qait.hbp.testBuilder.keywords.BuildTestBankUsingNewQuestionsActions.click_On_Create_New_Question_Button(BuildTestBankUsingNewQuestionsActions.java:51)
	at com.qait.hbp.testBuilder.tests.Build_Test_Bank_Using_New_Questions_Test.Test0017_Navigate_To_Edit_Page_Afer_Selecting_New_Question_Option(Build_Test_Bank_Using_New_Questions_Test.java:149)
	at sun.reflect.NativeMethodAccessorImpl.invoke0(Native Method)
	at sun.reflect.NativeMethodAccessorImpl.invoke(Unknown Source)
	at sun.reflect.DelegatingMethodAccessorImpl.invoke(Unknown Source)
	at java.lang.reflect.Method.invoke(Unknown Source)
	at org.testng.internal.MethodInvocationHelper.invokeMethod(MethodInvocationHelper.java:84)
	at org.testng.internal.Invoker.invokeMethod(Invoker.java:714)
	at org.testng.internal.Invoker.invokeTestMethod(Invoker.java:901)
	at org.testng.internal.Invoker.invokeTestMethods(Invoker.java:1231)
	at org.testng.internal.TestMethodWorker.invokeTestMethods(TestMethodWorker.java:127)
	at org.testng.internal.TestMethodWorker.run(TestMethodWorker.java:111)
	at org.testng.TestRunner.privateRun(TestRunner.java:767)
	at org.testng.TestRunner.run(TestRunner.java:617)
	at org.testng.SuiteRunner.runTest(SuiteRunner.java:334)
	at org.testng.SuiteRunner.runSequentially(SuiteRunner.java:329)
	at org.testng.SuiteRunner.privateRun(SuiteRunner.java:291)
	at org.testng.SuiteRunner.run(SuiteRunner.java:240)
	at org.testng.SuiteRunnerWorker.runSuite(SuiteRunnerWorker.java:52)
	at org.testng.SuiteRunnerWorker.run(SuiteRunnerWorker.java:86)
	at org.testng.TestNG.runSuitesSequentially(TestNG.java:1224)
	at org.testng.TestNG.runSuitesLocally(TestNG.java:1149)
	at org.testng.TestNG.run(TestNG.java:1057)
	at org.testng.remote.RemoteTestNG.run(RemoteTestNG.java:111)
	at org.testng.remote.RemoteTestNG.initAndRun(RemoteTestNG.java:204)
	at org.testng.remote.RemoteTestNG.main(RemoteTestNG.java:175)
Caused by: org.openqa.selenium.NoSuchElementException: no such element: Unable to locate element: {"method":"xpath","selector":"//a[@class='button'and contains(.,'Create New Question')]"}
  (Session info: chrome=52.0.2743.116)
  (Driver info: chromedriver=2.21.371459 (36d3d07f660ff2bc1bf28a75d1cdabed0983e7c4),platform=Windows NT 6.3 x86_64) (WARNING: The server did not provide any stacktrace information)
Command duration or timeout: 30.02 seconds
For documentation on this error, please visit: http://seleniumhq.org/exceptions/no_such_element.html
Build info: version: '2.52.0', revision: '4c2593cfc3689a7fcd7be52549167e5ccc93ad28', time: '2016-02-11 11:22:43'
System info: host: 'DLLA1414', ip: '10.107.6.110', os.name: 'Windows 8.1', os.arch: 'amd64', os.version: '6.3', java.version: '1.8.0_91'
Driver info: org.openqa.selenium.chrome.ChromeDriver
Capabilities [{applicationCacheEnabled=false, rotatable=false, mobileEmulationEnabled=false, chrome={chromedriverVersion=2.21.371459 (36d3d07f660ff2bc1bf28a75d1cdabed0983e7c4), userDataDir=C:\Users\SWATIS~1\AppData\Local\Temp\scoped_dir10624_21893}, takesHeapSnapshot=true, databaseEnabled=false, handlesAlerts=true, hasTouchScreen=false, version=52.0.2743.116, platform=WIN8_1, browserConnectionEnabled=false, nativeEvents=true, acceptSslCerts=true, locationContextEnabled=true, webStorageEnabled=true, browserName=chrome, takesScreenshot=true, javascriptEnabled=true, cssSelectorsEnabled=true}]
Session ID: ca1019ff7f090f7477b49c10e9d90564
*** Element info: {Using=xpath, value=//a[@class='button'and contains(.,'Create New Question')]}
	at sun.reflect.NativeConstructorAccessorImpl.newInstance0(Native Method)
	at sun.reflect.NativeConstructorAccessorImpl.newInstance(Unknown Source)
	at sun.reflect.DelegatingConstructorAccessorImpl.newInstance(Unknown Source)
	at java.lang.reflect.Constructor.newInstance(Unknown Source)
	at org.openqa.selenium.remote.ErrorHandler.createThrowable(ErrorHandler.java:206)
	at org.openqa.selenium.remote.ErrorHandler.throwIfResponseFailed(ErrorHandler.java:158)
	at org.openqa.selenium.remote.RemoteWebDriver.execute(RemoteWebDriver.java:678)
	at org.openqa.selenium.remote.RemoteWebDriver.findElement(RemoteWebDriver.java:363)
	at org.openqa.selenium.remote.RemoteWebDriver.findElementByXPath(RemoteWebDriver.java:500)
	at org.openqa.selenium.By$ByXPath.findElement(By.java:361)
	at org.openqa.selenium.remote.RemoteWebDriver.findElement(RemoteWebDriver.java:355)
	at org.openqa.selenium.support.ui.ExpectedConditions.findElement(ExpectedConditions.java:911)
	at org.openqa.selenium.support.ui.ExpectedConditions.access$000(ExpectedConditions.java:41)
	at org.openqa.selenium.support.ui.ExpectedConditions$6.apply(ExpectedConditions.java:181)
	at org.openqa.selenium.support.ui.ExpectedConditions$6.apply(ExpectedConditions.java:178)
	at org.openqa.selenium.support.ui.FluentWait.until(FluentWait.java:238)
	... 28 more
]]>
    </failure>
  </testcase> <!-- Test0017_Navigate_To_Edit_Page_Afer_Selecting_New_Question_Option -->
  <testcase name="Test010_Click_On_Cancel_And_Verify_Page_Navigated_To_My_Test_Tab" time="1.453" classname="com.qait.hbp.testBuilder.tests.Build_Test_Bank_Using_New_Questions_Test"/>
  <testcase name="Test003_Verify_User_Is_Able_To_Search_The_Product" time="10.538" classname="com.qait.hbp.testBuilder.tests.Build_Test_Bank_Using_New_Questions_Test"/>
  <testcase name="Test018_Select_Question_Type" time="2.900" classname="com.qait.hbp.testBuilder.tests.Build_Test_Bank_Using_New_Questions_Test"/>
  <testcase name="Test0022_Navigate_To_Edit_Page_Afer_Selecting_New_Question_Option" time="30.038" classname="com.qait.hbp.testBuilder.tests.Build_Test_Bank_Using_New_Questions_Test">
    <failure type="org.openqa.selenium.TimeoutException" message="Timed out after 30 seconds waiting for presence of element located by: By.xpath: //a[@class=&#039;button&#039;and contains(.,&#039;Create New Question&#039;)]
Build info: version: &#039;2.52.0&#039;, revision: &#039;4c2593cfc3689a7fcd7be52549167e5ccc93ad28&#039;, time: &#039;2016-02-11 11:22:43&#039;
System info: host: &#039;DLLA1414&#039;, ip: &#039;10.107.6.110&#039;, os.name: &#039;Windows 8.1&#039;, os.arch: &#039;amd64&#039;, os.version: &#039;6.3&#039;, java.version: &#039;1.8.0_91&#039;
Driver info: org.openqa.selenium.chrome.ChromeDriver
Capabilities [{applicationCacheEnabled=false, rotatable=false, mobileEmulationEnabled=false, chrome={chromedriverVersion=2.21.371459 (36d3d07f660ff2bc1bf28a75d1cdabed0983e7c4), userDataDir=C:\Users\SWATIS~1\AppData\Local\Temp\scoped_dir10624_21893}, takesHeapSnapshot=true, databaseEnabled=false, handlesAlerts=true, hasTouchScreen=false, version=52.0.2743.116, platform=WIN8_1, browserConnectionEnabled=false, nativeEvents=true, acceptSslCerts=true, locationContextEnabled=true, webStorageEnabled=true, browserName=chrome, takesScreenshot=true, javascriptEnabled=true, cssSelectorsEnabled=true}]
Session ID: ca1019ff7f090f7477b49c10e9d90564">
      <![CDATA[org.openqa.selenium.TimeoutException: Timed out after 30 seconds waiting for presence of element located by: By.xpath: //a[@class='button'and contains(.,'Create New Question')]
Build info: version: '2.52.0', revision: '4c2593cfc3689a7fcd7be52549167e5ccc93ad28', time: '2016-02-11 11:22:43'
System info: host: 'DLLA1414', ip: '10.107.6.110', os.name: 'Windows 8.1', os.arch: 'amd64', os.version: '6.3', java.version: '1.8.0_91'
Driver info: org.openqa.selenium.chrome.ChromeDriver
Capabilities [{applicationCacheEnabled=false, rotatable=false, mobileEmulationEnabled=false, chrome={chromedriverVersion=2.21.371459 (36d3d07f660ff2bc1bf28a75d1cdabed0983e7c4), userDataDir=C:\Users\SWATIS~1\AppData\Local\Temp\scoped_dir10624_21893}, takesHeapSnapshot=true, databaseEnabled=false, handlesAlerts=true, hasTouchScreen=false, version=52.0.2743.116, platform=WIN8_1, browserConnectionEnabled=false, nativeEvents=true, acceptSslCerts=true, locationContextEnabled=true, webStorageEnabled=true, browserName=chrome, takesScreenshot=true, javascriptEnabled=true, cssSelectorsEnabled=true}]
Session ID: ca1019ff7f090f7477b49c10e9d90564
	at org.openqa.selenium.support.ui.WebDriverWait.timeoutException(WebDriverWait.java:80)
	at org.openqa.selenium.support.ui.FluentWait.until(FluentWait.java:261)
	at com.qait.hbp.automation.utils.SeleniumWait.checkPresenceOfElementInDom(SeleniumWait.java:145)
	at com.qait.hbp.automation.getpageobjects.GetPage.elementPresentconstructed_dynamically(GetPage.java:625)
	at com.qait.hbp.testBuilder.keywords.BuildTestBankUsingNewQuestionsActions.click_On_Create_New_Question_Button(BuildTestBankUsingNewQuestionsActions.java:51)
	at com.qait.hbp.testBuilder.tests.Build_Test_Bank_Using_New_Questions_Test.Test0022_Navigate_To_Edit_Page_Afer_Selecting_New_Question_Option(Build_Test_Bank_Using_New_Questions_Test.java:183)
	at sun.reflect.NativeMethodAccessorImpl.invoke0(Native Method)
	at sun.reflect.NativeMethodAccessorImpl.invoke(Unknown Source)
	at sun.reflect.DelegatingMethodAccessorImpl.invoke(Unknown Source)
	at java.lang.reflect.Method.invoke(Unknown Source)
	at org.testng.internal.MethodInvocationHelper.invokeMethod(MethodInvocationHelper.java:84)
	at org.testng.internal.Invoker.invokeMethod(Invoker.java:714)
	at org.testng.internal.Invoker.invokeTestMethod(Invoker.java:901)
	at org.testng.internal.Invoker.invokeTestMethods(Invoker.java:1231)
	at org.testng.internal.TestMethodWorker.invokeTestMethods(TestMethodWorker.java:127)
	at org.testng.internal.TestMethodWorker.run(TestMethodWorker.java:111)
	at org.testng.TestRunner.privateRun(TestRunner.java:767)
	at org.testng.TestRunner.run(TestRunner.java:617)
	at org.testng.SuiteRunner.runTest(SuiteRunner.java:334)
	at org.testng.SuiteRunner.runSequentially(SuiteRunner.java:329)
	at org.testng.SuiteRunner.privateRun(SuiteRunner.java:291)
	at org.testng.SuiteRunner.run(SuiteRunner.java:240)
	at org.testng.SuiteRunnerWorker.runSuite(SuiteRunnerWorker.java:52)
	at org.testng.SuiteRunnerWorker.run(SuiteRunnerWorker.java:86)
	at org.testng.TestNG.runSuitesSequentially(TestNG.java:1224)
	at org.testng.TestNG.runSuitesLocally(TestNG.java:1149)
	at org.testng.TestNG.run(TestNG.java:1057)
	at org.testng.remote.RemoteTestNG.run(RemoteTestNG.java:111)
	at org.testng.remote.RemoteTestNG.initAndRun(RemoteTestNG.java:204)
	at org.testng.remote.RemoteTestNG.main(RemoteTestNG.java:175)
Caused by: org.openqa.selenium.NoSuchElementException: no such element: Unable to locate element: {"method":"xpath","selector":"//a[@class='button'and contains(.,'Create New Question')]"}
  (Session info: chrome=52.0.2743.116)
  (Driver info: chromedriver=2.21.371459 (36d3d07f660ff2bc1bf28a75d1cdabed0983e7c4),platform=Windows NT 6.3 x86_64) (WARNING: The server did not provide any stacktrace information)
Command duration or timeout: 30.03 seconds
For documentation on this error, please visit: http://seleniumhq.org/exceptions/no_such_element.html
Build info: version: '2.52.0', revision: '4c2593cfc3689a7fcd7be52549167e5ccc93ad28', time: '2016-02-11 11:22:43'
System info: host: 'DLLA1414', ip: '10.107.6.110', os.name: 'Windows 8.1', os.arch: 'amd64', os.version: '6.3', java.version: '1.8.0_91'
Driver info: org.openqa.selenium.chrome.ChromeDriver
Capabilities [{applicationCacheEnabled=false, rotatable=false, mobileEmulationEnabled=false, chrome={chromedriverVersion=2.21.371459 (36d3d07f660ff2bc1bf28a75d1cdabed0983e7c4), userDataDir=C:\Users\SWATIS~1\AppData\Local\Temp\scoped_dir10624_21893}, takesHeapSnapshot=true, databaseEnabled=false, handlesAlerts=true, hasTouchScreen=false, version=52.0.2743.116, platform=WIN8_1, browserConnectionEnabled=false, nativeEvents=true, acceptSslCerts=true, locationContextEnabled=true, webStorageEnabled=true, browserName=chrome, takesScreenshot=true, javascriptEnabled=true, cssSelectorsEnabled=true}]
Session ID: ca1019ff7f090f7477b49c10e9d90564
*** Element info: {Using=xpath, value=//a[@class='button'and contains(.,'Create New Question')]}
	at sun.reflect.NativeConstructorAccessorImpl.newInstance0(Native Method)
	at sun.reflect.NativeConstructorAccessorImpl.newInstance(Unknown Source)
	at sun.reflect.DelegatingConstructorAccessorImpl.newInstance(Unknown Source)
	at java.lang.reflect.Constructor.newInstance(Unknown Source)
	at org.openqa.selenium.remote.ErrorHandler.createThrowable(ErrorHandler.java:206)
	at org.openqa.selenium.remote.ErrorHandler.throwIfResponseFailed(ErrorHandler.java:158)
	at org.openqa.selenium.remote.RemoteWebDriver.execute(RemoteWebDriver.java:678)
	at org.openqa.selenium.remote.RemoteWebDriver.findElement(RemoteWebDriver.java:363)
	at org.openqa.selenium.remote.RemoteWebDriver.findElementByXPath(RemoteWebDriver.java:500)
	at org.openqa.selenium.By$ByXPath.findElement(By.java:361)
	at org.openqa.selenium.remote.RemoteWebDriver.findElement(RemoteWebDriver.java:355)
	at org.openqa.selenium.support.ui.ExpectedConditions.findElement(ExpectedConditions.java:911)
	at org.openqa.selenium.support.ui.ExpectedConditions.access$000(ExpectedConditions.java:41)
	at org.openqa.selenium.support.ui.ExpectedConditions$6.apply(ExpectedConditions.java:181)
	at org.openqa.selenium.support.ui.ExpectedConditions$6.apply(ExpectedConditions.java:178)
	at org.openqa.selenium.support.ui.FluentWait.until(FluentWait.java:238)
	... 28 more
]]>
    </failure>
  </testcase> <!-- Test0022_Navigate_To_Edit_Page_Afer_Selecting_New_Question_Option -->
</testsuite> <!-- com.qait.hbp.testBuilder.tests.Build_Test_Bank_Using_New_Questions_Test -->
