<?xml version="1.0" encoding="UTF-8"?>
<!-- Generated by org.testng.reporters.JUnitReportReporter -->
<<<<<<< HEAD
<testsuite hostname="DLLA1462" name="com.qait.hbp.ereader.tests.Navigation_Test" tests="28" failures="1" timestamp="29 Jul 2016 09:42:44 GMT" time="696.935" errors="3">
  <testcase name="Test0060_Verify_Dragging_scrubber_By_Few_Pages_Takes_User_To_Correct_Location" time="115.065" classname="com.qait.hbp.ereader.tests.Navigation_Test">
    <error type="java.lang.AssertionError" message="[ASSERT FAILED]: Dragging Scrubber did not take user to correct location expected [true] but found [false]">
      <![CDATA[java.lang.AssertionError: [ASSERT FAILED]: Dragging Scrubber did not take user to correct location expected [true] but found [false]
=======
<<<<<<< HEAD
<testsuite hostname="DLLA1458" name="com.qait.hbp.ereader.tests.Navigation_Test" tests="28" failures="0" timestamp="29 Jul 2016 11:28:24 GMT" time="480.171" errors="2">
  <testcase name="Test00203_Verify_Correct_Messaging_Is_Displayed_On_Read_Offline_PopUp" time="0.815" classname="com.qait.hbp.ereader.tests.Navigation_Test"/>
  <testcase name="Test0027_Verify_Previous_Page_Gets_Displayed_On_Clicking_Back_To_Previous_Page" time="14.274" classname="com.qait.hbp.ereader.tests.Navigation_Test"/>
  <testcase name="Test0010_Launch_Login_URL" time="8.903" classname="com.qait.hbp.ereader.tests.Navigation_Test"/>
  <testcase name="Test012_Verify_User_Is_Navigated_To_Correct_Page_On_Clicking_Topic_Link" time="15.128" classname="com.qait.hbp.ereader.tests.Navigation_Test"/>
  <testcase name="Test0026_Verify_Back_To_Previous_Link_Is_Displayed_In_Reading_Mode" time="3.430" classname="com.qait.hbp.ereader.tests.Navigation_Test"/>
  <testcase name="Test0150_Verify_User_Is_Able_To_Click_The_Exhibit" time="15.266" classname="com.qait.hbp.ereader.tests.Navigation_Test"/>
  <testcase name="Test0014_Verify_User_Is_Able_To_Navigate_to_Launch_eReader" time="1.428" classname="com.qait.hbp.ereader.tests.Navigation_Test"/>
  <testcase name="Test00803_Verify_User_Is_Able_To_Close_TOC_menu_For_Handheld" time="1.557" classname="com.qait.hbp.ereader.tests.Navigation_Test"/>
  <testcase name="Test007_Verify_Toc_Menu_Opens_On_Clicking_Toc_Icon" time="2.650" classname="com.qait.hbp.ereader.tests.Navigation_Test"/>
  <testcase name="Test0152_Verify_Exhibit_Launches_In_New_Window" time="22.906" classname="com.qait.hbp.ereader.tests.Navigation_Test"/>
  <testcase name="Test0023_Verify_Back_To_Previous_Link_Appears_On_Navigating_Application_Using_Scrubber_Bar" time="15.337" classname="com.qait.hbp.ereader.tests.Navigation_Test"/>
  <testcase name="Test0192_Verify_User_Is_Navigated_To_Original_location_Of_Footnote_Link_On_Clicking_it" time="26.567" classname="com.qait.hbp.ereader.tests.Navigation_Test"/>
  <testcase name="Test0013_Verify_User_Is_Able_To_Navigate_to_eReader_Course" time="7.658" classname="com.qait.hbp.ereader.tests.Navigation_Test"/>
  <testcase name="Test0024_Verify_Back_To_Previous_Link_Is_Displayed_Above_Scrubber_Bar" time="6.008" classname="com.qait.hbp.ereader.tests.Navigation_Test"/>
  <testcase name="Test00204_Click_Not_Now" time="1.131" classname="com.qait.hbp.ereader.tests.Navigation_Test"/>
  <testcase name="Test0151_Verify_On_Clicking_X_Icon_Modal_Window_Closes" time="3.959" classname="com.qait.hbp.ereader.tests.Navigation_Test"/>
  <testcase name="Test0190_Verify_User_Is_Able_To_Navigate_To_Page_1" time="30.081" classname="com.qait.hbp.ereader.tests.Navigation_Test"/>
  <testcase name="Test0011_Verify_User_Is_Able_To_Login_Into_Application" time="15.220" classname="com.qait.hbp.ereader.tests.Navigation_Test"/>
  <testcase name="Test0060_Verify_Dragging_scrubber_By_Few_Pages_Takes_User_To_Correct_Location" time="129.877" classname="com.qait.hbp.ereader.tests.Navigation_Test">
    <error type="java.lang.AssertionError" message="[ASSERT FAILED]: Dragging Scrubber did not take user to correct location expected [true] but found [false]">
      <![CDATA[java.lang.AssertionError: [ASSERT FAILED]: Dragging Scrubber did not take user to correct location expected [true] but found [false]
=======
<testsuite hostname="asda0064" name="com.qait.hbp.ereader.tests.Navigation_Test" tests="30" failures="0" timestamp="27 Jul 2016 09:02:55 GMT" time="313.084" errors="4">
  <testcase name="Test004_Verify_User_Is_Able_To_Navigate_Using_Keyboard_Right_Arrow_Key" time="12.155" classname="com.qait.hbp.ereader.tests.Navigation_Test"/>
  <testcase name="Test0190_Verify_User_Is_Able_To_Navigate_To_Page_1" time="11.707" classname="com.qait.hbp.ereader.tests.Navigation_Test"/>
  <testcase name="Test0192_Verify_User_Is_Navigated_To_Original_location_Of_Footnote_Link_On_Clicking_it" time="32.080" classname="com.qait.hbp.ereader.tests.Navigation_Test">
    <error type="java.lang.AssertionError" message="[ASSERT FAILED]: Element page_num_Of_a_Topic_In_TOC not found on the eReader/TableOfContents !!!">
      <![CDATA[java.lang.AssertionError: [ASSERT FAILED]: Element page_num_Of_a_Topic_In_TOC not found on the eReader/TableOfContents !!!
	at org.testng.Assert.fail(Assert.java:94)
	at com.qait.hbp.automation.getpageobjects.GetPage.element(GetPage.java:387)
	at com.qait.hbp.ereader.keywords.NavigationActions.verify_User_Is_Able_To_Navigate_To_Footnotes_Section_From_TOC(NavigationActions.java:898)
	at com.qait.hbp.ereader.tests.Navigation_Test.Test0192_Verify_User_Is_Navigated_To_Original_location_Of_Footnote_Link_On_Clicking_it(Navigation_Test.java:228)
	at sun.reflect.NativeMethodAccessorImpl.invoke0(Native Method)
	at sun.reflect.NativeMethodAccessorImpl.invoke(NativeMethodAccessorImpl.java:62)
	at sun.reflect.DelegatingMethodAccessorImpl.invoke(DelegatingMethodAccessorImpl.java:43)
	at java.lang.reflect.Method.invoke(Method.java:498)
	at org.testng.internal.MethodInvocationHelper.invokeMethod(MethodInvocationHelper.java:84)
	at org.testng.internal.Invoker.invokeMethod(Invoker.java:714)
	at org.testng.internal.Invoker.invokeTestMethod(Invoker.java:901)
	at org.testng.internal.Invoker.invokeTestMethods(Invoker.java:1231)
	at org.testng.internal.TestMethodWorker.invokeTestMethods(TestMethodWorker.java:127)
	at org.testng.internal.TestMethodWorker.run(TestMethodWorker.java:111)
	at java.util.concurrent.ThreadPoolExecutor.runWorker(ThreadPoolExecutor.java:1142)
	at java.util.concurrent.ThreadPoolExecutor$Worker.run(ThreadPoolExecutor.java:617)
	at java.lang.Thread.run(Thread.java:745)
]]>
    </error>
  </testcase> <!-- Test0192_Verify_User_Is_Navigated_To_Original_location_Of_Footnote_Link_On_Clicking_it -->
  <testcase name="Test0151_Verify_On_Clicking_X_Icon_Modal_Window_Closes" time="0.125" classname="com.qait.hbp.ereader.tests.Navigation_Test"/>
  <testcase name="Test0011_Verify_User_Is_Able_To_Login_Into_Application" time="7.521" classname="com.qait.hbp.ereader.tests.Navigation_Test"/>
  <testcase name="Test012_Verify_User_Is_Navigated_To_Correct_Page_On_Clicking_Topic_Link" time="6.332" classname="com.qait.hbp.ereader.tests.Navigation_Test"/>
  <testcase name="Test0027_Verify_Previous_Page_Gets_Displayed_On_Clicking_Back_To_Previous_Page" time="7.163" classname="com.qait.hbp.ereader.tests.Navigation_Test"/>
  <testcase name="Test0010_Launch_Login_URL" time="7.045" classname="com.qait.hbp.ereader.tests.Navigation_Test"/>
  <testcase name="Test0026_Verify_Back_To_Previous_Link_Is_Displayed_In_Reading_Mode" time="3.022" classname="com.qait.hbp.ereader.tests.Navigation_Test"/>
  <testcase name="Test00801_Verify_Appropriate_Spacing_Is_Present_In_Nested_Subtopics" time="0.763" classname="com.qait.hbp.ereader.tests.Navigation_Test">
    <error type="java.lang.AssertionError" message="[ASSERT FAILED]: Spacing is not appropriate in nested subtopics expected [true] but found [false]">
      <![CDATA[java.lang.AssertionError: [ASSERT FAILED]: Spacing is not appropriate in nested subtopics expected [true] but found [false]
>>>>>>> 8c85882fc963d15e2380aa72416ca80fe3360065
>>>>>>> 745e4fc0f1529382b857c58bba83ed3ab4386143
	at org.testng.Assert.fail(Assert.java:94)
	at org.testng.Assert.failNotEquals(Assert.java:494)
	at org.testng.Assert.assertTrue(Assert.java:42)
	at com.qait.hbp.ereader.keywords.NavigationActions.verify_Spacing_In_Nested_Subtopics(NavigationActions.java:132)
	at com.qait.hbp.ereader.tests.Navigation_Test.Test00801_Verify_Appropriate_Spacing_Is_Present_In_Nested_Subtopics(Navigation_Test.java:147)
	at sun.reflect.NativeMethodAccessorImpl.invoke0(Native Method)
	at sun.reflect.NativeMethodAccessorImpl.invoke(NativeMethodAccessorImpl.java:62)
	at sun.reflect.DelegatingMethodAccessorImpl.invoke(DelegatingMethodAccessorImpl.java:43)
	at java.lang.reflect.Method.invoke(Method.java:498)
	at org.testng.internal.MethodInvocationHelper.invokeMethod(MethodInvocationHelper.java:84)
	at org.testng.internal.Invoker.invokeMethod(Invoker.java:714)
	at org.testng.internal.Invoker.invokeTestMethod(Invoker.java:901)
	at org.testng.internal.Invoker.invokeTestMethods(Invoker.java:1231)
	at org.testng.internal.TestMethodWorker.invokeTestMethods(TestMethodWorker.java:127)
	at org.testng.internal.TestMethodWorker.run(TestMethodWorker.java:111)
	at java.util.concurrent.ThreadPoolExecutor.runWorker(ThreadPoolExecutor.java:1142)
	at java.util.concurrent.ThreadPoolExecutor$Worker.run(ThreadPoolExecutor.java:617)
	at java.lang.Thread.run(Thread.java:745)
]]>
    </error>
  </testcase> <!-- Test0060_Verify_Dragging_scrubber_By_Few_Pages_Takes_User_To_Correct_Location -->
<<<<<<< HEAD
  <testcase name="Test00203_Verify_Correct_Messaging_Is_Displayed_On_Read_Offline_PopUp" time="0.625" classname="com.qait.hbp.ereader.tests.Navigation_Test"/>
  <testcase name="Test012_Verify_User_Is_Navigated_To_Correct_Page_On_Clicking_Topic_Link" time="14.633" classname="com.qait.hbp.ereader.tests.Navigation_Test"/>
  <testcase name="Test005_Verify_User_Is_Able_To_Navigate_Using_Keyboard_Left_Arrow_Key" time="13.734" classname="com.qait.hbp.ereader.tests.Navigation_Test"/>
  <testcase name="Test0010_Launch_Login_URL" time="7.664" classname="com.qait.hbp.ereader.tests.Navigation_Test"/>
  <testcase name="Test0026_Verify_Back_To_Previous_Link_Is_Displayed_In_Reading_Mode" time="3.271" classname="com.qait.hbp.ereader.tests.Navigation_Test"/>
  <testcase name="Test0014_Verify_User_Is_Able_To_Navigate_to_Launch_eReader" time="1.439" classname="com.qait.hbp.ereader.tests.Navigation_Test"/>
  <testcase name="Test0150_Verify_User_Is_Able_To_Click_The_Exhibit" time="13.132" classname="com.qait.hbp.ereader.tests.Navigation_Test"/>
  <testcase name="Test0190_Verify_User_Is_Able_To_Navigate_To_Page_1" time="36.467" classname="com.qait.hbp.ereader.tests.Navigation_Test"/>
  <testcase name="Test0023_Verify_Back_To_Previous_Link_Appears_On_Navigating_Application_Using_Scrubber_Bar" time="15.153" classname="com.qait.hbp.ereader.tests.Navigation_Test"/>
  <testcase name="Test0013_Verify_User_Is_Able_To_Navigate_to_eReader_Course" time="10.274" classname="com.qait.hbp.ereader.tests.Navigation_Test"/>
  <testcase name="Test00801_Verify_Appropriate_Spacing_Is_Present_In_Nested_Subtopics" time="8.865" classname="com.qait.hbp.ereader.tests.Navigation_Test"/>
  <testcase name="Test007_Verify_Toc_Menu_Opens_On_Clicking_Toc_Icon" time="2.687" classname="com.qait.hbp.ereader.tests.Navigation_Test"/>
  <testcase name="Test00204_Click_Not_Now" time="0.808" classname="com.qait.hbp.ereader.tests.Navigation_Test"/>
  <testcase name="Test00803_Verify_User_Is_Able_To_Close_TOC_menu_For_Handheld" time="1.628" classname="com.qait.hbp.ereader.tests.Navigation_Test"/>
  <testcase name="Test0152_Verify_Exhibit_Launches_In_New_Window" time="81.379" classname="com.qait.hbp.ereader.tests.Navigation_Test">
    <error type="java.lang.AssertionError" message="[ASSERT FAILED]: On Clicking New tab button Exhibit does not launches in new tab  expected [true] but found [false]">
      <![CDATA[java.lang.AssertionError: [ASSERT FAILED]: On Clicking New tab button Exhibit does not launches in new tab  expected [true] but found [false]
	at org.testng.Assert.fail(Assert.java:94)
	at org.testng.Assert.failNotEquals(Assert.java:494)
	at org.testng.Assert.assertTrue(Assert.java:42)
	at com.qait.hbp.ereader.keywords.NavigationActions.verify_Clicking_New_Tab_Icon_Opens_Interactive_In_new_window(NavigationActions.java:291)
	at com.qait.hbp.ereader.tests.Navigation_Test.Test0152_Verify_Exhibit_Launches_In_New_Window(Navigation_Test.java:264)
=======
  <testcase name="Test0191_Click_Not_Now" time="0.744" classname="com.qait.hbp.ereader.tests.Navigation_Test"/>
  <testcase name="Test005_Verify_User_Is_Able_To_Navigate_Using_Keyboard_Left_Arrow_Key" time="13.604" classname="com.qait.hbp.ereader.tests.Navigation_Test"/>
  <testcase name="Test00801_Verify_Appropriate_Spacing_Is_Present_In_Nested_Subtopics" time="10.658" classname="com.qait.hbp.ereader.tests.Navigation_Test"/>
  <testcase name="Test0025_Verify_Page_Numbers_Are_Displayed_Above_Scrubber_Bar" time="3.807" classname="com.qait.hbp.ereader.tests.Navigation_Test"/>
  <testcase name="Test0012_Verify_User_Is_Able_To_Navigate_to_CoursePacks_Page" time="7.564" classname="com.qait.hbp.ereader.tests.Navigation_Test"/>
  <testcase name="Test00201_Switch_To_the_eReader_Window" time="54.269" classname="com.qait.hbp.ereader.tests.Navigation_Test"/>
  <testcase name="Test00205_Note_The_Pixel_Difference_Value_For_The_Device" time="1.492" classname="com.qait.hbp.ereader.tests.Navigation_Test"/>
  <testcase name="Test0142_Verify_User_Is_Able_To_Search_For_Exhibit" time="52.269" classname="com.qait.hbp.ereader.tests.Navigation_Test">
    <error type="java.lang.AssertionError" message="[ASSERT FAILED]: searched results are not displayed expected [true] but found [false]">
      <![CDATA[java.lang.AssertionError: [ASSERT FAILED]: searched results are not displayed expected [true] but found [false]
	at org.testng.Assert.fail(Assert.java:94)
	at org.testng.Assert.failNotEquals(Assert.java:494)
	at org.testng.Assert.assertTrue(Assert.java:42)
	at com.qait.hbp.ereader.keywords.SearchTextActions.is_User_Is_Able_To_Enter_Search_Term(SearchTextActions.java:101)
	at com.qait.hbp.ereader.tests.Navigation_Test.Test0142_Verify_User_Is_Able_To_Search_For_Exhibit(Navigation_Test.java:245)
=======
  </testcase> <!-- Test00801_Verify_Appropriate_Spacing_Is_Present_In_Nested_Subtopics -->
  <testcase name="Test0012_Verify_User_Is_Able_To_Navigate_to_CoursePacks_Page" time="3.501" classname="com.qait.hbp.ereader.tests.Navigation_Test"/>
  <testcase name="Test00201_Switch_To_the_eReader_Window" time="34.457" classname="com.qait.hbp.ereader.tests.Navigation_Test"/>
  <testcase name="Test00205_Note_The_Pixel_Difference_Value_For_The_Device" time="1.135" classname="com.qait.hbp.ereader.tests.Navigation_Test"/>
  <testcase name="Test0025_Verify_Page_Numbers_Are_Displayed_Above_Scrubber_Bar" time="0.306" classname="com.qait.hbp.ereader.tests.Navigation_Test"/>
  <testcase name="Test007_Verify_Toc_Menu_Opens_On_Clicking_Toc_Icon" time="2.059" classname="com.qait.hbp.ereader.tests.Navigation_Test"/>
  <testcase name="Test0150_Verify_User_Is_Able_To_Click_The_Exhibit" time="10.902" classname="com.qait.hbp.ereader.tests.Navigation_Test"/>
  <testcase name="Test0013_Verify_User_Is_Able_To_Navigate_to_eReader_Course" time="15.910" classname="com.qait.hbp.ereader.tests.Navigation_Test"/>
  <testcase name="Test0014_Verify_User_Is_Able_To_Navigate_to_Launch_eReader" time="0.178" classname="com.qait.hbp.ereader.tests.Navigation_Test"/>
  <testcase name="Test0142_Verify_User_Is_Able_To_Search_For_Exhibit" time="35.767" classname="com.qait.hbp.ereader.tests.Navigation_Test">
    <error type="java.lang.AssertionError" message="[ASSERT FAILED]: searched results are not displayed expected [true] but found [false]">
      <![CDATA[java.lang.AssertionError: [ASSERT FAILED]: searched results are not displayed expected [true] but found [false]
	at org.testng.Assert.fail(Assert.java:94)
	at org.testng.Assert.failNotEquals(Assert.java:494)
	at org.testng.Assert.assertTrue(Assert.java:42)
	at com.qait.hbp.ereader.keywords.SearchTextActions.is_User_Is_Able_To_Enter_Search_Term(SearchTextActions.java:101)
	at com.qait.hbp.ereader.tests.Navigation_Test.Test0142_Verify_User_Is_Able_To_Search_For_Exhibit(Navigation_Test.java:245)
>>>>>>> 745e4fc0f1529382b857c58bba83ed3ab4386143
	at sun.reflect.NativeMethodAccessorImpl.invoke0(Native Method)
	at sun.reflect.NativeMethodAccessorImpl.invoke(NativeMethodAccessorImpl.java:62)
	at sun.reflect.DelegatingMethodAccessorImpl.invoke(DelegatingMethodAccessorImpl.java:43)
	at java.lang.reflect.Method.invoke(Method.java:498)
	at org.testng.internal.MethodInvocationHelper.invokeMethod(MethodInvocationHelper.java:84)
	at org.testng.internal.Invoker.invokeMethod(Invoker.java:714)
	at org.testng.internal.Invoker.invokeTestMethod(Invoker.java:901)
	at org.testng.internal.Invoker.invokeTestMethods(Invoker.java:1231)
	at org.testng.internal.TestMethodWorker.invokeTestMethods(TestMethodWorker.java:127)
	at org.testng.internal.TestMethodWorker.run(TestMethodWorker.java:111)
<<<<<<< HEAD
	at org.testng.TestRunner.privateRun(TestRunner.java:767)
	at org.testng.TestRunner.run(TestRunner.java:617)
	at org.testng.SuiteRunner.runTest(SuiteRunner.java:334)
	at org.testng.SuiteRunner.runSequentially(SuiteRunner.java:329)
	at org.testng.SuiteRunner.privateRun(SuiteRunner.java:291)
	at org.testng.SuiteRunner.run(SuiteRunner.java:240)
	at org.testng.SuiteRunnerWorker.runSuite(SuiteRunnerWorker.java:52)
	at org.testng.SuiteRunnerWorker.run(SuiteRunnerWorker.java:86)
	at org.testng.TestNG.runSuitesSequentially(TestNG.java:1224)
	at org.testng.TestNG.runSuitesLocally(TestNG.java:1149)
	at org.testng.TestNG.run(TestNG.java:1057)
	at org.testng.remote.AbstractRemoteTestNG.run(AbstractRemoteTestNG.java:126)
	at org.testng.remote.RemoteTestNG.initAndRun(RemoteTestNG.java:137)
	at org.testng.remote.RemoteTestNG.main(RemoteTestNG.java:58)
]]>
    </error>
  </testcase> <!-- Test0152_Verify_Exhibit_Launches_In_New_Window -->
  <testcase name="Test0191_Click_Not_Now" time="30.114" classname="com.qait.hbp.ereader.tests.Navigation_Test">
    <error type="java.lang.AssertionError" message="[ASSERT FAILED]: Element not_now_button not found on the eReader/loginAndEPubLaunch !!!">
      <![CDATA[java.lang.AssertionError: [ASSERT FAILED]: Element not_now_button not found on the eReader/loginAndEPubLaunch !!!
	at org.testng.Assert.fail(Assert.java:94)
	at com.qait.hbp.automation.getpageobjects.GetPage.element(GetPage.java:387)
	at com.qait.hbp.automation.getpageobjects.GetPage.element(GetPage.java:331)
	at com.qait.hbp.ereader.keywords.LoginAndEPubLaunchActions.verify_Read_Offline_PopUP_Goes_Away_On_Clicking_Not_Now_button(LoginAndEPubLaunchActions.java:169)
	at com.qait.hbp.ereader.tests.Navigation_Test.Test0191_Click_Not_Now(Navigation_Test.java:222)
=======
	at java.util.concurrent.ThreadPoolExecutor.runWorker(ThreadPoolExecutor.java:1142)
	at java.util.concurrent.ThreadPoolExecutor$Worker.run(ThreadPoolExecutor.java:617)
	at java.lang.Thread.run(Thread.java:745)
]]>
    </error>
  </testcase> <!-- Test0142_Verify_User_Is_Able_To_Search_For_Exhibit -->
  <testcase name="Test0152_Verify_Exhibit_Launches_In_New_Window" time="48.264" classname="com.qait.hbp.ereader.tests.Navigation_Test">
    <error type="java.lang.AssertionError" message="[ASSERT FAILED]: On Clicking New tab button Exhibit does not launches in new tab  expected [true] but found [false]">
      <![CDATA[java.lang.AssertionError: [ASSERT FAILED]: On Clicking New tab button Exhibit does not launches in new tab  expected [true] but found [false]
	at org.testng.Assert.fail(Assert.java:94)
	at org.testng.Assert.failNotEquals(Assert.java:494)
	at org.testng.Assert.assertTrue(Assert.java:42)
	at com.qait.hbp.ereader.keywords.NavigationActions.verify_Clicking_New_Tab_Icon_Opens_Interactive_In_new_window(NavigationActions.java:273)
	at com.qait.hbp.ereader.tests.Navigation_Test.Test0152_Verify_Exhibit_Launches_In_New_Window(Navigation_Test.java:264)
>>>>>>> 8c85882fc963d15e2380aa72416ca80fe3360065
>>>>>>> 745e4fc0f1529382b857c58bba83ed3ab4386143
	at sun.reflect.NativeMethodAccessorImpl.invoke0(Native Method)
	at sun.reflect.NativeMethodAccessorImpl.invoke(NativeMethodAccessorImpl.java:62)
	at sun.reflect.DelegatingMethodAccessorImpl.invoke(DelegatingMethodAccessorImpl.java:43)
	at java.lang.reflect.Method.invoke(Method.java:498)
	at org.testng.internal.MethodInvocationHelper.invokeMethod(MethodInvocationHelper.java:84)
	at org.testng.internal.Invoker.invokeMethod(Invoker.java:714)
	at org.testng.internal.Invoker.invokeTestMethod(Invoker.java:901)
	at org.testng.internal.Invoker.invokeTestMethods(Invoker.java:1231)
	at org.testng.internal.TestMethodWorker.invokeTestMethods(TestMethodWorker.java:127)
	at org.testng.internal.TestMethodWorker.run(TestMethodWorker.java:111)
<<<<<<< HEAD
=======
<<<<<<< HEAD
>>>>>>> 745e4fc0f1529382b857c58bba83ed3ab4386143
	at org.testng.TestRunner.privateRun(TestRunner.java:767)
	at org.testng.TestRunner.run(TestRunner.java:617)
	at org.testng.SuiteRunner.runTest(SuiteRunner.java:334)
	at org.testng.SuiteRunner.runSequentially(SuiteRunner.java:329)
	at org.testng.SuiteRunner.privateRun(SuiteRunner.java:291)
	at org.testng.SuiteRunner.run(SuiteRunner.java:240)
	at org.testng.SuiteRunnerWorker.runSuite(SuiteRunnerWorker.java:52)
	at org.testng.SuiteRunnerWorker.run(SuiteRunnerWorker.java:86)
	at org.testng.TestNG.runSuitesSequentially(TestNG.java:1224)
	at org.testng.TestNG.runSuitesLocally(TestNG.java:1149)
	at org.testng.TestNG.run(TestNG.java:1057)
	at org.testng.remote.AbstractRemoteTestNG.run(AbstractRemoteTestNG.java:126)
	at org.testng.remote.RemoteTestNG.initAndRun(RemoteTestNG.java:137)
	at org.testng.remote.RemoteTestNG.main(RemoteTestNG.java:58)
<<<<<<< HEAD
]]>
    </error>
  </testcase> <!-- Test0191_Click_Not_Now -->
  <testcase name="Test004_Verify_User_Is_Able_To_Navigate_Using_Keyboard_Right_Arrow_Key" time="13.318" classname="com.qait.hbp.ereader.tests.Navigation_Test"/>
  <testcase name="Test0027_Verify_Previous_Page_Gets_Displayed_On_Clicking_Back_To_Previous_Page" time="14.613" classname="com.qait.hbp.ereader.tests.Navigation_Test"/>
  <testcase name="Test0011_Verify_User_Is_Able_To_Login_Into_Application" time="14.286" classname="com.qait.hbp.ereader.tests.Navigation_Test"/>
  <testcase name="Test0192_Verify_User_Is_Navigated_To_Original_location_Of_Footnote_Link_On_Clicking_it" time="0.121" classname="com.qait.hbp.ereader.tests.Navigation_Test">
    <failure type="org.openqa.selenium.WebDriverException" message="unknown error: Cannot read property &#039;dispatchEvent&#039; of null
  (Session info: chrome=51.0.2704.81)
  (Driver info: chromedriver=2.18.343845 (73dd713ba7fbfb73cbb514e62641d8c96a94682a),platform=Windows NT 6.3 x86_64) (WARNING: The server did not provide any stacktrace information)
Command duration or timeout: 105 milliseconds
Build info: version: &#039;2.52.0&#039;, revision: &#039;4c2593cfc3689a7fcd7be52549167e5ccc93ad28&#039;, time: &#039;2016-02-11 11:22:43&#039;
System info: host: &#039;DLLA1462&#039;, ip: &#039;10.0.13.14&#039;, os.name: &#039;Windows 8.1&#039;, os.arch: &#039;amd64&#039;, os.version: &#039;6.3&#039;, java.version: &#039;1.8.0_73&#039;
Driver info: io.appium.java_client.android.AndroidDriver
Capabilities [{applicationCacheEnabled=false, rotatable=false, mobileEmulationEnabled=false, chrome={}, takesHeapSnapshot=true, databaseEnabled=false, handlesAlerts=true, hasTouchScreen=true, version=51.0.2704.81, platform=ANDROID, browserConnectionEnabled=false, nativeEvents=true, acceptSslCerts=true, locationContextEnabled=true, webStorageEnabled=true, browserName=chrome, takesScreenshot=true, javascriptEnabled=true, cssSelectorsEnabled=true}]
Session ID: a03c2536926c7350750c8d921cb95192">
      <![CDATA[org.openqa.selenium.WebDriverException: unknown error: Cannot read property 'dispatchEvent' of null
  (Session info: chrome=51.0.2704.81)
  (Driver info: chromedriver=2.18.343845 (73dd713ba7fbfb73cbb514e62641d8c96a94682a),platform=Windows NT 6.3 x86_64) (WARNING: The server did not provide any stacktrace information)
Command duration or timeout: 105 milliseconds
Build info: version: '2.52.0', revision: '4c2593cfc3689a7fcd7be52549167e5ccc93ad28', time: '2016-02-11 11:22:43'
System info: host: 'DLLA1462', ip: '10.0.13.14', os.name: 'Windows 8.1', os.arch: 'amd64', os.version: '6.3', java.version: '1.8.0_73'
Driver info: io.appium.java_client.android.AndroidDriver
Capabilities [{applicationCacheEnabled=false, rotatable=false, mobileEmulationEnabled=false, chrome={}, takesHeapSnapshot=true, databaseEnabled=false, handlesAlerts=true, hasTouchScreen=true, version=51.0.2704.81, platform=ANDROID, browserConnectionEnabled=false, nativeEvents=true, acceptSslCerts=true, locationContextEnabled=true, webStorageEnabled=true, browserName=chrome, takesScreenshot=true, javascriptEnabled=true, cssSelectorsEnabled=true}]
Session ID: a03c2536926c7350750c8d921cb95192
	at sun.reflect.NativeConstructorAccessorImpl.newInstance0(Native Method)
	at sun.reflect.NativeConstructorAccessorImpl.newInstance(Unknown Source)
	at sun.reflect.DelegatingConstructorAccessorImpl.newInstance(Unknown Source)
	at java.lang.reflect.Constructor.newInstance(Unknown Source)
	at org.openqa.selenium.remote.ErrorHandler.createThrowable(ErrorHandler.java:206)
	at org.openqa.selenium.remote.ErrorHandler.throwIfResponseFailed(ErrorHandler.java:158)
	at org.openqa.selenium.remote.RemoteWebDriver.execute(RemoteWebDriver.java:678)
	at io.appium.java_client.AppiumDriver.execute(AppiumDriver.java:180)
	at org.openqa.selenium.remote.RemoteWebDriver.executeScript(RemoteWebDriver.java:577)
	at com.qait.hbp.automation.getpageobjects.GetPage.bring_Header_Footer_In_Focus_Click_Element(GetPage.java:238)
	at com.qait.hbp.ereader.keywords.NavigationActions.click_Toc_Icon(NavigationActions.java:64)
	at com.qait.hbp.ereader.keywords.NavigationActions.verify_User_Is_Able_To_Navigate_To_Footnotes_Section_From_TOC(NavigationActions.java:915)
	at com.qait.hbp.ereader.tests.Navigation_Test.Test0192_Verify_User_Is_Navigated_To_Original_location_Of_Footnote_Link_On_Clicking_it(Navigation_Test.java:228)
	at sun.reflect.NativeMethodAccessorImpl.invoke0(Native Method)
	at sun.reflect.NativeMethodAccessorImpl.invoke(Unknown Source)
	at sun.reflect.DelegatingMethodAccessorImpl.invoke(Unknown Source)
	at java.lang.reflect.Method.invoke(Unknown Source)
	at org.testng.internal.MethodInvocationHelper.invokeMethod(MethodInvocationHelper.java:84)
	at org.testng.internal.Invoker.invokeMethod(Invoker.java:714)
	at org.testng.internal.Invoker.invokeTestMethod(Invoker.java:901)
	at org.testng.internal.Invoker.invokeTestMethods(Invoker.java:1231)
	at org.testng.internal.TestMethodWorker.invokeTestMethods(TestMethodWorker.java:127)
	at org.testng.internal.TestMethodWorker.run(TestMethodWorker.java:111)
	at org.testng.TestRunner.privateRun(TestRunner.java:767)
	at org.testng.TestRunner.run(TestRunner.java:617)
	at org.testng.SuiteRunner.runTest(SuiteRunner.java:334)
	at org.testng.SuiteRunner.runSequentially(SuiteRunner.java:329)
	at org.testng.SuiteRunner.privateRun(SuiteRunner.java:291)
	at org.testng.SuiteRunner.run(SuiteRunner.java:240)
	at org.testng.SuiteRunnerWorker.runSuite(SuiteRunnerWorker.java:52)
	at org.testng.SuiteRunnerWorker.run(SuiteRunnerWorker.java:86)
	at org.testng.TestNG.runSuitesSequentially(TestNG.java:1224)
	at org.testng.TestNG.runSuitesLocally(TestNG.java:1149)
	at org.testng.TestNG.run(TestNG.java:1057)
	at org.testng.remote.AbstractRemoteTestNG.run(AbstractRemoteTestNG.java:126)
	at org.testng.remote.RemoteTestNG.initAndRun(RemoteTestNG.java:137)
	at org.testng.remote.RemoteTestNG.main(RemoteTestNG.java:58)
]]>
    </failure>
  </testcase> <!-- Test0192_Verify_User_Is_Navigated_To_Original_location_Of_Footnote_Link_On_Clicking_it -->
  <testcase name="Test0025_Verify_Page_Numbers_Are_Displayed_Above_Scrubber_Bar" time="3.760" classname="com.qait.hbp.ereader.tests.Navigation_Test"/>
  <testcase name="Test0151_Verify_On_Clicking_X_Icon_Modal_Window_Closes" time="1.158" classname="com.qait.hbp.ereader.tests.Navigation_Test"/>
  <testcase name="Test0142_Verify_User_Is_Able_To_Search_For_Exhibit" time="60.753" classname="com.qait.hbp.ereader.tests.Navigation_Test"/>
  <testcase name="Test0012_Verify_User_Is_Able_To_Navigate_to_CoursePacks_Page" time="6.866" classname="com.qait.hbp.ereader.tests.Navigation_Test"/>
  <testcase name="Test00201_Switch_To_the_eReader_Window" time="217.816" classname="com.qait.hbp.ereader.tests.Navigation_Test"/>
  <testcase name="Test0024_Verify_Back_To_Previous_Link_Is_Displayed_Above_Scrubber_Bar" time="5.766" classname="com.qait.hbp.ereader.tests.Navigation_Test"/>
  <testcase name="Test00205_Note_The_Pixel_Difference_Value_For_The_Device" time="1.540" classname="com.qait.hbp.ereader.tests.Navigation_Test"/>
=======
]]>
    </error>
  </testcase> <!-- Test0142_Verify_User_Is_Able_To_Search_For_Exhibit -->
  <testcase name="Test004_Verify_User_Is_Able_To_Navigate_Using_Keyboard_Right_Arrow_Key" time="13.569" classname="com.qait.hbp.ereader.tests.Navigation_Test"/>
=======
	at java.util.concurrent.ThreadPoolExecutor.runWorker(ThreadPoolExecutor.java:1142)
	at java.util.concurrent.ThreadPoolExecutor$Worker.run(ThreadPoolExecutor.java:617)
	at java.lang.Thread.run(Thread.java:745)
]]>
    </error>
  </testcase> <!-- Test0152_Verify_Exhibit_Launches_In_New_Window -->
  <testcase name="Test00802_Verify_User_Is_Able_To_Close_TOC_menu" time="4.137" classname="com.qait.hbp.ereader.tests.Navigation_Test"/>
  <testcase name="Test0060_Verify_Dragging_scrubber_By_Few_Pages_Takes_User_To_Correct_Location" time="20.574" classname="com.qait.hbp.ereader.tests.Navigation_Test"/>
  <testcase name="Test00202_Verify_User_Is_Able_To_Navigate_Through_The_WalkThrough" time="2.730" classname="com.qait.hbp.ereader.tests.Navigation_Test"/>
  <testcase name="Test0024_Verify_Back_To_Previous_Link_Is_Displayed_Above_Scrubber_Bar" time="0.784" classname="com.qait.hbp.ereader.tests.Navigation_Test"/>
  <testcase name="Test005_Verify_User_Is_Able_To_Navigate_Using_Keyboard_Left_Arrow_Key" time="12.172" classname="com.qait.hbp.ereader.tests.Navigation_Test"/>
  <testcase name="Test0141_Perform_Full_Screen_Action" time="4.748" classname="com.qait.hbp.ereader.tests.Navigation_Test"/>
  <testcase name="Test0023_Verify_Back_To_Previous_Link_Appears_On_Navigating_Application_Using_Scrubber_Bar" time="6.808" classname="com.qait.hbp.ereader.tests.Navigation_Test"/>
  <testcase name="Test00206_Close_Notes_Pane_And_Navigate_To_First_Page" time="2.283" classname="com.qait.hbp.ereader.tests.Navigation_Test"/>
  <testcase name="Test013_Verify_Table_Of_Content_Dismisses_When_User_Clicks_Out" time="6.184" classname="com.qait.hbp.ereader.tests.Navigation_Test"/>
  <testcase name="Test003_Verify_Navigation_To_Next_Page_By_Clicking_On_Next_Page_Control_Icon" time="12.272" classname="com.qait.hbp.ereader.tests.Navigation_Test"/>
>>>>>>> 8c85882fc963d15e2380aa72416ca80fe3360065
>>>>>>> 745e4fc0f1529382b857c58bba83ed3ab4386143
</testsuite> <!-- com.qait.hbp.ereader.tests.Navigation_Test -->
