<?xml version="1.0" encoding="UTF-8"?>
<!-- Generated by org.testng.reporters.JUnitReportReporter -->
<testsuite hostname="DLLA1414" name="com.qait.hbp.testBuilder.tests.Select_Questions_From_Test_Bank_Test" tests="15" failures="1" timestamp="20 Aug 2016 06:22:13 GMT" time="89.638" errors="0">
  <testcase name="Test007_Verify_User_Navigated_To_Original_Discipline_And_Test_Bank_Is_Expanded" time="1.970" classname="com.qait.hbp.testBuilder.tests.Select_Questions_From_Test_Bank_Test"/>
  <testcase name="Test002_Verify_User_Is_Able_To_Login_Into_Application" time="10.592" classname="com.qait.hbp.testBuilder.tests.Select_Questions_From_Test_Bank_Test"/>
  <testcase name="Test006_Verify_User_Is_Able_To_Change_Discipline" time="1.939" classname="com.qait.hbp.testBuilder.tests.Select_Questions_From_Test_Bank_Test"/>
  <testcase name="Test015_Verify_My_Test_Button_Is_Clickable_And_Tab_If_Question_Is_Selected" time="10.123" classname="com.qait.hbp.testBuilder.tests.Select_Questions_From_Test_Bank_Test"/>
  <testcase name="Test013_Verify_Expand_And_Collapse_Functionality_For_Individual_Questions" time="4.783" classname="com.qait.hbp.testBuilder.tests.Select_Questions_From_Test_Bank_Test"/>
  <testcase name="Test004_Verify_User_Is_Able_To_Navigate_To_Test_Builder_Page" time="7.160" classname="com.qait.hbp.testBuilder.tests.Select_Questions_From_Test_Bank_Test">
    <failure type="org.openqa.selenium.WebDriverException" message="disconnected: not connected to DevTools
  (Session info: chrome=52.0.2743.116)
  (Driver info: chromedriver=2.21.371459 (36d3d07f660ff2bc1bf28a75d1cdabed0983e7c4),platform=Windows NT 6.3 x86_64) (WARNING: The server did not provide any stacktrace information)
Command duration or timeout: 10 milliseconds
Build info: version: &#039;2.52.0&#039;, revision: &#039;4c2593cfc3689a7fcd7be52549167e5ccc93ad28&#039;, time: &#039;2016-02-11 11:22:43&#039;
System info: host: &#039;DLLA1414&#039;, ip: &#039;10.107.4.217&#039;, os.name: &#039;Windows 8.1&#039;, os.arch: &#039;amd64&#039;, os.version: &#039;6.3&#039;, java.version: &#039;1.8.0_91&#039;
Driver info: org.openqa.selenium.chrome.ChromeDriver
Capabilities [{applicationCacheEnabled=false, rotatable=false, mobileEmulationEnabled=false, chrome={chromedriverVersion=2.21.371459 (36d3d07f660ff2bc1bf28a75d1cdabed0983e7c4), userDataDir=C:\Users\SWATIS~1\AppData\Local\Temp\scoped_dir2772_2077}, takesHeapSnapshot=true, databaseEnabled=false, handlesAlerts=true, hasTouchScreen=false, version=52.0.2743.116, platform=WIN8_1, browserConnectionEnabled=false, nativeEvents=true, acceptSslCerts=true, locationContextEnabled=true, webStorageEnabled=true, browserName=chrome, takesScreenshot=true, javascriptEnabled=true, cssSelectorsEnabled=true}]
Session ID: 504d9eec079b7ffc2ad57a973ebd5bd8">
      <![CDATA[org.openqa.selenium.WebDriverException: disconnected: not connected to DevTools
  (Session info: chrome=52.0.2743.116)
  (Driver info: chromedriver=2.21.371459 (36d3d07f660ff2bc1bf28a75d1cdabed0983e7c4),platform=Windows NT 6.3 x86_64) (WARNING: The server did not provide any stacktrace information)
Command duration or timeout: 10 milliseconds
Build info: version: '2.52.0', revision: '4c2593cfc3689a7fcd7be52549167e5ccc93ad28', time: '2016-02-11 11:22:43'
System info: host: 'DLLA1414', ip: '10.107.4.217', os.name: 'Windows 8.1', os.arch: 'amd64', os.version: '6.3', java.version: '1.8.0_91'
Driver info: org.openqa.selenium.chrome.ChromeDriver
Capabilities [{applicationCacheEnabled=false, rotatable=false, mobileEmulationEnabled=false, chrome={chromedriverVersion=2.21.371459 (36d3d07f660ff2bc1bf28a75d1cdabed0983e7c4), userDataDir=C:\Users\SWATIS~1\AppData\Local\Temp\scoped_dir2772_2077}, takesHeapSnapshot=true, databaseEnabled=false, handlesAlerts=true, hasTouchScreen=false, version=52.0.2743.116, platform=WIN8_1, browserConnectionEnabled=false, nativeEvents=true, acceptSslCerts=true, locationContextEnabled=true, webStorageEnabled=true, browserName=chrome, takesScreenshot=true, javascriptEnabled=true, cssSelectorsEnabled=true}]
Session ID: 504d9eec079b7ffc2ad57a973ebd5bd8
	at sun.reflect.NativeConstructorAccessorImpl.newInstance0(Native Method)
	at sun.reflect.NativeConstructorAccessorImpl.newInstance(Unknown Source)
	at sun.reflect.DelegatingConstructorAccessorImpl.newInstance(Unknown Source)
	at java.lang.reflect.Constructor.newInstance(Unknown Source)
	at org.openqa.selenium.remote.ErrorHandler.createThrowable(ErrorHandler.java:206)
	at org.openqa.selenium.remote.ErrorHandler.throwIfResponseFailed(ErrorHandler.java:158)
	at org.openqa.selenium.remote.RemoteWebDriver.execute(RemoteWebDriver.java:678)
	at org.openqa.selenium.remote.RemoteWebDriver$RemoteWebDriverOptions$RemoteWindow.maximize(RemoteWebDriver.java:945)
	at com.qait.hbp.automation.getpageobjects.BaseUi.changeWindow(BaseUi.java:361)
	at com.qait.hbp.testBuilder.keywords.LoginAndTestBuilderPageNavigationAction.verify_The_Page_Title_Of_Test_Builder_Page(LoginAndTestBuilderPageNavigationAction.java:88)
	at com.qait.hbp.testBuilder.tests.Select_Questions_From_Test_Bank_Test.Test004_Verify_User_Is_Able_To_Navigate_To_Test_Builder_Page(Select_Questions_From_Test_Bank_Test.java:54)
	at sun.reflect.NativeMethodAccessorImpl.invoke0(Native Method)
	at sun.reflect.NativeMethodAccessorImpl.invoke(Unknown Source)
	at sun.reflect.DelegatingMethodAccessorImpl.invoke(Unknown Source)
	at java.lang.reflect.Method.invoke(Unknown Source)
	at org.testng.internal.MethodInvocationHelper.invokeMethod(MethodInvocationHelper.java:84)
	at org.testng.internal.Invoker.invokeMethod(Invoker.java:714)
	at org.testng.internal.Invoker.invokeTestMethod(Invoker.java:901)
	at org.testng.internal.Invoker.invokeTestMethods(Invoker.java:1231)
	at org.testng.internal.TestMethodWorker.invokeTestMethods(TestMethodWorker.java:127)
	at org.testng.internal.TestMethodWorker.run(TestMethodWorker.java:111)
	at org.testng.TestRunner.privateRun(TestRunner.java:767)
	at org.testng.TestRunner.run(TestRunner.java:617)
	at org.testng.SuiteRunner.runTest(SuiteRunner.java:334)
	at org.testng.SuiteRunner.runSequentially(SuiteRunner.java:329)
	at org.testng.SuiteRunner.privateRun(SuiteRunner.java:291)
	at org.testng.SuiteRunner.run(SuiteRunner.java:240)
	at org.testng.SuiteRunnerWorker.runSuite(SuiteRunnerWorker.java:52)
	at org.testng.SuiteRunnerWorker.run(SuiteRunnerWorker.java:86)
	at org.testng.TestNG.runSuitesSequentially(TestNG.java:1224)
	at org.testng.TestNG.runSuitesLocally(TestNG.java:1149)
	at org.testng.TestNG.run(TestNG.java:1057)
	at org.testng.remote.RemoteTestNG.run(RemoteTestNG.java:111)
	at org.testng.remote.RemoteTestNG.initAndRun(RemoteTestNG.java:204)
	at org.testng.remote.RemoteTestNG.main(RemoteTestNG.java:175)
]]>
    </failure>
  </testcase> <!-- Test004_Verify_User_Is_Able_To_Navigate_To_Test_Builder_Page -->
  <testcase name="Test008_Verify_Attributes_For_Test_Bank_Title" time="8.326" classname="com.qait.hbp.testBuilder.tests.Select_Questions_From_Test_Bank_Test"/>
  <testcase name="Test012_Verify_Expand_And_Collapse_Functionality" time="2.292" classname="com.qait.hbp.testBuilder.tests.Select_Questions_From_Test_Bank_Test"/>
  <testcase name="Test011_Verify_Selected_Question_Count_Functioning" time="6.434" classname="com.qait.hbp.testBuilder.tests.Select_Questions_From_Test_Bank_Test"/>
  <testcase name="Test005_Verify_Discipline_Is_Pre_Selected" time="6.761" classname="com.qait.hbp.testBuilder.tests.Select_Questions_From_Test_Bank_Test"/>
  <testcase name="Test003_Verify_User_Is_Able_To_Search_The_Product" time="10.621" classname="com.qait.hbp.testBuilder.tests.Select_Questions_From_Test_Bank_Test"/>
  <testcase name="Test009_Verify_Attributes_For_Each_Question_On_Test_Bank" time="2.099" classname="com.qait.hbp.testBuilder.tests.Select_Questions_From_Test_Bank_Test"/>
  <testcase name="Test0001_Launch_Login_URL" time="12.485" classname="com.qait.hbp.testBuilder.tests.Select_Questions_From_Test_Bank_Test"/>
  <testcase name="Test010_Verify_And_Store_Selected_Question_Default_Value" time="0.076" classname="com.qait.hbp.testBuilder.tests.Select_Questions_From_Test_Bank_Test"/>
  <testcase name="Test014_Verify_My_Test_Button_Is_Clickable_And_Tab_If_No_Question_Is_Selected" time="3.977" classname="com.qait.hbp.testBuilder.tests.Select_Questions_From_Test_Bank_Test"/>
</testsuite> <!-- com.qait.hbp.testBuilder.tests.Select_Questions_From_Test_Bank_Test -->
